{"contracts/interfaces/callback/ITimeswapBorrowCallback.sol":{"l":{},"path":"/Users/mathepreneur/Documents/GitHub/Timeswap-V1-Core/contracts/interfaces/callback/ITimeswapBorrowCallback.sol","s":{},"b":{},"f":{},"fnMap":{},"statementMap":{},"branchMap":{}},"contracts/interfaces/callback/ITimeswapLendCallback.sol":{"l":{},"path":"/Users/mathepreneur/Documents/GitHub/Timeswap-V1-Core/contracts/interfaces/callback/ITimeswapLendCallback.sol","s":{},"b":{},"f":{},"fnMap":{},"statementMap":{},"branchMap":{}},"contracts/interfaces/callback/ITimeswapMintCallback.sol":{"l":{},"path":"/Users/mathepreneur/Documents/GitHub/Timeswap-V1-Core/contracts/interfaces/callback/ITimeswapMintCallback.sol","s":{},"b":{},"f":{},"fnMap":{},"statementMap":{},"branchMap":{}},"contracts/interfaces/callback/ITimeswapPayCallback.sol":{"l":{},"path":"/Users/mathepreneur/Documents/GitHub/Timeswap-V1-Core/contracts/interfaces/callback/ITimeswapPayCallback.sol","s":{},"b":{},"f":{},"fnMap":{},"statementMap":{},"branchMap":{}},"contracts/interfaces/IFactory.sol":{"l":{},"path":"/Users/mathepreneur/Documents/GitHub/Timeswap-V1-Core/contracts/interfaces/IFactory.sol","s":{},"b":{},"f":{},"fnMap":{},"statementMap":{},"branchMap":{}},"contracts/interfaces/IPair.sol":{"l":{},"path":"/Users/mathepreneur/Documents/GitHub/Timeswap-V1-Core/contracts/interfaces/IPair.sol","s":{},"b":{},"f":{},"fnMap":{},"statementMap":{},"branchMap":{}},"contracts/libraries/Array.sol":{"l":{"8":0,"10":0},"path":"/Users/mathepreneur/Documents/GitHub/Timeswap-V1-Core/contracts/libraries/Array.sol","s":{"1":0,"2":0},"b":{},"f":{"1":0},"fnMap":{"1":{"name":"insert","line":7,"loc":{"start":{"line":7,"column":4},"end":{"line":12,"column":4}}}},"statementMap":{"1":{"start":{"line":8,"column":8},"end":{"line":8,"column":23}},"2":{"start":{"line":10,"column":8},"end":{"line":10,"column":24}}},"branchMap":{}},"contracts/libraries/BlockNumber.sol":{"l":{"10":0},"path":"/Users/mathepreneur/Documents/GitHub/Timeswap-V1-Core/contracts/libraries/BlockNumber.sol","s":{"1":0},"b":{},"f":{"1":0},"fnMap":{"1":{"name":"get","line":9,"loc":{"start":{"line":9,"column":4},"end":{"line":11,"column":4}}}},"statementMap":{"1":{"start":{"line":10,"column":8},"end":{"line":10,"column":45}}},"branchMap":{}},"contracts/libraries/BorrowMath.sol":{"l":{"24":0,"25":0,"26":0,"27":0,"28":0,"30":0,"31":0,"32":0,"33":0,"34":0,"35":0,"36":0,"44":0,"45":0,"46":0,"54":0,"55":0,"56":0,"57":0,"58":0,"59":0,"68":0,"69":0,"70":0,"71":0,"72":0,"73":0,"74":0,"75":0,"76":0,"77":0,"78":0},"path":"/Users/mathepreneur/Documents/GitHub/Timeswap-V1-Core/contracts/libraries/BorrowMath.sol","s":{"1":0,"2":0,"3":0,"4":0,"5":0,"6":0,"7":0,"8":0,"9":0,"10":0,"11":0,"12":0,"13":0,"14":0,"15":0,"16":0,"17":0,"18":0,"19":0,"20":0,"21":0,"22":0,"23":0,"24":0,"25":0,"26":0,"27":0,"28":0,"29":0,"30":0,"31":0,"32":0},"b":{"1":[0,0]},"f":{"1":0,"2":0,"3":0,"4":0},"fnMap":{"1":{"name":"check","line":17,"loc":{"start":{"line":17,"column":4},"end":{"line":37,"column":4}}},"2":{"name":"adjust","line":39,"loc":{"start":{"line":39,"column":4},"end":{"line":47,"column":4}}},"3":{"name":"getDebt","line":49,"loc":{"start":{"line":49,"column":4},"end":{"line":60,"column":4}}},"4":{"name":"getCollateral","line":62,"loc":{"start":{"line":62,"column":4},"end":{"line":79,"column":4}}}},"statementMap":{"1":{"start":{"line":24,"column":8},"end":{"line":24,"column":39}},"2":{"start":{"line":25,"column":8},"end":{"line":25,"column":46}},"3":{"start":{"line":26,"column":8},"end":{"line":26,"column":63}},"4":{"start":{"line":27,"column":8},"end":{"line":27,"column":63}},"5":{"start":{"line":28,"column":8},"end":{"line":28,"column":65}},"6":{"start":{"line":30,"column":8},"end":{"line":30,"column":35}},"7":{"start":{"line":31,"column":8},"end":{"line":31,"column":25}},"8":{"start":{"line":32,"column":8},"end":{"line":32,"column":21}},"9":{"start":{"line":33,"column":8},"end":{"line":33,"column":38}},"10":{"start":{"line":34,"column":8},"end":{"line":34,"column":29}},"11":{"start":{"line":35,"column":8},"end":{"line":35,"column":43}},"12":{"start":{"line":36,"column":8},"end":{"line":36,"column":47}},"13":{"start":{"line":44,"column":8},"end":{"line":44,"column":25}},"14":{"start":{"line":45,"column":8},"end":{"line":45,"column":22}},"15":{"start":{"line":46,"column":8},"end":{"line":46,"column":37}},"16":{"start":{"line":54,"column":8},"end":{"line":54,"column":34}},"17":{"start":{"line":55,"column":8},"end":{"line":55,"column":33}},"18":{"start":{"line":56,"column":8},"end":{"line":56,"column":27}},"19":{"start":{"line":57,"column":8},"end":{"line":57,"column":36}},"20":{"start":{"line":58,"column":8},"end":{"line":58,"column":27}},"21":{"start":{"line":59,"column":8},"end":{"line":59,"column":35}},"22":{"start":{"line":68,"column":8},"end":{"line":68,"column":40}},"23":{"start":{"line":69,"column":8},"end":{"line":69,"column":39}},"24":{"start":{"line":70,"column":8},"end":{"line":70,"column":31}},"25":{"start":{"line":71,"column":8},"end":{"line":71,"column":46}},"26":{"start":{"line":72,"column":8},"end":{"line":72,"column":37}},"27":{"start":{"line":73,"column":8},"end":{"line":73,"column":31}},"28":{"start":{"line":74,"column":8},"end":{"line":74,"column":38}},"29":{"start":{"line":75,"column":8},"end":{"line":75,"column":25}},"30":{"start":{"line":76,"column":8},"end":{"line":76,"column":88}},"31":{"start":{"line":77,"column":8},"end":{"line":77,"column":33}},"32":{"start":{"line":78,"column":8},"end":{"line":78,"column":47}}},"branchMap":{"1":{"line":36,"type":"if","locations":[{"start":{"line":36,"column":8},"end":{"line":36,"column":8}},{"start":{"line":36,"column":8},"end":{"line":36,"column":8}}]}}},"contracts/libraries/BurnMath.sol":{"l":{"16":0,"17":0,"18":0,"19":0,"20":0,"21":0,"28":0,"29":0,"30":0,"31":0,"32":0,"34":0,"35":0,"36":0,"37":0,"38":0,"39":0,"40":0,"41":0},"path":"/Users/mathepreneur/Documents/GitHub/Timeswap-V1-Core/contracts/libraries/BurnMath.sol","s":{"1":0,"2":0,"3":0,"4":0,"5":0,"6":0,"7":0,"8":0,"9":0,"10":0,"11":0,"12":0,"13":0,"14":0,"15":0,"16":0,"17":0,"18":0,"19":0,"20":0,"21":0},"b":{"1":[0,0],"2":[0,0],"3":[0,0]},"f":{"1":0,"2":0},"fnMap":{"1":{"name":"getAsset","line":12,"loc":{"start":{"line":12,"column":4},"end":{"line":22,"column":4}}},"2":{"name":"getCollateral","line":24,"loc":{"start":{"line":24,"column":4},"end":{"line":42,"column":4}}}},"statementMap":{"1":{"start":{"line":16,"column":8},"end":{"line":16,"column":51}},"2":{"start":{"line":17,"column":8},"end":{"line":17,"column":67}},"3":{"start":{"line":17,"column":52},"end":{"line":17,"column":67}},"4":{"start":{"line":18,"column":8},"end":{"line":18,"column":40}},"5":{"start":{"line":19,"column":8},"end":{"line":19,"column":42}},"6":{"start":{"line":20,"column":8},"end":{"line":20,"column":70}},"7":{"start":{"line":21,"column":8},"end":{"line":21,"column":39}},"8":{"start":{"line":28,"column":8},"end":{"line":28,"column":51}},"9":{"start":{"line":29,"column":8},"end":{"line":29,"column":58}},"10":{"start":{"line":30,"column":8},"end":{"line":30,"column":1010}},"11":{"start":{"line":31,"column":12},"end":{"line":31,"column":84}},"12":{"start":{"line":32,"column":12},"end":{"line":32,"column":61}},"13":{"start":{"line":34,"column":8},"end":{"line":34,"column":48}},"14":{"start":{"line":35,"column":8},"end":{"line":35,"column":30}},"15":{"start":{"line":36,"column":8},"end":{"line":36,"column":45}},"16":{"start":{"line":37,"column":8},"end":{"line":37,"column":104}},"17":{"start":{"line":37,"column":84},"end":{"line":37,"column":104}},"18":{"start":{"line":38,"column":8},"end":{"line":38,"column":47}},"19":{"start":{"line":39,"column":8},"end":{"line":39,"column":32}},"20":{"start":{"line":40,"column":8},"end":{"line":40,"column":105}},"21":{"start":{"line":41,"column":8},"end":{"line":41,"column":49}}},"branchMap":{"1":{"line":17,"type":"if","locations":[{"start":{"line":17,"column":8},"end":{"line":17,"column":8}},{"start":{"line":17,"column":8},"end":{"line":17,"column":8}}]},"2":{"line":30,"type":"if","locations":[{"start":{"line":30,"column":8},"end":{"line":30,"column":8}},{"start":{"line":30,"column":8},"end":{"line":30,"column":8}}]},"3":{"line":37,"type":"if","locations":[{"start":{"line":37,"column":8},"end":{"line":37,"column":8}},{"start":{"line":37,"column":8},"end":{"line":37,"column":8}}]}}},"contracts/libraries/Callback.sol":{"l":{"24":0,"25":0,"26":0,"27":0,"28":0,"29":0,"30":0,"38":0,"39":0,"40":0,"41":0,"49":0,"50":0,"51":0,"52":0,"60":0,"61":0,"62":0,"63":0},"path":"/Users/mathepreneur/Documents/GitHub/Timeswap-V1-Core/contracts/libraries/Callback.sol","s":{"1":0,"2":0,"3":0,"4":0,"5":0,"6":0,"7":0,"8":0,"9":0,"10":0,"11":0,"12":0,"13":0,"14":0,"15":0,"16":0,"17":0,"18":0,"19":0},"b":{"1":[0,0],"2":[0,0],"3":[0,0],"4":[0,0],"5":[0,0]},"f":{"1":0,"2":0,"3":0,"4":0},"fnMap":{"1":{"name":"mint","line":17,"loc":{"start":{"line":17,"column":4},"end":{"line":31,"column":4}}},"2":{"name":"lend","line":33,"loc":{"start":{"line":33,"column":4},"end":{"line":42,"column":4}}},"3":{"name":"borrow","line":44,"loc":{"start":{"line":44,"column":4},"end":{"line":53,"column":4}}},"4":{"name":"pay","line":55,"loc":{"start":{"line":55,"column":4},"end":{"line":64,"column":4}}}},"statementMap":{"1":{"start":{"line":24,"column":8},"end":{"line":24,"column":50}},"2":{"start":{"line":25,"column":8},"end":{"line":25,"column":60}},"3":{"start":{"line":26,"column":8},"end":{"line":26,"column":90}},"4":{"start":{"line":27,"column":8},"end":{"line":27,"column":51}},"5":{"start":{"line":28,"column":8},"end":{"line":28,"column":61}},"6":{"start":{"line":29,"column":8},"end":{"line":29,"column":61}},"7":{"start":{"line":30,"column":8},"end":{"line":30,"column":76}},"8":{"start":{"line":38,"column":8},"end":{"line":38,"column":50}},"9":{"start":{"line":39,"column":8},"end":{"line":39,"column":76}},"10":{"start":{"line":40,"column":8},"end":{"line":40,"column":51}},"11":{"start":{"line":41,"column":8},"end":{"line":41,"column":61}},"12":{"start":{"line":49,"column":8},"end":{"line":49,"column":60}},"13":{"start":{"line":50,"column":8},"end":{"line":50,"column":85}},"14":{"start":{"line":51,"column":8},"end":{"line":51,"column":61}},"15":{"start":{"line":52,"column":8},"end":{"line":52,"column":76}},"16":{"start":{"line":60,"column":8},"end":{"line":60,"column":50}},"17":{"start":{"line":61,"column":8},"end":{"line":61,"column":74}},"18":{"start":{"line":62,"column":8},"end":{"line":62,"column":51}},"19":{"start":{"line":63,"column":8},"end":{"line":63,"column":61}}},"branchMap":{"1":{"line":29,"type":"if","locations":[{"start":{"line":29,"column":8},"end":{"line":29,"column":8}},{"start":{"line":29,"column":8},"end":{"line":29,"column":8}}]},"2":{"line":30,"type":"if","locations":[{"start":{"line":30,"column":8},"end":{"line":30,"column":8}},{"start":{"line":30,"column":8},"end":{"line":30,"column":8}}]},"3":{"line":41,"type":"if","locations":[{"start":{"line":41,"column":8},"end":{"line":41,"column":8}},{"start":{"line":41,"column":8},"end":{"line":41,"column":8}}]},"4":{"line":52,"type":"if","locations":[{"start":{"line":52,"column":8},"end":{"line":52,"column":8}},{"start":{"line":52,"column":8},"end":{"line":52,"column":8}}]},"5":{"line":63,"type":"if","locations":[{"start":{"line":63,"column":8},"end":{"line":63,"column":8}},{"start":{"line":63,"column":8},"end":{"line":63,"column":8}}]}}},"contracts/libraries/ConstantProduct.sol":{"l":{"16":0,"17":0,"19":0,"20":0},"path":"/Users/mathepreneur/Documents/GitHub/Timeswap-V1-Core/contracts/libraries/ConstantProduct.sol","s":{"1":0,"2":0,"3":0,"4":0,"5":0},"b":{"1":[0,0],"2":[0,0],"3":[0,0]},"f":{"1":0},"fnMap":{"1":{"name":"checkConstantProduct","line":10,"loc":{"start":{"line":10,"column":4},"end":{"line":21,"column":4}}}},"statementMap":{"1":{"start":{"line":16,"column":8},"end":{"line":16,"column":90}},"2":{"start":{"line":17,"column":8},"end":{"line":17,"column":93}},"3":{"start":{"line":19,"column":8},"end":{"line":19,"column":45}},"4":{"start":{"line":20,"column":8},"end":{"line":20,"column":67}},"5":{"start":{"line":20,"column":29},"end":{"line":20,"column":66}}},"branchMap":{"1":{"line":19,"type":"if","locations":[{"start":{"line":19,"column":8},"end":{"line":19,"column":8}},{"start":{"line":19,"column":8},"end":{"line":19,"column":8}}]},"2":{"line":20,"type":"if","locations":[{"start":{"line":20,"column":8},"end":{"line":20,"column":8}},{"start":{"line":20,"column":8},"end":{"line":20,"column":8}}]},"3":{"line":20,"type":"if","locations":[{"start":{"line":20,"column":29},"end":{"line":20,"column":29}},{"start":{"line":20,"column":29},"end":{"line":20,"column":29}}]}}},"contracts/libraries/FullMath.sol":{"l":{"11":0,"29":0,"32":0,"33":0,"34":0,"37":0,"42":0,"50":0,"51":0,"55":0,"63":0,"64":0,"68":0,"73":0,"79":0,"82":0,"89":0,"90":0,"112":0,"125":0,"126":0},"path":"/Users/mathepreneur/Documents/GitHub/Timeswap-V1-Core/contracts/libraries/FullMath.sol","s":{"1":0,"2":0,"3":0,"4":0,"5":0,"6":0,"7":0,"8":0,"9":0,"10":0,"11":0,"12":0},"b":{"1":[0,0],"2":[0,0],"3":[0,0],"4":[0,0]},"f":{"1":0,"2":0,"3":0},"fnMap":{"1":{"name":"mul512","line":5,"loc":{"start":{"line":5,"column":4},"end":{"line":16,"column":4}}},"2":{"name":"mulDiv","line":24,"loc":{"start":{"line":24,"column":4},"end":{"line":113,"column":4}}},"3":{"name":"mulDivUp","line":120,"loc":{"start":{"line":120,"column":4},"end":{"line":127,"column":4}}}},"statementMap":{"1":{"start":{"line":29,"column":8},"end":{"line":29,"column":53}},"2":{"start":{"line":32,"column":8},"end":{"line":32,"column":1273}},"3":{"start":{"line":33,"column":12},"end":{"line":33,"column":35}},"4":{"start":{"line":37,"column":12},"end":{"line":37,"column":25}},"5":{"start":{"line":42,"column":8},"end":{"line":42,"column":35}},"6":{"start":{"line":50,"column":8},"end":{"line":50,"column":25}},"7":{"start":{"line":63,"column":8},"end":{"line":63,"column":20}},"8":{"start":{"line":82,"column":8},"end":{"line":82,"column":28}},"9":{"start":{"line":89,"column":8},"end":{"line":89,"column":19}},"10":{"start":{"line":112,"column":8},"end":{"line":112,"column":21}},"11":{"start":{"line":125,"column":8},"end":{"line":125,"column":41}},"12":{"start":{"line":126,"column":8},"end":{"line":126,"column":51}}},"branchMap":{"1":{"line":32,"type":"if","locations":[{"start":{"line":32,"column":8},"end":{"line":32,"column":8}},{"start":{"line":32,"column":8},"end":{"line":32,"column":8}}]},"2":{"line":33,"type":"if","locations":[{"start":{"line":33,"column":12},"end":{"line":33,"column":12}},{"start":{"line":33,"column":12},"end":{"line":33,"column":12}}]},"3":{"line":42,"type":"if","locations":[{"start":{"line":42,"column":8},"end":{"line":42,"column":8}},{"start":{"line":42,"column":8},"end":{"line":42,"column":8}}]},"4":{"line":126,"type":"if","locations":[{"start":{"line":126,"column":8},"end":{"line":126,"column":8}},{"start":{"line":126,"column":8},"end":{"line":126,"column":8}}]}}},"contracts/libraries/LendMath.sol":{"l":{"21":0,"22":0,"23":0,"24":0,"25":0,"27":0,"28":0,"29":0,"30":0,"31":0,"32":0,"33":0,"41":0,"42":0,"43":0,"51":0,"52":0,"53":0,"54":0,"55":0,"56":0,"65":0,"66":0,"67":0,"68":0,"69":0,"70":0,"71":0,"72":0,"73":0,"74":0,"75":0},"path":"/Users/mathepreneur/Documents/GitHub/Timeswap-V1-Core/contracts/libraries/LendMath.sol","s":{"1":0,"2":0,"3":0,"4":0,"5":0,"6":0,"7":0,"8":0,"9":0,"10":0,"11":0,"12":0,"13":0,"14":0,"15":0,"16":0,"17":0,"18":0,"19":0,"20":0,"21":0,"22":0,"23":0,"24":0,"25":0,"26":0,"27":0,"28":0,"29":0,"30":0,"31":0,"32":0},"b":{"1":[0,0]},"f":{"1":0,"2":0,"3":0,"4":0},"fnMap":{"1":{"name":"check","line":14,"loc":{"start":{"line":14,"column":4},"end":{"line":34,"column":4}}},"2":{"name":"adjust","line":36,"loc":{"start":{"line":36,"column":4},"end":{"line":44,"column":4}}},"3":{"name":"getBond","line":46,"loc":{"start":{"line":46,"column":4},"end":{"line":57,"column":4}}},"4":{"name":"getInsurance","line":59,"loc":{"start":{"line":59,"column":4},"end":{"line":76,"column":4}}}},"statementMap":{"1":{"start":{"line":21,"column":8},"end":{"line":21,"column":39}},"2":{"start":{"line":22,"column":8},"end":{"line":22,"column":46}},"3":{"start":{"line":23,"column":8},"end":{"line":23,"column":63}},"4":{"start":{"line":24,"column":8},"end":{"line":24,"column":63}},"5":{"start":{"line":25,"column":8},"end":{"line":25,"column":65}},"6":{"start":{"line":27,"column":8},"end":{"line":27,"column":35}},"7":{"start":{"line":28,"column":8},"end":{"line":28,"column":25}},"8":{"start":{"line":29,"column":8},"end":{"line":29,"column":21}},"9":{"start":{"line":30,"column":8},"end":{"line":30,"column":38}},"10":{"start":{"line":31,"column":8},"end":{"line":31,"column":29}},"11":{"start":{"line":32,"column":8},"end":{"line":32,"column":29}},"12":{"start":{"line":33,"column":8},"end":{"line":33,"column":47}},"13":{"start":{"line":41,"column":8},"end":{"line":41,"column":25}},"14":{"start":{"line":42,"column":8},"end":{"line":42,"column":22}},"15":{"start":{"line":43,"column":8},"end":{"line":43,"column":37}},"16":{"start":{"line":51,"column":8},"end":{"line":51,"column":35}},"17":{"start":{"line":52,"column":8},"end":{"line":52,"column":34}},"18":{"start":{"line":53,"column":8},"end":{"line":53,"column":28}},"19":{"start":{"line":54,"column":8},"end":{"line":54,"column":22}},"20":{"start":{"line":55,"column":8},"end":{"line":55,"column":28}},"21":{"start":{"line":56,"column":8},"end":{"line":56,"column":37}},"22":{"start":{"line":65,"column":8},"end":{"line":65,"column":40}},"23":{"start":{"line":66,"column":8},"end":{"line":66,"column":39}},"24":{"start":{"line":67,"column":8},"end":{"line":67,"column":31}},"25":{"start":{"line":68,"column":8},"end":{"line":68,"column":46}},"26":{"start":{"line":69,"column":8},"end":{"line":69,"column":37}},"27":{"start":{"line":70,"column":8},"end":{"line":70,"column":31}},"28":{"start":{"line":71,"column":8},"end":{"line":71,"column":38}},"29":{"start":{"line":72,"column":8},"end":{"line":72,"column":25}},"30":{"start":{"line":73,"column":8},"end":{"line":73,"column":86}},"31":{"start":{"line":74,"column":8},"end":{"line":74,"column":33}},"32":{"start":{"line":75,"column":8},"end":{"line":75,"column":47}}},"branchMap":{"1":{"line":33,"type":"if","locations":[{"start":{"line":33,"column":8},"end":{"line":33,"column":8}},{"start":{"line":33,"column":8},"end":{"line":33,"column":8}}]}}},"contracts/libraries/Math.sol":{"l":{"6":0,"7":0,"11":0,"12":0},"path":"/Users/mathepreneur/Documents/GitHub/Timeswap-V1-Core/contracts/libraries/Math.sol","s":{"1":0,"2":0,"3":0,"4":0},"b":{"1":[0,0],"2":[0,0]},"f":{"1":0,"2":0},"fnMap":{"1":{"name":"divUp","line":5,"loc":{"start":{"line":5,"column":4},"end":{"line":8,"column":4}}},"2":{"name":"shiftUp","line":10,"loc":{"start":{"line":10,"column":4},"end":{"line":13,"column":4}}}},"statementMap":{"1":{"start":{"line":6,"column":8},"end":{"line":6,"column":16}},"2":{"start":{"line":7,"column":8},"end":{"line":7,"column":26}},"3":{"start":{"line":11,"column":8},"end":{"line":11,"column":17}},"4":{"start":{"line":12,"column":8},"end":{"line":12,"column":28}}},"branchMap":{"1":{"line":7,"type":"if","locations":[{"start":{"line":7,"column":8},"end":{"line":7,"column":8}},{"start":{"line":7,"column":8},"end":{"line":7,"column":8}}]},"2":{"line":12,"type":"if","locations":[{"start":{"line":12,"column":8},"end":{"line":12,"column":8}},{"start":{"line":12,"column":8},"end":{"line":12,"column":8}}]}}},"contracts/libraries/MintMath.sol":{"l":{"17":0,"18":0,"27":0,"39":0,"40":0,"41":0,"42":0,"43":0,"51":0,"52":0,"54":0,"56":0,"65":0,"66":0,"67":0,"68":0,"69":0,"70":0,"79":0,"80":0,"81":0,"82":0,"83":0,"84":0},"path":"/Users/mathepreneur/Documents/GitHub/Timeswap-V1-Core/contracts/libraries/MintMath.sol","s":{"1":0,"2":0,"3":0,"4":0,"5":0,"6":0,"7":0,"8":0,"9":0,"10":0,"11":0,"12":0,"13":0,"14":0,"15":0,"16":0,"17":0,"18":0,"19":0,"20":0,"21":0,"22":0,"23":0,"24":0,"25":0},"b":{"1":[0,0],"2":[0,0]},"f":{"1":0,"2":0,"3":0,"4":0,"5":0,"6":0},"fnMap":{"1":{"name":"getLiquidityTotal","line":14,"loc":{"start":{"line":14,"column":4},"end":{"line":19,"column":4}}},"2":{"name":"getLiquidityTotal","line":21,"loc":{"start":{"line":21,"column":4},"end":{"line":32,"column":4}}},"3":{"name":"getLiquidity","line":34,"loc":{"start":{"line":34,"column":4},"end":{"line":44,"column":4}}},"4":{"name":"min","line":46,"loc":{"start":{"line":46,"column":4},"end":{"line":58,"column":4}}},"5":{"name":"getDebt","line":60,"loc":{"start":{"line":60,"column":4},"end":{"line":71,"column":4}}},"6":{"name":"getCollateral","line":73,"loc":{"start":{"line":73,"column":4},"end":{"line":85,"column":4}}}},"statementMap":{"1":{"start":{"line":17,"column":8},"end":{"line":17,"column":33}},"2":{"start":{"line":18,"column":8},"end":{"line":18,"column":28}},"3":{"start":{"line":27,"column":8},"end":{"line":27,"column":737}},"4":{"start":{"line":39,"column":8},"end":{"line":39,"column":38}},"5":{"start":{"line":40,"column":8},"end":{"line":40,"column":37}},"6":{"start":{"line":41,"column":8},"end":{"line":41,"column":33}},"7":{"start":{"line":42,"column":8},"end":{"line":42,"column":35}},"8":{"start":{"line":43,"column":8},"end":{"line":43,"column":71}},"9":{"start":{"line":51,"column":8},"end":{"line":51,"column":1482}},"10":{"start":{"line":52,"column":12},"end":{"line":52,"column":16}},"11":{"start":{"line":53,"column":15},"end":{"line":53,"column":1540}},"12":{"start":{"line":54,"column":12},"end":{"line":54,"column":16}},"13":{"start":{"line":56,"column":12},"end":{"line":56,"column":16}},"14":{"start":{"line":65,"column":8},"end":{"line":65,"column":34}},"15":{"start":{"line":66,"column":8},"end":{"line":66,"column":33}},"16":{"start":{"line":67,"column":8},"end":{"line":67,"column":27}},"17":{"start":{"line":68,"column":8},"end":{"line":68,"column":36}},"18":{"start":{"line":69,"column":8},"end":{"line":69,"column":27}},"19":{"start":{"line":70,"column":8},"end":{"line":70,"column":35}},"20":{"start":{"line":79,"column":8},"end":{"line":79,"column":40}},"21":{"start":{"line":80,"column":8},"end":{"line":80,"column":39}},"22":{"start":{"line":81,"column":8},"end":{"line":81,"column":33}},"23":{"start":{"line":82,"column":8},"end":{"line":82,"column":48}},"24":{"start":{"line":83,"column":8},"end":{"line":83,"column":82}},"25":{"start":{"line":84,"column":8},"end":{"line":84,"column":47}}},"branchMap":{"1":{"line":51,"type":"if","locations":[{"start":{"line":51,"column":8},"end":{"line":51,"column":8}},{"start":{"line":51,"column":8},"end":{"line":51,"column":8}}]},"2":{"line":53,"type":"if","locations":[{"start":{"line":53,"column":15},"end":{"line":53,"column":15}},{"start":{"line":53,"column":15},"end":{"line":53,"column":15}}]}}},"contracts/libraries/PayMath.sol":{"l":{"12":0},"path":"/Users/mathepreneur/Documents/GitHub/Timeswap-V1-Core/contracts/libraries/PayMath.sol","s":{"1":0},"b":{"1":[0,0]},"f":{"1":0},"fnMap":{"1":{"name":"checkProportional","line":7,"loc":{"start":{"line":7,"column":4},"end":{"line":13,"column":4}}}},"statementMap":{"1":{"start":{"line":12,"column":8},"end":{"line":12,"column":99}}},"branchMap":{"1":{"line":12,"type":"if","locations":[{"start":{"line":12,"column":8},"end":{"line":12,"column":8}},{"start":{"line":12,"column":8},"end":{"line":12,"column":8}}]}}},"contracts/libraries/SafeBalance.sol":{"l":{"13":0,"18":0},"path":"/Users/mathepreneur/Documents/GitHub/Timeswap-V1-Core/contracts/libraries/SafeBalance.sol","s":{"1":0,"2":0},"b":{},"f":{"1":0},"fnMap":{"1":{"name":"safeBalance","line":10,"loc":{"start":{"line":10,"column":4},"end":{"line":19,"column":4}}}},"statementMap":{"1":{"start":{"line":13,"column":8},"end":{"line":13,"column":359}},"2":{"start":{"line":18,"column":8},"end":{"line":18,"column":42}}},"branchMap":{}},"contracts/libraries/SafeCast.sol":{"l":{"6":0,"10":0,"14":0,"18":0,"19":0},"path":"/Users/mathepreneur/Documents/GitHub/Timeswap-V1-Core/contracts/libraries/SafeCast.sol","s":{"1":0,"2":0,"3":0,"4":0,"5":0,"6":0},"b":{"1":[0,0],"2":[0,0],"3":[0,0]},"f":{"1":0,"2":0,"3":0,"4":0},"fnMap":{"1":{"name":"modUint32","line":5,"loc":{"start":{"line":5,"column":4},"end":{"line":7,"column":4}}},"2":{"name":"toUint112","line":9,"loc":{"start":{"line":9,"column":4},"end":{"line":11,"column":4}}},"3":{"name":"toUint128","line":13,"loc":{"start":{"line":13,"column":4},"end":{"line":15,"column":4}}},"4":{"name":"truncateUint112","line":17,"loc":{"start":{"line":17,"column":4},"end":{"line":20,"column":4}}}},"statementMap":{"1":{"start":{"line":6,"column":8},"end":{"line":6,"column":34}},"2":{"start":{"line":10,"column":8},"end":{"line":10,"column":37}},"3":{"start":{"line":14,"column":8},"end":{"line":14,"column":37}},"4":{"start":{"line":18,"column":8},"end":{"line":18,"column":63}},"5":{"start":{"line":18,"column":35},"end":{"line":18,"column":63}},"6":{"start":{"line":19,"column":8},"end":{"line":19,"column":21}}},"branchMap":{"1":{"line":10,"type":"if","locations":[{"start":{"line":10,"column":8},"end":{"line":10,"column":8}},{"start":{"line":10,"column":8},"end":{"line":10,"column":8}}]},"2":{"line":14,"type":"if","locations":[{"start":{"line":14,"column":8},"end":{"line":14,"column":8}},{"start":{"line":14,"column":8},"end":{"line":14,"column":8}}]},"3":{"line":18,"type":"if","locations":[{"start":{"line":18,"column":8},"end":{"line":18,"column":8}},{"start":{"line":18,"column":8},"end":{"line":18,"column":8}}]}}},"contracts/libraries/SafeTransfer.sol":{"l":{"15":0},"path":"/Users/mathepreneur/Documents/GitHub/Timeswap-V1-Core/contracts/libraries/SafeTransfer.sol","s":{"1":0},"b":{},"f":{"1":0},"fnMap":{"1":{"name":"safeTransfer","line":10,"loc":{"start":{"line":10,"column":4},"end":{"line":16,"column":4}}}},"statementMap":{"1":{"start":{"line":15,"column":8},"end":{"line":15,"column":46}}},"branchMap":{}},"contracts/libraries/WithdrawMath.sol":{"l":{"16":0,"17":0,"18":0,"19":0,"20":0,"21":0,"28":0,"29":0,"30":0,"31":0,"32":0,"33":0,"34":0,"35":0,"36":0},"path":"/Users/mathepreneur/Documents/GitHub/Timeswap-V1-Core/contracts/libraries/WithdrawMath.sol","s":{"1":0,"2":0,"3":0,"4":0,"5":0,"6":0,"7":0,"8":0,"9":0,"10":0,"11":0,"12":0,"13":0,"14":0,"15":0,"16":0,"17":0},"b":{"1":[0,0],"2":[0,0],"3":[0,0]},"f":{"1":0,"2":0},"fnMap":{"1":{"name":"getAsset","line":12,"loc":{"start":{"line":12,"column":4},"end":{"line":22,"column":4}}},"2":{"name":"getCollateral","line":24,"loc":{"start":{"line":24,"column":4},"end":{"line":37,"column":4}}}},"statementMap":{"1":{"start":{"line":16,"column":8},"end":{"line":16,"column":51}},"2":{"start":{"line":17,"column":8},"end":{"line":17,"column":76}},"3":{"start":{"line":17,"column":52},"end":{"line":17,"column":76}},"4":{"start":{"line":18,"column":8},"end":{"line":18,"column":34}},"5":{"start":{"line":19,"column":8},"end":{"line":19,"column":32}},"6":{"start":{"line":20,"column":8},"end":{"line":20,"column":42}},"7":{"start":{"line":21,"column":8},"end":{"line":21,"column":39}},"8":{"start":{"line":28,"column":8},"end":{"line":28,"column":51}},"9":{"start":{"line":29,"column":8},"end":{"line":29,"column":72}},"10":{"start":{"line":29,"column":52},"end":{"line":29,"column":72}},"11":{"start":{"line":30,"column":8},"end":{"line":30,"column":55}},"12":{"start":{"line":31,"column":8},"end":{"line":31,"column":37}},"13":{"start":{"line":32,"column":8},"end":{"line":32,"column":52}},"14":{"start":{"line":33,"column":8},"end":{"line":33,"column":1178}},"15":{"start":{"line":34,"column":12},"end":{"line":34,"column":46}},"16":{"start":{"line":35,"column":8},"end":{"line":35,"column":112}},"17":{"start":{"line":36,"column":8},"end":{"line":36,"column":49}}},"branchMap":{"1":{"line":17,"type":"if","locations":[{"start":{"line":17,"column":8},"end":{"line":17,"column":8}},{"start":{"line":17,"column":8},"end":{"line":17,"column":8}}]},"2":{"line":29,"type":"if","locations":[{"start":{"line":29,"column":8},"end":{"line":29,"column":8}},{"start":{"line":29,"column":8},"end":{"line":29,"column":8}}]},"3":{"line":33,"type":"if","locations":[{"start":{"line":33,"column":8},"end":{"line":33,"column":8}},{"start":{"line":33,"column":8},"end":{"line":33,"column":8}}]}}},"contracts/test/TestToken.sol":{"l":{"12":0},"path":"/Users/mathepreneur/Documents/GitHub/Timeswap-V1-Core/contracts/test/TestToken.sol","s":{"1":0},"b":{},"f":{"1":0},"fnMap":{"1":{"name":"constructor","line":11,"loc":{"start":{"line":7,"column":4},"end":{"line":13,"column":4}}}},"statementMap":{"1":{"start":{"line":12,"column":8},"end":{"line":12,"column":32}}},"branchMap":{}},"contracts/test/TimeswapPairCallee.sol":{"l":{"18":0,"19":0,"35":0,"39":0,"43":0,"60":0,"72":0,"83":0,"93":0,"102":0,"106":0,"108":0,"109":0,"110":0,"114":0,"115":0,"117":0,"118":0,"122":0,"123":0,"125":0,"126":0,"135":0,"136":0,"137":0,"147":0,"149":0},"path":"/Users/mathepreneur/Documents/GitHub/Timeswap-V1-Core/contracts/test/TimeswapPairCallee.sol","s":{"1":0,"2":0,"3":0,"4":0,"5":0,"6":0,"7":0,"8":0,"9":0,"10":0,"11":0,"12":0,"13":0,"14":0,"15":0,"16":0,"17":0,"18":0,"19":0,"20":0,"21":0,"22":0,"23":0,"24":0,"25":0,"26":0,"27":0},"b":{"1":[0,0],"2":[0,0],"3":[0,0]},"f":{"1":0,"2":0,"3":0,"4":0,"5":0,"6":0,"7":0,"8":0,"9":0,"10":0,"11":0,"12":0,"13":0},"fnMap":{"1":{"name":"constructor","line":17,"loc":{"start":{"line":17,"column":4},"end":{"line":20,"column":4}}},"2":{"name":"getData","line":34,"loc":{"start":{"line":34,"column":4},"end":{"line":36,"column":4}}},"3":{"name":"getDataMint","line":38,"loc":{"start":{"line":38,"column":4},"end":{"line":40,"column":4}}},"4":{"name":"factory","line":42,"loc":{"start":{"line":42,"column":4},"end":{"line":44,"column":4}}},"5":{"name":"mint","line":47,"loc":{"start":{"line":47,"column":8},"end":{"line":61,"column":8}}},"6":{"name":"lend","line":64,"loc":{"start":{"line":64,"column":4},"end":{"line":73,"column":4}}},"7":{"name":"borrow","line":76,"loc":{"start":{"line":76,"column":4},"end":{"line":84,"column":4}}},"8":{"name":"pay","line":85,"loc":{"start":{"line":85,"column":4},"end":{"line":94,"column":4}}},"9":{"name":"timeswapMintCallback","line":97,"loc":{"start":{"line":97,"column":4},"end":{"line":111,"column":4}}},"10":{"name":"timeswapLendCallback","line":113,"loc":{"start":{"line":113,"column":4},"end":{"line":119,"column":4}}},"11":{"name":"timeswapBorrowCallback","line":121,"loc":{"start":{"line":121,"column":4},"end":{"line":127,"column":4}}},"12":{"name":"timeswapPayCallback","line":131,"loc":{"start":{"line":131,"column":4},"end":{"line":139,"column":4}}},"13":{"name":"collateralizedDebtCallback","line":141,"loc":{"start":{"line":141,"column":4},"end":{"line":151,"column":4}}}},"statementMap":{"1":{"start":{"line":18,"column":8},"end":{"line":18,"column":33}},"2":{"start":{"line":19,"column":8},"end":{"line":19,"column":46}},"3":{"start":{"line":35,"column":12},"end":{"line":35,"column":97}},"4":{"start":{"line":39,"column":8},"end":{"line":39,"column":103}},"5":{"start":{"line":43,"column":8},"end":{"line":43,"column":30}},"6":{"start":{"line":60,"column":12},"end":{"line":60,"column":127}},"7":{"start":{"line":72,"column":8},"end":{"line":72,"column":117}},"8":{"start":{"line":83,"column":8},"end":{"line":83,"column":116}},"9":{"start":{"line":93,"column":8},"end":{"line":93,"column":98}},"10":{"start":{"line":102,"column":8},"end":{"line":102,"column":3207}},"11":{"start":{"line":106,"column":8},"end":{"line":106,"column":63}},"12":{"start":{"line":108,"column":8},"end":{"line":108,"column":61}},"13":{"start":{"line":109,"column":8},"end":{"line":109,"column":60}},"14":{"start":{"line":110,"column":8},"end":{"line":110,"column":75}},"15":{"start":{"line":114,"column":8},"end":{"line":114,"column":101}},"16":{"start":{"line":115,"column":8},"end":{"line":115,"column":63}},"17":{"start":{"line":117,"column":8},"end":{"line":117,"column":61}},"18":{"start":{"line":118,"column":8},"end":{"line":118,"column":55}},"19":{"start":{"line":122,"column":8},"end":{"line":122,"column":101}},"20":{"start":{"line":123,"column":8},"end":{"line":123,"column":63}},"21":{"start":{"line":125,"column":8},"end":{"line":125,"column":61}},"22":{"start":{"line":126,"column":8},"end":{"line":126,"column":65}},"23":{"start":{"line":135,"column":8},"end":{"line":135,"column":101}},"24":{"start":{"line":136,"column":8},"end":{"line":136,"column":63}},"25":{"start":{"line":137,"column":8},"end":{"line":137,"column":55}},"26":{"start":{"line":147,"column":8},"end":{"line":147,"column":101}},"27":{"start":{"line":149,"column":8},"end":{"line":149,"column":55}}},"branchMap":{"1":{"line":108,"type":"if","locations":[{"start":{"line":108,"column":8},"end":{"line":108,"column":8}},{"start":{"line":108,"column":8},"end":{"line":108,"column":8}}]},"2":{"line":117,"type":"if","locations":[{"start":{"line":117,"column":8},"end":{"line":117,"column":8}},{"start":{"line":117,"column":8},"end":{"line":117,"column":8}}]},"3":{"line":125,"type":"if","locations":[{"start":{"line":125,"column":8},"end":{"line":125,"column":8}},{"start":{"line":125,"column":8},"end":{"line":125,"column":8}}]}}},"contracts/TimeswapFactory.sol":{"l":{"38":0,"39":0,"40":0,"41":0,"48":0,"49":0,"50":0,"52":0,"54":0,"56":0,"61":0,"62":0,"63":0,"65":0,"70":0,"71":0,"73":0},"path":"/Users/mathepreneur/Documents/GitHub/Timeswap-V1-Core/contracts/TimeswapFactory.sol","s":{"1":0,"2":0,"3":0,"4":0,"5":0,"6":0,"7":0,"8":0,"9":0,"10":0,"11":0,"12":0,"13":0,"14":0,"15":0,"16":0,"17":0},"b":{"1":[0,0],"2":[0,0],"3":[0,0],"4":[0,0],"5":[0,0],"6":[0,0],"7":[0,0]},"f":{"1":0,"2":0,"3":0,"4":0},"fnMap":{"1":{"name":"constructor","line":33,"loc":{"start":{"line":33,"column":4},"end":{"line":42,"column":4}}},"2":{"name":"createPair","line":47,"loc":{"start":{"line":47,"column":4},"end":{"line":57,"column":4}}},"3":{"name":"setOwner","line":60,"loc":{"start":{"line":60,"column":4},"end":{"line":66,"column":4}}},"4":{"name":"acceptOwner","line":69,"loc":{"start":{"line":69,"column":4},"end":{"line":74,"column":4}}}},"statementMap":{"1":{"start":{"line":38,"column":8},"end":{"line":38,"column":44}},"2":{"start":{"line":39,"column":8},"end":{"line":39,"column":21}},"3":{"start":{"line":40,"column":8},"end":{"line":40,"column":17}},"4":{"start":{"line":41,"column":8},"end":{"line":41,"column":33}},"5":{"start":{"line":48,"column":8},"end":{"line":48,"column":48}},"6":{"start":{"line":49,"column":8},"end":{"line":49,"column":87}},"7":{"start":{"line":50,"column":8},"end":{"line":50,"column":72}},"8":{"start":{"line":52,"column":8},"end":{"line":52,"column":115}},"9":{"start":{"line":54,"column":8},"end":{"line":54,"column":40}},"10":{"start":{"line":56,"column":8},"end":{"line":56,"column":48}},"11":{"start":{"line":61,"column":8},"end":{"line":61,"column":48}},"12":{"start":{"line":62,"column":8},"end":{"line":62,"column":51}},"13":{"start":{"line":63,"column":8},"end":{"line":63,"column":35}},"14":{"start":{"line":65,"column":8},"end":{"line":65,"column":36}},"15":{"start":{"line":70,"column":8},"end":{"line":70,"column":55}},"16":{"start":{"line":71,"column":8},"end":{"line":71,"column":25}},"17":{"start":{"line":73,"column":8},"end":{"line":73,"column":36}}},"branchMap":{"1":{"line":38,"type":"if","locations":[{"start":{"line":38,"column":8},"end":{"line":38,"column":8}},{"start":{"line":38,"column":8},"end":{"line":38,"column":8}}]},"2":{"line":48,"type":"if","locations":[{"start":{"line":48,"column":8},"end":{"line":48,"column":8}},{"start":{"line":48,"column":8},"end":{"line":48,"column":8}}]},"3":{"line":49,"type":"if","locations":[{"start":{"line":49,"column":8},"end":{"line":49,"column":8}},{"start":{"line":49,"column":8},"end":{"line":49,"column":8}}]},"4":{"line":50,"type":"if","locations":[{"start":{"line":50,"column":8},"end":{"line":50,"column":8}},{"start":{"line":50,"column":8},"end":{"line":50,"column":8}}]},"5":{"line":61,"type":"if","locations":[{"start":{"line":61,"column":8},"end":{"line":61,"column":8}},{"start":{"line":61,"column":8},"end":{"line":61,"column":8}}]},"6":{"line":62,"type":"if","locations":[{"start":{"line":62,"column":8},"end":{"line":62,"column":8}},{"start":{"line":62,"column":8},"end":{"line":62,"column":8}}]},"7":{"line":70,"type":"if","locations":[{"start":{"line":70,"column":8},"end":{"line":70,"column":8}},{"start":{"line":70,"column":8},"end":{"line":70,"column":8}}]}}},"contracts/TimeswapPair.sol":{"l":{"49":0,"50":0,"55":0,"60":0,"65":0,"70":0,"75":0,"80":0,"85":0,"102":0,"103":0,"104":0,"105":0,"106":0,"113":0,"114":0,"115":0,"116":0,"140":0,"141":0,"142":0,"143":0,"144":0,"146":0,"148":0,"149":0,"150":0,"152":0,"153":0,"155":0,"161":0,"163":0,"164":0,"166":0,"167":0,"169":0,"170":0,"171":0,"173":0,"175":0,"178":0,"179":0,"180":0,"182":0,"183":0,"184":0,"186":0,"187":0,"197":0,"198":0,"199":0,"200":0,"202":0,"204":0,"205":0,"207":0,"209":0,"211":0,"212":0,"214":0,"215":0,"217":0,"218":0,"231":0,"232":0,"233":0,"234":0,"236":0,"237":0,"239":0,"241":0,"242":0,"244":0,"246":0,"247":0,"249":0,"250":0,"252":0,"254":0,"255":0,"256":0,"258":0,"259":0,"269":0,"270":0,"271":0,"272":0,"274":0,"276":0,"277":0,"279":0,"280":0,"282":0,"284":0,"285":0,"287":0,"288":0,"290":0,"291":0,"293":0,"294":0,"307":0,"308":0,"309":0,"310":0,"312":0,"313":0,"315":0,"317":0,"319":0,"320":0,"322":0,"324":0,"326":0,"327":0,"328":0,"330":0,"331":0,"332":0,"334":0,"336":0,"337":0,"351":0,"352":0,"353":0,"354":0,"355":0,"357":0,"359":0,"361":0,"362":0,"363":0,"364":0,"365":0,"366":0,"367":0,"368":0,"369":0,"371":0,"373":0,"374":0,"376":0,"378":0,"379":0},"path":"/Users/mathepreneur/Documents/GitHub/Timeswap-V1-Core/contracts/TimeswapPair.sol","s":{"1":0,"2":0,"3":0,"4":0,"5":0,"6":0,"7":0,"8":0,"9":0,"10":0,"11":0,"12":0,"13":0,"14":0,"15":0,"16":0,"17":0,"18":0,"19":0,"20":0,"21":0,"22":0,"23":0,"24":0,"25":0,"26":0,"27":0,"28":0,"29":0,"30":0,"31":0,"32":0,"33":0,"34":0,"35":0,"36":0,"37":0,"38":0,"39":0,"40":0,"41":0,"42":0,"43":0,"44":0,"45":0,"46":0,"47":0,"48":0,"49":0,"50":0,"51":0,"52":0,"53":0,"54":0,"55":0,"56":0,"57":0,"58":0,"59":0,"60":0,"61":0,"62":0,"63":0,"64":0,"65":0,"66":0,"67":0,"68":0,"69":0,"70":0,"71":0,"72":0,"73":0,"74":0,"75":0,"76":0,"77":0,"78":0,"79":0,"80":0,"81":0,"82":0,"83":0,"84":0,"85":0,"86":0,"87":0,"88":0,"89":0,"90":0,"91":0,"92":0,"93":0,"94":0,"95":0,"96":0,"97":0,"98":0,"99":0,"100":0,"101":0,"102":0,"103":0,"104":0,"105":0,"106":0,"107":0,"108":0,"109":0,"110":0,"111":0,"112":0,"113":0,"114":0,"115":0,"116":0,"117":0,"118":0,"119":0,"120":0,"121":0,"122":0,"123":0,"124":0,"125":0,"126":0,"127":0,"128":0,"129":0,"130":0,"131":0,"132":0,"133":0,"134":0,"135":0,"136":0,"137":0,"138":0,"139":0,"140":0,"141":0,"142":0,"143":0,"144":0,"145":0,"146":0,"147":0,"148":0,"149":0,"150":0},"b":{"1":[0,0],"2":[0,0],"3":[0,0],"4":[0,0],"5":[0,0],"6":[0,0],"7":[0,0],"8":[0,0],"9":[0,0],"10":[0,0],"11":[0,0],"12":[0,0],"13":[0,0],"14":[0,0],"15":[0,0],"16":[0,0],"17":[0,0],"18":[0,0],"19":[0,0],"20":[0,0],"21":[0,0],"22":[0,0],"23":[0,0],"24":[0,0],"25":[0,0],"26":[0,0],"27":[0,0],"28":[0,0],"29":[0,0],"30":[0,0],"31":[0,0],"32":[0,0],"33":[0,0],"34":[0,0],"35":[0,0],"36":[0,0],"37":[0,0],"38":[0,0],"39":[0,0],"40":[0,0]},"f":{"1":0,"2":0,"3":0,"4":0,"5":0,"6":0,"7":0,"8":0,"9":0,"10":0,"11":0,"12":0,"13":0,"14":0,"15":0,"16":0},"fnMap":{"1":{"name":"constantProduct","line":48,"loc":{"start":{"line":48,"column":4},"end":{"line":51,"column":4}}},"2":{"name":"totalReserves","line":54,"loc":{"start":{"line":54,"column":4},"end":{"line":56,"column":4}}},"3":{"name":"totalLiquidity","line":59,"loc":{"start":{"line":59,"column":4},"end":{"line":61,"column":4}}},"4":{"name":"liquidityOf","line":64,"loc":{"start":{"line":64,"column":4},"end":{"line":66,"column":4}}},"5":{"name":"totalClaims","line":69,"loc":{"start":{"line":69,"column":4},"end":{"line":71,"column":4}}},"6":{"name":"claimsOf","line":74,"loc":{"start":{"line":74,"column":4},"end":{"line":76,"column":4}}},"7":{"name":"totalDebtCreated","line":79,"loc":{"start":{"line":79,"column":4},"end":{"line":81,"column":4}}},"8":{"name":"duesOf","line":84,"loc":{"start":{"line":84,"column":4},"end":{"line":86,"column":4}}},"9":{"name":"constructor","line":96,"loc":{"start":{"line":96,"column":4},"end":{"line":107,"column":4}}},"10":{"name":"lock","line":112,"loc":{"start":{"line":112,"column":4},"end":{"line":117,"column":4}}},"11":{"name":"mint","line":133,"loc":{"start":{"line":122,"column":4},"end":{"line":188,"column":4}}},"12":{"name":"burn","line":196,"loc":{"start":{"line":191,"column":4},"end":{"line":219,"column":4}}},"13":{"name":"lend","line":230,"loc":{"start":{"line":222,"column":4},"end":{"line":260,"column":4}}},"14":{"name":"withdraw","line":268,"loc":{"start":{"line":263,"column":4},"end":{"line":295,"column":4}}},"15":{"name":"borrow","line":306,"loc":{"start":{"line":298,"column":4},"end":{"line":338,"column":4}}},"16":{"name":"pay","line":349,"loc":{"start":{"line":341,"column":4},"end":{"line":380,"column":4}}}},"statementMap":{"1":{"start":{"line":49,"column":8},"end":{"line":49,"column":50}},"2":{"start":{"line":50,"column":8},"end":{"line":50,"column":42}},"3":{"start":{"line":55,"column":8},"end":{"line":55,"column":45}},"4":{"start":{"line":60,"column":8},"end":{"line":60,"column":51}},"5":{"start":{"line":65,"column":8},"end":{"line":65,"column":49}},"6":{"start":{"line":70,"column":8},"end":{"line":70,"column":48}},"7":{"start":{"line":75,"column":8},"end":{"line":75,"column":44}},"8":{"start":{"line":80,"column":8},"end":{"line":80,"column":53}},"9":{"start":{"line":85,"column":8},"end":{"line":85,"column":42}},"10":{"start":{"line":102,"column":8},"end":{"line":102,"column":37}},"11":{"start":{"line":103,"column":8},"end":{"line":103,"column":21}},"12":{"start":{"line":104,"column":8},"end":{"line":104,"column":31}},"13":{"start":{"line":105,"column":8},"end":{"line":105,"column":17}},"14":{"start":{"line":106,"column":8},"end":{"line":106,"column":33}},"15":{"start":{"line":113,"column":8},"end":{"line":113,"column":41}},"16":{"start":{"line":114,"column":8},"end":{"line":114,"column":17}},"17":{"start":{"line":116,"column":8},"end":{"line":116,"column":17}},"18":{"start":{"line":140,"column":8},"end":{"line":140,"column":53}},"19":{"start":{"line":141,"column":8},"end":{"line":141,"column":72}},"20":{"start":{"line":142,"column":8},"end":{"line":142,"column":81}},"21":{"start":{"line":143,"column":8},"end":{"line":143,"column":40}},"22":{"start":{"line":144,"column":8},"end":{"line":144,"column":57}},"23":{"start":{"line":146,"column":8},"end":{"line":146,"column":43}},"24":{"start":{"line":148,"column":8},"end":{"line":148,"column":4849}},"25":{"start":{"line":149,"column":12},"end":{"line":149,"column":74}},"26":{"start":{"line":150,"column":12},"end":{"line":150,"column":86}},"27":{"start":{"line":152,"column":12},"end":{"line":152,"column":54}},"28":{"start":{"line":153,"column":12},"end":{"line":153,"column":77}},"29":{"start":{"line":155,"column":12},"end":{"line":155,"column":5224}},"30":{"start":{"line":161,"column":12},"end":{"line":161,"column":86}},"31":{"start":{"line":163,"column":12},"end":{"line":163,"column":54}},"32":{"start":{"line":164,"column":12},"end":{"line":164,"column":77}},"33":{"start":{"line":166,"column":8},"end":{"line":166,"column":43}},"34":{"start":{"line":167,"column":8},"end":{"line":167,"column":52}},"35":{"start":{"line":169,"column":8},"end":{"line":169,"column":69}},"36":{"start":{"line":170,"column":8},"end":{"line":170,"column":92}},"37":{"start":{"line":171,"column":8},"end":{"line":171,"column":44}},"38":{"start":{"line":173,"column":8},"end":{"line":173,"column":75}},"39":{"start":{"line":175,"column":8},"end":{"line":175,"column":43}},"40":{"start":{"line":178,"column":8},"end":{"line":178,"column":45}},"41":{"start":{"line":179,"column":8},"end":{"line":179,"column":58}},"42":{"start":{"line":180,"column":8},"end":{"line":180,"column":49}},"43":{"start":{"line":182,"column":8},"end":{"line":182,"column":32}},"44":{"start":{"line":183,"column":8},"end":{"line":183,"column":32}},"45":{"start":{"line":184,"column":8},"end":{"line":184,"column":32}},"46":{"start":{"line":186,"column":8},"end":{"line":186,"column":39}},"47":{"start":{"line":187,"column":8},"end":{"line":187,"column":96}},"48":{"start":{"line":197,"column":8},"end":{"line":197,"column":53}},"49":{"start":{"line":198,"column":8},"end":{"line":198,"column":75}},"50":{"start":{"line":199,"column":8},"end":{"line":199,"column":84}},"51":{"start":{"line":200,"column":8},"end":{"line":200,"column":42}},"52":{"start":{"line":202,"column":8},"end":{"line":202,"column":43}},"53":{"start":{"line":204,"column":8},"end":{"line":204,"column":67}},"54":{"start":{"line":205,"column":8},"end":{"line":205,"column":77}},"55":{"start":{"line":207,"column":8},"end":{"line":207,"column":47}},"56":{"start":{"line":209,"column":8},"end":{"line":209,"column":50}},"57":{"start":{"line":211,"column":8},"end":{"line":211,"column":51}},"58":{"start":{"line":212,"column":8},"end":{"line":212,"column":61}},"59":{"start":{"line":214,"column":8},"end":{"line":214,"column":77}},"60":{"start":{"line":214,"column":33},"end":{"line":214,"column":76}},"61":{"start":{"line":215,"column":8},"end":{"line":215,"column":97}},"62":{"start":{"line":215,"column":38},"end":{"line":215,"column":96}},"63":{"start":{"line":217,"column":8},"end":{"line":217,"column":39}},"64":{"start":{"line":218,"column":8},"end":{"line":218,"column":86}},"65":{"start":{"line":231,"column":8},"end":{"line":231,"column":53}},"66":{"start":{"line":232,"column":8},"end":{"line":232,"column":73}},"67":{"start":{"line":233,"column":8},"end":{"line":233,"column":82}},"68":{"start":{"line":234,"column":8},"end":{"line":234,"column":40}},"69":{"start":{"line":236,"column":8},"end":{"line":236,"column":43}},"70":{"start":{"line":237,"column":8},"end":{"line":237,"column":56}},"71":{"start":{"line":239,"column":8},"end":{"line":239,"column":71}},"72":{"start":{"line":241,"column":8},"end":{"line":241,"column":72}},"73":{"start":{"line":242,"column":8},"end":{"line":242,"column":94}},"74":{"start":{"line":244,"column":8},"end":{"line":244,"column":44}},"75":{"start":{"line":246,"column":8},"end":{"line":246,"column":52}},"76":{"start":{"line":247,"column":8},"end":{"line":247,"column":62}},"77":{"start":{"line":249,"column":8},"end":{"line":249,"column":49}},"78":{"start":{"line":250,"column":8},"end":{"line":250,"column":64}},"79":{"start":{"line":252,"column":8},"end":{"line":252,"column":45}},"80":{"start":{"line":254,"column":8},"end":{"line":254,"column":32}},"81":{"start":{"line":255,"column":8},"end":{"line":255,"column":32}},"82":{"start":{"line":256,"column":8},"end":{"line":256,"column":32}},"83":{"start":{"line":258,"column":8},"end":{"line":258,"column":39}},"84":{"start":{"line":259,"column":8},"end":{"line":259,"column":82}},"85":{"start":{"line":269,"column":8},"end":{"line":269,"column":53}},"86":{"start":{"line":270,"column":8},"end":{"line":270,"column":75}},"87":{"start":{"line":271,"column":8},"end":{"line":271,"column":84}},"88":{"start":{"line":272,"column":8},"end":{"line":272,"column":70}},"89":{"start":{"line":274,"column":8},"end":{"line":274,"column":43}},"90":{"start":{"line":276,"column":8},"end":{"line":276,"column":73}},"91":{"start":{"line":277,"column":8},"end":{"line":277,"column":88}},"92":{"start":{"line":279,"column":8},"end":{"line":279,"column":51}},"93":{"start":{"line":280,"column":8},"end":{"line":280,"column":61}},"94":{"start":{"line":282,"column":8},"end":{"line":282,"column":55}},"95":{"start":{"line":284,"column":8},"end":{"line":284,"column":35}},"96":{"start":{"line":285,"column":8},"end":{"line":285,"column":45}},"97":{"start":{"line":287,"column":8},"end":{"line":287,"column":51}},"98":{"start":{"line":288,"column":8},"end":{"line":288,"column":61}},"99":{"start":{"line":290,"column":8},"end":{"line":290,"column":77}},"100":{"start":{"line":290,"column":33},"end":{"line":290,"column":76}},"101":{"start":{"line":291,"column":8},"end":{"line":291,"column":97}},"102":{"start":{"line":291,"column":38},"end":{"line":291,"column":96}},"103":{"start":{"line":293,"column":8},"end":{"line":293,"column":39}},"104":{"start":{"line":294,"column":8},"end":{"line":294,"column":87}},"105":{"start":{"line":307,"column":8},"end":{"line":307,"column":53}},"106":{"start":{"line":308,"column":8},"end":{"line":308,"column":68}},"107":{"start":{"line":309,"column":8},"end":{"line":309,"column":77}},"108":{"start":{"line":310,"column":8},"end":{"line":310,"column":40}},"109":{"start":{"line":312,"column":8},"end":{"line":312,"column":43}},"110":{"start":{"line":313,"column":8},"end":{"line":313,"column":56}},"111":{"start":{"line":315,"column":8},"end":{"line":315,"column":73}},"112":{"start":{"line":317,"column":8},"end":{"line":317,"column":71}},"113":{"start":{"line":319,"column":8},"end":{"line":319,"column":95}},"114":{"start":{"line":320,"column":8},"end":{"line":320,"column":44}},"115":{"start":{"line":322,"column":8},"end":{"line":322,"column":59}},"116":{"start":{"line":324,"column":8},"end":{"line":324,"column":43}},"117":{"start":{"line":326,"column":8},"end":{"line":326,"column":45}},"118":{"start":{"line":327,"column":8},"end":{"line":327,"column":58}},"119":{"start":{"line":328,"column":8},"end":{"line":328,"column":49}},"120":{"start":{"line":330,"column":8},"end":{"line":330,"column":32}},"121":{"start":{"line":331,"column":8},"end":{"line":331,"column":32}},"122":{"start":{"line":332,"column":8},"end":{"line":332,"column":32}},"123":{"start":{"line":334,"column":8},"end":{"line":334,"column":45}},"124":{"start":{"line":336,"column":8},"end":{"line":336,"column":39}},"125":{"start":{"line":337,"column":8},"end":{"line":337,"column":80}},"126":{"start":{"line":351,"column":8},"end":{"line":351,"column":53}},"127":{"start":{"line":352,"column":8},"end":{"line":352,"column":56}},"128":{"start":{"line":353,"column":8},"end":{"line":353,"column":62}},"129":{"start":{"line":354,"column":8},"end":{"line":354,"column":40}},"130":{"start":{"line":355,"column":8},"end":{"line":355,"column":46}},"131":{"start":{"line":357,"column":8},"end":{"line":357,"column":43}},"132":{"start":{"line":359,"column":8},"end":{"line":359,"column":45}},"133":{"start":{"line":361,"column":8},"end":{"line":361,"column":12874}},"134":{"start":{"line":362,"column":12},"end":{"line":362,"column":42}},"135":{"start":{"line":363,"column":12},"end":{"line":363,"column":66}},"136":{"start":{"line":364,"column":12},"end":{"line":364,"column":81}},"137":{"start":{"line":364,"column":37},"end":{"line":364,"column":80}},"138":{"start":{"line":365,"column":12},"end":{"line":365,"column":73}},"139":{"start":{"line":366,"column":12},"end":{"line":366,"column":34}},"140":{"start":{"line":367,"column":12},"end":{"line":367,"column":46}},"141":{"start":{"line":368,"column":12},"end":{"line":368,"column":33}},"142":{"start":{"line":369,"column":12},"end":{"line":369,"column":45}},"143":{"start":{"line":371,"column":8},"end":{"line":371,"column":59}},"144":{"start":{"line":371,"column":25},"end":{"line":371,"column":58}},"145":{"start":{"line":373,"column":8},"end":{"line":373,"column":43}},"146":{"start":{"line":374,"column":8},"end":{"line":374,"column":54}},"147":{"start":{"line":376,"column":8},"end":{"line":376,"column":73}},"148":{"start":{"line":376,"column":31},"end":{"line":376,"column":72}},"149":{"start":{"line":378,"column":8},"end":{"line":378,"column":39}},"150":{"start":{"line":379,"column":8},"end":{"line":379,"column":104}}},"branchMap":{"1":{"line":113,"type":"if","locations":[{"start":{"line":113,"column":8},"end":{"line":113,"column":8}},{"start":{"line":113,"column":8},"end":{"line":113,"column":8}}]},"2":{"line":140,"type":"if","locations":[{"start":{"line":140,"column":8},"end":{"line":140,"column":8}},{"start":{"line":140,"column":8},"end":{"line":140,"column":8}}]},"3":{"line":141,"type":"if","locations":[{"start":{"line":141,"column":8},"end":{"line":141,"column":8}},{"start":{"line":141,"column":8},"end":{"line":141,"column":8}}]},"4":{"line":142,"type":"if","locations":[{"start":{"line":142,"column":8},"end":{"line":142,"column":8}},{"start":{"line":142,"column":8},"end":{"line":142,"column":8}}]},"5":{"line":143,"type":"if","locations":[{"start":{"line":143,"column":8},"end":{"line":143,"column":8}},{"start":{"line":143,"column":8},"end":{"line":143,"column":8}}]},"6":{"line":144,"type":"if","locations":[{"start":{"line":144,"column":8},"end":{"line":144,"column":8}},{"start":{"line":144,"column":8},"end":{"line":144,"column":8}}]},"7":{"line":148,"type":"if","locations":[{"start":{"line":148,"column":8},"end":{"line":148,"column":8}},{"start":{"line":148,"column":8},"end":{"line":148,"column":8}}]},"8":{"line":166,"type":"if","locations":[{"start":{"line":166,"column":8},"end":{"line":166,"column":8}},{"start":{"line":166,"column":8},"end":{"line":166,"column":8}}]},"9":{"line":197,"type":"if","locations":[{"start":{"line":197,"column":8},"end":{"line":197,"column":8}},{"start":{"line":197,"column":8},"end":{"line":197,"column":8}}]},"10":{"line":198,"type":"if","locations":[{"start":{"line":198,"column":8},"end":{"line":198,"column":8}},{"start":{"line":198,"column":8},"end":{"line":198,"column":8}}]},"11":{"line":199,"type":"if","locations":[{"start":{"line":199,"column":8},"end":{"line":199,"column":8}},{"start":{"line":199,"column":8},"end":{"line":199,"column":8}}]},"12":{"line":200,"type":"if","locations":[{"start":{"line":200,"column":8},"end":{"line":200,"column":8}},{"start":{"line":200,"column":8},"end":{"line":200,"column":8}}]},"13":{"line":214,"type":"if","locations":[{"start":{"line":214,"column":8},"end":{"line":214,"column":8}},{"start":{"line":214,"column":8},"end":{"line":214,"column":8}}]},"14":{"line":215,"type":"if","locations":[{"start":{"line":215,"column":8},"end":{"line":215,"column":8}},{"start":{"line":215,"column":8},"end":{"line":215,"column":8}}]},"15":{"line":231,"type":"if","locations":[{"start":{"line":231,"column":8},"end":{"line":231,"column":8}},{"start":{"line":231,"column":8},"end":{"line":231,"column":8}}]},"16":{"line":232,"type":"if","locations":[{"start":{"line":232,"column":8},"end":{"line":232,"column":8}},{"start":{"line":232,"column":8},"end":{"line":232,"column":8}}]},"17":{"line":233,"type":"if","locations":[{"start":{"line":233,"column":8},"end":{"line":233,"column":8}},{"start":{"line":233,"column":8},"end":{"line":233,"column":8}}]},"18":{"line":234,"type":"if","locations":[{"start":{"line":234,"column":8},"end":{"line":234,"column":8}},{"start":{"line":234,"column":8},"end":{"line":234,"column":8}}]},"19":{"line":237,"type":"if","locations":[{"start":{"line":237,"column":8},"end":{"line":237,"column":8}},{"start":{"line":237,"column":8},"end":{"line":237,"column":8}}]},"20":{"line":269,"type":"if","locations":[{"start":{"line":269,"column":8},"end":{"line":269,"column":8}},{"start":{"line":269,"column":8},"end":{"line":269,"column":8}}]},"21":{"line":270,"type":"if","locations":[{"start":{"line":270,"column":8},"end":{"line":270,"column":8}},{"start":{"line":270,"column":8},"end":{"line":270,"column":8}}]},"22":{"line":271,"type":"if","locations":[{"start":{"line":271,"column":8},"end":{"line":271,"column":8}},{"start":{"line":271,"column":8},"end":{"line":271,"column":8}}]},"23":{"line":272,"type":"if","locations":[{"start":{"line":272,"column":8},"end":{"line":272,"column":8}},{"start":{"line":272,"column":8},"end":{"line":272,"column":8}}]},"24":{"line":290,"type":"if","locations":[{"start":{"line":290,"column":8},"end":{"line":290,"column":8}},{"start":{"line":290,"column":8},"end":{"line":290,"column":8}}]},"25":{"line":291,"type":"if","locations":[{"start":{"line":291,"column":8},"end":{"line":291,"column":8}},{"start":{"line":291,"column":8},"end":{"line":291,"column":8}}]},"26":{"line":307,"type":"if","locations":[{"start":{"line":307,"column":8},"end":{"line":307,"column":8}},{"start":{"line":307,"column":8},"end":{"line":307,"column":8}}]},"27":{"line":308,"type":"if","locations":[{"start":{"line":308,"column":8},"end":{"line":308,"column":8}},{"start":{"line":308,"column":8},"end":{"line":308,"column":8}}]},"28":{"line":309,"type":"if","locations":[{"start":{"line":309,"column":8},"end":{"line":309,"column":8}},{"start":{"line":309,"column":8},"end":{"line":309,"column":8}}]},"29":{"line":310,"type":"if","locations":[{"start":{"line":310,"column":8},"end":{"line":310,"column":8}},{"start":{"line":310,"column":8},"end":{"line":310,"column":8}}]},"30":{"line":313,"type":"if","locations":[{"start":{"line":313,"column":8},"end":{"line":313,"column":8}},{"start":{"line":313,"column":8},"end":{"line":313,"column":8}}]},"31":{"line":351,"type":"if","locations":[{"start":{"line":351,"column":8},"end":{"line":351,"column":8}},{"start":{"line":351,"column":8},"end":{"line":351,"column":8}}]},"32":{"line":352,"type":"if","locations":[{"start":{"line":352,"column":8},"end":{"line":352,"column":8}},{"start":{"line":352,"column":8},"end":{"line":352,"column":8}}]},"33":{"line":353,"type":"if","locations":[{"start":{"line":353,"column":8},"end":{"line":353,"column":8}},{"start":{"line":353,"column":8},"end":{"line":353,"column":8}}]},"34":{"line":354,"type":"if","locations":[{"start":{"line":354,"column":8},"end":{"line":354,"column":8}},{"start":{"line":354,"column":8},"end":{"line":354,"column":8}}]},"35":{"line":355,"type":"if","locations":[{"start":{"line":355,"column":8},"end":{"line":355,"column":8}},{"start":{"line":355,"column":8},"end":{"line":355,"column":8}}]},"36":{"line":363,"type":"if","locations":[{"start":{"line":363,"column":12},"end":{"line":363,"column":12}},{"start":{"line":363,"column":12},"end":{"line":363,"column":12}}]},"37":{"line":364,"type":"if","locations":[{"start":{"line":364,"column":12},"end":{"line":364,"column":12}},{"start":{"line":364,"column":12},"end":{"line":364,"column":12}}]},"38":{"line":364,"type":"if","locations":[{"start":{"line":364,"column":37},"end":{"line":364,"column":37}},{"start":{"line":364,"column":37},"end":{"line":364,"column":37}}]},"39":{"line":371,"type":"if","locations":[{"start":{"line":371,"column":8},"end":{"line":371,"column":8}},{"start":{"line":371,"column":8},"end":{"line":371,"column":8}}]},"40":{"line":376,"type":"if","locations":[{"start":{"line":376,"column":8},"end":{"line":376,"column":8}},{"start":{"line":376,"column":8},"end":{"line":376,"column":8}}]}}}}