{"contracts/interfaces/callback/ITimeswapBorrowCallback.sol":{"l":{},"path":"/Users/dsukhani/Desktop/code/Timeswap-V1-Core/contracts/interfaces/callback/ITimeswapBorrowCallback.sol","s":{},"b":{},"f":{},"fnMap":{},"statementMap":{},"branchMap":{}},"contracts/interfaces/callback/ITimeswapLendCallback.sol":{"l":{},"path":"/Users/dsukhani/Desktop/code/Timeswap-V1-Core/contracts/interfaces/callback/ITimeswapLendCallback.sol","s":{},"b":{},"f":{},"fnMap":{},"statementMap":{},"branchMap":{}},"contracts/interfaces/callback/ITimeswapMintCallback.sol":{"l":{},"path":"/Users/dsukhani/Desktop/code/Timeswap-V1-Core/contracts/interfaces/callback/ITimeswapMintCallback.sol","s":{},"b":{},"f":{},"fnMap":{},"statementMap":{},"branchMap":{}},"contracts/interfaces/callback/ITimeswapPayCallback.sol":{"l":{},"path":"/Users/dsukhani/Desktop/code/Timeswap-V1-Core/contracts/interfaces/callback/ITimeswapPayCallback.sol","s":{},"b":{},"f":{},"fnMap":{},"statementMap":{},"branchMap":{}},"contracts/interfaces/IFactory.sol":{"l":{},"path":"/Users/dsukhani/Desktop/code/Timeswap-V1-Core/contracts/interfaces/IFactory.sol","s":{},"b":{},"f":{},"fnMap":{},"statementMap":{},"branchMap":{}},"contracts/interfaces/IPair.sol":{"l":{},"path":"/Users/dsukhani/Desktop/code/Timeswap-V1-Core/contracts/interfaces/IPair.sol","s":{},"b":{},"f":{},"fnMap":{},"statementMap":{},"branchMap":{}},"contracts/libraries/Array.sol":{"l":{"8":49,"10":49},"path":"/Users/dsukhani/Desktop/code/Timeswap-V1-Core/contracts/libraries/Array.sol","s":{"1":49,"2":49},"b":{},"f":{"1":49},"fnMap":{"1":{"name":"insert","line":7,"loc":{"start":{"line":7,"column":4},"end":{"line":12,"column":4}}}},"statementMap":{"1":{"start":{"line":8,"column":8},"end":{"line":8,"column":23}},"2":{"start":{"line":10,"column":8},"end":{"line":10,"column":24}}},"branchMap":{}},"contracts/libraries/BlockNumber.sol":{"l":{"10":55},"path":"/Users/dsukhani/Desktop/code/Timeswap-V1-Core/contracts/libraries/BlockNumber.sol","s":{"1":55},"b":{},"f":{"1":55},"fnMap":{"1":{"name":"get","line":9,"loc":{"start":{"line":9,"column":4},"end":{"line":11,"column":4}}}},"statementMap":{"1":{"start":{"line":10,"column":8},"end":{"line":10,"column":45}}},"branchMap":{}},"contracts/libraries/BorrowMath.sol":{"l":{"24":15,"25":15,"26":15,"27":15,"28":15,"30":15,"31":15,"32":15,"33":15,"34":15,"35":15,"36":15,"44":30,"45":30,"46":30,"54":14,"55":14,"56":14,"57":14,"58":14,"59":14,"68":14,"69":14,"70":14,"71":14,"72":14,"73":14,"74":14,"75":14,"76":14,"77":14,"78":14},"path":"/Users/dsukhani/Desktop/code/Timeswap-V1-Core/contracts/libraries/BorrowMath.sol","s":{"1":15,"2":15,"3":15,"4":15,"5":15,"6":15,"7":15,"8":15,"9":15,"10":15,"11":15,"12":15,"13":30,"14":30,"15":30,"16":14,"17":14,"18":14,"19":14,"20":14,"21":14,"22":14,"23":14,"24":14,"25":14,"26":14,"27":14,"28":14,"29":14,"30":14,"31":14,"32":14},"b":{"1":[14,1]},"f":{"1":15,"2":30,"3":14,"4":14},"fnMap":{"1":{"name":"check","line":17,"loc":{"start":{"line":17,"column":4},"end":{"line":37,"column":4}}},"2":{"name":"adjust","line":39,"loc":{"start":{"line":39,"column":4},"end":{"line":47,"column":4}}},"3":{"name":"getDebt","line":49,"loc":{"start":{"line":49,"column":4},"end":{"line":60,"column":4}}},"4":{"name":"getCollateral","line":62,"loc":{"start":{"line":62,"column":4},"end":{"line":79,"column":4}}}},"statementMap":{"1":{"start":{"line":24,"column":8},"end":{"line":24,"column":39}},"2":{"start":{"line":25,"column":8},"end":{"line":25,"column":46}},"3":{"start":{"line":26,"column":8},"end":{"line":26,"column":63}},"4":{"start":{"line":27,"column":8},"end":{"line":27,"column":63}},"5":{"start":{"line":28,"column":8},"end":{"line":28,"column":65}},"6":{"start":{"line":30,"column":8},"end":{"line":30,"column":35}},"7":{"start":{"line":31,"column":8},"end":{"line":31,"column":25}},"8":{"start":{"line":32,"column":8},"end":{"line":32,"column":21}},"9":{"start":{"line":33,"column":8},"end":{"line":33,"column":38}},"10":{"start":{"line":34,"column":8},"end":{"line":34,"column":29}},"11":{"start":{"line":35,"column":8},"end":{"line":35,"column":43}},"12":{"start":{"line":36,"column":8},"end":{"line":36,"column":44}},"13":{"start":{"line":44,"column":8},"end":{"line":44,"column":25}},"14":{"start":{"line":45,"column":8},"end":{"line":45,"column":22}},"15":{"start":{"line":46,"column":8},"end":{"line":46,"column":37}},"16":{"start":{"line":54,"column":8},"end":{"line":54,"column":34}},"17":{"start":{"line":55,"column":8},"end":{"line":55,"column":33}},"18":{"start":{"line":56,"column":8},"end":{"line":56,"column":27}},"19":{"start":{"line":57,"column":8},"end":{"line":57,"column":41}},"20":{"start":{"line":58,"column":8},"end":{"line":58,"column":27}},"21":{"start":{"line":59,"column":8},"end":{"line":59,"column":35}},"22":{"start":{"line":68,"column":8},"end":{"line":68,"column":40}},"23":{"start":{"line":69,"column":8},"end":{"line":69,"column":39}},"24":{"start":{"line":70,"column":8},"end":{"line":70,"column":31}},"25":{"start":{"line":71,"column":8},"end":{"line":71,"column":46}},"26":{"start":{"line":72,"column":8},"end":{"line":72,"column":37}},"27":{"start":{"line":73,"column":8},"end":{"line":73,"column":31}},"28":{"start":{"line":74,"column":8},"end":{"line":74,"column":38}},"29":{"start":{"line":75,"column":8},"end":{"line":75,"column":25}},"30":{"start":{"line":76,"column":8},"end":{"line":76,"column":88}},"31":{"start":{"line":77,"column":8},"end":{"line":77,"column":33}},"32":{"start":{"line":78,"column":8},"end":{"line":78,"column":47}}},"branchMap":{"1":{"line":36,"type":"if","locations":[{"start":{"line":36,"column":8},"end":{"line":36,"column":8}},{"start":{"line":36,"column":8},"end":{"line":36,"column":8}}]}}},"contracts/libraries/BurnMath.sol":{"l":{"18":3,"19":3,"20":1,"21":1,"22":1,"23":1,"34":3,"35":3,"36":3,"37":2,"38":2,"40":1,"41":1,"42":1,"43":1,"44":1,"45":1,"46":1,"47":1},"path":"/Users/dsukhani/Desktop/code/Timeswap-V1-Core/contracts/libraries/BurnMath.sol","s":{"1":3,"2":3,"3":2,"4":1,"5":1,"6":1,"7":1,"8":3,"9":3,"10":3,"11":2,"12":2,"13":1,"14":1,"15":1,"16":1,"17":0,"18":1,"19":1,"20":1,"21":1},"b":{"1":[2,1],"2":[2,1],"3":[0,1]},"f":{"1":3,"2":3},"fnMap":{"1":{"name":"getAsset","line":17,"loc":{"start":{"line":17,"column":4},"end":{"line":24,"column":4}}},"2":{"name":"getCollateral","line":29,"loc":{"start":{"line":29,"column":4},"end":{"line":48,"column":4}}}},"statementMap":{"1":{"start":{"line":18,"column":8},"end":{"line":18,"column":51}},"2":{"start":{"line":19,"column":8},"end":{"line":19,"column":67}},"3":{"start":{"line":19,"column":52},"end":{"line":19,"column":67}},"4":{"start":{"line":20,"column":8},"end":{"line":20,"column":40}},"5":{"start":{"line":21,"column":8},"end":{"line":21,"column":42}},"6":{"start":{"line":22,"column":8},"end":{"line":22,"column":70}},"7":{"start":{"line":23,"column":8},"end":{"line":23,"column":39}},"8":{"start":{"line":34,"column":8},"end":{"line":34,"column":51}},"9":{"start":{"line":35,"column":8},"end":{"line":35,"column":58}},"10":{"start":{"line":36,"column":8},"end":{"line":36,"column":1401}},"11":{"start":{"line":37,"column":12},"end":{"line":37,"column":84}},"12":{"start":{"line":38,"column":12},"end":{"line":38,"column":61}},"13":{"start":{"line":40,"column":8},"end":{"line":40,"column":48}},"14":{"start":{"line":41,"column":8},"end":{"line":41,"column":30}},"15":{"start":{"line":42,"column":8},"end":{"line":42,"column":45}},"16":{"start":{"line":43,"column":8},"end":{"line":43,"column":104}},"17":{"start":{"line":43,"column":84},"end":{"line":43,"column":104}},"18":{"start":{"line":44,"column":8},"end":{"line":44,"column":47}},"19":{"start":{"line":45,"column":8},"end":{"line":45,"column":32}},"20":{"start":{"line":46,"column":8},"end":{"line":46,"column":105}},"21":{"start":{"line":47,"column":8},"end":{"line":47,"column":49}}},"branchMap":{"1":{"line":19,"type":"if","locations":[{"start":{"line":19,"column":8},"end":{"line":19,"column":8}},{"start":{"line":19,"column":8},"end":{"line":19,"column":8}}]},"2":{"line":36,"type":"if","locations":[{"start":{"line":36,"column":8},"end":{"line":36,"column":8}},{"start":{"line":36,"column":8},"end":{"line":36,"column":8}}]},"3":{"line":43,"type":"if","locations":[{"start":{"line":43,"column":8},"end":{"line":43,"column":8}},{"start":{"line":43,"column":8},"end":{"line":43,"column":8}}]}}},"contracts/libraries/Callback.sol":{"l":{"24":36,"25":36,"26":36,"27":36,"28":36,"29":36,"30":36,"38":12,"39":12,"40":12,"41":12,"49":14,"50":14,"51":14,"52":14,"60":7,"61":7,"62":7,"63":7},"path":"/Users/dsukhani/Desktop/code/Timeswap-V1-Core/contracts/libraries/Callback.sol","s":{"1":36,"2":36,"3":36,"4":36,"5":36,"6":36,"7":36,"8":12,"9":12,"10":12,"11":12,"12":14,"13":14,"14":14,"15":14,"16":7,"17":7,"18":7,"19":7},"b":{"1":[36,0],"2":[36,0],"3":[12,0],"4":[14,0],"5":[7,0]},"f":{"1":36,"2":12,"3":14,"4":7},"fnMap":{"1":{"name":"mint","line":17,"loc":{"start":{"line":17,"column":4},"end":{"line":31,"column":4}}},"2":{"name":"lend","line":33,"loc":{"start":{"line":33,"column":4},"end":{"line":42,"column":4}}},"3":{"name":"borrow","line":44,"loc":{"start":{"line":44,"column":4},"end":{"line":53,"column":4}}},"4":{"name":"pay","line":55,"loc":{"start":{"line":55,"column":4},"end":{"line":64,"column":4}}}},"statementMap":{"1":{"start":{"line":24,"column":8},"end":{"line":24,"column":50}},"2":{"start":{"line":25,"column":8},"end":{"line":25,"column":60}},"3":{"start":{"line":26,"column":8},"end":{"line":26,"column":90}},"4":{"start":{"line":27,"column":8},"end":{"line":27,"column":51}},"5":{"start":{"line":28,"column":8},"end":{"line":28,"column":61}},"6":{"start":{"line":29,"column":8},"end":{"line":29,"column":63}},"7":{"start":{"line":30,"column":8},"end":{"line":30,"column":78}},"8":{"start":{"line":38,"column":8},"end":{"line":38,"column":50}},"9":{"start":{"line":39,"column":8},"end":{"line":39,"column":76}},"10":{"start":{"line":40,"column":8},"end":{"line":40,"column":51}},"11":{"start":{"line":41,"column":8},"end":{"line":41,"column":63}},"12":{"start":{"line":49,"column":8},"end":{"line":49,"column":60}},"13":{"start":{"line":50,"column":8},"end":{"line":50,"column":85}},"14":{"start":{"line":51,"column":8},"end":{"line":51,"column":61}},"15":{"start":{"line":52,"column":8},"end":{"line":52,"column":78}},"16":{"start":{"line":60,"column":8},"end":{"line":60,"column":50}},"17":{"start":{"line":61,"column":8},"end":{"line":61,"column":74}},"18":{"start":{"line":62,"column":8},"end":{"line":62,"column":51}},"19":{"start":{"line":63,"column":8},"end":{"line":63,"column":63}}},"branchMap":{"1":{"line":29,"type":"if","locations":[{"start":{"line":29,"column":8},"end":{"line":29,"column":8}},{"start":{"line":29,"column":8},"end":{"line":29,"column":8}}]},"2":{"line":30,"type":"if","locations":[{"start":{"line":30,"column":8},"end":{"line":30,"column":8}},{"start":{"line":30,"column":8},"end":{"line":30,"column":8}}]},"3":{"line":41,"type":"if","locations":[{"start":{"line":41,"column":8},"end":{"line":41,"column":8}},{"start":{"line":41,"column":8},"end":{"line":41,"column":8}}]},"4":{"line":52,"type":"if","locations":[{"start":{"line":52,"column":8},"end":{"line":52,"column":8}},{"start":{"line":52,"column":8},"end":{"line":52,"column":8}}]},"5":{"line":63,"type":"if","locations":[{"start":{"line":63,"column":8},"end":{"line":63,"column":8}},{"start":{"line":63,"column":8},"end":{"line":63,"column":8}}]}}},"contracts/libraries/ConstantProduct.sol":{"l":{"16":30,"17":30,"19":30,"20":30},"path":"/Users/dsukhani/Desktop/code/Timeswap-V1-Core/contracts/libraries/ConstantProduct.sol","s":{"1":30,"2":30,"3":30,"4":30,"5":10},"b":{"1":[30,0],"2":[10,20],"3":[9,1]},"f":{"1":30},"fnMap":{"1":{"name":"checkConstantProduct","line":10,"loc":{"start":{"line":10,"column":4},"end":{"line":21,"column":4}}}},"statementMap":{"1":{"start":{"line":16,"column":8},"end":{"line":16,"column":90}},"2":{"start":{"line":17,"column":8},"end":{"line":17,"column":95}},"3":{"start":{"line":19,"column":8},"end":{"line":19,"column":39}},"4":{"start":{"line":20,"column":8},"end":{"line":20,"column":61}},"5":{"start":{"line":20,"column":29},"end":{"line":20,"column":60}}},"branchMap":{"1":{"line":19,"type":"if","locations":[{"start":{"line":19,"column":8},"end":{"line":19,"column":8}},{"start":{"line":19,"column":8},"end":{"line":19,"column":8}}]},"2":{"line":20,"type":"if","locations":[{"start":{"line":20,"column":8},"end":{"line":20,"column":8}},{"start":{"line":20,"column":8},"end":{"line":20,"column":8}}]},"3":{"line":20,"type":"if","locations":[{"start":{"line":20,"column":29},"end":{"line":20,"column":29}},{"start":{"line":20,"column":29},"end":{"line":20,"column":29}}]}}},"contracts/libraries/FullMath.sol":{"l":{"11":171,"29":111,"123":50,"124":50},"path":"/Users/dsukhani/Desktop/code/Timeswap-V1-Core/contracts/libraries/FullMath.sol","s":{"1":50,"2":50},"b":{"1":[50,0]},"f":{"1":171,"2":111,"3":50},"fnMap":{"1":{"name":"mul512","line":5,"loc":{"start":{"line":5,"column":4},"end":{"line":16,"column":4}}},"2":{"name":"mulDiv","line":24,"loc":{"start":{"line":24,"column":4},"end":{"line":111,"column":4}}},"3":{"name":"mulDivUp","line":118,"loc":{"start":{"line":118,"column":4},"end":{"line":125,"column":4}}}},"statementMap":{"1":{"start":{"line":123,"column":8},"end":{"line":123,"column":41}},"2":{"start":{"line":124,"column":8},"end":{"line":124,"column":51}}},"branchMap":{"1":{"line":124,"type":"if","locations":[{"start":{"line":124,"column":8},"end":{"line":124,"column":8}},{"start":{"line":124,"column":8},"end":{"line":124,"column":8}}]}}},"contracts/libraries/LendMath.sol":{"l":{"21":13,"22":13,"23":13,"24":13,"25":13,"27":13,"28":13,"29":13,"30":13,"31":13,"32":13,"33":13,"41":26,"42":26,"43":26,"51":12,"52":12,"53":12,"54":12,"55":12,"56":12,"65":12,"66":12,"67":12,"68":12,"69":12,"70":12,"71":12,"72":12,"73":12,"74":12,"75":12},"path":"/Users/dsukhani/Desktop/code/Timeswap-V1-Core/contracts/libraries/LendMath.sol","s":{"1":13,"2":13,"3":13,"4":13,"5":13,"6":13,"7":13,"8":13,"9":13,"10":13,"11":13,"12":13,"13":26,"14":26,"15":26,"16":12,"17":12,"18":12,"19":12,"20":12,"21":12,"22":12,"23":12,"24":12,"25":12,"26":12,"27":12,"28":12,"29":12,"30":12,"31":12,"32":12},"b":{"1":[12,1]},"f":{"1":13,"2":26,"3":12,"4":12},"fnMap":{"1":{"name":"check","line":14,"loc":{"start":{"line":14,"column":4},"end":{"line":34,"column":4}}},"2":{"name":"adjust","line":36,"loc":{"start":{"line":36,"column":4},"end":{"line":44,"column":4}}},"3":{"name":"getBond","line":46,"loc":{"start":{"line":46,"column":4},"end":{"line":57,"column":4}}},"4":{"name":"getInsurance","line":59,"loc":{"start":{"line":59,"column":4},"end":{"line":76,"column":4}}}},"statementMap":{"1":{"start":{"line":21,"column":8},"end":{"line":21,"column":39}},"2":{"start":{"line":22,"column":8},"end":{"line":22,"column":46}},"3":{"start":{"line":23,"column":8},"end":{"line":23,"column":63}},"4":{"start":{"line":24,"column":8},"end":{"line":24,"column":63}},"5":{"start":{"line":25,"column":8},"end":{"line":25,"column":65}},"6":{"start":{"line":27,"column":8},"end":{"line":27,"column":35}},"7":{"start":{"line":28,"column":8},"end":{"line":28,"column":25}},"8":{"start":{"line":29,"column":8},"end":{"line":29,"column":21}},"9":{"start":{"line":30,"column":8},"end":{"line":30,"column":38}},"10":{"start":{"line":31,"column":8},"end":{"line":31,"column":29}},"11":{"start":{"line":32,"column":8},"end":{"line":32,"column":29}},"12":{"start":{"line":33,"column":8},"end":{"line":33,"column":44}},"13":{"start":{"line":41,"column":8},"end":{"line":41,"column":25}},"14":{"start":{"line":42,"column":8},"end":{"line":42,"column":22}},"15":{"start":{"line":43,"column":8},"end":{"line":43,"column":37}},"16":{"start":{"line":51,"column":8},"end":{"line":51,"column":35}},"17":{"start":{"line":52,"column":8},"end":{"line":52,"column":34}},"18":{"start":{"line":53,"column":8},"end":{"line":53,"column":28}},"19":{"start":{"line":54,"column":8},"end":{"line":54,"column":22}},"20":{"start":{"line":55,"column":8},"end":{"line":55,"column":28}},"21":{"start":{"line":56,"column":8},"end":{"line":56,"column":37}},"22":{"start":{"line":65,"column":8},"end":{"line":65,"column":40}},"23":{"start":{"line":66,"column":8},"end":{"line":66,"column":39}},"24":{"start":{"line":67,"column":8},"end":{"line":67,"column":31}},"25":{"start":{"line":68,"column":8},"end":{"line":68,"column":46}},"26":{"start":{"line":69,"column":8},"end":{"line":69,"column":37}},"27":{"start":{"line":70,"column":8},"end":{"line":70,"column":31}},"28":{"start":{"line":71,"column":8},"end":{"line":71,"column":38}},"29":{"start":{"line":72,"column":8},"end":{"line":72,"column":25}},"30":{"start":{"line":73,"column":8},"end":{"line":73,"column":86}},"31":{"start":{"line":74,"column":8},"end":{"line":74,"column":33}},"32":{"start":{"line":75,"column":8},"end":{"line":75,"column":47}}},"branchMap":{"1":{"line":33,"type":"if","locations":[{"start":{"line":33,"column":8},"end":{"line":33,"column":8}},{"start":{"line":33,"column":8},"end":{"line":33,"column":8}}]}}},"contracts/libraries/Math.sol":{"l":{"6":15,"7":15,"11":50,"12":50},"path":"/Users/dsukhani/Desktop/code/Timeswap-V1-Core/contracts/libraries/Math.sol","s":{"1":15,"2":15,"3":50,"4":50},"b":{"1":[15,0],"2":[50,0]},"f":{"1":15,"2":50},"fnMap":{"1":{"name":"divUp","line":5,"loc":{"start":{"line":5,"column":4},"end":{"line":8,"column":4}}},"2":{"name":"shiftRightUp","line":10,"loc":{"start":{"line":10,"column":4},"end":{"line":13,"column":4}}}},"statementMap":{"1":{"start":{"line":6,"column":8},"end":{"line":6,"column":16}},"2":{"start":{"line":7,"column":8},"end":{"line":7,"column":26}},"3":{"start":{"line":11,"column":8},"end":{"line":11,"column":17}},"4":{"start":{"line":12,"column":8},"end":{"line":12,"column":28}}},"branchMap":{"1":{"line":7,"type":"if","locations":[{"start":{"line":7,"column":8},"end":{"line":7,"column":8}},{"start":{"line":7,"column":8},"end":{"line":7,"column":8}}]},"2":{"line":12,"type":"if","locations":[{"start":{"line":12,"column":8},"end":{"line":12,"column":8}},{"start":{"line":12,"column":8},"end":{"line":12,"column":8}}]}}},"contracts/libraries/MintMath.sol":{"l":{"20":35,"21":35,"34":3,"50":36,"51":36,"52":36,"53":36,"54":36,"63":3,"64":0,"66":1,"68":2,"81":36,"82":36,"83":36,"84":36,"85":36,"86":36,"100":36,"101":36,"102":36,"103":36,"104":36,"105":36},"path":"/Users/dsukhani/Desktop/code/Timeswap-V1-Core/contracts/libraries/MintMath.sol","s":{"1":35,"2":35,"3":3,"4":36,"5":36,"6":36,"7":36,"8":36,"9":3,"10":0,"11":3,"12":1,"13":2,"14":36,"15":36,"16":36,"17":36,"18":36,"19":36,"20":36,"21":36,"22":36,"23":36,"24":36,"25":36},"b":{"1":[0,3],"2":[1,2]},"f":{"1":35,"2":3,"3":36,"4":3,"5":36,"6":36},"fnMap":{"1":{"name":"getLiquidityTotal","line":19,"loc":{"start":{"line":19,"column":4},"end":{"line":22,"column":4}}},"2":{"name":"getLiquidityTotal","line":28,"loc":{"start":{"line":28,"column":4},"end":{"line":39,"column":4}}},"3":{"name":"getLiquidity","line":45,"loc":{"start":{"line":45,"column":4},"end":{"line":55,"column":4}}},"4":{"name":"min","line":58,"loc":{"start":{"line":58,"column":4},"end":{"line":70,"column":4}}},"5":{"name":"getDebt","line":76,"loc":{"start":{"line":76,"column":4},"end":{"line":87,"column":4}}},"6":{"name":"getCollateral","line":94,"loc":{"start":{"line":94,"column":4},"end":{"line":106,"column":4}}}},"statementMap":{"1":{"start":{"line":20,"column":8},"end":{"line":20,"column":33}},"2":{"start":{"line":21,"column":8},"end":{"line":21,"column":28}},"3":{"start":{"line":34,"column":8},"end":{"line":34,"column":1132}},"4":{"start":{"line":50,"column":8},"end":{"line":50,"column":38}},"5":{"start":{"line":51,"column":8},"end":{"line":51,"column":37}},"6":{"start":{"line":52,"column":8},"end":{"line":52,"column":33}},"7":{"start":{"line":53,"column":8},"end":{"line":53,"column":35}},"8":{"start":{"line":54,"column":8},"end":{"line":54,"column":71}},"9":{"start":{"line":63,"column":8},"end":{"line":63,"column":2183}},"10":{"start":{"line":64,"column":12},"end":{"line":64,"column":16}},"11":{"start":{"line":65,"column":15},"end":{"line":65,"column":2241}},"12":{"start":{"line":66,"column":12},"end":{"line":66,"column":16}},"13":{"start":{"line":68,"column":12},"end":{"line":68,"column":16}},"14":{"start":{"line":81,"column":8},"end":{"line":81,"column":34}},"15":{"start":{"line":82,"column":8},"end":{"line":82,"column":33}},"16":{"start":{"line":83,"column":8},"end":{"line":83,"column":27}},"17":{"start":{"line":84,"column":8},"end":{"line":84,"column":41}},"18":{"start":{"line":85,"column":8},"end":{"line":85,"column":27}},"19":{"start":{"line":86,"column":8},"end":{"line":86,"column":35}},"20":{"start":{"line":100,"column":8},"end":{"line":100,"column":40}},"21":{"start":{"line":101,"column":8},"end":{"line":101,"column":39}},"22":{"start":{"line":102,"column":8},"end":{"line":102,"column":33}},"23":{"start":{"line":103,"column":8},"end":{"line":103,"column":48}},"24":{"start":{"line":104,"column":8},"end":{"line":104,"column":82}},"25":{"start":{"line":105,"column":8},"end":{"line":105,"column":47}}},"branchMap":{"1":{"line":63,"type":"if","locations":[{"start":{"line":63,"column":8},"end":{"line":63,"column":8}},{"start":{"line":63,"column":8},"end":{"line":63,"column":8}}]},"2":{"line":65,"type":"if","locations":[{"start":{"line":65,"column":15},"end":{"line":65,"column":15}},{"start":{"line":65,"column":15},"end":{"line":65,"column":15}}]}}},"contracts/libraries/PayMath.sol":{"l":{"12":9},"path":"/Users/dsukhani/Desktop/code/Timeswap-V1-Core/contracts/libraries/PayMath.sol","s":{"1":9},"b":{"1":[8,1]},"f":{"1":9},"fnMap":{"1":{"name":"checkProportional","line":7,"loc":{"start":{"line":7,"column":4},"end":{"line":13,"column":4}}}},"statementMap":{"1":{"start":{"line":12,"column":8},"end":{"line":12,"column":94}}},"branchMap":{"1":{"line":12,"type":"if","locations":[{"start":{"line":12,"column":8},"end":{"line":12,"column":8}},{"start":{"line":12,"column":8},"end":{"line":12,"column":8}}]}}},"contracts/libraries/SafeBalance.sol":{"l":{"13":212,"18":212},"path":"/Users/dsukhani/Desktop/code/Timeswap-V1-Core/contracts/libraries/SafeBalance.sol","s":{"1":212,"2":212},"b":{},"f":{"1":212},"fnMap":{"1":{"name":"safeBalance","line":10,"loc":{"start":{"line":10,"column":4},"end":{"line":19,"column":4}}}},"statementMap":{"1":{"start":{"line":13,"column":8},"end":{"line":13,"column":359}},"2":{"start":{"line":18,"column":8},"end":{"line":18,"column":42}}},"branchMap":{}},"contracts/libraries/SafeCast.sol":{"l":{"6":56,"10":101,"14":30,"18":1,"19":0},"path":"/Users/dsukhani/Desktop/code/Timeswap-V1-Core/contracts/libraries/SafeCast.sol","s":{"1":56,"2":101,"3":30,"4":1,"5":1,"6":0},"b":{"1":[101,0],"2":[30,0],"3":[1,0]},"f":{"1":56,"2":101,"3":30,"4":1},"fnMap":{"1":{"name":"modUint32","line":5,"loc":{"start":{"line":5,"column":4},"end":{"line":7,"column":4}}},"2":{"name":"toUint112","line":9,"loc":{"start":{"line":9,"column":4},"end":{"line":11,"column":4}}},"3":{"name":"toUint128","line":13,"loc":{"start":{"line":13,"column":4},"end":{"line":15,"column":4}}},"4":{"name":"truncateUint112","line":17,"loc":{"start":{"line":17,"column":4},"end":{"line":20,"column":4}}}},"statementMap":{"1":{"start":{"line":6,"column":8},"end":{"line":6,"column":34}},"2":{"start":{"line":10,"column":8},"end":{"line":10,"column":37}},"3":{"start":{"line":14,"column":8},"end":{"line":14,"column":37}},"4":{"start":{"line":18,"column":8},"end":{"line":18,"column":63}},"5":{"start":{"line":18,"column":35},"end":{"line":18,"column":63}},"6":{"start":{"line":19,"column":8},"end":{"line":19,"column":21}}},"branchMap":{"1":{"line":10,"type":"if","locations":[{"start":{"line":10,"column":8},"end":{"line":10,"column":8}},{"start":{"line":10,"column":8},"end":{"line":10,"column":8}}]},"2":{"line":14,"type":"if","locations":[{"start":{"line":14,"column":8},"end":{"line":14,"column":8}},{"start":{"line":14,"column":8},"end":{"line":14,"column":8}}]},"3":{"line":18,"type":"if","locations":[{"start":{"line":18,"column":8},"end":{"line":18,"column":8}},{"start":{"line":18,"column":8},"end":{"line":18,"column":8}}]}}},"contracts/libraries/SafeTransfer.sol":{"l":{"15":27},"path":"/Users/dsukhani/Desktop/code/Timeswap-V1-Core/contracts/libraries/SafeTransfer.sol","s":{"1":27},"b":{},"f":{"1":27},"fnMap":{"1":{"name":"safeTransfer","line":10,"loc":{"start":{"line":10,"column":4},"end":{"line":16,"column":4}}}},"statementMap":{"1":{"start":{"line":15,"column":8},"end":{"line":15,"column":46}}},"branchMap":{}},"contracts/libraries/WithdrawMath.sol":{"l":{"18":5,"19":5,"20":1,"21":1,"22":1,"23":1,"34":5,"35":5,"36":1,"37":1,"38":1,"39":1,"40":1,"41":0,"42":0},"path":"/Users/dsukhani/Desktop/code/Timeswap-V1-Core/contracts/libraries/WithdrawMath.sol","s":{"1":5,"2":5,"3":4,"4":1,"5":1,"6":1,"7":1,"8":5,"9":5,"10":4,"11":1,"12":1,"13":1,"14":1,"15":1,"16":0,"17":0},"b":{"1":[4,1],"2":[4,1],"3":[1,0]},"f":{"1":5,"2":5},"fnMap":{"1":{"name":"getAsset","line":17,"loc":{"start":{"line":17,"column":4},"end":{"line":24,"column":4}}},"2":{"name":"getCollateral","line":29,"loc":{"start":{"line":29,"column":4},"end":{"line":43,"column":4}}}},"statementMap":{"1":{"start":{"line":18,"column":8},"end":{"line":18,"column":51}},"2":{"start":{"line":19,"column":8},"end":{"line":19,"column":76}},"3":{"start":{"line":19,"column":52},"end":{"line":19,"column":76}},"4":{"start":{"line":20,"column":8},"end":{"line":20,"column":34}},"5":{"start":{"line":21,"column":8},"end":{"line":21,"column":32}},"6":{"start":{"line":22,"column":8},"end":{"line":22,"column":42}},"7":{"start":{"line":23,"column":8},"end":{"line":23,"column":39}},"8":{"start":{"line":34,"column":8},"end":{"line":34,"column":51}},"9":{"start":{"line":35,"column":8},"end":{"line":35,"column":72}},"10":{"start":{"line":35,"column":52},"end":{"line":35,"column":72}},"11":{"start":{"line":36,"column":8},"end":{"line":36,"column":55}},"12":{"start":{"line":37,"column":8},"end":{"line":37,"column":37}},"13":{"start":{"line":38,"column":8},"end":{"line":38,"column":52}},"14":{"start":{"line":39,"column":8},"end":{"line":39,"column":1567}},"15":{"start":{"line":40,"column":12},"end":{"line":40,"column":46}},"16":{"start":{"line":41,"column":8},"end":{"line":41,"column":112}},"17":{"start":{"line":42,"column":8},"end":{"line":42,"column":49}}},"branchMap":{"1":{"line":19,"type":"if","locations":[{"start":{"line":19,"column":8},"end":{"line":19,"column":8}},{"start":{"line":19,"column":8},"end":{"line":19,"column":8}}]},"2":{"line":35,"type":"if","locations":[{"start":{"line":35,"column":8},"end":{"line":35,"column":8}},{"start":{"line":35,"column":8},"end":{"line":35,"column":8}}]},"3":{"line":39,"type":"if","locations":[{"start":{"line":39,"column":8},"end":{"line":39,"column":8}},{"start":{"line":39,"column":8},"end":{"line":39,"column":8}}]}}},"contracts/test/libraries/ArrayTest.sol":{"l":{"16":1,"18":1,"19":2,"22":1},"path":"/Users/dsukhani/Desktop/code/Timeswap-V1-Core/contracts/test/libraries/ArrayTest.sol","s":{"1":1,"2":1,"3":2,"4":1},"b":{},"f":{"1":1},"fnMap":{"1":{"name":"insert","line":12,"loc":{"start":{"line":12,"column":4},"end":{"line":23,"column":4}}}},"statementMap":{"1":{"start":{"line":16,"column":8},"end":{"line":16,"column":68}},"2":{"start":{"line":18,"column":8},"end":{"line":18,"column":475}},"3":{"start":{"line":19,"column":12},"end":{"line":19,"column":36}},"4":{"start":{"line":22,"column":8},"end":{"line":22,"column":41}}},"branchMap":{}},"contracts/test/libraries/BlockNumberTest.sol":{"l":{"8":1},"path":"/Users/dsukhani/Desktop/code/Timeswap-V1-Core/contracts/test/libraries/BlockNumberTest.sol","s":{"1":1},"b":{},"f":{"1":1},"fnMap":{"1":{"name":"get","line":7,"loc":{"start":{"line":7,"column":4},"end":{"line":9,"column":4}}}},"statementMap":{"1":{"start":{"line":8,"column":8},"end":{"line":8,"column":32}}},"branchMap":{}},"contracts/test/libraries/BorrowMathTest.sol":{"l":{"17":2,"23":1,"31":1,"44":1},"path":"/Users/dsukhani/Desktop/code/Timeswap-V1-Core/contracts/test/libraries/BorrowMathTest.sol","s":{"1":2,"2":1,"3":1,"4":1},"b":{},"f":{"1":2,"2":1,"3":1},"fnMap":{"1":{"name":"check","line":10,"loc":{"start":{"line":10,"column":4},"end":{"line":24,"column":4}}},"2":{"name":"getDebt","line":26,"loc":{"start":{"line":26,"column":4},"end":{"line":36,"column":4}}},"3":{"name":"getCollateral","line":38,"loc":{"start":{"line":38,"column":4},"end":{"line":50,"column":4}}}},"statementMap":{"1":{"start":{"line":17,"column":8},"end":{"line":17,"column":440}},"2":{"start":{"line":23,"column":8},"end":{"line":23,"column":19}},"3":{"start":{"line":31,"column":8},"end":{"line":31,"column":734}},"4":{"start":{"line":44,"column":8},"end":{"line":44,"column":1048}}},"branchMap":{}},"contracts/test/libraries/BurnMathTest.sol":{"l":{"12":1,"22":1},"path":"/Users/dsukhani/Desktop/code/Timeswap-V1-Core/contracts/test/libraries/BurnMathTest.sol","s":{"1":1,"2":1},"b":{},"f":{"1":1,"2":1},"fnMap":{"1":{"name":"getAsset","line":8,"loc":{"start":{"line":8,"column":4},"end":{"line":16,"column":4}}},"2":{"name":"getCollateral","line":18,"loc":{"start":{"line":18,"column":4},"end":{"line":26,"column":4}}}},"statementMap":{"1":{"start":{"line":12,"column":8},"end":{"line":12,"column":339}},"2":{"start":{"line":22,"column":8},"end":{"line":22,"column":578}}},"branchMap":{}},"contracts/test/libraries/CallbackTest.sol":{"l":{"15":1,"29":1,"41":1,"53":1},"path":"/Users/dsukhani/Desktop/code/Timeswap-V1-Core/contracts/test/libraries/CallbackTest.sol","s":{"1":1,"2":1,"3":1,"4":1},"b":{},"f":{"1":1,"2":1,"3":1,"4":1},"fnMap":{"1":{"name":"mint","line":8,"loc":{"start":{"line":8,"column":4},"end":{"line":22,"column":4}}},"2":{"name":"lend","line":24,"loc":{"start":{"line":24,"column":4},"end":{"line":34,"column":4}}},"3":{"name":"borrow","line":36,"loc":{"start":{"line":36,"column":4},"end":{"line":46,"column":4}}},"4":{"name":"pay","line":48,"loc":{"start":{"line":48,"column":4},"end":{"line":58,"column":4}}}},"statementMap":{"1":{"start":{"line":15,"column":8},"end":{"line":15,"column":393}},"2":{"start":{"line":29,"column":8},"end":{"line":29,"column":652}},"3":{"start":{"line":41,"column":8},"end":{"line":41,"column":873}},"4":{"start":{"line":53,"column":8},"end":{"line":53,"column":1093}}},"branchMap":{}},"contracts/test/libraries/CallbackTestCallee.sol":{"l":{"15":3,"25":1,"32":1,"40":1,"45":1,"53":1,"58":1,"66":1,"71":1},"path":"/Users/dsukhani/Desktop/code/Timeswap-V1-Core/contracts/test/libraries/CallbackTestCallee.sol","s":{"1":3,"2":1,"3":1,"4":1,"5":1,"6":1,"7":1,"8":1,"9":1},"b":{},"f":{"1":3,"2":1,"3":1,"4":1,"5":1,"6":1,"7":1,"8":1,"9":1},"fnMap":{"1":{"name":"constructor","line":14,"loc":{"start":{"line":14,"column":4},"end":{"line":16,"column":4}}},"2":{"name":"mint","line":18,"loc":{"start":{"line":18,"column":4},"end":{"line":33,"column":4}}},"3":{"name":"lend","line":35,"loc":{"start":{"line":35,"column":4},"end":{"line":46,"column":4}}},"4":{"name":"borrow","line":48,"loc":{"start":{"line":48,"column":4},"end":{"line":59,"column":4}}},"5":{"name":"pay","line":61,"loc":{"start":{"line":61,"column":4},"end":{"line":72,"column":4}}},"6":{"name":"timeswapMintCallback","line":74,"loc":{"start":{"line":74,"column":4},"end":{"line":78,"column":16}}},"7":{"name":"timeswapLendCallback","line":80,"loc":{"start":{"line":80,"column":4},"end":{"line":83,"column":16}}},"8":{"name":"timeswapBorrowCallback","line":85,"loc":{"start":{"line":85,"column":4},"end":{"line":88,"column":16}}},"9":{"name":"timeswapPayCallback","line":90,"loc":{"start":{"line":90,"column":4},"end":{"line":93,"column":16}}}},"statementMap":{"1":{"start":{"line":15,"column":8},"end":{"line":15,"column":56}},"2":{"start":{"line":25,"column":8},"end":{"line":25,"column":937}},"3":{"start":{"line":32,"column":8},"end":{"line":32,"column":19}},"4":{"start":{"line":40,"column":8},"end":{"line":40,"column":1244}},"5":{"start":{"line":45,"column":8},"end":{"line":45,"column":19}},"6":{"start":{"line":53,"column":8},"end":{"line":53,"column":1513}},"7":{"start":{"line":58,"column":8},"end":{"line":58,"column":19}},"8":{"start":{"line":66,"column":8},"end":{"line":66,"column":1781}},"9":{"start":{"line":71,"column":8},"end":{"line":71,"column":19}}},"branchMap":{}},"contracts/test/libraries/ConstantProductTest.sol":{"l":{"16":2,"21":1},"path":"/Users/dsukhani/Desktop/code/Timeswap-V1-Core/contracts/test/libraries/ConstantProductTest.sol","s":{"1":2,"2":1},"b":{},"f":{"1":2},"fnMap":{"1":{"name":"checkConstantProduct","line":10,"loc":{"start":{"line":10,"column":4},"end":{"line":22,"column":4}}}},"statementMap":{"1":{"start":{"line":16,"column":8},"end":{"line":16,"column":452}},"2":{"start":{"line":21,"column":8},"end":{"line":21,"column":19}}},"branchMap":{}},"contracts/test/libraries/FullMathTest.sol":{"l":{"8":0,"16":0,"24":0},"path":"/Users/dsukhani/Desktop/code/Timeswap-V1-Core/contracts/test/libraries/FullMathTest.sol","s":{"1":0,"2":0,"3":0},"b":{},"f":{"1":0,"2":0,"3":0},"fnMap":{"1":{"name":"mul512","line":7,"loc":{"start":{"line":7,"column":4},"end":{"line":9,"column":4}}},"2":{"name":"mulDiv","line":11,"loc":{"start":{"line":11,"column":4},"end":{"line":17,"column":4}}},"3":{"name":"mulDivUp","line":19,"loc":{"start":{"line":19,"column":4},"end":{"line":25,"column":4}}}},"statementMap":{"1":{"start":{"line":8,"column":8},"end":{"line":8,"column":36}},"2":{"start":{"line":16,"column":8},"end":{"line":16,"column":49}},"3":{"start":{"line":24,"column":8},"end":{"line":24,"column":51}}},"branchMap":{}},"contracts/test/libraries/LendMathTest.sol":{"l":{"17":2,"23":1,"31":1,"44":1},"path":"/Users/dsukhani/Desktop/code/Timeswap-V1-Core/contracts/test/libraries/LendMathTest.sol","s":{"1":2,"2":1,"3":1,"4":1},"b":{},"f":{"1":2,"2":1,"3":1},"fnMap":{"1":{"name":"check","line":10,"loc":{"start":{"line":10,"column":4},"end":{"line":24,"column":4}}},"2":{"name":"getBond","line":26,"loc":{"start":{"line":26,"column":4},"end":{"line":36,"column":4}}},"3":{"name":"getInsurance","line":38,"loc":{"start":{"line":38,"column":4},"end":{"line":50,"column":4}}}},"statementMap":{"1":{"start":{"line":17,"column":8},"end":{"line":17,"column":432}},"2":{"start":{"line":23,"column":8},"end":{"line":23,"column":19}},"3":{"start":{"line":31,"column":8},"end":{"line":31,"column":727}},"4":{"start":{"line":44,"column":8},"end":{"line":44,"column":1038}}},"branchMap":{}},"contracts/test/libraries/MathTest.sol":{"l":{"8":0,"12":0},"path":"/Users/dsukhani/Desktop/code/Timeswap-V1-Core/contracts/test/libraries/MathTest.sol","s":{"1":0,"2":0},"b":{},"f":{"1":0,"2":0},"fnMap":{"1":{"name":"divUp","line":7,"loc":{"start":{"line":7,"column":4},"end":{"line":9,"column":4}}},"2":{"name":"shiftRightUp","line":11,"loc":{"start":{"line":11,"column":4},"end":{"line":13,"column":4}}}},"statementMap":{"1":{"start":{"line":8,"column":8},"end":{"line":8,"column":31}},"2":{"start":{"line":12,"column":8},"end":{"line":12,"column":38}}},"branchMap":{}},"contracts/test/libraries/MintMathTest.sol":{"l":{"11":1,"20":2,"33":1,"45":1,"58":1},"path":"/Users/dsukhani/Desktop/code/Timeswap-V1-Core/contracts/test/libraries/MintMathTest.sol","s":{"1":1,"2":2,"3":1,"4":1,"5":1},"b":{},"f":{"1":1,"2":2,"3":1,"4":1,"5":1},"fnMap":{"1":{"name":"getLiquidityTotal1","line":8,"loc":{"start":{"line":8,"column":4},"end":{"line":12,"column":4}}},"2":{"name":"getLiquidityTotal2","line":14,"loc":{"start":{"line":14,"column":4},"end":{"line":26,"column":4}}},"3":{"name":"getLiquidity","line":28,"loc":{"start":{"line":28,"column":4},"end":{"line":38,"column":4}}},"4":{"name":"getDebt","line":40,"loc":{"start":{"line":40,"column":4},"end":{"line":50,"column":4}}},"5":{"name":"getCollateral","line":52,"loc":{"start":{"line":52,"column":4},"end":{"line":64,"column":4}}}},"statementMap":{"1":{"start":{"line":11,"column":8},"end":{"line":11,"column":52}},"2":{"start":{"line":20,"column":8},"end":{"line":20,"column":582}},"3":{"start":{"line":33,"column":8},"end":{"line":33,"column":895}},"4":{"start":{"line":45,"column":8},"end":{"line":45,"column":1173}},"5":{"start":{"line":58,"column":8},"end":{"line":58,"column":1478}}},"branchMap":{}},"contracts/test/libraries/PayMathTest.sol":{"l":{"13":3,"14":2},"path":"/Users/dsukhani/Desktop/code/Timeswap-V1-Core/contracts/test/libraries/PayMathTest.sol","s":{"1":3,"2":2},"b":{},"f":{"1":3},"fnMap":{"1":{"name":"checkProportional","line":8,"loc":{"start":{"line":8,"column":4},"end":{"line":15,"column":4}}}},"statementMap":{"1":{"start":{"line":13,"column":8},"end":{"line":13,"column":61}},"2":{"start":{"line":14,"column":8},"end":{"line":14,"column":19}}},"branchMap":{}},"contracts/test/libraries/SafeBalanceTest.sol":{"l":{"11":2},"path":"/Users/dsukhani/Desktop/code/Timeswap-V1-Core/contracts/test/libraries/SafeBalanceTest.sol","s":{"1":2},"b":{},"f":{"1":2},"fnMap":{"1":{"name":"safeBalance","line":8,"loc":{"start":{"line":8,"column":4},"end":{"line":12,"column":4}}}},"statementMap":{"1":{"start":{"line":11,"column":8},"end":{"line":11,"column":45}}},"branchMap":{}},"contracts/test/libraries/SafeCastTest.sol":{"l":{"8":1,"12":1,"16":1,"20":1},"path":"/Users/dsukhani/Desktop/code/Timeswap-V1-Core/contracts/test/libraries/SafeCastTest.sol","s":{"1":1,"2":1,"3":1,"4":1},"b":{},"f":{"1":1,"2":1,"3":1,"4":1},"fnMap":{"1":{"name":"modUint32","line":7,"loc":{"start":{"line":7,"column":4},"end":{"line":9,"column":4}}},"2":{"name":"toUint112","line":11,"loc":{"start":{"line":11,"column":4},"end":{"line":13,"column":4}}},"3":{"name":"toUint128","line":15,"loc":{"start":{"line":15,"column":4},"end":{"line":17,"column":4}}},"4":{"name":"truncateUint112","line":19,"loc":{"start":{"line":19,"column":4},"end":{"line":21,"column":4}}}},"statementMap":{"1":{"start":{"line":8,"column":8},"end":{"line":8,"column":36}},"2":{"start":{"line":12,"column":8},"end":{"line":12,"column":36}},"3":{"start":{"line":16,"column":8},"end":{"line":16,"column":36}},"4":{"start":{"line":20,"column":8},"end":{"line":20,"column":42}}},"branchMap":{}},"contracts/test/libraries/SafeTransferTest.sol":{"l":{"15":3},"path":"/Users/dsukhani/Desktop/code/Timeswap-V1-Core/contracts/test/libraries/SafeTransferTest.sol","s":{"1":3},"b":{},"f":{"1":3},"fnMap":{"1":{"name":"safeTransfer","line":10,"loc":{"start":{"line":10,"column":4},"end":{"line":16,"column":4}}}},"statementMap":{"1":{"start":{"line":15,"column":8},"end":{"line":15,"column":46}}},"branchMap":{}},"contracts/test/libraries/WithdrawMathTest.sol":{"l":{"12":1,"22":1},"path":"/Users/dsukhani/Desktop/code/Timeswap-V1-Core/contracts/test/libraries/WithdrawMathTest.sol","s":{"1":1,"2":1},"b":{},"f":{"1":1,"2":1},"fnMap":{"1":{"name":"getAsset","line":8,"loc":{"start":{"line":8,"column":4},"end":{"line":16,"column":4}}},"2":{"name":"getCollateral","line":18,"loc":{"start":{"line":18,"column":4},"end":{"line":26,"column":4}}}},"statementMap":{"1":{"start":{"line":12,"column":8},"end":{"line":12,"column":346}},"2":{"start":{"line":22,"column":8},"end":{"line":22,"column":584}}},"branchMap":{}},"contracts/test/TestToken.sol":{"l":{"12":459},"path":"/Users/dsukhani/Desktop/code/Timeswap-V1-Core/contracts/test/TestToken.sol","s":{"1":459},"b":{},"f":{"1":459},"fnMap":{"1":{"name":"constructor","line":11,"loc":{"start":{"line":7,"column":4},"end":{"line":13,"column":4}}}},"statementMap":{"1":{"start":{"line":12,"column":8},"end":{"line":12,"column":32}}},"branchMap":{}},"contracts/test/TimeswapPairCallee.sol":{"l":{"18":210,"19":210,"35":30,"39":48,"56":48,"74":11,"93":13,"112":6,"128":35,"132":35,"134":35,"135":35,"136":35,"140":11,"144":11,"146":11,"147":11,"151":13,"155":13,"157":13,"158":13,"165":6,"169":6,"170":6},"path":"/Users/dsukhani/Desktop/code/Timeswap-V1-Core/contracts/test/TimeswapPairCallee.sol","s":{"1":210,"2":210,"3":30,"4":48,"5":48,"6":11,"7":13,"8":6,"9":35,"10":35,"11":35,"12":35,"13":35,"14":11,"15":11,"16":11,"17":11,"18":13,"19":13,"20":13,"21":13,"22":6,"23":6,"24":6},"b":{"1":[35,0],"2":[11,0],"3":[13,0]},"f":{"1":210,"2":30,"3":48,"4":48,"5":11,"6":13,"7":6,"8":35,"9":11,"10":13,"11":6},"fnMap":{"1":{"name":"constructor","line":17,"loc":{"start":{"line":17,"column":4},"end":{"line":20,"column":4}}},"2":{"name":"getData","line":34,"loc":{"start":{"line":34,"column":4},"end":{"line":36,"column":4}}},"3":{"name":"getDataMint","line":38,"loc":{"start":{"line":38,"column":4},"end":{"line":40,"column":4}}},"4":{"name":"mint","line":42,"loc":{"start":{"line":42,"column":4},"end":{"line":64,"column":4}}},"5":{"name":"lend","line":66,"loc":{"start":{"line":66,"column":4},"end":{"line":83,"column":4}}},"6":{"name":"borrow","line":85,"loc":{"start":{"line":85,"column":4},"end":{"line":102,"column":4}}},"7":{"name":"pay","line":104,"loc":{"start":{"line":104,"column":4},"end":{"line":121,"column":4}}},"8":{"name":"timeswapMintCallback","line":123,"loc":{"start":{"line":123,"column":4},"end":{"line":137,"column":4}}},"9":{"name":"timeswapLendCallback","line":139,"loc":{"start":{"line":139,"column":4},"end":{"line":148,"column":4}}},"10":{"name":"timeswapBorrowCallback","line":150,"loc":{"start":{"line":150,"column":4},"end":{"line":159,"column":4}}},"11":{"name":"timeswapPayCallback","line":161,"loc":{"start":{"line":161,"column":4},"end":{"line":172,"column":4}}}},"statementMap":{"1":{"start":{"line":18,"column":8},"end":{"line":18,"column":33}},"2":{"start":{"line":19,"column":8},"end":{"line":19,"column":46}},"3":{"start":{"line":35,"column":8},"end":{"line":35,"column":93}},"4":{"start":{"line":39,"column":8},"end":{"line":39,"column":103}},"5":{"start":{"line":56,"column":8},"end":{"line":56,"column":1782}},"6":{"start":{"line":74,"column":8},"end":{"line":74,"column":2234}},"7":{"start":{"line":93,"column":8},"end":{"line":93,"column":2691}},"8":{"start":{"line":112,"column":8},"end":{"line":112,"column":3165}},"9":{"start":{"line":128,"column":8},"end":{"line":128,"column":3507}},"10":{"start":{"line":132,"column":8},"end":{"line":132,"column":63}},"11":{"start":{"line":134,"column":8},"end":{"line":134,"column":61}},"12":{"start":{"line":135,"column":8},"end":{"line":135,"column":60}},"13":{"start":{"line":136,"column":8},"end":{"line":136,"column":75}},"14":{"start":{"line":140,"column":8},"end":{"line":140,"column":4043}},"15":{"start":{"line":144,"column":8},"end":{"line":144,"column":63}},"16":{"start":{"line":146,"column":8},"end":{"line":146,"column":61}},"17":{"start":{"line":147,"column":8},"end":{"line":147,"column":55}},"18":{"start":{"line":151,"column":8},"end":{"line":151,"column":4465}},"19":{"start":{"line":155,"column":8},"end":{"line":155,"column":63}},"20":{"start":{"line":157,"column":8},"end":{"line":157,"column":61}},"21":{"start":{"line":158,"column":8},"end":{"line":158,"column":65}},"22":{"start":{"line":165,"column":8},"end":{"line":165,"column":4915}},"23":{"start":{"line":169,"column":8},"end":{"line":169,"column":63}},"24":{"start":{"line":170,"column":8},"end":{"line":170,"column":55}}},"branchMap":{"1":{"line":134,"type":"if","locations":[{"start":{"line":134,"column":8},"end":{"line":134,"column":8}},{"start":{"line":134,"column":8},"end":{"line":134,"column":8}}]},"2":{"line":146,"type":"if","locations":[{"start":{"line":146,"column":8},"end":{"line":146,"column":8}},{"start":{"line":146,"column":8},"end":{"line":146,"column":8}}]},"3":{"line":157,"type":"if","locations":[{"start":{"line":157,"column":8},"end":{"line":157,"column":8}},{"start":{"line":157,"column":8},"end":{"line":157,"column":8}}]}}},"contracts/TimeswapFactory.sol":{"l":{"38":232,"39":231,"40":231,"41":231,"48":77,"49":76,"50":74,"52":73,"54":73,"56":73,"61":4,"62":3,"63":2,"65":2,"70":2,"71":1,"73":1},"path":"/Users/dsukhani/Desktop/code/Timeswap-V1-Core/contracts/TimeswapFactory.sol","s":{"1":232,"2":231,"3":231,"4":231,"5":77,"6":76,"7":74,"8":73,"9":73,"10":73,"11":4,"12":3,"13":2,"14":2,"15":2,"16":1,"17":1},"b":{"1":[231,1],"2":[76,1],"3":[74,2],"4":[73,1],"5":[3,1],"6":[2,1],"7":[1,1]},"f":{"1":232,"2":77,"3":4,"4":2},"fnMap":{"1":{"name":"constructor","line":33,"loc":{"start":{"line":33,"column":4},"end":{"line":42,"column":4}}},"2":{"name":"createPair","line":47,"loc":{"start":{"line":47,"column":4},"end":{"line":57,"column":4}}},"3":{"name":"setOwner","line":60,"loc":{"start":{"line":60,"column":4},"end":{"line":66,"column":4}}},"4":{"name":"acceptOwner","line":69,"loc":{"start":{"line":69,"column":4},"end":{"line":74,"column":4}}}},"statementMap":{"1":{"start":{"line":38,"column":8},"end":{"line":38,"column":44}},"2":{"start":{"line":39,"column":8},"end":{"line":39,"column":21}},"3":{"start":{"line":40,"column":8},"end":{"line":40,"column":17}},"4":{"start":{"line":41,"column":8},"end":{"line":41,"column":33}},"5":{"start":{"line":48,"column":8},"end":{"line":48,"column":43}},"6":{"start":{"line":49,"column":8},"end":{"line":49,"column":87}},"7":{"start":{"line":50,"column":8},"end":{"line":50,"column":71}},"8":{"start":{"line":52,"column":8},"end":{"line":52,"column":115}},"9":{"start":{"line":54,"column":8},"end":{"line":54,"column":40}},"10":{"start":{"line":56,"column":8},"end":{"line":56,"column":48}},"11":{"start":{"line":61,"column":8},"end":{"line":61,"column":43}},"12":{"start":{"line":62,"column":8},"end":{"line":62,"column":51}},"13":{"start":{"line":63,"column":8},"end":{"line":63,"column":35}},"14":{"start":{"line":65,"column":8},"end":{"line":65,"column":36}},"15":{"start":{"line":70,"column":8},"end":{"line":70,"column":50}},"16":{"start":{"line":71,"column":8},"end":{"line":71,"column":25}},"17":{"start":{"line":73,"column":8},"end":{"line":73,"column":36}}},"branchMap":{"1":{"line":38,"type":"if","locations":[{"start":{"line":38,"column":8},"end":{"line":38,"column":8}},{"start":{"line":38,"column":8},"end":{"line":38,"column":8}}]},"2":{"line":48,"type":"if","locations":[{"start":{"line":48,"column":8},"end":{"line":48,"column":8}},{"start":{"line":48,"column":8},"end":{"line":48,"column":8}}]},"3":{"line":49,"type":"if","locations":[{"start":{"line":49,"column":8},"end":{"line":49,"column":8}},{"start":{"line":49,"column":8},"end":{"line":49,"column":8}}]},"4":{"line":50,"type":"if","locations":[{"start":{"line":50,"column":8},"end":{"line":50,"column":8}},{"start":{"line":50,"column":8},"end":{"line":50,"column":8}}]},"5":{"line":61,"type":"if","locations":[{"start":{"line":61,"column":8},"end":{"line":61,"column":8}},{"start":{"line":61,"column":8},"end":{"line":61,"column":8}}]},"6":{"line":62,"type":"if","locations":[{"start":{"line":62,"column":8},"end":{"line":62,"column":8}},{"start":{"line":62,"column":8},"end":{"line":62,"column":8}}]},"7":{"line":70,"type":"if","locations":[{"start":{"line":70,"column":8},"end":{"line":70,"column":8}},{"start":{"line":70,"column":8},"end":{"line":70,"column":8}}]}}},"contracts/TimeswapPair.sol":{"l":{"59":122,"60":122,"65":27,"70":122,"75":27,"80":27,"85":27,"90":27,"95":27,"112":73,"113":73,"114":73,"115":73,"116":73,"123":84,"124":84,"125":84,"126":70,"150":48,"151":35,"152":35,"153":35,"155":35,"157":35,"158":34,"159":34,"161":34,"162":34,"164":1,"165":1,"167":1,"168":1,"170":35,"171":35,"173":35,"174":35,"175":35,"177":35,"179":35,"181":35,"182":35,"183":35,"185":35,"186":34,"187":34,"189":34,"190":34,"200":2,"201":2,"202":2,"203":2,"205":2,"207":2,"208":2,"210":2,"212":2,"214":2,"215":2,"217":2,"218":2,"220":2,"233":11,"234":11,"235":11,"236":11,"238":11,"239":11,"241":11,"243":11,"244":11,"246":11,"248":11,"249":11,"251":11,"252":11,"254":11,"256":11,"257":11,"258":11,"260":11,"261":11,"271":4,"272":4,"273":4,"274":4,"276":4,"278":4,"279":4,"281":4,"282":4,"284":4,"286":4,"287":4,"289":4,"290":4,"292":4,"293":4,"295":4,"308":13,"309":13,"310":13,"311":13,"313":13,"314":13,"316":13,"318":13,"319":13,"320":13,"322":13,"324":13,"326":13,"327":13,"328":13,"330":13,"331":13,"332":13,"334":13,"336":13,"337":13,"350":6,"351":6,"352":6,"353":6,"355":6,"357":6,"359":6,"360":6,"361":6,"362":6,"363":6,"364":6,"365":6,"366":6,"367":6,"369":6,"371":6,"372":6,"374":6,"376":6},"path":"/Users/dsukhani/Desktop/code/Timeswap-V1-Core/contracts/TimeswapPair.sol","s":{"1":122,"2":122,"3":27,"4":122,"5":27,"6":27,"7":27,"8":27,"9":27,"10":73,"11":73,"12":73,"13":73,"14":73,"15":84,"16":84,"17":70,"18":48,"19":35,"20":35,"21":35,"22":35,"23":35,"24":34,"25":34,"26":34,"27":34,"28":1,"29":1,"30":1,"31":1,"32":35,"33":35,"34":35,"35":35,"36":35,"37":35,"38":35,"39":35,"40":35,"41":35,"42":35,"43":34,"44":34,"45":34,"46":34,"47":2,"48":2,"49":2,"50":2,"51":2,"52":2,"53":2,"54":2,"55":2,"56":2,"57":2,"58":2,"59":1,"60":2,"61":2,"62":2,"63":11,"64":11,"65":11,"66":11,"67":11,"68":11,"69":11,"70":11,"71":11,"72":11,"73":11,"74":11,"75":11,"76":11,"77":11,"78":11,"79":11,"80":11,"81":11,"82":11,"83":4,"84":4,"85":4,"86":4,"87":4,"88":4,"89":4,"90":4,"91":4,"92":4,"93":4,"94":4,"95":4,"96":4,"97":4,"98":4,"99":4,"100":1,"101":4,"102":13,"103":13,"104":13,"105":13,"106":13,"107":13,"108":13,"109":13,"110":13,"111":13,"112":13,"113":13,"114":13,"115":13,"116":13,"117":13,"118":13,"119":13,"120":13,"121":13,"122":13,"123":6,"124":6,"125":6,"126":6,"127":6,"128":6,"129":6,"130":6,"131":6,"132":6,"133":3,"134":6,"135":6,"136":6,"137":6,"138":6,"139":6,"140":6,"141":6,"142":6,"143":6,"144":3,"145":6},"b":{"1":[84,0],"2":[35,13],"3":[35,0],"4":[35,0],"5":[35,0],"6":[34,1],"7":[35,0],"8":[2,0],"9":[2,0],"10":[2,0],"11":[2,0],"12":[1,1],"13":[2,0],"14":[11,0],"15":[11,0],"16":[11,0],"17":[11,0],"18":[11,0],"19":[4,0],"20":[4,0],"21":[4,0],"22":[4,0],"23":[4,0],"24":[1,3],"25":[13,0],"26":[13,0],"27":[13,0],"28":[13,0],"29":[13,0],"30":[6,0],"31":[6,0],"32":[6,0],"33":[6,0],"34":[6,0],"35":[3,3],"36":[3,0],"37":[6,0],"38":[3,3]},"f":{"1":122,"2":27,"3":122,"4":27,"5":27,"6":27,"7":27,"8":27,"9":73,"10":84,"11":48,"12":2,"13":11,"14":4,"15":13,"16":6},"fnMap":{"1":{"name":"constantProduct","line":49,"loc":{"start":{"line":49,"column":4},"end":{"line":61,"column":4}}},"2":{"name":"totalReserves","line":64,"loc":{"start":{"line":64,"column":4},"end":{"line":66,"column":4}}},"3":{"name":"totalLiquidity","line":69,"loc":{"start":{"line":69,"column":4},"end":{"line":71,"column":4}}},"4":{"name":"liquidityOf","line":74,"loc":{"start":{"line":74,"column":4},"end":{"line":76,"column":4}}},"5":{"name":"totalClaims","line":79,"loc":{"start":{"line":79,"column":4},"end":{"line":81,"column":4}}},"6":{"name":"claimsOf","line":84,"loc":{"start":{"line":84,"column":4},"end":{"line":86,"column":4}}},"7":{"name":"totalDebtCreated","line":89,"loc":{"start":{"line":89,"column":4},"end":{"line":91,"column":4}}},"8":{"name":"duesOf","line":94,"loc":{"start":{"line":94,"column":4},"end":{"line":96,"column":4}}},"9":{"name":"constructor","line":106,"loc":{"start":{"line":106,"column":4},"end":{"line":117,"column":4}}},"10":{"name":"lock","line":122,"loc":{"start":{"line":122,"column":4},"end":{"line":127,"column":4}}},"11":{"name":"mint","line":143,"loc":{"start":{"line":132,"column":4},"end":{"line":191,"column":4}}},"12":{"name":"burn","line":199,"loc":{"start":{"line":194,"column":4},"end":{"line":221,"column":4}}},"13":{"name":"lend","line":232,"loc":{"start":{"line":224,"column":4},"end":{"line":262,"column":4}}},"14":{"name":"withdraw","line":270,"loc":{"start":{"line":265,"column":4},"end":{"line":296,"column":4}}},"15":{"name":"borrow","line":307,"loc":{"start":{"line":299,"column":4},"end":{"line":338,"column":4}}},"16":{"name":"pay","line":349,"loc":{"start":{"line":341,"column":4},"end":{"line":377,"column":4}}}},"statementMap":{"1":{"start":{"line":59,"column":8},"end":{"line":59,"column":50}},"2":{"start":{"line":60,"column":8},"end":{"line":60,"column":42}},"3":{"start":{"line":65,"column":8},"end":{"line":65,"column":45}},"4":{"start":{"line":70,"column":8},"end":{"line":70,"column":51}},"5":{"start":{"line":75,"column":8},"end":{"line":75,"column":49}},"6":{"start":{"line":80,"column":8},"end":{"line":80,"column":48}},"7":{"start":{"line":85,"column":8},"end":{"line":85,"column":44}},"8":{"start":{"line":90,"column":8},"end":{"line":90,"column":53}},"9":{"start":{"line":95,"column":8},"end":{"line":95,"column":42}},"10":{"start":{"line":112,"column":8},"end":{"line":112,"column":37}},"11":{"start":{"line":113,"column":8},"end":{"line":113,"column":21}},"12":{"start":{"line":114,"column":8},"end":{"line":114,"column":31}},"13":{"start":{"line":115,"column":8},"end":{"line":115,"column":17}},"14":{"start":{"line":116,"column":8},"end":{"line":116,"column":33}},"15":{"start":{"line":123,"column":8},"end":{"line":123,"column":35}},"16":{"start":{"line":124,"column":8},"end":{"line":124,"column":17}},"17":{"start":{"line":126,"column":8},"end":{"line":126,"column":17}},"18":{"start":{"line":150,"column":8},"end":{"line":150,"column":50}},"19":{"start":{"line":151,"column":8},"end":{"line":151,"column":72}},"20":{"start":{"line":152,"column":8},"end":{"line":152,"column":78}},"21":{"start":{"line":153,"column":8},"end":{"line":153,"column":71}},"22":{"start":{"line":155,"column":8},"end":{"line":155,"column":43}},"23":{"start":{"line":157,"column":8},"end":{"line":157,"column":4891}},"24":{"start":{"line":158,"column":12},"end":{"line":158,"column":74}},"25":{"start":{"line":159,"column":12},"end":{"line":159,"column":86}},"26":{"start":{"line":161,"column":12},"end":{"line":161,"column":54}},"27":{"start":{"line":162,"column":12},"end":{"line":162,"column":77}},"28":{"start":{"line":164,"column":12},"end":{"line":164,"column":108}},"29":{"start":{"line":165,"column":12},"end":{"line":165,"column":86}},"30":{"start":{"line":167,"column":12},"end":{"line":167,"column":54}},"31":{"start":{"line":168,"column":12},"end":{"line":168,"column":77}},"32":{"start":{"line":170,"column":8},"end":{"line":170,"column":40}},"33":{"start":{"line":171,"column":8},"end":{"line":171,"column":52}},"34":{"start":{"line":173,"column":8},"end":{"line":173,"column":69}},"35":{"start":{"line":174,"column":8},"end":{"line":174,"column":92}},"36":{"start":{"line":175,"column":8},"end":{"line":175,"column":44}},"37":{"start":{"line":177,"column":8},"end":{"line":177,"column":75}},"38":{"start":{"line":179,"column":8},"end":{"line":179,"column":43}},"39":{"start":{"line":181,"column":8},"end":{"line":181,"column":45}},"40":{"start":{"line":182,"column":8},"end":{"line":182,"column":58}},"41":{"start":{"line":183,"column":8},"end":{"line":183,"column":49}},"42":{"start":{"line":185,"column":8},"end":{"line":185,"column":32}},"43":{"start":{"line":186,"column":8},"end":{"line":186,"column":32}},"44":{"start":{"line":187,"column":8},"end":{"line":187,"column":32}},"45":{"start":{"line":189,"column":8},"end":{"line":189,"column":69}},"46":{"start":{"line":190,"column":8},"end":{"line":190,"column":96}},"47":{"start":{"line":200,"column":8},"end":{"line":200,"column":51}},"48":{"start":{"line":201,"column":8},"end":{"line":201,"column":75}},"49":{"start":{"line":202,"column":8},"end":{"line":202,"column":81}},"50":{"start":{"line":203,"column":8},"end":{"line":203,"column":39}},"51":{"start":{"line":205,"column":8},"end":{"line":205,"column":43}},"52":{"start":{"line":207,"column":8},"end":{"line":207,"column":67}},"53":{"start":{"line":208,"column":8},"end":{"line":208,"column":77}},"54":{"start":{"line":210,"column":8},"end":{"line":210,"column":47}},"55":{"start":{"line":212,"column":8},"end":{"line":212,"column":50}},"56":{"start":{"line":214,"column":8},"end":{"line":214,"column":51}},"57":{"start":{"line":215,"column":8},"end":{"line":215,"column":61}},"58":{"start":{"line":217,"column":8},"end":{"line":217,"column":77}},"59":{"start":{"line":217,"column":33},"end":{"line":217,"column":76}},"60":{"start":{"line":218,"column":8},"end":{"line":218,"column":97}},"61":{"start":{"line":218,"column":38},"end":{"line":218,"column":96}},"62":{"start":{"line":220,"column":8},"end":{"line":220,"column":86}},"63":{"start":{"line":233,"column":8},"end":{"line":233,"column":50}},"64":{"start":{"line":234,"column":8},"end":{"line":234,"column":73}},"65":{"start":{"line":235,"column":8},"end":{"line":235,"column":79}},"66":{"start":{"line":236,"column":8},"end":{"line":236,"column":37}},"67":{"start":{"line":238,"column":8},"end":{"line":238,"column":43}},"68":{"start":{"line":239,"column":8},"end":{"line":239,"column":53}},"69":{"start":{"line":241,"column":8},"end":{"line":241,"column":71}},"70":{"start":{"line":243,"column":8},"end":{"line":243,"column":72}},"71":{"start":{"line":244,"column":8},"end":{"line":244,"column":94}},"72":{"start":{"line":246,"column":8},"end":{"line":246,"column":44}},"73":{"start":{"line":248,"column":8},"end":{"line":248,"column":52}},"74":{"start":{"line":249,"column":8},"end":{"line":249,"column":62}},"75":{"start":{"line":251,"column":8},"end":{"line":251,"column":49}},"76":{"start":{"line":252,"column":8},"end":{"line":252,"column":64}},"77":{"start":{"line":254,"column":8},"end":{"line":254,"column":45}},"78":{"start":{"line":256,"column":8},"end":{"line":256,"column":32}},"79":{"start":{"line":257,"column":8},"end":{"line":257,"column":32}},"80":{"start":{"line":258,"column":8},"end":{"line":258,"column":32}},"81":{"start":{"line":260,"column":8},"end":{"line":260,"column":69}},"82":{"start":{"line":261,"column":8},"end":{"line":261,"column":82}},"83":{"start":{"line":271,"column":8},"end":{"line":271,"column":51}},"84":{"start":{"line":272,"column":8},"end":{"line":272,"column":75}},"85":{"start":{"line":273,"column":8},"end":{"line":273,"column":81}},"86":{"start":{"line":274,"column":8},"end":{"line":274,"column":67}},"87":{"start":{"line":276,"column":8},"end":{"line":276,"column":43}},"88":{"start":{"line":278,"column":8},"end":{"line":278,"column":73}},"89":{"start":{"line":279,"column":8},"end":{"line":279,"column":88}},"90":{"start":{"line":281,"column":8},"end":{"line":281,"column":51}},"91":{"start":{"line":282,"column":8},"end":{"line":282,"column":61}},"92":{"start":{"line":284,"column":8},"end":{"line":284,"column":55}},"93":{"start":{"line":286,"column":8},"end":{"line":286,"column":35}},"94":{"start":{"line":287,"column":8},"end":{"line":287,"column":45}},"95":{"start":{"line":289,"column":8},"end":{"line":289,"column":51}},"96":{"start":{"line":290,"column":8},"end":{"line":290,"column":61}},"97":{"start":{"line":292,"column":8},"end":{"line":292,"column":77}},"98":{"start":{"line":292,"column":33},"end":{"line":292,"column":76}},"99":{"start":{"line":293,"column":8},"end":{"line":293,"column":97}},"100":{"start":{"line":293,"column":38},"end":{"line":293,"column":96}},"101":{"start":{"line":295,"column":8},"end":{"line":295,"column":87}},"102":{"start":{"line":308,"column":8},"end":{"line":308,"column":50}},"103":{"start":{"line":309,"column":8},"end":{"line":309,"column":68}},"104":{"start":{"line":310,"column":8},"end":{"line":310,"column":74}},"105":{"start":{"line":311,"column":8},"end":{"line":311,"column":37}},"106":{"start":{"line":313,"column":8},"end":{"line":313,"column":43}},"107":{"start":{"line":314,"column":8},"end":{"line":314,"column":53}},"108":{"start":{"line":316,"column":8},"end":{"line":316,"column":73}},"109":{"start":{"line":318,"column":8},"end":{"line":318,"column":71}},"110":{"start":{"line":319,"column":8},"end":{"line":319,"column":95}},"111":{"start":{"line":320,"column":8},"end":{"line":320,"column":44}},"112":{"start":{"line":322,"column":8},"end":{"line":322,"column":59}},"113":{"start":{"line":324,"column":8},"end":{"line":324,"column":43}},"114":{"start":{"line":326,"column":8},"end":{"line":326,"column":45}},"115":{"start":{"line":327,"column":8},"end":{"line":327,"column":58}},"116":{"start":{"line":328,"column":8},"end":{"line":328,"column":49}},"117":{"start":{"line":330,"column":8},"end":{"line":330,"column":32}},"118":{"start":{"line":331,"column":8},"end":{"line":331,"column":32}},"119":{"start":{"line":332,"column":8},"end":{"line":332,"column":32}},"120":{"start":{"line":334,"column":8},"end":{"line":334,"column":45}},"121":{"start":{"line":336,"column":8},"end":{"line":336,"column":69}},"122":{"start":{"line":337,"column":8},"end":{"line":337,"column":80}},"123":{"start":{"line":350,"column":8},"end":{"line":350,"column":50}},"124":{"start":{"line":351,"column":8},"end":{"line":351,"column":92}},"125":{"start":{"line":352,"column":8},"end":{"line":352,"column":40}},"126":{"start":{"line":353,"column":8},"end":{"line":353,"column":43}},"127":{"start":{"line":355,"column":8},"end":{"line":355,"column":43}},"128":{"start":{"line":357,"column":8},"end":{"line":357,"column":45}},"129":{"start":{"line":359,"column":8},"end":{"line":359,"column":12740}},"130":{"start":{"line":360,"column":12},"end":{"line":360,"column":42}},"131":{"start":{"line":361,"column":12},"end":{"line":361,"column":63}},"132":{"start":{"line":362,"column":12},"end":{"line":362,"column":76}},"133":{"start":{"line":362,"column":37},"end":{"line":362,"column":75}},"134":{"start":{"line":363,"column":12},"end":{"line":363,"column":73}},"135":{"start":{"line":364,"column":12},"end":{"line":364,"column":34}},"136":{"start":{"line":365,"column":12},"end":{"line":365,"column":46}},"137":{"start":{"line":366,"column":12},"end":{"line":366,"column":33}},"138":{"start":{"line":367,"column":12},"end":{"line":367,"column":45}},"139":{"start":{"line":369,"column":8},"end":{"line":369,"column":59}},"140":{"start":{"line":369,"column":25},"end":{"line":369,"column":58}},"141":{"start":{"line":371,"column":8},"end":{"line":371,"column":43}},"142":{"start":{"line":372,"column":8},"end":{"line":372,"column":54}},"143":{"start":{"line":374,"column":8},"end":{"line":374,"column":73}},"144":{"start":{"line":374,"column":31},"end":{"line":374,"column":72}},"145":{"start":{"line":376,"column":8},"end":{"line":376,"column":104}}},"branchMap":{"1":{"line":123,"type":"if","locations":[{"start":{"line":123,"column":8},"end":{"line":123,"column":8}},{"start":{"line":123,"column":8},"end":{"line":123,"column":8}}]},"2":{"line":150,"type":"if","locations":[{"start":{"line":150,"column":8},"end":{"line":150,"column":8}},{"start":{"line":150,"column":8},"end":{"line":150,"column":8}}]},"3":{"line":151,"type":"if","locations":[{"start":{"line":151,"column":8},"end":{"line":151,"column":8}},{"start":{"line":151,"column":8},"end":{"line":151,"column":8}}]},"4":{"line":152,"type":"if","locations":[{"start":{"line":152,"column":8},"end":{"line":152,"column":8}},{"start":{"line":152,"column":8},"end":{"line":152,"column":8}}]},"5":{"line":153,"type":"if","locations":[{"start":{"line":153,"column":8},"end":{"line":153,"column":8}},{"start":{"line":153,"column":8},"end":{"line":153,"column":8}}]},"6":{"line":157,"type":"if","locations":[{"start":{"line":157,"column":8},"end":{"line":157,"column":8}},{"start":{"line":157,"column":8},"end":{"line":157,"column":8}}]},"7":{"line":170,"type":"if","locations":[{"start":{"line":170,"column":8},"end":{"line":170,"column":8}},{"start":{"line":170,"column":8},"end":{"line":170,"column":8}}]},"8":{"line":200,"type":"if","locations":[{"start":{"line":200,"column":8},"end":{"line":200,"column":8}},{"start":{"line":200,"column":8},"end":{"line":200,"column":8}}]},"9":{"line":201,"type":"if","locations":[{"start":{"line":201,"column":8},"end":{"line":201,"column":8}},{"start":{"line":201,"column":8},"end":{"line":201,"column":8}}]},"10":{"line":202,"type":"if","locations":[{"start":{"line":202,"column":8},"end":{"line":202,"column":8}},{"start":{"line":202,"column":8},"end":{"line":202,"column":8}}]},"11":{"line":203,"type":"if","locations":[{"start":{"line":203,"column":8},"end":{"line":203,"column":8}},{"start":{"line":203,"column":8},"end":{"line":203,"column":8}}]},"12":{"line":217,"type":"if","locations":[{"start":{"line":217,"column":8},"end":{"line":217,"column":8}},{"start":{"line":217,"column":8},"end":{"line":217,"column":8}}]},"13":{"line":218,"type":"if","locations":[{"start":{"line":218,"column":8},"end":{"line":218,"column":8}},{"start":{"line":218,"column":8},"end":{"line":218,"column":8}}]},"14":{"line":233,"type":"if","locations":[{"start":{"line":233,"column":8},"end":{"line":233,"column":8}},{"start":{"line":233,"column":8},"end":{"line":233,"column":8}}]},"15":{"line":234,"type":"if","locations":[{"start":{"line":234,"column":8},"end":{"line":234,"column":8}},{"start":{"line":234,"column":8},"end":{"line":234,"column":8}}]},"16":{"line":235,"type":"if","locations":[{"start":{"line":235,"column":8},"end":{"line":235,"column":8}},{"start":{"line":235,"column":8},"end":{"line":235,"column":8}}]},"17":{"line":236,"type":"if","locations":[{"start":{"line":236,"column":8},"end":{"line":236,"column":8}},{"start":{"line":236,"column":8},"end":{"line":236,"column":8}}]},"18":{"line":239,"type":"if","locations":[{"start":{"line":239,"column":8},"end":{"line":239,"column":8}},{"start":{"line":239,"column":8},"end":{"line":239,"column":8}}]},"19":{"line":271,"type":"if","locations":[{"start":{"line":271,"column":8},"end":{"line":271,"column":8}},{"start":{"line":271,"column":8},"end":{"line":271,"column":8}}]},"20":{"line":272,"type":"if","locations":[{"start":{"line":272,"column":8},"end":{"line":272,"column":8}},{"start":{"line":272,"column":8},"end":{"line":272,"column":8}}]},"21":{"line":273,"type":"if","locations":[{"start":{"line":273,"column":8},"end":{"line":273,"column":8}},{"start":{"line":273,"column":8},"end":{"line":273,"column":8}}]},"22":{"line":274,"type":"if","locations":[{"start":{"line":274,"column":8},"end":{"line":274,"column":8}},{"start":{"line":274,"column":8},"end":{"line":274,"column":8}}]},"23":{"line":292,"type":"if","locations":[{"start":{"line":292,"column":8},"end":{"line":292,"column":8}},{"start":{"line":292,"column":8},"end":{"line":292,"column":8}}]},"24":{"line":293,"type":"if","locations":[{"start":{"line":293,"column":8},"end":{"line":293,"column":8}},{"start":{"line":293,"column":8},"end":{"line":293,"column":8}}]},"25":{"line":308,"type":"if","locations":[{"start":{"line":308,"column":8},"end":{"line":308,"column":8}},{"start":{"line":308,"column":8},"end":{"line":308,"column":8}}]},"26":{"line":309,"type":"if","locations":[{"start":{"line":309,"column":8},"end":{"line":309,"column":8}},{"start":{"line":309,"column":8},"end":{"line":309,"column":8}}]},"27":{"line":310,"type":"if","locations":[{"start":{"line":310,"column":8},"end":{"line":310,"column":8}},{"start":{"line":310,"column":8},"end":{"line":310,"column":8}}]},"28":{"line":311,"type":"if","locations":[{"start":{"line":311,"column":8},"end":{"line":311,"column":8}},{"start":{"line":311,"column":8},"end":{"line":311,"column":8}}]},"29":{"line":314,"type":"if","locations":[{"start":{"line":314,"column":8},"end":{"line":314,"column":8}},{"start":{"line":314,"column":8},"end":{"line":314,"column":8}}]},"30":{"line":350,"type":"if","locations":[{"start":{"line":350,"column":8},"end":{"line":350,"column":8}},{"start":{"line":350,"column":8},"end":{"line":350,"column":8}}]},"31":{"line":351,"type":"if","locations":[{"start":{"line":351,"column":8},"end":{"line":351,"column":8}},{"start":{"line":351,"column":8},"end":{"line":351,"column":8}}]},"32":{"line":352,"type":"if","locations":[{"start":{"line":352,"column":8},"end":{"line":352,"column":8}},{"start":{"line":352,"column":8},"end":{"line":352,"column":8}}]},"33":{"line":353,"type":"if","locations":[{"start":{"line":353,"column":8},"end":{"line":353,"column":8}},{"start":{"line":353,"column":8},"end":{"line":353,"column":8}}]},"34":{"line":361,"type":"if","locations":[{"start":{"line":361,"column":12},"end":{"line":361,"column":12}},{"start":{"line":361,"column":12},"end":{"line":361,"column":12}}]},"35":{"line":362,"type":"if","locations":[{"start":{"line":362,"column":12},"end":{"line":362,"column":12}},{"start":{"line":362,"column":12},"end":{"line":362,"column":12}}]},"36":{"line":362,"type":"if","locations":[{"start":{"line":362,"column":37},"end":{"line":362,"column":37}},{"start":{"line":362,"column":37},"end":{"line":362,"column":37}}]},"37":{"line":369,"type":"if","locations":[{"start":{"line":369,"column":8},"end":{"line":369,"column":8}},{"start":{"line":369,"column":8},"end":{"line":369,"column":8}}]},"38":{"line":374,"type":"if","locations":[{"start":{"line":374,"column":8},"end":{"line":374,"column":8}},{"start":{"line":374,"column":8},"end":{"line":374,"column":8}}]}}}}