{"contracts/interfaces/callback/ITimeswapBorrowCallback.sol":{"l":{},"path":"/Users/dsukhani/Desktop/Code/Timeswap-V1-Core/contracts/interfaces/callback/ITimeswapBorrowCallback.sol","s":{},"b":{},"f":{},"fnMap":{},"statementMap":{},"branchMap":{}},"contracts/interfaces/callback/ITimeswapLendCallback.sol":{"l":{},"path":"/Users/dsukhani/Desktop/Code/Timeswap-V1-Core/contracts/interfaces/callback/ITimeswapLendCallback.sol","s":{},"b":{},"f":{},"fnMap":{},"statementMap":{},"branchMap":{}},"contracts/interfaces/callback/ITimeswapMintCallback.sol":{"l":{},"path":"/Users/dsukhani/Desktop/Code/Timeswap-V1-Core/contracts/interfaces/callback/ITimeswapMintCallback.sol","s":{},"b":{},"f":{},"fnMap":{},"statementMap":{},"branchMap":{}},"contracts/interfaces/callback/ITimeswapPayCallback.sol":{"l":{},"path":"/Users/dsukhani/Desktop/Code/Timeswap-V1-Core/contracts/interfaces/callback/ITimeswapPayCallback.sol","s":{},"b":{},"f":{},"fnMap":{},"statementMap":{},"branchMap":{}},"contracts/interfaces/IFactory.sol":{"l":{},"path":"/Users/dsukhani/Desktop/Code/Timeswap-V1-Core/contracts/interfaces/IFactory.sol","s":{},"b":{},"f":{},"fnMap":{},"statementMap":{},"branchMap":{}},"contracts/interfaces/IPair.sol":{"l":{},"path":"/Users/dsukhani/Desktop/Code/Timeswap-V1-Core/contracts/interfaces/IPair.sol","s":{},"b":{},"f":{},"fnMap":{},"statementMap":{},"branchMap":{}},"contracts/libraries/Array.sol":{"l":{"8":27,"10":27},"path":"/Users/dsukhani/Desktop/Code/Timeswap-V1-Core/contracts/libraries/Array.sol","s":{"1":27,"2":27},"b":{},"f":{"1":27},"fnMap":{"1":{"name":"insert","line":7,"loc":{"start":{"line":7,"column":4},"end":{"line":12,"column":4}}}},"statementMap":{"1":{"start":{"line":8,"column":8},"end":{"line":8,"column":23}},"2":{"start":{"line":10,"column":8},"end":{"line":10,"column":24}}},"branchMap":{}},"contracts/libraries/BlockNumber.sol":{"l":{"7":31},"path":"/Users/dsukhani/Desktop/Code/Timeswap-V1-Core/contracts/libraries/BlockNumber.sol","s":{"1":31},"b":{},"f":{"1":31},"fnMap":{"1":{"name":"get","line":5,"loc":{"start":{"line":5,"column":4},"end":{"line":8,"column":4}}}},"statementMap":{"1":{"start":{"line":7,"column":8},"end":{"line":7,"column":41}}},"branchMap":{}},"contracts/libraries/Callback.sol":{"l":{"23":23,"24":23,"25":23,"26":23,"27":23,"28":23,"29":23,"37":6,"38":6,"39":6,"40":6,"48":3,"49":3,"50":3,"51":3,"59":2,"60":2,"61":2,"62":2},"path":"/Users/dsukhani/Desktop/Code/Timeswap-V1-Core/contracts/libraries/Callback.sol","s":{"1":23,"2":23,"3":23,"4":23,"5":23,"6":23,"7":23,"8":6,"9":6,"10":6,"11":6,"12":3,"13":3,"14":3,"15":3,"16":2,"17":2,"18":2,"19":2},"b":{"1":[23,0],"2":[23,0],"3":[6,0],"4":[3,0],"5":[2,0]},"f":{"1":23,"2":6,"3":3,"4":2},"fnMap":{"1":{"name":"mint","line":16,"loc":{"start":{"line":16,"column":4},"end":{"line":30,"column":4}}},"2":{"name":"lend","line":32,"loc":{"start":{"line":32,"column":4},"end":{"line":41,"column":4}}},"3":{"name":"borrow","line":43,"loc":{"start":{"line":43,"column":4},"end":{"line":52,"column":4}}},"4":{"name":"pay","line":54,"loc":{"start":{"line":54,"column":4},"end":{"line":63,"column":4}}}},"statementMap":{"1":{"start":{"line":23,"column":8},"end":{"line":23,"column":50}},"2":{"start":{"line":24,"column":8},"end":{"line":24,"column":60}},"3":{"start":{"line":25,"column":8},"end":{"line":25,"column":90}},"4":{"start":{"line":26,"column":8},"end":{"line":26,"column":51}},"5":{"start":{"line":27,"column":8},"end":{"line":27,"column":61}},"6":{"start":{"line":28,"column":8},"end":{"line":28,"column":63}},"7":{"start":{"line":29,"column":8},"end":{"line":29,"column":78}},"8":{"start":{"line":37,"column":8},"end":{"line":37,"column":50}},"9":{"start":{"line":38,"column":8},"end":{"line":38,"column":76}},"10":{"start":{"line":39,"column":8},"end":{"line":39,"column":51}},"11":{"start":{"line":40,"column":8},"end":{"line":40,"column":63}},"12":{"start":{"line":48,"column":8},"end":{"line":48,"column":60}},"13":{"start":{"line":49,"column":8},"end":{"line":49,"column":85}},"14":{"start":{"line":50,"column":8},"end":{"line":50,"column":61}},"15":{"start":{"line":51,"column":8},"end":{"line":51,"column":78}},"16":{"start":{"line":59,"column":8},"end":{"line":59,"column":50}},"17":{"start":{"line":60,"column":8},"end":{"line":60,"column":74}},"18":{"start":{"line":61,"column":8},"end":{"line":61,"column":51}},"19":{"start":{"line":62,"column":8},"end":{"line":62,"column":63}}},"branchMap":{"1":{"line":28,"type":"if","locations":[{"start":{"line":28,"column":8},"end":{"line":28,"column":8}},{"start":{"line":28,"column":8},"end":{"line":28,"column":8}}]},"2":{"line":29,"type":"if","locations":[{"start":{"line":29,"column":8},"end":{"line":29,"column":8}},{"start":{"line":29,"column":8},"end":{"line":29,"column":8}}]},"3":{"line":40,"type":"if","locations":[{"start":{"line":40,"column":8},"end":{"line":40,"column":8}},{"start":{"line":40,"column":8},"end":{"line":40,"column":8}}]},"4":{"line":51,"type":"if","locations":[{"start":{"line":51,"column":8},"end":{"line":51,"column":8}},{"start":{"line":51,"column":8},"end":{"line":51,"column":8}}]},"5":{"line":62,"type":"if","locations":[{"start":{"line":62,"column":8},"end":{"line":62,"column":8}},{"start":{"line":62,"column":8},"end":{"line":62,"column":8}}]}}},"contracts/libraries/ConstantProduct.sol":{"l":{"17":12,"18":12,"20":12,"21":11},"path":"/Users/dsukhani/Desktop/Code/Timeswap-V1-Core/contracts/libraries/ConstantProduct.sol","s":{"1":12,"2":12,"3":12,"4":11,"5":4},"b":{"1":[11,1],"2":[4,7],"3":[3,1]},"f":{"1":12},"fnMap":{"1":{"name":"checkConstantProduct","line":10,"loc":{"start":{"line":10,"column":4},"end":{"line":22,"column":4}}}},"statementMap":{"1":{"start":{"line":17,"column":8},"end":{"line":17,"column":90}},"2":{"start":{"line":18,"column":8},"end":{"line":18,"column":89}},"3":{"start":{"line":20,"column":8},"end":{"line":20,"column":39}},"4":{"start":{"line":21,"column":8},"end":{"line":21,"column":61}},"5":{"start":{"line":21,"column":29},"end":{"line":21,"column":60}}},"branchMap":{"1":{"line":20,"type":"if","locations":[{"start":{"line":20,"column":8},"end":{"line":20,"column":8}},{"start":{"line":20,"column":8},"end":{"line":20,"column":8}}]},"2":{"line":21,"type":"if","locations":[{"start":{"line":21,"column":8},"end":{"line":21,"column":8}},{"start":{"line":21,"column":8},"end":{"line":21,"column":8}}]},"3":{"line":21,"type":"if","locations":[{"start":{"line":21,"column":29},"end":{"line":21,"column":29}},{"start":{"line":21,"column":29},"end":{"line":21,"column":29}}]}}},"contracts/libraries/FullMath.sol":{"l":{"11":61,"29":37,"123":5,"124":5},"path":"/Users/dsukhani/Desktop/Code/Timeswap-V1-Core/contracts/libraries/FullMath.sol","s":{"1":5,"2":5},"b":{"1":[0,5]},"f":{"1":61,"2":37,"3":5},"fnMap":{"1":{"name":"mul512","line":5,"loc":{"start":{"line":5,"column":4},"end":{"line":16,"column":4}}},"2":{"name":"mulDiv","line":24,"loc":{"start":{"line":24,"column":4},"end":{"line":111,"column":4}}},"3":{"name":"mulDivUp","line":118,"loc":{"start":{"line":118,"column":4},"end":{"line":125,"column":4}}}},"statementMap":{"1":{"start":{"line":123,"column":8},"end":{"line":123,"column":41}},"2":{"start":{"line":124,"column":8},"end":{"line":124,"column":52}}},"branchMap":{"1":{"line":124,"type":"if","locations":[{"start":{"line":124,"column":8},"end":{"line":124,"column":8}},{"start":{"line":124,"column":8},"end":{"line":124,"column":8}}]}}},"contracts/libraries/Math.sol":{"l":{"6":16,"7":16,"11":66,"12":66},"path":"/Users/dsukhani/Desktop/Code/Timeswap-V1-Core/contracts/libraries/Math.sol","s":{"1":16,"2":16,"3":66,"4":66},"b":{"1":[15,1],"2":[66,0]},"f":{"1":16,"2":66},"fnMap":{"1":{"name":"divUp","line":5,"loc":{"start":{"line":5,"column":4},"end":{"line":8,"column":4}}},"2":{"name":"shiftRightUp","line":10,"loc":{"start":{"line":10,"column":4},"end":{"line":13,"column":4}}}},"statementMap":{"1":{"start":{"line":6,"column":8},"end":{"line":6,"column":16}},"2":{"start":{"line":7,"column":8},"end":{"line":7,"column":27}},"3":{"start":{"line":11,"column":8},"end":{"line":11,"column":17}},"4":{"start":{"line":12,"column":8},"end":{"line":12,"column":28}}},"branchMap":{"1":{"line":7,"type":"if","locations":[{"start":{"line":7,"column":8},"end":{"line":7,"column":8}},{"start":{"line":7,"column":8},"end":{"line":7,"column":8}}]},"2":{"line":12,"type":"if","locations":[{"start":{"line":12,"column":8},"end":{"line":12,"column":8}},{"start":{"line":12,"column":8},"end":{"line":12,"column":8}}]}}},"contracts/libraries/SafeBalance.sol":{"l":{"13":115,"18":115},"path":"/Users/dsukhani/Desktop/Code/Timeswap-V1-Core/contracts/libraries/SafeBalance.sol","s":{"1":115,"2":115},"b":{},"f":{"1":115},"fnMap":{"1":{"name":"safeBalance","line":10,"loc":{"start":{"line":10,"column":4},"end":{"line":19,"column":4}}}},"statementMap":{"1":{"start":{"line":13,"column":8},"end":{"line":13,"column":359}},"2":{"start":{"line":18,"column":8},"end":{"line":18,"column":42}}},"branchMap":{}},"contracts/libraries/SafeCast.sol":{"l":{"6":85,"7":81,"11":10,"12":10,"16":1,"17":0},"path":"/Users/dsukhani/Desktop/Code/Timeswap-V1-Core/contracts/libraries/SafeCast.sol","s":{"1":85,"2":81,"3":10,"4":10,"5":1,"6":1,"7":0},"b":{"1":[81,4],"2":[10,0],"3":[1,0]},"f":{"1":85,"2":10,"3":1},"fnMap":{"1":{"name":"toUint112","line":5,"loc":{"start":{"line":5,"column":4},"end":{"line":8,"column":4}}},"2":{"name":"toUint128","line":10,"loc":{"start":{"line":10,"column":4},"end":{"line":13,"column":4}}},"3":{"name":"truncateUint112","line":15,"loc":{"start":{"line":15,"column":4},"end":{"line":18,"column":4}}}},"statementMap":{"1":{"start":{"line":6,"column":8},"end":{"line":6,"column":38}},"2":{"start":{"line":7,"column":8},"end":{"line":7,"column":21}},"3":{"start":{"line":11,"column":8},"end":{"line":11,"column":38}},"4":{"start":{"line":12,"column":8},"end":{"line":12,"column":21}},"5":{"start":{"line":16,"column":8},"end":{"line":16,"column":63}},"6":{"start":{"line":16,"column":35},"end":{"line":16,"column":63}},"7":{"start":{"line":17,"column":8},"end":{"line":17,"column":21}}},"branchMap":{"1":{"line":6,"type":"if","locations":[{"start":{"line":6,"column":8},"end":{"line":6,"column":8}},{"start":{"line":6,"column":8},"end":{"line":6,"column":8}}]},"2":{"line":11,"type":"if","locations":[{"start":{"line":11,"column":8},"end":{"line":11,"column":8}},{"start":{"line":11,"column":8},"end":{"line":11,"column":8}}]},"3":{"line":16,"type":"if","locations":[{"start":{"line":16,"column":8},"end":{"line":16,"column":8}},{"start":{"line":16,"column":8},"end":{"line":16,"column":8}}]}}},"contracts/libraries/TimeswapMath.sol":{"l":{"34":32,"35":25,"36":25,"38":7,"39":7,"40":7,"42":7,"43":5,"45":5,"47":5,"50":30,"51":30,"52":30,"53":30,"54":30,"55":30,"57":30,"58":30,"59":30,"60":30,"61":30,"62":30,"64":26,"79":4,"80":4,"81":4,"82":4,"84":4,"85":3,"86":3,"87":3,"88":3,"90":3,"91":3,"92":3,"94":1,"95":1,"97":1,"98":1,"100":1,"101":1,"102":1,"103":1,"104":1,"105":1,"106":1,"107":1,"111":4,"131":6,"133":6,"134":6,"135":6,"136":6,"138":6,"152":6,"153":6,"154":6,"155":6,"162":6,"163":6,"164":6,"165":6,"166":6,"173":6,"174":6,"175":6,"176":6,"177":6,"178":6,"185":6,"186":6,"187":6,"188":6,"189":6,"202":6,"203":6,"205":6,"206":6,"207":6,"208":6,"210":6,"211":6,"212":6,"213":6,"214":6,"216":6,"217":6,"218":6,"219":6,"220":6,"227":7,"228":7,"229":7,"230":7,"231":7,"233":7,"234":6,"235":6,"237":1,"238":1,"239":1,"240":1,"241":1,"242":1,"243":1,"244":1,"246":0,"247":0,"248":0,"249":0,"252":1,"253":1,"255":1,"256":1,"257":1,"258":1,"259":1,"260":1,"262":1,"263":1,"265":1,"266":1,"267":1,"268":1,"269":1,"270":1,"272":0,"273":0,"274":0,"275":0,"276":0,"277":0,"278":0,"279":0,"280":0,"281":0,"282":0,"283":0,"285":0,"286":0,"287":0,"288":0,"289":0,"290":0,"312":5,"314":3,"315":3,"316":3,"318":3,"332":5,"333":5,"334":4,"335":4,"337":3,"338":3,"339":3,"340":3,"342":3,"343":3,"344":3,"345":3,"353":3,"354":3,"355":3,"356":3,"357":3,"358":3,"367":3,"368":3,"369":3,"370":3,"371":3,"372":3,"373":3,"374":3,"375":3,"376":3,"377":3,"391":3,"392":3,"394":3,"395":3,"396":3,"397":3,"399":3,"400":3,"401":3,"402":3,"403":3,"405":3,"406":3,"407":3,"408":3,"409":3},"path":"/Users/dsukhani/Desktop/Code/Timeswap-V1-Core/contracts/libraries/TimeswapMath.sol","s":{"1":32,"2":25,"3":25,"4":7,"5":7,"6":7,"7":7,"8":5,"9":5,"10":5,"11":30,"12":30,"13":30,"14":30,"15":30,"16":30,"17":30,"18":30,"19":30,"20":30,"21":30,"22":30,"23":26,"24":4,"25":4,"26":4,"27":4,"28":4,"29":3,"30":3,"31":3,"32":3,"33":3,"34":3,"35":1,"36":1,"37":1,"38":1,"39":1,"40":1,"41":1,"42":1,"43":1,"44":1,"45":1,"46":4,"47":6,"48":6,"49":6,"50":6,"51":6,"52":6,"53":6,"54":6,"55":6,"56":6,"57":6,"58":6,"59":6,"60":6,"61":6,"62":6,"63":6,"64":6,"65":6,"66":6,"67":6,"68":6,"69":6,"70":6,"71":6,"72":6,"73":6,"74":6,"75":6,"76":6,"77":6,"78":6,"79":6,"80":6,"81":6,"82":6,"83":6,"84":6,"85":6,"86":6,"87":7,"88":7,"89":7,"90":7,"91":7,"92":7,"93":6,"94":6,"95":1,"96":1,"97":1,"98":1,"99":1,"100":1,"101":1,"102":0,"103":0,"104":0,"105":0,"106":1,"107":1,"108":1,"109":1,"110":1,"111":1,"112":1,"113":1,"114":1,"115":1,"116":1,"117":1,"118":1,"119":1,"120":1,"121":0,"122":0,"123":0,"124":0,"125":0,"126":0,"127":0,"128":0,"129":0,"130":0,"131":0,"132":0,"133":0,"134":0,"135":0,"136":0,"137":0,"138":0,"139":5,"140":3,"141":3,"142":3,"143":3,"144":5,"145":5,"146":4,"147":4,"148":3,"149":3,"150":3,"151":3,"152":3,"153":3,"154":3,"155":3,"156":3,"157":3,"158":3,"159":3,"160":3,"161":3,"162":3,"163":3,"164":3,"165":3,"166":3,"167":3,"168":3,"169":3,"170":3,"171":3,"172":3,"173":3,"174":3,"175":3,"176":3,"177":3,"178":3,"179":3,"180":3,"181":3,"182":3,"183":3,"184":3,"185":3,"186":3},"b":{"1":[25,7],"2":[5,2],"3":[5,0],"4":[3,1],"5":[1,0],"6":[6,1],"7":[1,0],"8":[1,0],"9":[0,0],"10":[3,0],"11":[3,0]},"f":{"1":32,"2":4,"3":6,"4":6,"5":6,"6":6,"7":6,"8":6,"9":7,"10":5,"11":5,"12":3,"13":3,"14":3},"fnMap":{"1":{"name":"mint","line":19,"loc":{"start":{"line":19,"column":4},"end":{"line":65,"column":4}}},"2":{"name":"burn","line":67,"loc":{"start":{"line":67,"column":4},"end":{"line":112,"column":4}}},"3":{"name":"lend","line":114,"loc":{"start":{"line":114,"column":4},"end":{"line":144,"column":4}}},"4":{"name":"lendCheck","line":146,"loc":{"start":{"line":146,"column":4},"end":{"line":156,"column":4}}},"5":{"name":"getBondInterest","line":158,"loc":{"start":{"line":158,"column":4},"end":{"line":167,"column":4}}},"6":{"name":"getInsurancePrincipal","line":169,"loc":{"start":{"line":169,"column":4},"end":{"line":179,"column":4}}},"7":{"name":"getInsuranceInterest","line":181,"loc":{"start":{"line":181,"column":4},"end":{"line":190,"column":4}}},"8":{"name":"lendGetFees","line":192,"loc":{"start":{"line":192,"column":4},"end":{"line":221,"column":4}}},"9":{"name":"withdraw","line":223,"loc":{"start":{"line":223,"column":4},"end":{"line":293,"column":4}}},"10":{"name":"borrow","line":295,"loc":{"start":{"line":295,"column":4},"end":{"line":324,"column":4}}},"11":{"name":"borrowCheck","line":326,"loc":{"start":{"line":326,"column":4},"end":{"line":346,"column":4}}},"12":{"name":"getDebt","line":348,"loc":{"start":{"line":348,"column":4},"end":{"line":359,"column":4}}},"13":{"name":"getCollateral","line":361,"loc":{"start":{"line":361,"column":4},"end":{"line":378,"column":4}}},"14":{"name":"borrowGetFees","line":380,"loc":{"start":{"line":380,"column":4},"end":{"line":410,"column":4}}}},"statementMap":{"1":{"start":{"line":34,"column":8},"end":{"line":34,"column":892}},"2":{"start":{"line":35,"column":12},"end":{"line":35,"column":35}},"3":{"start":{"line":36,"column":12},"end":{"line":36,"column":30}},"4":{"start":{"line":38,"column":12},"end":{"line":38,"column":75}},"5":{"start":{"line":39,"column":12},"end":{"line":39,"column":75}},"6":{"start":{"line":40,"column":12},"end":{"line":40,"column":75}},"7":{"start":{"line":42,"column":12},"end":{"line":42,"column":41}},"8":{"start":{"line":43,"column":12},"end":{"line":43,"column":42}},"9":{"start":{"line":45,"column":12},"end":{"line":45,"column":56}},"10":{"start":{"line":47,"column":12},"end":{"line":47,"column":91}},"11":{"start":{"line":50,"column":8},"end":{"line":50,"column":34}},"12":{"start":{"line":51,"column":8},"end":{"line":51,"column":33}},"13":{"start":{"line":52,"column":8},"end":{"line":52,"column":27}},"14":{"start":{"line":53,"column":8},"end":{"line":53,"column":41}},"15":{"start":{"line":54,"column":8},"end":{"line":54,"column":27}},"16":{"start":{"line":55,"column":8},"end":{"line":55,"column":40}},"17":{"start":{"line":57,"column":8},"end":{"line":57,"column":40}},"18":{"start":{"line":58,"column":8},"end":{"line":58,"column":39}},"19":{"start":{"line":59,"column":8},"end":{"line":59,"column":33}},"20":{"start":{"line":60,"column":8},"end":{"line":60,"column":53}},"21":{"start":{"line":61,"column":8},"end":{"line":61,"column":33}},"22":{"start":{"line":62,"column":8},"end":{"line":62,"column":52}},"23":{"start":{"line":64,"column":8},"end":{"line":64,"column":44}},"24":{"start":{"line":79,"column":8},"end":{"line":79,"column":49}},"25":{"start":{"line":80,"column":8},"end":{"line":80,"column":59}},"26":{"start":{"line":81,"column":8},"end":{"line":81,"column":59}},"27":{"start":{"line":82,"column":8},"end":{"line":82,"column":50}},"28":{"start":{"line":84,"column":8},"end":{"line":84,"column":2523}},"29":{"start":{"line":85,"column":12},"end":{"line":85,"column":42}},"30":{"start":{"line":87,"column":12},"end":{"line":87,"column":74}},"31":{"start":{"line":88,"column":12},"end":{"line":88,"column":43}},"32":{"start":{"line":90,"column":12},"end":{"line":90,"column":52}},"33":{"start":{"line":91,"column":12},"end":{"line":91,"column":84}},"34":{"start":{"line":92,"column":12},"end":{"line":92,"column":53}},"35":{"start":{"line":94,"column":12},"end":{"line":94,"column":39}},"36":{"start":{"line":97,"column":12},"end":{"line":97,"column":73}},"37":{"start":{"line":98,"column":12},"end":{"line":98,"column":64}},"38":{"start":{"line":100,"column":12},"end":{"line":100,"column":3236}},"39":{"start":{"line":101,"column":16},"end":{"line":101,"column":56}},"40":{"start":{"line":102,"column":16},"end":{"line":102,"column":44}},"41":{"start":{"line":103,"column":16},"end":{"line":103,"column":43}},"42":{"start":{"line":104,"column":16},"end":{"line":104,"column":55}},"43":{"start":{"line":105,"column":16},"end":{"line":105,"column":43}},"44":{"start":{"line":106,"column":16},"end":{"line":106,"column":88}},"45":{"start":{"line":107,"column":16},"end":{"line":107,"column":57}},"46":{"start":{"line":111,"column":8},"end":{"line":111,"column":73}},"47":{"start":{"line":131,"column":8},"end":{"line":131,"column":56}},"48":{"start":{"line":133,"column":8},"end":{"line":133,"column":42}},"49":{"start":{"line":134,"column":8},"end":{"line":134,"column":68}},"50":{"start":{"line":135,"column":8},"end":{"line":135,"column":77}},"51":{"start":{"line":136,"column":8},"end":{"line":136,"column":78}},"52":{"start":{"line":138,"column":8},"end":{"line":138,"column":4564}},"53":{"start":{"line":152,"column":8},"end":{"line":152,"column":46}},"54":{"start":{"line":153,"column":8},"end":{"line":153,"column":46}},"55":{"start":{"line":154,"column":8},"end":{"line":154,"column":46}},"56":{"start":{"line":155,"column":8},"end":{"line":155,"column":63}},"57":{"start":{"line":162,"column":8},"end":{"line":162,"column":43}},"58":{"start":{"line":163,"column":8},"end":{"line":163,"column":42}},"59":{"start":{"line":164,"column":8},"end":{"line":164,"column":36}},"60":{"start":{"line":165,"column":8},"end":{"line":165,"column":30}},"61":{"start":{"line":166,"column":8},"end":{"line":166,"column":53}},"62":{"start":{"line":173,"column":8},"end":{"line":173,"column":48}},"63":{"start":{"line":174,"column":8},"end":{"line":174,"column":42}},"64":{"start":{"line":175,"column":8},"end":{"line":175,"column":37}},"65":{"start":{"line":176,"column":8},"end":{"line":176,"column":31}},"66":{"start":{"line":177,"column":8},"end":{"line":177,"column":44}},"67":{"start":{"line":178,"column":8},"end":{"line":178,"column":65}},"68":{"start":{"line":185,"column":8},"end":{"line":185,"column":48}},"69":{"start":{"line":186,"column":8},"end":{"line":186,"column":47}},"70":{"start":{"line":187,"column":8},"end":{"line":187,"column":41}},"71":{"start":{"line":188,"column":8},"end":{"line":188,"column":35}},"72":{"start":{"line":189,"column":8},"end":{"line":189,"column":63}},"73":{"start":{"line":202,"column":8},"end":{"line":202,"column":30}},"74":{"start":{"line":203,"column":8},"end":{"line":203,"column":30}},"75":{"start":{"line":205,"column":8},"end":{"line":205,"column":36}},"76":{"start":{"line":206,"column":8},"end":{"line":206,"column":35}},"77":{"start":{"line":207,"column":8},"end":{"line":207,"column":28}},"78":{"start":{"line":208,"column":8},"end":{"line":208,"column":24}},"79":{"start":{"line":210,"column":8},"end":{"line":210,"column":36}},"80":{"start":{"line":211,"column":8},"end":{"line":211,"column":28}},"81":{"start":{"line":212,"column":8},"end":{"line":212,"column":38}},"82":{"start":{"line":213,"column":8},"end":{"line":213,"column":49}},"83":{"start":{"line":216,"column":8},"end":{"line":216,"column":49}},"84":{"start":{"line":217,"column":8},"end":{"line":217,"column":31}},"85":{"start":{"line":218,"column":8},"end":{"line":218,"column":36}},"86":{"start":{"line":219,"column":8},"end":{"line":219,"column":57}},"87":{"start":{"line":227,"column":8},"end":{"line":227,"column":49}},"88":{"start":{"line":228,"column":8},"end":{"line":228,"column":68}},"89":{"start":{"line":229,"column":8},"end":{"line":229,"column":66}},"90":{"start":{"line":230,"column":8},"end":{"line":230,"column":46}},"91":{"start":{"line":231,"column":8},"end":{"line":231,"column":37}},"92":{"start":{"line":233,"column":8},"end":{"line":233,"column":7693}},"93":{"start":{"line":234,"column":12},"end":{"line":234,"column":51}},"94":{"start":{"line":235,"column":12},"end":{"line":235,"column":51}},"95":{"start":{"line":237,"column":12},"end":{"line":237,"column":7865}},"96":{"start":{"line":238,"column":16},"end":{"line":238,"column":46}},"97":{"start":{"line":240,"column":16},"end":{"line":240,"column":57}},"98":{"start":{"line":241,"column":16},"end":{"line":241,"column":37}},"99":{"start":{"line":242,"column":16},"end":{"line":242,"column":45}},"100":{"start":{"line":243,"column":16},"end":{"line":243,"column":50}},"101":{"start":{"line":244,"column":16},"end":{"line":244,"column":54}},"102":{"start":{"line":246,"column":16},"end":{"line":246,"column":58}},"103":{"start":{"line":247,"column":16},"end":{"line":247,"column":38}},"104":{"start":{"line":248,"column":16},"end":{"line":248,"column":46}},"105":{"start":{"line":249,"column":16},"end":{"line":249,"column":54}},"106":{"start":{"line":252,"column":12},"end":{"line":252,"column":39}},"107":{"start":{"line":255,"column":12},"end":{"line":255,"column":82}},"108":{"start":{"line":256,"column":12},"end":{"line":256,"column":45}},"109":{"start":{"line":257,"column":12},"end":{"line":257,"column":80}},"110":{"start":{"line":258,"column":12},"end":{"line":258,"column":44}},"111":{"start":{"line":259,"column":12},"end":{"line":259,"column":60}},"112":{"start":{"line":260,"column":12},"end":{"line":260,"column":51}},"113":{"start":{"line":262,"column":12},"end":{"line":262,"column":63}},"114":{"start":{"line":263,"column":12},"end":{"line":263,"column":39}},"115":{"start":{"line":265,"column":12},"end":{"line":265,"column":9117}},"116":{"start":{"line":266,"column":16},"end":{"line":266,"column":68}},"117":{"start":{"line":267,"column":16},"end":{"line":267,"column":59}},"118":{"start":{"line":268,"column":16},"end":{"line":268,"column":40}},"119":{"start":{"line":269,"column":16},"end":{"line":269,"column":42}},"120":{"start":{"line":270,"column":16},"end":{"line":270,"column":64}},"121":{"start":{"line":271,"column":19},"end":{"line":271,"column":9464}},"122":{"start":{"line":272,"column":16},"end":{"line":272,"column":51}},"123":{"start":{"line":274,"column":16},"end":{"line":274,"column":67}},"124":{"start":{"line":275,"column":16},"end":{"line":275,"column":40}},"125":{"start":{"line":276,"column":16},"end":{"line":276,"column":60}},"126":{"start":{"line":277,"column":16},"end":{"line":277,"column":39}},"127":{"start":{"line":278,"column":16},"end":{"line":278,"column":77}},"128":{"start":{"line":279,"column":16},"end":{"line":279,"column":60}},"129":{"start":{"line":280,"column":16},"end":{"line":280,"column":32}},"130":{"start":{"line":281,"column":16},"end":{"line":281,"column":34}},"131":{"start":{"line":282,"column":16},"end":{"line":282,"column":39}},"132":{"start":{"line":283,"column":16},"end":{"line":283,"column":64}},"133":{"start":{"line":285,"column":16},"end":{"line":285,"column":68}},"134":{"start":{"line":286,"column":16},"end":{"line":286,"column":40}},"135":{"start":{"line":287,"column":16},"end":{"line":287,"column":61}},"136":{"start":{"line":288,"column":16},"end":{"line":288,"column":39}},"137":{"start":{"line":289,"column":16},"end":{"line":289,"column":83}},"138":{"start":{"line":290,"column":16},"end":{"line":290,"column":64}},"139":{"start":{"line":312,"column":8},"end":{"line":312,"column":58}},"140":{"start":{"line":314,"column":8},"end":{"line":314,"column":60}},"141":{"start":{"line":315,"column":8},"end":{"line":315,"column":79}},"142":{"start":{"line":316,"column":8},"end":{"line":316,"column":44}},"143":{"start":{"line":318,"column":8},"end":{"line":318,"column":11259}},"144":{"start":{"line":332,"column":8},"end":{"line":332,"column":46}},"145":{"start":{"line":333,"column":8},"end":{"line":333,"column":46}},"146":{"start":{"line":334,"column":8},"end":{"line":334,"column":46}},"147":{"start":{"line":335,"column":8},"end":{"line":335,"column":63}},"148":{"start":{"line":337,"column":8},"end":{"line":337,"column":32}},"149":{"start":{"line":338,"column":8},"end":{"line":338,"column":22}},"150":{"start":{"line":339,"column":8},"end":{"line":339,"column":34}},"151":{"start":{"line":340,"column":8},"end":{"line":340,"column":41}},"152":{"start":{"line":342,"column":8},"end":{"line":342,"column":32}},"153":{"start":{"line":343,"column":8},"end":{"line":343,"column":22}},"154":{"start":{"line":344,"column":8},"end":{"line":344,"column":34}},"155":{"start":{"line":345,"column":8},"end":{"line":345,"column":41}},"156":{"start":{"line":353,"column":8},"end":{"line":353,"column":34}},"157":{"start":{"line":354,"column":8},"end":{"line":354,"column":33}},"158":{"start":{"line":355,"column":8},"end":{"line":355,"column":27}},"159":{"start":{"line":356,"column":8},"end":{"line":356,"column":41}},"160":{"start":{"line":357,"column":8},"end":{"line":357,"column":27}},"161":{"start":{"line":358,"column":8},"end":{"line":358,"column":35}},"162":{"start":{"line":367,"column":8},"end":{"line":367,"column":40}},"163":{"start":{"line":368,"column":8},"end":{"line":368,"column":39}},"164":{"start":{"line":369,"column":8},"end":{"line":369,"column":33}},"165":{"start":{"line":370,"column":8},"end":{"line":370,"column":53}},"166":{"start":{"line":371,"column":8},"end":{"line":371,"column":33}},"167":{"start":{"line":372,"column":8},"end":{"line":372,"column":27}},"168":{"start":{"line":373,"column":8},"end":{"line":373,"column":37}},"169":{"start":{"line":374,"column":8},"end":{"line":374,"column":31}},"170":{"start":{"line":375,"column":8},"end":{"line":375,"column":43}},"171":{"start":{"line":376,"column":8},"end":{"line":376,"column":31}},"172":{"start":{"line":377,"column":8},"end":{"line":377,"column":47}},"173":{"start":{"line":391,"column":8},"end":{"line":391,"column":30}},"174":{"start":{"line":392,"column":8},"end":{"line":392,"column":30}},"175":{"start":{"line":394,"column":8},"end":{"line":394,"column":38}},"176":{"start":{"line":395,"column":8},"end":{"line":395,"column":37}},"177":{"start":{"line":396,"column":8},"end":{"line":396,"column":30}},"178":{"start":{"line":397,"column":8},"end":{"line":397,"column":26}},"179":{"start":{"line":399,"column":8},"end":{"line":399,"column":36}},"180":{"start":{"line":400,"column":8},"end":{"line":400,"column":23}},"181":{"start":{"line":401,"column":8},"end":{"line":401,"column":30}},"182":{"start":{"line":402,"column":8},"end":{"line":402,"column":50}},"183":{"start":{"line":405,"column":8},"end":{"line":405,"column":49}},"184":{"start":{"line":406,"column":8},"end":{"line":406,"column":31}},"185":{"start":{"line":407,"column":8},"end":{"line":407,"column":36}},"186":{"start":{"line":408,"column":8},"end":{"line":408,"column":57}}},"branchMap":{"1":{"line":34,"type":"if","locations":[{"start":{"line":34,"column":8},"end":{"line":34,"column":8}},{"start":{"line":34,"column":8},"end":{"line":34,"column":8}}]},"2":{"line":42,"type":"if","locations":[{"start":{"line":42,"column":12},"end":{"line":42,"column":12}},{"start":{"line":42,"column":12},"end":{"line":42,"column":12}}]},"3":{"line":43,"type":"if","locations":[{"start":{"line":43,"column":12},"end":{"line":43,"column":12}},{"start":{"line":43,"column":12},"end":{"line":43,"column":12}}]},"4":{"line":84,"type":"if","locations":[{"start":{"line":84,"column":8},"end":{"line":84,"column":8}},{"start":{"line":84,"column":8},"end":{"line":84,"column":8}}]},"5":{"line":100,"type":"if","locations":[{"start":{"line":100,"column":12},"end":{"line":100,"column":12}},{"start":{"line":100,"column":12},"end":{"line":100,"column":12}}]},"6":{"line":233,"type":"if","locations":[{"start":{"line":233,"column":8},"end":{"line":233,"column":8}},{"start":{"line":233,"column":8},"end":{"line":233,"column":8}}]},"7":{"line":237,"type":"if","locations":[{"start":{"line":237,"column":12},"end":{"line":237,"column":12}},{"start":{"line":237,"column":12},"end":{"line":237,"column":12}}]},"8":{"line":265,"type":"if","locations":[{"start":{"line":265,"column":12},"end":{"line":265,"column":12}},{"start":{"line":265,"column":12},"end":{"line":265,"column":12}}]},"9":{"line":271,"type":"if","locations":[{"start":{"line":271,"column":19},"end":{"line":271,"column":19}},{"start":{"line":271,"column":19},"end":{"line":271,"column":19}}]},"10":{"line":340,"type":"if","locations":[{"start":{"line":340,"column":8},"end":{"line":340,"column":8}},{"start":{"line":340,"column":8},"end":{"line":340,"column":8}}]},"11":{"line":345,"type":"if","locations":[{"start":{"line":345,"column":8},"end":{"line":345,"column":8}},{"start":{"line":345,"column":8},"end":{"line":345,"column":8}}]}}},"contracts/test/libraries/ArrayTest.sol":{"l":{"16":1,"18":1,"19":2,"22":1},"path":"/Users/dsukhani/Desktop/Code/Timeswap-V1-Core/contracts/test/libraries/ArrayTest.sol","s":{"1":1,"2":1,"3":2,"4":1},"b":{},"f":{"1":1},"fnMap":{"1":{"name":"insert","line":12,"loc":{"start":{"line":12,"column":4},"end":{"line":23,"column":4}}}},"statementMap":{"1":{"start":{"line":16,"column":8},"end":{"line":16,"column":68}},"2":{"start":{"line":18,"column":8},"end":{"line":18,"column":475}},"3":{"start":{"line":19,"column":12},"end":{"line":19,"column":36}},"4":{"start":{"line":22,"column":8},"end":{"line":22,"column":41}}},"branchMap":{}},"contracts/test/libraries/BlockNumberTest.sol":{"l":{"8":1},"path":"/Users/dsukhani/Desktop/Code/Timeswap-V1-Core/contracts/test/libraries/BlockNumberTest.sol","s":{"1":1},"b":{},"f":{"1":1},"fnMap":{"1":{"name":"get","line":7,"loc":{"start":{"line":7,"column":4},"end":{"line":9,"column":4}}}},"statementMap":{"1":{"start":{"line":8,"column":8},"end":{"line":8,"column":32}}},"branchMap":{}},"contracts/test/libraries/CallbackTest.sol":{"l":{"15":1,"29":1,"41":1,"53":1},"path":"/Users/dsukhani/Desktop/Code/Timeswap-V1-Core/contracts/test/libraries/CallbackTest.sol","s":{"1":1,"2":1,"3":1,"4":1},"b":{},"f":{"1":1,"2":1,"3":1,"4":1},"fnMap":{"1":{"name":"mint","line":8,"loc":{"start":{"line":8,"column":4},"end":{"line":22,"column":4}}},"2":{"name":"lend","line":24,"loc":{"start":{"line":24,"column":4},"end":{"line":34,"column":4}}},"3":{"name":"borrow","line":36,"loc":{"start":{"line":36,"column":4},"end":{"line":46,"column":4}}},"4":{"name":"pay","line":48,"loc":{"start":{"line":48,"column":4},"end":{"line":58,"column":4}}}},"statementMap":{"1":{"start":{"line":15,"column":8},"end":{"line":15,"column":393}},"2":{"start":{"line":29,"column":8},"end":{"line":29,"column":652}},"3":{"start":{"line":41,"column":8},"end":{"line":41,"column":873}},"4":{"start":{"line":53,"column":8},"end":{"line":53,"column":1093}}},"branchMap":{}},"contracts/test/libraries/CallbackTestCallee.sol":{"l":{"15":3,"25":1,"32":1,"40":1,"45":1,"53":1,"58":1,"66":1,"71":1},"path":"/Users/dsukhani/Desktop/Code/Timeswap-V1-Core/contracts/test/libraries/CallbackTestCallee.sol","s":{"1":3,"2":1,"3":1,"4":1,"5":1,"6":1,"7":1,"8":1,"9":1},"b":{},"f":{"1":3,"2":1,"3":1,"4":1,"5":1,"6":1,"7":1,"8":1,"9":1},"fnMap":{"1":{"name":"constructor","line":14,"loc":{"start":{"line":14,"column":4},"end":{"line":16,"column":4}}},"2":{"name":"mint","line":18,"loc":{"start":{"line":18,"column":4},"end":{"line":33,"column":4}}},"3":{"name":"lend","line":35,"loc":{"start":{"line":35,"column":4},"end":{"line":46,"column":4}}},"4":{"name":"borrow","line":48,"loc":{"start":{"line":48,"column":4},"end":{"line":59,"column":4}}},"5":{"name":"pay","line":61,"loc":{"start":{"line":61,"column":4},"end":{"line":72,"column":4}}},"6":{"name":"timeswapMintCallback","line":74,"loc":{"start":{"line":74,"column":4},"end":{"line":78,"column":16}}},"7":{"name":"timeswapLendCallback","line":80,"loc":{"start":{"line":80,"column":4},"end":{"line":83,"column":16}}},"8":{"name":"timeswapBorrowCallback","line":85,"loc":{"start":{"line":85,"column":4},"end":{"line":88,"column":16}}},"9":{"name":"timeswapPayCallback","line":90,"loc":{"start":{"line":90,"column":4},"end":{"line":93,"column":16}}}},"statementMap":{"1":{"start":{"line":15,"column":8},"end":{"line":15,"column":56}},"2":{"start":{"line":25,"column":8},"end":{"line":25,"column":937}},"3":{"start":{"line":32,"column":8},"end":{"line":32,"column":19}},"4":{"start":{"line":40,"column":8},"end":{"line":40,"column":1244}},"5":{"start":{"line":45,"column":8},"end":{"line":45,"column":19}},"6":{"start":{"line":53,"column":8},"end":{"line":53,"column":1513}},"7":{"start":{"line":58,"column":8},"end":{"line":58,"column":19}},"8":{"start":{"line":66,"column":8},"end":{"line":66,"column":1781}},"9":{"start":{"line":71,"column":8},"end":{"line":71,"column":19}}},"branchMap":{}},"contracts/test/libraries/ConstantProductTest.sol":{"l":{"16":2,"21":1},"path":"/Users/dsukhani/Desktop/Code/Timeswap-V1-Core/contracts/test/libraries/ConstantProductTest.sol","s":{"1":2,"2":1},"b":{},"f":{"1":2},"fnMap":{"1":{"name":"checkConstantProduct","line":10,"loc":{"start":{"line":10,"column":4},"end":{"line":22,"column":4}}}},"statementMap":{"1":{"start":{"line":16,"column":8},"end":{"line":16,"column":452}},"2":{"start":{"line":21,"column":8},"end":{"line":21,"column":19}}},"branchMap":{}},"contracts/test/libraries/SafeBalanceTest.sol":{"l":{"11":1},"path":"/Users/dsukhani/Desktop/Code/Timeswap-V1-Core/contracts/test/libraries/SafeBalanceTest.sol","s":{"1":1},"b":{},"f":{"1":1},"fnMap":{"1":{"name":"safeBalance","line":8,"loc":{"start":{"line":8,"column":4},"end":{"line":12,"column":4}}}},"statementMap":{"1":{"start":{"line":11,"column":8},"end":{"line":11,"column":45}}},"branchMap":{}},"contracts/test/libraries/SafeCastTest.sol":{"l":{"9":1,"13":1,"17":1},"path":"/Users/dsukhani/Desktop/Code/Timeswap-V1-Core/contracts/test/libraries/SafeCastTest.sol","s":{"1":1,"2":1,"3":1},"b":{},"f":{"1":1,"2":1,"3":1},"fnMap":{"1":{"name":"toUint112","line":8,"loc":{"start":{"line":8,"column":4},"end":{"line":10,"column":4}}},"2":{"name":"toUint128","line":12,"loc":{"start":{"line":12,"column":4},"end":{"line":14,"column":4}}},"3":{"name":"truncateUint112","line":16,"loc":{"start":{"line":16,"column":4},"end":{"line":18,"column":4}}}},"statementMap":{"1":{"start":{"line":9,"column":8},"end":{"line":9,"column":36}},"2":{"start":{"line":13,"column":8},"end":{"line":13,"column":36}},"3":{"start":{"line":17,"column":8},"end":{"line":17,"column":42}}},"branchMap":{}},"contracts/test/libraries/TimeswapMathTest.sol":{"l":{"22":2,"42":3,"61":1,"68":3,"88":1},"path":"/Users/dsukhani/Desktop/Code/Timeswap-V1-Core/contracts/test/libraries/TimeswapMathTest.sol","s":{"1":2,"2":3,"3":1,"4":3,"5":1},"b":{},"f":{"1":2,"2":3,"3":1,"4":3,"5":1},"fnMap":{"1":{"name":"mint","line":9,"loc":{"start":{"line":9,"column":4},"end":{"line":29,"column":8}}},"2":{"name":"burn","line":31,"loc":{"start":{"line":31,"column":4},"end":{"line":43,"column":8}}},"3":{"name":"lend","line":45,"loc":{"start":{"line":45,"column":4},"end":{"line":62,"column":8}}},"4":{"name":"withdraw","line":64,"loc":{"start":{"line":64,"column":4},"end":{"line":69,"column":4}}},"5":{"name":"borrow","line":71,"loc":{"start":{"line":71,"column":4},"end":{"line":89,"column":8}}}},"statementMap":{"1":{"start":{"line":22,"column":12},"end":{"line":22,"column":555}},"2":{"start":{"line":42,"column":12},"end":{"line":42,"column":56}},"3":{"start":{"line":61,"column":12},"end":{"line":61,"column":104}},"4":{"start":{"line":68,"column":8},"end":{"line":68,"column":53}},"5":{"start":{"line":88,"column":12},"end":{"line":88,"column":106}}},"branchMap":{}},"contracts/test/TestToken.sol":{"l":{"12":279},"path":"/Users/dsukhani/Desktop/Code/Timeswap-V1-Core/contracts/test/TestToken.sol","s":{"1":279},"b":{},"f":{"1":279},"fnMap":{"1":{"name":"constructor","line":11,"loc":{"start":{"line":7,"column":4},"end":{"line":13,"column":4}}}},"statementMap":{"1":{"start":{"line":12,"column":8},"end":{"line":12,"column":32}}},"branchMap":{}},"contracts/test/TimeswapPairCallee.sol":{"l":{"19":123,"20":123,"36":10,"40":30,"58":30,"79":5,"100":4,"121":1,"139":22,"143":22,"145":22,"146":22,"147":22,"151":5,"155":5,"157":5,"158":5,"162":2,"166":2,"168":2,"169":2,"176":1,"180":1,"181":1},"path":"/Users/dsukhani/Desktop/Code/Timeswap-V1-Core/contracts/test/TimeswapPairCallee.sol","s":{"1":123,"2":123,"3":10,"4":30,"5":30,"6":5,"7":4,"8":1,"9":22,"10":22,"11":22,"12":22,"13":22,"14":5,"15":5,"16":5,"17":5,"18":2,"19":2,"20":2,"21":2,"22":1,"23":1,"24":1},"b":{"1":[22,0],"2":[5,0],"3":[2,0]},"f":{"1":123,"2":10,"3":30,"4":30,"5":5,"6":4,"7":1,"8":22,"9":5,"10":2,"11":1},"fnMap":{"1":{"name":"constructor","line":18,"loc":{"start":{"line":18,"column":4},"end":{"line":21,"column":4}}},"2":{"name":"getData","line":35,"loc":{"start":{"line":35,"column":4},"end":{"line":37,"column":4}}},"3":{"name":"getDataMint","line":39,"loc":{"start":{"line":39,"column":4},"end":{"line":41,"column":4}}},"4":{"name":"mint","line":43,"loc":{"start":{"line":43,"column":4},"end":{"line":69,"column":4}}},"5":{"name":"lend","line":71,"loc":{"start":{"line":71,"column":4},"end":{"line":90,"column":4}}},"6":{"name":"borrow","line":92,"loc":{"start":{"line":92,"column":4},"end":{"line":111,"column":4}}},"7":{"name":"pay","line":113,"loc":{"start":{"line":113,"column":4},"end":{"line":132,"column":4}}},"8":{"name":"timeswapMintCallback","line":134,"loc":{"start":{"line":134,"column":4},"end":{"line":148,"column":4}}},"9":{"name":"timeswapLendCallback","line":150,"loc":{"start":{"line":150,"column":4},"end":{"line":159,"column":4}}},"10":{"name":"timeswapBorrowCallback","line":161,"loc":{"start":{"line":161,"column":4},"end":{"line":170,"column":4}}},"11":{"name":"timeswapPayCallback","line":172,"loc":{"start":{"line":172,"column":4},"end":{"line":183,"column":4}}}},"statementMap":{"1":{"start":{"line":19,"column":8},"end":{"line":19,"column":33}},"2":{"start":{"line":20,"column":8},"end":{"line":20,"column":46}},"3":{"start":{"line":36,"column":8},"end":{"line":36,"column":93}},"4":{"start":{"line":40,"column":8},"end":{"line":40,"column":103}},"5":{"start":{"line":58,"column":8},"end":{"line":58,"column":1815}},"6":{"start":{"line":79,"column":8},"end":{"line":79,"column":2368}},"7":{"start":{"line":100,"column":8},"end":{"line":100,"column":2914}},"8":{"start":{"line":121,"column":8},"end":{"line":121,"column":3461}},"9":{"start":{"line":139,"column":8},"end":{"line":139,"column":3873}},"10":{"start":{"line":143,"column":8},"end":{"line":143,"column":63}},"11":{"start":{"line":145,"column":8},"end":{"line":145,"column":61}},"12":{"start":{"line":146,"column":8},"end":{"line":146,"column":60}},"13":{"start":{"line":147,"column":8},"end":{"line":147,"column":75}},"14":{"start":{"line":151,"column":8},"end":{"line":151,"column":4409}},"15":{"start":{"line":155,"column":8},"end":{"line":155,"column":63}},"16":{"start":{"line":157,"column":8},"end":{"line":157,"column":61}},"17":{"start":{"line":158,"column":8},"end":{"line":158,"column":55}},"18":{"start":{"line":162,"column":8},"end":{"line":162,"column":4831}},"19":{"start":{"line":166,"column":8},"end":{"line":166,"column":63}},"20":{"start":{"line":168,"column":8},"end":{"line":168,"column":61}},"21":{"start":{"line":169,"column":8},"end":{"line":169,"column":65}},"22":{"start":{"line":176,"column":8},"end":{"line":176,"column":5281}},"23":{"start":{"line":180,"column":8},"end":{"line":180,"column":63}},"24":{"start":{"line":181,"column":8},"end":{"line":181,"column":55}}},"branchMap":{"1":{"line":145,"type":"if","locations":[{"start":{"line":145,"column":8},"end":{"line":145,"column":8}},{"start":{"line":145,"column":8},"end":{"line":145,"column":8}}]},"2":{"line":157,"type":"if","locations":[{"start":{"line":157,"column":8},"end":{"line":157,"column":8}},{"start":{"line":157,"column":8},"end":{"line":157,"column":8}}]},"3":{"line":168,"type":"if","locations":[{"start":{"line":168,"column":8},"end":{"line":168,"column":8}},{"start":{"line":168,"column":8},"end":{"line":168,"column":8}}]}}},"contracts/TimeswapFactory.sol":{"l":{"38":141,"39":140,"40":139,"41":138,"42":138,"43":138,"50":48,"51":47,"52":46,"53":45,"55":44,"57":44,"59":44,"64":4,"65":3,"66":2,"68":2,"73":2,"74":1,"75":1,"77":1},"path":"/Users/dsukhani/Desktop/Code/Timeswap-V1-Core/contracts/TimeswapFactory.sol","s":{"1":141,"2":140,"3":139,"4":138,"5":138,"6":138,"7":48,"8":47,"9":46,"10":45,"11":44,"12":44,"13":44,"14":4,"15":3,"16":2,"17":2,"18":2,"19":1,"20":1,"21":1},"b":{"1":[140,1],"2":[139,1],"3":[138,1],"4":[47,1],"5":[46,1],"6":[45,1],"7":[44,1],"8":[3,1],"9":[2,1],"10":[1,1]},"f":{"1":141,"2":48,"3":4,"4":2},"fnMap":{"1":{"name":"constructor","line":33,"loc":{"start":{"line":33,"column":4},"end":{"line":44,"column":4}}},"2":{"name":"createPair","line":49,"loc":{"start":{"line":49,"column":4},"end":{"line":60,"column":4}}},"3":{"name":"setPendingOwner","line":63,"loc":{"start":{"line":63,"column":4},"end":{"line":69,"column":4}}},"4":{"name":"acceptOwner","line":72,"loc":{"start":{"line":72,"column":4},"end":{"line":78,"column":4}}}},"statementMap":{"1":{"start":{"line":38,"column":8},"end":{"line":38,"column":44}},"2":{"start":{"line":39,"column":8},"end":{"line":39,"column":25}},"3":{"start":{"line":40,"column":8},"end":{"line":40,"column":33}},"4":{"start":{"line":41,"column":8},"end":{"line":41,"column":21}},"5":{"start":{"line":42,"column":8},"end":{"line":42,"column":17}},"6":{"start":{"line":43,"column":8},"end":{"line":43,"column":33}},"7":{"start":{"line":50,"column":8},"end":{"line":50,"column":43}},"8":{"start":{"line":51,"column":8},"end":{"line":51,"column":51}},"9":{"start":{"line":52,"column":8},"end":{"line":52,"column":56}},"10":{"start":{"line":53,"column":8},"end":{"line":53,"column":71}},"11":{"start":{"line":55,"column":8},"end":{"line":55,"column":131}},"12":{"start":{"line":57,"column":8},"end":{"line":57,"column":40}},"13":{"start":{"line":59,"column":8},"end":{"line":59,"column":48}},"14":{"start":{"line":64,"column":8},"end":{"line":64,"column":43}},"15":{"start":{"line":65,"column":8},"end":{"line":65,"column":51}},"16":{"start":{"line":66,"column":8},"end":{"line":66,"column":35}},"17":{"start":{"line":68,"column":8},"end":{"line":68,"column":36}},"18":{"start":{"line":73,"column":8},"end":{"line":73,"column":50}},"19":{"start":{"line":74,"column":8},"end":{"line":74,"column":25}},"20":{"start":{"line":75,"column":8},"end":{"line":75,"column":32}},"21":{"start":{"line":77,"column":8},"end":{"line":77,"column":36}}},"branchMap":{"1":{"line":38,"type":"if","locations":[{"start":{"line":38,"column":8},"end":{"line":38,"column":8}},{"start":{"line":38,"column":8},"end":{"line":38,"column":8}}]},"2":{"line":39,"type":"if","locations":[{"start":{"line":39,"column":8},"end":{"line":39,"column":8}},{"start":{"line":39,"column":8},"end":{"line":39,"column":8}}]},"3":{"line":40,"type":"if","locations":[{"start":{"line":40,"column":8},"end":{"line":40,"column":8}},{"start":{"line":40,"column":8},"end":{"line":40,"column":8}}]},"4":{"line":50,"type":"if","locations":[{"start":{"line":50,"column":8},"end":{"line":50,"column":8}},{"start":{"line":50,"column":8},"end":{"line":50,"column":8}}]},"5":{"line":51,"type":"if","locations":[{"start":{"line":51,"column":8},"end":{"line":51,"column":8}},{"start":{"line":51,"column":8},"end":{"line":51,"column":8}}]},"6":{"line":52,"type":"if","locations":[{"start":{"line":52,"column":8},"end":{"line":52,"column":8}},{"start":{"line":52,"column":8},"end":{"line":52,"column":8}}]},"7":{"line":53,"type":"if","locations":[{"start":{"line":53,"column":8},"end":{"line":53,"column":8}},{"start":{"line":53,"column":8},"end":{"line":53,"column":8}}]},"8":{"line":64,"type":"if","locations":[{"start":{"line":64,"column":8},"end":{"line":64,"column":8}},{"start":{"line":64,"column":8},"end":{"line":64,"column":8}}]},"9":{"line":65,"type":"if","locations":[{"start":{"line":65,"column":8},"end":{"line":65,"column":8}},{"start":{"line":65,"column":8},"end":{"line":65,"column":8}}]},"10":{"line":73,"type":"if","locations":[{"start":{"line":73,"column":8},"end":{"line":73,"column":8}},{"start":{"line":73,"column":8},"end":{"line":73,"column":8}}]}}},"contracts/TimeswapPair.sol":{"l":{"50":0,"60":93,"61":93,"66":14,"71":25,"76":11,"81":11,"86":11,"91":11,"96":0,"101":12,"118":44,"119":44,"120":44,"121":44,"122":44,"139":30,"140":30,"141":30,"142":30,"143":30,"144":30,"145":30,"146":30,"147":30,"149":30,"150":30,"152":30,"153":30,"161":24,"162":24,"163":24,"165":24,"167":24,"169":24,"170":24,"171":24,"173":24,"174":22,"175":22,"177":22,"179":22,"180":22,"181":22,"183":22,"184":22,"207":1,"208":1,"209":1,"210":1,"211":1,"212":1,"214":1,"215":1,"216":1,"218":1,"219":1,"220":1,"225":1,"227":1,"229":1,"230":1,"232":1,"233":1,"234":1,"235":1,"237":1,"238":1,"239":1,"242":1,"244":1,"266":5,"267":5,"268":5,"269":5,"270":5,"271":5,"273":5,"274":5,"275":5,"277":5,"278":5,"279":5,"289":5,"290":5,"292":5,"293":5,"294":5,"295":5,"297":5,"298":5,"299":5,"300":5,"302":5,"304":5,"305":5,"306":5,"308":5,"310":5,"311":5,"312":5,"314":5,"316":5,"317":5,"338":4,"339":4,"340":4,"341":4,"342":4,"343":4,"351":4,"352":4,"354":4,"356":4,"357":4,"358":4,"359":4,"361":4,"363":4,"364":4,"365":4,"366":4,"368":4,"370":4,"371":4,"372":4,"374":4,"375":0,"376":0,"379":4,"381":4,"402":4,"403":4,"404":4,"405":4,"406":4,"407":4,"409":4,"410":4,"411":4,"413":4,"414":4,"415":4,"425":2,"426":2,"428":2,"430":2,"431":2,"432":2,"434":2,"435":2,"436":2,"438":2,"440":2,"441":2,"442":2,"444":2,"446":2,"448":2,"449":2,"472":1,"473":1,"474":1,"475":1,"477":1,"478":1,"479":1,"481":1,"483":1,"484":1,"486":1,"487":1,"488":1,"490":1,"491":1,"493":1,"494":1,"496":1,"497":1,"498":1,"499":1,"501":1,"504":1,"505":1,"507":1,"509":1,"511":1,"526":0,"527":0,"529":0,"530":0,"532":0,"534":0},"path":"/Users/dsukhani/Desktop/Code/Timeswap-V1-Core/contracts/TimeswapPair.sol","s":{"1":0,"2":93,"3":93,"4":14,"5":25,"6":11,"7":11,"8":11,"9":11,"10":0,"11":12,"12":44,"13":44,"14":44,"15":44,"16":44,"17":30,"18":30,"19":30,"20":30,"21":30,"22":30,"23":30,"24":30,"25":30,"26":30,"27":30,"28":30,"29":24,"30":24,"31":24,"32":24,"33":24,"34":24,"35":24,"36":24,"37":24,"38":22,"39":22,"40":22,"41":22,"42":22,"43":22,"44":22,"45":22,"46":1,"47":1,"48":1,"49":1,"50":1,"51":1,"52":1,"53":1,"54":1,"55":1,"56":1,"57":1,"58":1,"59":1,"60":1,"61":1,"62":1,"63":1,"64":1,"65":1,"66":1,"67":1,"68":1,"69":1,"70":1,"71":5,"72":5,"73":5,"74":5,"75":5,"76":5,"77":5,"78":5,"79":5,"80":5,"81":5,"82":5,"83":5,"84":5,"85":5,"86":5,"87":5,"88":5,"89":5,"90":5,"91":5,"92":5,"93":5,"94":5,"95":5,"96":5,"97":5,"98":5,"99":5,"100":5,"101":5,"102":5,"103":5,"104":4,"105":4,"106":4,"107":4,"108":4,"109":4,"110":4,"111":4,"112":4,"113":4,"114":4,"115":4,"116":4,"117":4,"118":4,"119":4,"120":4,"121":4,"122":4,"123":4,"124":4,"125":4,"126":4,"127":0,"128":0,"129":4,"130":4,"131":4,"132":4,"133":4,"134":4,"135":4,"136":4,"137":4,"138":4,"139":4,"140":4,"141":4,"142":4,"143":2,"144":2,"145":2,"146":2,"147":2,"148":2,"149":2,"150":2,"151":2,"152":2,"153":2,"154":2,"155":2,"156":2,"157":2,"158":2,"159":2,"160":1,"161":1,"162":1,"163":1,"164":1,"165":1,"166":1,"167":1,"168":1,"169":1,"170":1,"171":1,"172":1,"173":1,"174":1,"175":1,"176":0,"177":1,"178":1,"179":1,"180":1,"181":1,"182":1,"183":1,"184":1,"185":1,"186":1,"187":1,"188":1,"189":0,"190":0,"191":0,"192":0,"193":0,"194":0},"b":{"1":[30,0],"2":[30,0],"3":[30,0],"4":[30,0],"5":[30,0],"6":[30,0],"7":[30,0],"8":[30,0],"9":[24,0],"10":[1,0],"11":[1,0],"12":[1,0],"13":[1,0],"14":[1,0],"15":[1,0],"16":[1,0],"17":[1,0],"18":[1,0],"19":[5,0],"20":[5,0],"21":[5,0],"22":[5,0],"23":[5,0],"24":[5,0],"25":[5,0],"26":[4,0],"27":[4,0],"28":[4,0],"29":[4,0],"30":[4,0],"31":[4,0],"32":[4,0],"33":[0,4],"34":[4,0],"35":[4,0],"36":[4,0],"37":[4,0],"38":[4,0],"39":[4,0],"40":[4,0],"41":[1,0],"42":[1,0],"43":[1,0],"44":[1,0],"45":[1,0],"46":[1,0],"47":[1,0],"48":[1,0],"49":[0,1],"50":[0,0],"51":[1,0],"52":[1,0],"53":[1,0],"54":[0,0],"55":[0,0]},"f":{"1":0,"2":93,"3":14,"4":25,"5":11,"6":11,"7":11,"8":11,"9":0,"10":12,"11":44,"12":30,"13":1,"14":5,"15":4,"16":4,"17":1,"18":0},"fnMap":{"1":{"name":"feeStored","line":44,"loc":{"start":{"line":44,"column":4},"end":{"line":51,"column":4}}},"2":{"name":"constantProduct","line":54,"loc":{"start":{"line":54,"column":4},"end":{"line":62,"column":4}}},"3":{"name":"totalReserves","line":65,"loc":{"start":{"line":65,"column":4},"end":{"line":67,"column":4}}},"4":{"name":"totalLiquidity","line":70,"loc":{"start":{"line":70,"column":4},"end":{"line":72,"column":4}}},"5":{"name":"liquidityOf","line":75,"loc":{"start":{"line":75,"column":4},"end":{"line":77,"column":4}}},"6":{"name":"totalClaims","line":80,"loc":{"start":{"line":80,"column":4},"end":{"line":82,"column":4}}},"7":{"name":"claimsOf","line":85,"loc":{"start":{"line":85,"column":4},"end":{"line":87,"column":4}}},"8":{"name":"totalDebtCreated","line":90,"loc":{"start":{"line":90,"column":4},"end":{"line":92,"column":4}}},"9":{"name":"totalDuesOf","line":95,"loc":{"start":{"line":95,"column":4},"end":{"line":97,"column":4}}},"10":{"name":"dueOf","line":100,"loc":{"start":{"line":100,"column":4},"end":{"line":102,"column":4}}},"11":{"name":"constructor","line":117,"loc":{"start":{"line":112,"column":4},"end":{"line":123,"column":4}}},"12":{"name":"mint","line":131,"loc":{"start":{"line":128,"column":4},"end":{"line":195,"column":4}}},"13":{"name":"burn","line":201,"loc":{"start":{"line":198,"column":4},"end":{"line":254,"column":4}}},"14":{"name":"lend","line":260,"loc":{"start":{"line":257,"column":4},"end":{"line":327,"column":4}}},"15":{"name":"withdraw","line":333,"loc":{"start":{"line":330,"column":4},"end":{"line":389,"column":4}}},"16":{"name":"borrow","line":395,"loc":{"start":{"line":392,"column":4},"end":{"line":460,"column":4}}},"17":{"name":"pay","line":466,"loc":{"start":{"line":463,"column":4},"end":{"line":522,"column":4}}},"18":{"name":"collectProtocolFee","line":525,"loc":{"start":{"line":525,"column":4},"end":{"line":535,"column":4}}}},"statementMap":{"1":{"start":{"line":50,"column":8},"end":{"line":50,"column":46}},"2":{"start":{"line":60,"column":8},"end":{"line":60,"column":50}},"3":{"start":{"line":61,"column":8},"end":{"line":61,"column":42}},"4":{"start":{"line":66,"column":8},"end":{"line":66,"column":45}},"5":{"start":{"line":71,"column":8},"end":{"line":71,"column":51}},"6":{"start":{"line":76,"column":8},"end":{"line":76,"column":49}},"7":{"start":{"line":81,"column":8},"end":{"line":81,"column":48}},"8":{"start":{"line":86,"column":8},"end":{"line":86,"column":44}},"9":{"start":{"line":91,"column":8},"end":{"line":91,"column":53}},"10":{"start":{"line":96,"column":8},"end":{"line":96,"column":49}},"11":{"start":{"line":101,"column":8},"end":{"line":101,"column":46}},"12":{"start":{"line":118,"column":8},"end":{"line":118,"column":37}},"13":{"start":{"line":119,"column":8},"end":{"line":119,"column":21}},"14":{"start":{"line":120,"column":8},"end":{"line":120,"column":31}},"15":{"start":{"line":121,"column":8},"end":{"line":121,"column":17}},"16":{"start":{"line":122,"column":8},"end":{"line":122,"column":33}},"17":{"start":{"line":139,"column":8},"end":{"line":139,"column":56}},"18":{"start":{"line":141,"column":8},"end":{"line":141,"column":55}},"19":{"start":{"line":142,"column":8},"end":{"line":142,"column":49}},"20":{"start":{"line":143,"column":8},"end":{"line":143,"column":58}},"21":{"start":{"line":144,"column":8},"end":{"line":144,"column":52}},"22":{"start":{"line":145,"column":8},"end":{"line":145,"column":44}},"23":{"start":{"line":146,"column":8},"end":{"line":146,"column":44}},"24":{"start":{"line":147,"column":8},"end":{"line":147,"column":44}},"25":{"start":{"line":149,"column":8},"end":{"line":149,"column":49}},"26":{"start":{"line":150,"column":8},"end":{"line":150,"column":39}},"27":{"start":{"line":152,"column":8},"end":{"line":152,"column":33}},"28":{"start":{"line":153,"column":8},"end":{"line":153,"column":5106}},"29":{"start":{"line":161,"column":8},"end":{"line":161,"column":41}},"30":{"start":{"line":162,"column":8},"end":{"line":162,"column":43}},"31":{"start":{"line":163,"column":8},"end":{"line":163,"column":58}},"32":{"start":{"line":165,"column":8},"end":{"line":165,"column":43}},"33":{"start":{"line":167,"column":8},"end":{"line":167,"column":49}},"34":{"start":{"line":169,"column":8},"end":{"line":169,"column":46}},"35":{"start":{"line":170,"column":8},"end":{"line":170,"column":53}},"36":{"start":{"line":171,"column":8},"end":{"line":171,"column":44}},"37":{"start":{"line":173,"column":8},"end":{"line":173,"column":33}},"38":{"start":{"line":174,"column":8},"end":{"line":174,"column":33}},"39":{"start":{"line":175,"column":8},"end":{"line":175,"column":33}},"40":{"start":{"line":177,"column":8},"end":{"line":177,"column":25}},"41":{"start":{"line":179,"column":8},"end":{"line":179,"column":32}},"42":{"start":{"line":180,"column":8},"end":{"line":180,"column":35}},"43":{"start":{"line":181,"column":8},"end":{"line":181,"column":79}},"44":{"start":{"line":183,"column":8},"end":{"line":183,"column":75}},"45":{"start":{"line":184,"column":8},"end":{"line":184,"column":6104}},"46":{"start":{"line":207,"column":8},"end":{"line":207,"column":57}},"47":{"start":{"line":208,"column":8},"end":{"line":208,"column":51}},"48":{"start":{"line":209,"column":8},"end":{"line":209,"column":56}},"49":{"start":{"line":210,"column":8},"end":{"line":210,"column":54}},"50":{"start":{"line":211,"column":8},"end":{"line":211,"column":59}},"51":{"start":{"line":212,"column":8},"end":{"line":212,"column":46}},"52":{"start":{"line":214,"column":8},"end":{"line":214,"column":49}},"53":{"start":{"line":215,"column":8},"end":{"line":215,"column":39}},"54":{"start":{"line":216,"column":8},"end":{"line":216,"column":49}},"55":{"start":{"line":218,"column":8},"end":{"line":218,"column":25}},"56":{"start":{"line":219,"column":8},"end":{"line":219,"column":22}},"57":{"start":{"line":220,"column":8},"end":{"line":220,"column":7135}},"58":{"start":{"line":225,"column":8},"end":{"line":225,"column":48}},"59":{"start":{"line":227,"column":8},"end":{"line":227,"column":56}},"60":{"start":{"line":229,"column":8},"end":{"line":229,"column":27}},"61":{"start":{"line":230,"column":8},"end":{"line":230,"column":25}},"62":{"start":{"line":232,"column":8},"end":{"line":232,"column":7436}},"63":{"start":{"line":233,"column":12},"end":{"line":233,"column":44}},"64":{"start":{"line":234,"column":12},"end":{"line":234,"column":36}},"65":{"start":{"line":235,"column":12},"end":{"line":235,"column":54}},"66":{"start":{"line":237,"column":8},"end":{"line":237,"column":7618}},"67":{"start":{"line":238,"column":12},"end":{"line":238,"column":53}},"68":{"start":{"line":239,"column":12},"end":{"line":239,"column":69}},"69":{"start":{"line":242,"column":8},"end":{"line":242,"column":25}},"70":{"start":{"line":244,"column":8},"end":{"line":244,"column":7821}},"71":{"start":{"line":266,"column":8},"end":{"line":266,"column":56}},"72":{"start":{"line":267,"column":8},"end":{"line":267,"column":50}},"73":{"start":{"line":268,"column":8},"end":{"line":268,"column":55}},"74":{"start":{"line":269,"column":8},"end":{"line":269,"column":53}},"75":{"start":{"line":270,"column":8},"end":{"line":270,"column":58}},"76":{"start":{"line":271,"column":8},"end":{"line":271,"column":44}},"77":{"start":{"line":273,"column":8},"end":{"line":273,"column":49}},"78":{"start":{"line":274,"column":8},"end":{"line":274,"column":39}},"79":{"start":{"line":275,"column":8},"end":{"line":275,"column":49}},"80":{"start":{"line":277,"column":8},"end":{"line":277,"column":33}},"81":{"start":{"line":278,"column":8},"end":{"line":278,"column":41}},"82":{"start":{"line":279,"column":8},"end":{"line":279,"column":8859}},"83":{"start":{"line":289,"column":8},"end":{"line":289,"column":43}},"84":{"start":{"line":290,"column":8},"end":{"line":290,"column":53}},"85":{"start":{"line":292,"column":8},"end":{"line":292,"column":65}},"86":{"start":{"line":293,"column":8},"end":{"line":293,"column":63}},"87":{"start":{"line":294,"column":8},"end":{"line":294,"column":75}},"88":{"start":{"line":295,"column":8},"end":{"line":295,"column":73}},"89":{"start":{"line":297,"column":8},"end":{"line":297,"column":73}},"90":{"start":{"line":298,"column":8},"end":{"line":298,"column":71}},"91":{"start":{"line":299,"column":8},"end":{"line":299,"column":88}},"92":{"start":{"line":300,"column":8},"end":{"line":300,"column":86}},"93":{"start":{"line":302,"column":8},"end":{"line":302,"column":46}},"94":{"start":{"line":304,"column":8},"end":{"line":304,"column":33}},"95":{"start":{"line":305,"column":8},"end":{"line":305,"column":33}},"96":{"start":{"line":306,"column":8},"end":{"line":306,"column":33}},"97":{"start":{"line":308,"column":8},"end":{"line":308,"column":25}},"98":{"start":{"line":310,"column":8},"end":{"line":310,"column":32}},"99":{"start":{"line":311,"column":8},"end":{"line":311,"column":35}},"100":{"start":{"line":312,"column":8},"end":{"line":312,"column":43}},"101":{"start":{"line":314,"column":8},"end":{"line":314,"column":48}},"102":{"start":{"line":316,"column":8},"end":{"line":316,"column":75}},"103":{"start":{"line":317,"column":8},"end":{"line":317,"column":10299}},"104":{"start":{"line":338,"column":8},"end":{"line":338,"column":57}},"105":{"start":{"line":339,"column":8},"end":{"line":339,"column":51}},"106":{"start":{"line":340,"column":8},"end":{"line":340,"column":56}},"107":{"start":{"line":341,"column":8},"end":{"line":341,"column":54}},"108":{"start":{"line":342,"column":8},"end":{"line":342,"column":59}},"109":{"start":{"line":343,"column":8},"end":{"line":343,"column":11060}},"110":{"start":{"line":351,"column":8},"end":{"line":351,"column":49}},"111":{"start":{"line":352,"column":8},"end":{"line":352,"column":39}},"112":{"start":{"line":354,"column":8},"end":{"line":354,"column":68}},"113":{"start":{"line":356,"column":8},"end":{"line":356,"column":70}},"114":{"start":{"line":357,"column":8},"end":{"line":357,"column":68}},"115":{"start":{"line":358,"column":8},"end":{"line":358,"column":80}},"116":{"start":{"line":359,"column":8},"end":{"line":359,"column":78}},"117":{"start":{"line":361,"column":8},"end":{"line":361,"column":54}},"118":{"start":{"line":363,"column":8},"end":{"line":363,"column":59}},"119":{"start":{"line":364,"column":8},"end":{"line":364,"column":57}},"120":{"start":{"line":365,"column":8},"end":{"line":365,"column":69}},"121":{"start":{"line":366,"column":8},"end":{"line":366,"column":67}},"122":{"start":{"line":368,"column":8},"end":{"line":368,"column":39}},"123":{"start":{"line":370,"column":8},"end":{"line":370,"column":12151}},"124":{"start":{"line":371,"column":12},"end":{"line":371,"column":50}},"125":{"start":{"line":372,"column":12},"end":{"line":372,"column":61}},"126":{"start":{"line":374,"column":8},"end":{"line":374,"column":12314}},"127":{"start":{"line":375,"column":12},"end":{"line":375,"column":60}},"128":{"start":{"line":376,"column":12},"end":{"line":376,"column":76}},"129":{"start":{"line":379,"column":8},"end":{"line":379,"column":25}},"130":{"start":{"line":381,"column":8},"end":{"line":381,"column":12538}},"131":{"start":{"line":402,"column":8},"end":{"line":402,"column":56}},"132":{"start":{"line":403,"column":8},"end":{"line":403,"column":51}},"133":{"start":{"line":404,"column":8},"end":{"line":404,"column":49}},"134":{"start":{"line":405,"column":8},"end":{"line":405,"column":54}},"135":{"start":{"line":406,"column":8},"end":{"line":406,"column":52}},"136":{"start":{"line":407,"column":8},"end":{"line":407,"column":44}},"137":{"start":{"line":409,"column":8},"end":{"line":409,"column":49}},"138":{"start":{"line":410,"column":8},"end":{"line":410,"column":39}},"139":{"start":{"line":411,"column":8},"end":{"line":411,"column":49}},"140":{"start":{"line":413,"column":8},"end":{"line":413,"column":33}},"141":{"start":{"line":414,"column":8},"end":{"line":414,"column":41}},"142":{"start":{"line":415,"column":8},"end":{"line":415,"column":13543}},"143":{"start":{"line":425,"column":8},"end":{"line":425,"column":43}},"144":{"start":{"line":426,"column":8},"end":{"line":426,"column":53}},"145":{"start":{"line":428,"column":8},"end":{"line":428,"column":49}},"146":{"start":{"line":430,"column":8},"end":{"line":430,"column":46}},"147":{"start":{"line":431,"column":8},"end":{"line":431,"column":53}},"148":{"start":{"line":432,"column":8},"end":{"line":432,"column":44}},"149":{"start":{"line":434,"column":8},"end":{"line":434,"column":33}},"150":{"start":{"line":435,"column":8},"end":{"line":435,"column":33}},"151":{"start":{"line":436,"column":8},"end":{"line":436,"column":33}},"152":{"start":{"line":438,"column":8},"end":{"line":438,"column":25}},"153":{"start":{"line":440,"column":8},"end":{"line":440,"column":33}},"154":{"start":{"line":441,"column":8},"end":{"line":441,"column":36}},"155":{"start":{"line":442,"column":8},"end":{"line":442,"column":44}},"156":{"start":{"line":444,"column":8},"end":{"line":444,"column":50}},"157":{"start":{"line":446,"column":8},"end":{"line":446,"column":65}},"158":{"start":{"line":448,"column":8},"end":{"line":448,"column":75}},"159":{"start":{"line":449,"column":8},"end":{"line":449,"column":14592}},"160":{"start":{"line":472,"column":8},"end":{"line":472,"column":56}},"161":{"start":{"line":473,"column":8},"end":{"line":473,"column":49}},"162":{"start":{"line":474,"column":8},"end":{"line":474,"column":46}},"163":{"start":{"line":475,"column":8},"end":{"line":475,"column":49}},"164":{"start":{"line":477,"column":8},"end":{"line":477,"column":41}},"165":{"start":{"line":478,"column":8},"end":{"line":478,"column":54}},"166":{"start":{"line":479,"column":8},"end":{"line":479,"column":61}},"167":{"start":{"line":481,"column":8},"end":{"line":481,"column":49}},"168":{"start":{"line":483,"column":8},"end":{"line":483,"column":51}},"169":{"start":{"line":484,"column":8},"end":{"line":484,"column":45}},"170":{"start":{"line":486,"column":8},"end":{"line":486,"column":15632}},"171":{"start":{"line":487,"column":12},"end":{"line":487,"column":48}},"172":{"start":{"line":488,"column":12},"end":{"line":488,"column":63}},"173":{"start":{"line":490,"column":12},"end":{"line":490,"column":48}},"174":{"start":{"line":491,"column":12},"end":{"line":491,"column":60}},"175":{"start":{"line":493,"column":12},"end":{"line":493,"column":79}},"176":{"start":{"line":493,"column":43},"end":{"line":493,"column":78}},"177":{"start":{"line":494,"column":12},"end":{"line":494,"column":100}},"178":{"start":{"line":496,"column":12},"end":{"line":496,"column":31}},"179":{"start":{"line":497,"column":12},"end":{"line":497,"column":43}},"180":{"start":{"line":498,"column":12},"end":{"line":498,"column":30}},"181":{"start":{"line":499,"column":12},"end":{"line":499,"column":42}},"182":{"start":{"line":504,"column":8},"end":{"line":504,"column":43}},"183":{"start":{"line":505,"column":8},"end":{"line":505,"column":54}},"184":{"start":{"line":507,"column":8},"end":{"line":507,"column":80}},"185":{"start":{"line":507,"column":32},"end":{"line":507,"column":79}},"186":{"start":{"line":509,"column":8},"end":{"line":509,"column":66}},"187":{"start":{"line":509,"column":26},"end":{"line":509,"column":65}},"188":{"start":{"line":511,"column":8},"end":{"line":511,"column":16556}},"189":{"start":{"line":526,"column":8},"end":{"line":526,"column":53}},"190":{"start":{"line":527,"column":8},"end":{"line":527,"column":40}},"191":{"start":{"line":529,"column":8},"end":{"line":529,"column":41}},"192":{"start":{"line":530,"column":8},"end":{"line":530,"column":28}},"193":{"start":{"line":532,"column":8},"end":{"line":532,"column":45}},"194":{"start":{"line":534,"column":8},"end":{"line":534,"column":63}}},"branchMap":{"1":{"line":139,"type":"if","locations":[{"start":{"line":139,"column":8},"end":{"line":139,"column":8}},{"start":{"line":139,"column":8},"end":{"line":139,"column":8}}]},"2":{"line":141,"type":"if","locations":[{"start":{"line":141,"column":8},"end":{"line":141,"column":8}},{"start":{"line":141,"column":8},"end":{"line":141,"column":8}}]},"3":{"line":142,"type":"if","locations":[{"start":{"line":142,"column":8},"end":{"line":142,"column":8}},{"start":{"line":142,"column":8},"end":{"line":142,"column":8}}]},"4":{"line":143,"type":"if","locations":[{"start":{"line":143,"column":8},"end":{"line":143,"column":8}},{"start":{"line":143,"column":8},"end":{"line":143,"column":8}}]},"5":{"line":144,"type":"if","locations":[{"start":{"line":144,"column":8},"end":{"line":144,"column":8}},{"start":{"line":144,"column":8},"end":{"line":144,"column":8}}]},"6":{"line":145,"type":"if","locations":[{"start":{"line":145,"column":8},"end":{"line":145,"column":8}},{"start":{"line":145,"column":8},"end":{"line":145,"column":8}}]},"7":{"line":146,"type":"if","locations":[{"start":{"line":146,"column":8},"end":{"line":146,"column":8}},{"start":{"line":146,"column":8},"end":{"line":146,"column":8}}]},"8":{"line":147,"type":"if","locations":[{"start":{"line":147,"column":8},"end":{"line":147,"column":8}},{"start":{"line":147,"column":8},"end":{"line":147,"column":8}}]},"9":{"line":161,"type":"if","locations":[{"start":{"line":161,"column":8},"end":{"line":161,"column":8}},{"start":{"line":161,"column":8},"end":{"line":161,"column":8}}]},"10":{"line":207,"type":"if","locations":[{"start":{"line":207,"column":8},"end":{"line":207,"column":8}},{"start":{"line":207,"column":8},"end":{"line":207,"column":8}}]},"11":{"line":208,"type":"if","locations":[{"start":{"line":208,"column":8},"end":{"line":208,"column":8}},{"start":{"line":208,"column":8},"end":{"line":208,"column":8}}]},"12":{"line":209,"type":"if","locations":[{"start":{"line":209,"column":8},"end":{"line":209,"column":8}},{"start":{"line":209,"column":8},"end":{"line":209,"column":8}}]},"13":{"line":210,"type":"if","locations":[{"start":{"line":210,"column":8},"end":{"line":210,"column":8}},{"start":{"line":210,"column":8},"end":{"line":210,"column":8}}]},"14":{"line":211,"type":"if","locations":[{"start":{"line":211,"column":8},"end":{"line":211,"column":8}},{"start":{"line":211,"column":8},"end":{"line":211,"column":8}}]},"15":{"line":212,"type":"if","locations":[{"start":{"line":212,"column":8},"end":{"line":212,"column":8}},{"start":{"line":212,"column":8},"end":{"line":212,"column":8}}]},"16":{"line":216,"type":"if","locations":[{"start":{"line":216,"column":8},"end":{"line":216,"column":8}},{"start":{"line":216,"column":8},"end":{"line":216,"column":8}}]},"17":{"line":232,"type":"if","locations":[{"start":{"line":232,"column":8},"end":{"line":232,"column":8}},{"start":{"line":232,"column":8},"end":{"line":232,"column":8}}]},"18":{"line":237,"type":"if","locations":[{"start":{"line":237,"column":8},"end":{"line":237,"column":8}},{"start":{"line":237,"column":8},"end":{"line":237,"column":8}}]},"19":{"line":266,"type":"if","locations":[{"start":{"line":266,"column":8},"end":{"line":266,"column":8}},{"start":{"line":266,"column":8},"end":{"line":266,"column":8}}]},"20":{"line":267,"type":"if","locations":[{"start":{"line":267,"column":8},"end":{"line":267,"column":8}},{"start":{"line":267,"column":8},"end":{"line":267,"column":8}}]},"21":{"line":268,"type":"if","locations":[{"start":{"line":268,"column":8},"end":{"line":268,"column":8}},{"start":{"line":268,"column":8},"end":{"line":268,"column":8}}]},"22":{"line":269,"type":"if","locations":[{"start":{"line":269,"column":8},"end":{"line":269,"column":8}},{"start":{"line":269,"column":8},"end":{"line":269,"column":8}}]},"23":{"line":270,"type":"if","locations":[{"start":{"line":270,"column":8},"end":{"line":270,"column":8}},{"start":{"line":270,"column":8},"end":{"line":270,"column":8}}]},"24":{"line":271,"type":"if","locations":[{"start":{"line":271,"column":8},"end":{"line":271,"column":8}},{"start":{"line":271,"column":8},"end":{"line":271,"column":8}}]},"25":{"line":275,"type":"if","locations":[{"start":{"line":275,"column":8},"end":{"line":275,"column":8}},{"start":{"line":275,"column":8},"end":{"line":275,"column":8}}]},"26":{"line":338,"type":"if","locations":[{"start":{"line":338,"column":8},"end":{"line":338,"column":8}},{"start":{"line":338,"column":8},"end":{"line":338,"column":8}}]},"27":{"line":339,"type":"if","locations":[{"start":{"line":339,"column":8},"end":{"line":339,"column":8}},{"start":{"line":339,"column":8},"end":{"line":339,"column":8}}]},"28":{"line":340,"type":"if","locations":[{"start":{"line":340,"column":8},"end":{"line":340,"column":8}},{"start":{"line":340,"column":8},"end":{"line":340,"column":8}}]},"29":{"line":341,"type":"if","locations":[{"start":{"line":341,"column":8},"end":{"line":341,"column":8}},{"start":{"line":341,"column":8},"end":{"line":341,"column":8}}]},"30":{"line":342,"type":"if","locations":[{"start":{"line":342,"column":8},"end":{"line":342,"column":8}},{"start":{"line":342,"column":8},"end":{"line":342,"column":8}}]},"31":{"line":343,"type":"if","locations":[{"start":{"line":343,"column":8},"end":{"line":343,"column":8}},{"start":{"line":343,"column":8},"end":{"line":343,"column":8}}]},"32":{"line":370,"type":"if","locations":[{"start":{"line":370,"column":8},"end":{"line":370,"column":8}},{"start":{"line":370,"column":8},"end":{"line":370,"column":8}}]},"33":{"line":374,"type":"if","locations":[{"start":{"line":374,"column":8},"end":{"line":374,"column":8}},{"start":{"line":374,"column":8},"end":{"line":374,"column":8}}]},"34":{"line":402,"type":"if","locations":[{"start":{"line":402,"column":8},"end":{"line":402,"column":8}},{"start":{"line":402,"column":8},"end":{"line":402,"column":8}}]},"35":{"line":403,"type":"if","locations":[{"start":{"line":403,"column":8},"end":{"line":403,"column":8}},{"start":{"line":403,"column":8},"end":{"line":403,"column":8}}]},"36":{"line":404,"type":"if","locations":[{"start":{"line":404,"column":8},"end":{"line":404,"column":8}},{"start":{"line":404,"column":8},"end":{"line":404,"column":8}}]},"37":{"line":405,"type":"if","locations":[{"start":{"line":405,"column":8},"end":{"line":405,"column":8}},{"start":{"line":405,"column":8},"end":{"line":405,"column":8}}]},"38":{"line":406,"type":"if","locations":[{"start":{"line":406,"column":8},"end":{"line":406,"column":8}},{"start":{"line":406,"column":8},"end":{"line":406,"column":8}}]},"39":{"line":407,"type":"if","locations":[{"start":{"line":407,"column":8},"end":{"line":407,"column":8}},{"start":{"line":407,"column":8},"end":{"line":407,"column":8}}]},"40":{"line":411,"type":"if","locations":[{"start":{"line":411,"column":8},"end":{"line":411,"column":8}},{"start":{"line":411,"column":8},"end":{"line":411,"column":8}}]},"41":{"line":472,"type":"if","locations":[{"start":{"line":472,"column":8},"end":{"line":472,"column":8}},{"start":{"line":472,"column":8},"end":{"line":472,"column":8}}]},"42":{"line":473,"type":"if","locations":[{"start":{"line":473,"column":8},"end":{"line":473,"column":8}},{"start":{"line":473,"column":8},"end":{"line":473,"column":8}}]},"43":{"line":474,"type":"if","locations":[{"start":{"line":474,"column":8},"end":{"line":474,"column":8}},{"start":{"line":474,"column":8},"end":{"line":474,"column":8}}]},"44":{"line":475,"type":"if","locations":[{"start":{"line":475,"column":8},"end":{"line":475,"column":8}},{"start":{"line":475,"column":8},"end":{"line":475,"column":8}}]},"45":{"line":478,"type":"if","locations":[{"start":{"line":478,"column":8},"end":{"line":478,"column":8}},{"start":{"line":478,"column":8},"end":{"line":478,"column":8}}]},"46":{"line":479,"type":"if","locations":[{"start":{"line":479,"column":8},"end":{"line":479,"column":8}},{"start":{"line":479,"column":8},"end":{"line":479,"column":8}}]},"47":{"line":484,"type":"if","locations":[{"start":{"line":484,"column":8},"end":{"line":484,"column":8}},{"start":{"line":484,"column":8},"end":{"line":484,"column":8}}]},"48":{"line":488,"type":"if","locations":[{"start":{"line":488,"column":12},"end":{"line":488,"column":12}},{"start":{"line":488,"column":12},"end":{"line":488,"column":12}}]},"49":{"line":493,"type":"if","locations":[{"start":{"line":493,"column":12},"end":{"line":493,"column":12}},{"start":{"line":493,"column":12},"end":{"line":493,"column":12}}]},"50":{"line":493,"type":"if","locations":[{"start":{"line":493,"column":43},"end":{"line":493,"column":43}},{"start":{"line":493,"column":43},"end":{"line":493,"column":43}}]},"51":{"line":494,"type":"if","locations":[{"start":{"line":494,"column":12},"end":{"line":494,"column":12}},{"start":{"line":494,"column":12},"end":{"line":494,"column":12}}]},"52":{"line":507,"type":"if","locations":[{"start":{"line":507,"column":8},"end":{"line":507,"column":8}},{"start":{"line":507,"column":8},"end":{"line":507,"column":8}}]},"53":{"line":509,"type":"if","locations":[{"start":{"line":509,"column":8},"end":{"line":509,"column":8}},{"start":{"line":509,"column":8},"end":{"line":509,"column":8}}]},"54":{"line":526,"type":"if","locations":[{"start":{"line":526,"column":8},"end":{"line":526,"column":8}},{"start":{"line":526,"column":8},"end":{"line":526,"column":8}}]},"55":{"line":527,"type":"if","locations":[{"start":{"line":527,"column":8},"end":{"line":527,"column":8}},{"start":{"line":527,"column":8},"end":{"line":527,"column":8}}]}}}}