{
  "contracts/interfaces/callback/ITimeswapBorrowCallback.sol": {
    "l": {},
    "path": "/Users/dsukhani/Desktop/code/Timeswap-V1-Core/contracts/interfaces/callback/ITimeswapBorrowCallback.sol",
    "s": {},
    "b": {},
    "f": {},
    "fnMap": {},
    "statementMap": {},
    "branchMap": {}
  },
  "contracts/interfaces/callback/ITimeswapLendCallback.sol": {
    "l": {},
    "path": "/Users/dsukhani/Desktop/code/Timeswap-V1-Core/contracts/interfaces/callback/ITimeswapLendCallback.sol",
    "s": {},
    "b": {},
    "f": {},
    "fnMap": {},
    "statementMap": {},
    "branchMap": {}
  },
  "contracts/interfaces/callback/ITimeswapMintCallback.sol": {
    "l": {},
    "path": "/Users/dsukhani/Desktop/code/Timeswap-V1-Core/contracts/interfaces/callback/ITimeswapMintCallback.sol",
    "s": {},
    "b": {},
    "f": {},
    "fnMap": {},
    "statementMap": {},
    "branchMap": {}
  },
  "contracts/interfaces/callback/ITimeswapPayCallback.sol": {
    "l": {},
    "path": "/Users/dsukhani/Desktop/code/Timeswap-V1-Core/contracts/interfaces/callback/ITimeswapPayCallback.sol",
    "s": {},
    "b": {},
    "f": {},
    "fnMap": {},
    "statementMap": {},
    "branchMap": {}
  },
  "contracts/interfaces/IFactory.sol": {
    "l": {},
    "path": "/Users/dsukhani/Desktop/code/Timeswap-V1-Core/contracts/interfaces/IFactory.sol",
    "s": {},
    "b": {},
    "f": {},
    "fnMap": {},
    "statementMap": {},
    "branchMap": {}
  },
  "contracts/interfaces/IPair.sol": {
    "l": {},
    "path": "/Users/dsukhani/Desktop/code/Timeswap-V1-Core/contracts/interfaces/IPair.sol",
    "s": {},
    "b": {},
    "f": {},
    "fnMap": {},
    "statementMap": {},
    "branchMap": {}
  },
  "contracts/libraries/Array.sol": {
    "l": { "8": 66, "10": 66 },
    "path": "/Users/dsukhani/Desktop/code/Timeswap-V1-Core/contracts/libraries/Array.sol",
    "s": { "1": 66, "2": 66 },
    "b": {},
    "f": { "1": 66 },
    "fnMap": {
      "1": {
        "name": "insert",
        "line": 7,
        "loc": { "start": { "line": 7, "column": 4 }, "end": { "line": 12, "column": 4 } }
      }
    },
    "statementMap": {
      "1": { "start": { "line": 8, "column": 8 }, "end": { "line": 8, "column": 23 } },
      "2": { "start": { "line": 10, "column": 8 }, "end": { "line": 10, "column": 24 } }
    },
    "branchMap": {}
  },
  "contracts/libraries/BlockNumber.sol": {
    "l": { "10": 69 },
    "path": "/Users/dsukhani/Desktop/code/Timeswap-V1-Core/contracts/libraries/BlockNumber.sol",
    "s": { "1": 69 },
    "b": {},
    "f": { "1": 69 },
    "fnMap": {
      "1": {
        "name": "get",
        "line": 9,
        "loc": { "start": { "line": 9, "column": 4 }, "end": { "line": 11, "column": 4 } }
      }
    },
    "statementMap": { "1": { "start": { "line": 10, "column": 8 }, "end": { "line": 10, "column": 45 } } },
    "branchMap": {}
  },
  "contracts/libraries/BorrowMath.sol": {
    "l": {
      "24": 11,
      "25": 11,
      "26": 11,
      "27": 11,
      "28": 11,
      "30": 11,
      "31": 11,
      "32": 11,
      "33": 11,
      "34": 11,
      "35": 11,
      "36": 11,
      "44": 22,
      "45": 22,
      "46": 22,
      "54": 10,
      "55": 10,
      "56": 10,
      "57": 10,
      "58": 10,
      "59": 10,
      "68": 10,
      "69": 10,
      "70": 10,
      "71": 10,
      "72": 10,
      "73": 10,
      "74": 10,
      "75": 10,
      "76": 10,
      "77": 10,
      "78": 10,
      "79": 10,
      "80": 10
    },
    "path": "/Users/dsukhani/Desktop/code/Timeswap-V1-Core/contracts/libraries/BorrowMath.sol",
    "s": {
      "1": 11,
      "2": 11,
      "3": 11,
      "4": 11,
      "5": 11,
      "6": 11,
      "7": 11,
      "8": 11,
      "9": 11,
      "10": 11,
      "11": 11,
      "12": 11,
      "13": 22,
      "14": 22,
      "15": 22,
      "16": 10,
      "17": 10,
      "18": 10,
      "19": 10,
      "20": 10,
      "21": 10,
      "22": 10,
      "23": 10,
      "24": 10,
      "25": 10,
      "26": 10,
      "27": 10,
      "28": 10,
      "29": 10,
      "30": 10,
      "31": 10,
      "32": 10,
      "33": 10,
      "34": 10
    },
    "b": { "1": [10, 1] },
    "f": { "1": 11, "2": 22, "3": 10, "4": 10 },
    "fnMap": {
      "1": {
        "name": "check",
        "line": 17,
        "loc": { "start": { "line": 17, "column": 4 }, "end": { "line": 37, "column": 4 } }
      },
      "2": {
        "name": "adjust",
        "line": 39,
        "loc": { "start": { "line": 39, "column": 4 }, "end": { "line": 47, "column": 4 } }
      },
      "3": {
        "name": "getDebt",
        "line": 49,
        "loc": { "start": { "line": 49, "column": 4 }, "end": { "line": 60, "column": 4 } }
      },
      "4": {
        "name": "getCollateral",
        "line": 62,
        "loc": { "start": { "line": 62, "column": 4 }, "end": { "line": 81, "column": 4 } }
      }
    },
    "statementMap": {
      "1": { "start": { "line": 24, "column": 8 }, "end": { "line": 24, "column": 39 } },
      "2": { "start": { "line": 25, "column": 8 }, "end": { "line": 25, "column": 46 } },
      "3": { "start": { "line": 26, "column": 8 }, "end": { "line": 26, "column": 63 } },
      "4": { "start": { "line": 27, "column": 8 }, "end": { "line": 27, "column": 63 } },
      "5": { "start": { "line": 28, "column": 8 }, "end": { "line": 28, "column": 65 } },
      "6": { "start": { "line": 30, "column": 8 }, "end": { "line": 30, "column": 35 } },
      "7": { "start": { "line": 31, "column": 8 }, "end": { "line": 31, "column": 25 } },
      "8": { "start": { "line": 32, "column": 8 }, "end": { "line": 32, "column": 21 } },
      "9": { "start": { "line": 33, "column": 8 }, "end": { "line": 33, "column": 38 } },
      "10": { "start": { "line": 34, "column": 8 }, "end": { "line": 34, "column": 29 } },
      "11": { "start": { "line": 35, "column": 8 }, "end": { "line": 35, "column": 43 } },
      "12": { "start": { "line": 36, "column": 8 }, "end": { "line": 36, "column": 44 } },
      "13": { "start": { "line": 44, "column": 8 }, "end": { "line": 44, "column": 25 } },
      "14": { "start": { "line": 45, "column": 8 }, "end": { "line": 45, "column": 22 } },
      "15": { "start": { "line": 46, "column": 8 }, "end": { "line": 46, "column": 37 } },
      "16": { "start": { "line": 54, "column": 8 }, "end": { "line": 54, "column": 34 } },
      "17": { "start": { "line": 55, "column": 8 }, "end": { "line": 55, "column": 33 } },
      "18": { "start": { "line": 56, "column": 8 }, "end": { "line": 56, "column": 27 } },
      "19": { "start": { "line": 57, "column": 8 }, "end": { "line": 57, "column": 41 } },
      "20": { "start": { "line": 58, "column": 8 }, "end": { "line": 58, "column": 27 } },
      "21": { "start": { "line": 59, "column": 8 }, "end": { "line": 59, "column": 35 } },
      "22": { "start": { "line": 68, "column": 8 }, "end": { "line": 68, "column": 40 } },
      "23": { "start": { "line": 69, "column": 8 }, "end": { "line": 69, "column": 39 } },
      "24": { "start": { "line": 70, "column": 8 }, "end": { "line": 70, "column": 31 } },
      "25": { "start": { "line": 71, "column": 8 }, "end": { "line": 71, "column": 33 } },
      "26": { "start": { "line": 72, "column": 8 }, "end": { "line": 72, "column": 32 } },
      "27": { "start": { "line": 73, "column": 8 }, "end": { "line": 73, "column": 26 } },
      "28": { "start": { "line": 74, "column": 8 }, "end": { "line": 74, "column": 20 } },
      "29": { "start": { "line": 75, "column": 8 }, "end": { "line": 75, "column": 30 } },
      "30": { "start": { "line": 76, "column": 8 }, "end": { "line": 76, "column": 37 } },
      "31": { "start": { "line": 77, "column": 8 }, "end": { "line": 77, "column": 31 } },
      "32": { "start": { "line": 78, "column": 8 }, "end": { "line": 78, "column": 25 } },
      "33": { "start": { "line": 79, "column": 8 }, "end": { "line": 79, "column": 55 } },
      "34": { "start": { "line": 80, "column": 8 }, "end": { "line": 80, "column": 47 } }
    },
    "branchMap": {
      "1": {
        "line": 36,
        "type": "if",
        "locations": [
          { "start": { "line": 36, "column": 8 }, "end": { "line": 36, "column": 8 } },
          { "start": { "line": 36, "column": 8 }, "end": { "line": 36, "column": 8 } }
        ]
      }
    }
  },
  "contracts/libraries/BurnMath.sol": {
    "l": {
      "18": 4,
      "19": 4,
      "20": 2,
      "21": 2,
      "22": 2,
      "23": 2,
      "34": 4,
      "35": 4,
      "36": 4,
      "37": 3,
      "38": 3,
      "40": 1,
      "41": 1,
      "42": 1,
      "43": 1,
      "44": 1,
      "45": 1,
      "46": 1,
      "47": 1
    },
    "path": "/Users/dsukhani/Desktop/code/Timeswap-V1-Core/contracts/libraries/BurnMath.sol",
    "s": {
      "1": 4,
      "2": 4,
      "3": 2,
      "4": 2,
      "5": 2,
      "6": 2,
      "7": 2,
      "8": 4,
      "9": 4,
      "10": 4,
      "11": 3,
      "12": 3,
      "13": 1,
      "14": 1,
      "15": 1,
      "16": 1,
      "17": 0,
      "18": 1,
      "19": 1,
      "20": 1,
      "21": 1
    },
    "b": { "1": [2, 2], "2": [3, 1], "3": [0, 1] },
    "f": { "1": 4, "2": 4 },
    "fnMap": {
      "1": {
        "name": "getAsset",
        "line": 17,
        "loc": { "start": { "line": 17, "column": 4 }, "end": { "line": 24, "column": 4 } }
      },
      "2": {
        "name": "getCollateral",
        "line": 29,
        "loc": { "start": { "line": 29, "column": 4 }, "end": { "line": 48, "column": 4 } }
      }
    },
    "statementMap": {
      "1": { "start": { "line": 18, "column": 8 }, "end": { "line": 18, "column": 51 } },
      "2": { "start": { "line": 19, "column": 8 }, "end": { "line": 19, "column": 67 } },
      "3": { "start": { "line": 19, "column": 52 }, "end": { "line": 19, "column": 67 } },
      "4": { "start": { "line": 20, "column": 8 }, "end": { "line": 20, "column": 40 } },
      "5": { "start": { "line": 21, "column": 8 }, "end": { "line": 21, "column": 42 } },
      "6": { "start": { "line": 22, "column": 8 }, "end": { "line": 22, "column": 70 } },
      "7": { "start": { "line": 23, "column": 8 }, "end": { "line": 23, "column": 39 } },
      "8": { "start": { "line": 34, "column": 8 }, "end": { "line": 34, "column": 51 } },
      "9": { "start": { "line": 35, "column": 8 }, "end": { "line": 35, "column": 58 } },
      "10": { "start": { "line": 36, "column": 8 }, "end": { "line": 36, "column": 1401 } },
      "11": { "start": { "line": 37, "column": 12 }, "end": { "line": 37, "column": 84 } },
      "12": { "start": { "line": 38, "column": 12 }, "end": { "line": 38, "column": 61 } },
      "13": { "start": { "line": 40, "column": 8 }, "end": { "line": 40, "column": 48 } },
      "14": { "start": { "line": 41, "column": 8 }, "end": { "line": 41, "column": 30 } },
      "15": { "start": { "line": 42, "column": 8 }, "end": { "line": 42, "column": 45 } },
      "16": { "start": { "line": 43, "column": 8 }, "end": { "line": 43, "column": 104 } },
      "17": { "start": { "line": 43, "column": 84 }, "end": { "line": 43, "column": 104 } },
      "18": { "start": { "line": 44, "column": 8 }, "end": { "line": 44, "column": 47 } },
      "19": { "start": { "line": 45, "column": 8 }, "end": { "line": 45, "column": 32 } },
      "20": { "start": { "line": 46, "column": 8 }, "end": { "line": 46, "column": 105 } },
      "21": { "start": { "line": 47, "column": 8 }, "end": { "line": 47, "column": 49 } }
    },
    "branchMap": {
      "1": {
        "line": 19,
        "type": "if",
        "locations": [
          { "start": { "line": 19, "column": 8 }, "end": { "line": 19, "column": 8 } },
          { "start": { "line": 19, "column": 8 }, "end": { "line": 19, "column": 8 } }
        ]
      },
      "2": {
        "line": 36,
        "type": "if",
        "locations": [
          { "start": { "line": 36, "column": 8 }, "end": { "line": 36, "column": 8 } },
          { "start": { "line": 36, "column": 8 }, "end": { "line": 36, "column": 8 } }
        ]
      },
      "3": {
        "line": 43,
        "type": "if",
        "locations": [
          { "start": { "line": 43, "column": 8 }, "end": { "line": 43, "column": 8 } },
          { "start": { "line": 43, "column": 8 }, "end": { "line": 43, "column": 8 } }
        ]
      }
    }
  },
  "contracts/libraries/Callback.sol": {
    "l": {
      "24": 57,
      "25": 57,
      "26": 57,
      "27": 57,
      "28": 57,
      "29": 57,
      "30": 57,
      "38": 14,
      "39": 14,
      "40": 14,
      "41": 14,
      "49": 10,
      "50": 10,
      "51": 10,
      "52": 10,
      "60": 4,
      "61": 4,
      "62": 4,
      "63": 4
    },
    "path": "/Users/dsukhani/Desktop/code/Timeswap-V1-Core/contracts/libraries/Callback.sol",
    "s": {
      "1": 57,
      "2": 57,
      "3": 57,
      "4": 57,
      "5": 57,
      "6": 57,
      "7": 57,
      "8": 14,
      "9": 14,
      "10": 14,
      "11": 14,
      "12": 10,
      "13": 10,
      "14": 10,
      "15": 10,
      "16": 4,
      "17": 4,
      "18": 4,
      "19": 4
    },
    "b": { "1": [57, 0], "2": [57, 0], "3": [14, 0], "4": [10, 0], "5": [4, 0] },
    "f": { "1": 57, "2": 14, "3": 10, "4": 4 },
    "fnMap": {
      "1": {
        "name": "mint",
        "line": 17,
        "loc": { "start": { "line": 17, "column": 4 }, "end": { "line": 31, "column": 4 } }
      },
      "2": {
        "name": "lend",
        "line": 33,
        "loc": { "start": { "line": 33, "column": 4 }, "end": { "line": 42, "column": 4 } }
      },
      "3": {
        "name": "borrow",
        "line": 44,
        "loc": { "start": { "line": 44, "column": 4 }, "end": { "line": 53, "column": 4 } }
      },
      "4": {
        "name": "pay",
        "line": 55,
        "loc": { "start": { "line": 55, "column": 4 }, "end": { "line": 64, "column": 4 } }
      }
    },
    "statementMap": {
      "1": { "start": { "line": 24, "column": 8 }, "end": { "line": 24, "column": 50 } },
      "2": { "start": { "line": 25, "column": 8 }, "end": { "line": 25, "column": 60 } },
      "3": { "start": { "line": 26, "column": 8 }, "end": { "line": 26, "column": 90 } },
      "4": { "start": { "line": 27, "column": 8 }, "end": { "line": 27, "column": 51 } },
      "5": { "start": { "line": 28, "column": 8 }, "end": { "line": 28, "column": 61 } },
      "6": { "start": { "line": 29, "column": 8 }, "end": { "line": 29, "column": 63 } },
      "7": { "start": { "line": 30, "column": 8 }, "end": { "line": 30, "column": 78 } },
      "8": { "start": { "line": 38, "column": 8 }, "end": { "line": 38, "column": 50 } },
      "9": { "start": { "line": 39, "column": 8 }, "end": { "line": 39, "column": 76 } },
      "10": { "start": { "line": 40, "column": 8 }, "end": { "line": 40, "column": 51 } },
      "11": { "start": { "line": 41, "column": 8 }, "end": { "line": 41, "column": 63 } },
      "12": { "start": { "line": 49, "column": 8 }, "end": { "line": 49, "column": 60 } },
      "13": { "start": { "line": 50, "column": 8 }, "end": { "line": 50, "column": 85 } },
      "14": { "start": { "line": 51, "column": 8 }, "end": { "line": 51, "column": 61 } },
      "15": { "start": { "line": 52, "column": 8 }, "end": { "line": 52, "column": 78 } },
      "16": { "start": { "line": 60, "column": 8 }, "end": { "line": 60, "column": 50 } },
      "17": { "start": { "line": 61, "column": 8 }, "end": { "line": 61, "column": 74 } },
      "18": { "start": { "line": 62, "column": 8 }, "end": { "line": 62, "column": 51 } },
      "19": { "start": { "line": 63, "column": 8 }, "end": { "line": 63, "column": 63 } }
    },
    "branchMap": {
      "1": {
        "line": 29,
        "type": "if",
        "locations": [
          { "start": { "line": 29, "column": 8 }, "end": { "line": 29, "column": 8 } },
          { "start": { "line": 29, "column": 8 }, "end": { "line": 29, "column": 8 } }
        ]
      },
      "2": {
        "line": 30,
        "type": "if",
        "locations": [
          { "start": { "line": 30, "column": 8 }, "end": { "line": 30, "column": 8 } },
          { "start": { "line": 30, "column": 8 }, "end": { "line": 30, "column": 8 } }
        ]
      },
      "3": {
        "line": 41,
        "type": "if",
        "locations": [
          { "start": { "line": 41, "column": 8 }, "end": { "line": 41, "column": 8 } },
          { "start": { "line": 41, "column": 8 }, "end": { "line": 41, "column": 8 } }
        ]
      },
      "4": {
        "line": 52,
        "type": "if",
        "locations": [
          { "start": { "line": 52, "column": 8 }, "end": { "line": 52, "column": 8 } },
          { "start": { "line": 52, "column": 8 }, "end": { "line": 52, "column": 8 } }
        ]
      },
      "5": {
        "line": 63,
        "type": "if",
        "locations": [
          { "start": { "line": 63, "column": 8 }, "end": { "line": 63, "column": 8 } },
          { "start": { "line": 63, "column": 8 }, "end": { "line": 63, "column": 8 } }
        ]
      }
    }
  },
  "contracts/libraries/ConstantProduct.sol": {
    "l": { "16": 28, "17": 28, "19": 28, "20": 28 },
    "path": "/Users/dsukhani/Desktop/code/Timeswap-V1-Core/contracts/libraries/ConstantProduct.sol",
    "s": { "1": 28, "2": 28, "3": 28, "4": 28, "5": 10 },
    "b": { "1": [28, 0], "2": [10, 18], "3": [9, 1] },
    "f": { "1": 28 },
    "fnMap": {
      "1": {
        "name": "checkConstantProduct",
        "line": 10,
        "loc": { "start": { "line": 10, "column": 4 }, "end": { "line": 21, "column": 4 } }
      }
    },
    "statementMap": {
      "1": { "start": { "line": 16, "column": 8 }, "end": { "line": 16, "column": 90 } },
      "2": { "start": { "line": 17, "column": 8 }, "end": { "line": 17, "column": 95 } },
      "3": { "start": { "line": 19, "column": 8 }, "end": { "line": 19, "column": 39 } },
      "4": { "start": { "line": 20, "column": 8 }, "end": { "line": 20, "column": 61 } },
      "5": { "start": { "line": 20, "column": 29 }, "end": { "line": 20, "column": 60 } }
    },
    "branchMap": {
      "1": {
        "line": 19,
        "type": "if",
        "locations": [
          { "start": { "line": 19, "column": 8 }, "end": { "line": 19, "column": 8 } },
          { "start": { "line": 19, "column": 8 }, "end": { "line": 19, "column": 8 } }
        ]
      },
      "2": {
        "line": 20,
        "type": "if",
        "locations": [
          { "start": { "line": 20, "column": 8 }, "end": { "line": 20, "column": 8 } },
          { "start": { "line": 20, "column": 8 }, "end": { "line": 20, "column": 8 } }
        ]
      },
      "3": {
        "line": 20,
        "type": "if",
        "locations": [
          { "start": { "line": 20, "column": 29 }, "end": { "line": 20, "column": 29 } },
          { "start": { "line": 20, "column": 29 }, "end": { "line": 20, "column": 29 } }
        ]
      }
    }
  },
  "contracts/libraries/FullMath.sol": {
    "l": { "11": 155, "29": 99, "123": 0, "124": 0 },
    "path": "/Users/dsukhani/Desktop/code/Timeswap-V1-Core/contracts/libraries/FullMath.sol",
    "s": { "1": 0, "2": 0 },
    "b": { "1": [0, 0] },
    "f": { "1": 155, "2": 99, "3": 0 },
    "fnMap": {
      "1": {
        "name": "mul512",
        "line": 5,
        "loc": { "start": { "line": 5, "column": 4 }, "end": { "line": 16, "column": 4 } }
      },
      "2": {
        "name": "mulDiv",
        "line": 24,
        "loc": { "start": { "line": 24, "column": 4 }, "end": { "line": 111, "column": 4 } }
      },
      "3": {
        "name": "mulDivUp",
        "line": 118,
        "loc": { "start": { "line": 118, "column": 4 }, "end": { "line": 125, "column": 4 } }
      }
    },
    "statementMap": {
      "1": { "start": { "line": 123, "column": 8 }, "end": { "line": 123, "column": 41 } },
      "2": { "start": { "line": 124, "column": 8 }, "end": { "line": 124, "column": 51 } }
    },
    "branchMap": {
      "1": {
        "line": 124,
        "type": "if",
        "locations": [
          { "start": { "line": 124, "column": 8 }, "end": { "line": 124, "column": 8 } },
          { "start": { "line": 124, "column": 8 }, "end": { "line": 124, "column": 8 } }
        ]
      }
    }
  },
  "contracts/libraries/LendMath.sol": {
    "l": {
      "21": 15,
      "22": 15,
      "23": 15,
      "24": 15,
      "25": 15,
      "27": 15,
      "28": 15,
      "29": 15,
      "30": 15,
      "31": 15,
      "32": 15,
      "33": 15,
      "41": 30,
      "42": 30,
      "43": 30,
      "51": 14,
      "52": 14,
      "53": 14,
      "54": 14,
      "55": 14,
      "56": 14,
      "65": 14,
      "66": 14,
      "67": 14,
      "68": 14,
      "69": 14,
      "70": 14,
      "71": 14,
      "72": 14,
      "73": 14,
      "74": 14,
      "75": 14,
      "76": 14,
      "77": 14
    },
    "path": "/Users/dsukhani/Desktop/code/Timeswap-V1-Core/contracts/libraries/LendMath.sol",
    "s": {
      "1": 15,
      "2": 15,
      "3": 15,
      "4": 15,
      "5": 15,
      "6": 15,
      "7": 15,
      "8": 15,
      "9": 15,
      "10": 15,
      "11": 15,
      "12": 15,
      "13": 30,
      "14": 30,
      "15": 30,
      "16": 14,
      "17": 14,
      "18": 14,
      "19": 14,
      "20": 14,
      "21": 14,
      "22": 14,
      "23": 14,
      "24": 14,
      "25": 14,
      "26": 14,
      "27": 14,
      "28": 14,
      "29": 14,
      "30": 14,
      "31": 14,
      "32": 14,
      "33": 14,
      "34": 14
    },
    "b": { "1": [14, 1] },
    "f": { "1": 15, "2": 30, "3": 14, "4": 14 },
    "fnMap": {
      "1": {
        "name": "check",
        "line": 14,
        "loc": { "start": { "line": 14, "column": 4 }, "end": { "line": 34, "column": 4 } }
      },
      "2": {
        "name": "adjust",
        "line": 36,
        "loc": { "start": { "line": 36, "column": 4 }, "end": { "line": 44, "column": 4 } }
      },
      "3": {
        "name": "getBond",
        "line": 46,
        "loc": { "start": { "line": 46, "column": 4 }, "end": { "line": 57, "column": 4 } }
      },
      "4": {
        "name": "getInsurance",
        "line": 59,
        "loc": { "start": { "line": 59, "column": 4 }, "end": { "line": 78, "column": 4 } }
      }
    },
    "statementMap": {
      "1": { "start": { "line": 21, "column": 8 }, "end": { "line": 21, "column": 39 } },
      "2": { "start": { "line": 22, "column": 8 }, "end": { "line": 22, "column": 46 } },
      "3": { "start": { "line": 23, "column": 8 }, "end": { "line": 23, "column": 63 } },
      "4": { "start": { "line": 24, "column": 8 }, "end": { "line": 24, "column": 63 } },
      "5": { "start": { "line": 25, "column": 8 }, "end": { "line": 25, "column": 65 } },
      "6": { "start": { "line": 27, "column": 8 }, "end": { "line": 27, "column": 35 } },
      "7": { "start": { "line": 28, "column": 8 }, "end": { "line": 28, "column": 25 } },
      "8": { "start": { "line": 29, "column": 8 }, "end": { "line": 29, "column": 21 } },
      "9": { "start": { "line": 30, "column": 8 }, "end": { "line": 30, "column": 38 } },
      "10": { "start": { "line": 31, "column": 8 }, "end": { "line": 31, "column": 29 } },
      "11": { "start": { "line": 32, "column": 8 }, "end": { "line": 32, "column": 29 } },
      "12": { "start": { "line": 33, "column": 8 }, "end": { "line": 33, "column": 44 } },
      "13": { "start": { "line": 41, "column": 8 }, "end": { "line": 41, "column": 25 } },
      "14": { "start": { "line": 42, "column": 8 }, "end": { "line": 42, "column": 22 } },
      "15": { "start": { "line": 43, "column": 8 }, "end": { "line": 43, "column": 37 } },
      "16": { "start": { "line": 51, "column": 8 }, "end": { "line": 51, "column": 35 } },
      "17": { "start": { "line": 52, "column": 8 }, "end": { "line": 52, "column": 34 } },
      "18": { "start": { "line": 53, "column": 8 }, "end": { "line": 53, "column": 28 } },
      "19": { "start": { "line": 54, "column": 8 }, "end": { "line": 54, "column": 22 } },
      "20": { "start": { "line": 55, "column": 8 }, "end": { "line": 55, "column": 28 } },
      "21": { "start": { "line": 56, "column": 8 }, "end": { "line": 56, "column": 37 } },
      "22": { "start": { "line": 65, "column": 8 }, "end": { "line": 65, "column": 40 } },
      "23": { "start": { "line": 66, "column": 8 }, "end": { "line": 66, "column": 39 } },
      "24": { "start": { "line": 67, "column": 8 }, "end": { "line": 67, "column": 31 } },
      "25": { "start": { "line": 68, "column": 8 }, "end": { "line": 68, "column": 33 } },
      "26": { "start": { "line": 69, "column": 8 }, "end": { "line": 69, "column": 32 } },
      "27": { "start": { "line": 70, "column": 8 }, "end": { "line": 70, "column": 26 } },
      "28": { "start": { "line": 71, "column": 8 }, "end": { "line": 71, "column": 20 } },
      "29": { "start": { "line": 72, "column": 8 }, "end": { "line": 72, "column": 30 } },
      "30": { "start": { "line": 73, "column": 8 }, "end": { "line": 73, "column": 37 } },
      "31": { "start": { "line": 74, "column": 8 }, "end": { "line": 74, "column": 31 } },
      "32": { "start": { "line": 75, "column": 8 }, "end": { "line": 75, "column": 25 } },
      "33": { "start": { "line": 76, "column": 8 }, "end": { "line": 76, "column": 35 } },
      "34": { "start": { "line": 77, "column": 8 }, "end": { "line": 77, "column": 47 } }
    },
    "branchMap": {
      "1": {
        "line": 33,
        "type": "if",
        "locations": [
          { "start": { "line": 33, "column": 8 }, "end": { "line": 33, "column": 8 } },
          { "start": { "line": 33, "column": 8 }, "end": { "line": 33, "column": 8 } }
        ]
      }
    }
  },
  "contracts/libraries/Math.sol": {
    "l": { "6": 78, "7": 78, "11": 67, "12": 67, "19": 94 },
    "path": "/Users/dsukhani/Desktop/code/Timeswap-V1-Core/contracts/libraries/Math.sol",
    "s": { "1": 78, "2": 78, "3": 67, "4": 67 },
    "b": { "1": [78, 0], "2": [67, 0] },
    "f": { "1": 78, "2": 67, "3": 94 },
    "fnMap": {
      "1": {
        "name": "divUp",
        "line": 5,
        "loc": { "start": { "line": 5, "column": 4 }, "end": { "line": 8, "column": 4 } }
      },
      "2": {
        "name": "shiftRightUp",
        "line": 10,
        "loc": { "start": { "line": 10, "column": 4 }, "end": { "line": 13, "column": 4 } }
      },
      "3": {
        "name": "cbrt",
        "line": 18,
        "loc": { "start": { "line": 18, "column": 4 }, "end": { "line": 29, "column": 4 } }
      }
    },
    "statementMap": {
      "1": { "start": { "line": 6, "column": 8 }, "end": { "line": 6, "column": 16 } },
      "2": { "start": { "line": 7, "column": 8 }, "end": { "line": 7, "column": 26 } },
      "3": { "start": { "line": 11, "column": 8 }, "end": { "line": 11, "column": 17 } },
      "4": { "start": { "line": 12, "column": 8 }, "end": { "line": 12, "column": 28 } }
    },
    "branchMap": {
      "1": {
        "line": 7,
        "type": "if",
        "locations": [
          { "start": { "line": 7, "column": 8 }, "end": { "line": 7, "column": 8 } },
          { "start": { "line": 7, "column": 8 }, "end": { "line": 7, "column": 8 } }
        ]
      },
      "2": {
        "line": 12,
        "type": "if",
        "locations": [
          { "start": { "line": 12, "column": 8 }, "end": { "line": 12, "column": 8 } },
          { "start": { "line": 12, "column": 8 }, "end": { "line": 12, "column": 8 } }
        ]
      }
    }
  },
  "contracts/libraries/MintMath.sol": {
    "l": {
      "26": 47,
      "27": 47,
      "28": 47,
      "41": 12,
      "57": 57,
      "58": 57,
      "59": 57,
      "60": 57,
      "61": 57,
      "70": 12,
      "71": 4,
      "73": 4,
      "75": 4,
      "88": 57,
      "89": 57,
      "90": 57,
      "91": 57,
      "92": 57,
      "93": 57,
      "107": 57,
      "108": 57,
      "109": 57,
      "110": 57,
      "111": 57,
      "112": 57,
      "113": 57,
      "114": 57,
      "115": 57
    },
    "path": "/Users/dsukhani/Desktop/code/Timeswap-V1-Core/contracts/libraries/MintMath.sol",
    "s": {
      "1": 47,
      "2": 47,
      "3": 47,
      "4": 12,
      "5": 57,
      "6": 57,
      "7": 57,
      "8": 57,
      "9": 57,
      "10": 12,
      "11": 4,
      "12": 8,
      "13": 4,
      "14": 4,
      "15": 57,
      "16": 57,
      "17": 57,
      "18": 57,
      "19": 57,
      "20": 57,
      "21": 57,
      "22": 57,
      "23": 57,
      "24": 57,
      "25": 57,
      "26": 57,
      "27": 57,
      "28": 57,
      "29": 57
    },
    "b": { "1": [4, 8], "2": [4, 4] },
    "f": { "1": 47, "2": 12, "3": 57, "4": 12, "5": 57, "6": 57 },
    "fnMap": {
      "1": {
        "name": "getLiquidityTotal",
        "line": 21,
        "loc": { "start": { "line": 21, "column": 4 }, "end": { "line": 29, "column": 4 } }
      },
      "2": {
        "name": "getLiquidityTotal",
        "line": 35,
        "loc": { "start": { "line": 35, "column": 4 }, "end": { "line": 46, "column": 4 } }
      },
      "3": {
        "name": "getLiquidity",
        "line": 52,
        "loc": { "start": { "line": 52, "column": 4 }, "end": { "line": 62, "column": 4 } }
      },
      "4": {
        "name": "min",
        "line": 65,
        "loc": { "start": { "line": 65, "column": 4 }, "end": { "line": 77, "column": 4 } }
      },
      "5": {
        "name": "getDebt",
        "line": 83,
        "loc": { "start": { "line": 83, "column": 4 }, "end": { "line": 94, "column": 4 } }
      },
      "6": {
        "name": "getCollateral",
        "line": 101,
        "loc": { "start": { "line": 101, "column": 4 }, "end": { "line": 116, "column": 4 } }
      }
    },
    "statementMap": {
      "1": { "start": { "line": 26, "column": 8 }, "end": { "line": 26, "column": 54 } },
      "2": { "start": { "line": 27, "column": 8 }, "end": { "line": 27, "column": 45 } },
      "3": { "start": { "line": 28, "column": 8 }, "end": { "line": 28, "column": 50 } },
      "4": { "start": { "line": 41, "column": 8 }, "end": { "line": 41, "column": 1399 } },
      "5": { "start": { "line": 57, "column": 8 }, "end": { "line": 57, "column": 38 } },
      "6": { "start": { "line": 58, "column": 8 }, "end": { "line": 58, "column": 37 } },
      "7": { "start": { "line": 59, "column": 8 }, "end": { "line": 59, "column": 33 } },
      "8": { "start": { "line": 60, "column": 8 }, "end": { "line": 60, "column": 35 } },
      "9": { "start": { "line": 61, "column": 8 }, "end": { "line": 61, "column": 71 } },
      "10": { "start": { "line": 70, "column": 8 }, "end": { "line": 70, "column": 2450 } },
      "11": { "start": { "line": 71, "column": 12 }, "end": { "line": 71, "column": 16 } },
      "12": { "start": { "line": 72, "column": 15 }, "end": { "line": 72, "column": 2508 } },
      "13": { "start": { "line": 73, "column": 12 }, "end": { "line": 73, "column": 16 } },
      "14": { "start": { "line": 75, "column": 12 }, "end": { "line": 75, "column": 16 } },
      "15": { "start": { "line": 88, "column": 8 }, "end": { "line": 88, "column": 34 } },
      "16": { "start": { "line": 89, "column": 8 }, "end": { "line": 89, "column": 33 } },
      "17": { "start": { "line": 90, "column": 8 }, "end": { "line": 90, "column": 27 } },
      "18": { "start": { "line": 91, "column": 8 }, "end": { "line": 91, "column": 41 } },
      "19": { "start": { "line": 92, "column": 8 }, "end": { "line": 92, "column": 27 } },
      "20": { "start": { "line": 93, "column": 8 }, "end": { "line": 93, "column": 35 } },
      "21": { "start": { "line": 107, "column": 8 }, "end": { "line": 107, "column": 40 } },
      "22": { "start": { "line": 108, "column": 8 }, "end": { "line": 108, "column": 39 } },
      "23": { "start": { "line": 109, "column": 8 }, "end": { "line": 109, "column": 33 } },
      "24": { "start": { "line": 110, "column": 8 }, "end": { "line": 110, "column": 33 } },
      "25": { "start": { "line": 111, "column": 8 }, "end": { "line": 111, "column": 39 } },
      "26": { "start": { "line": 112, "column": 8 }, "end": { "line": 112, "column": 25 } },
      "27": { "start": { "line": 113, "column": 8 }, "end": { "line": 113, "column": 55 } },
      "28": { "start": { "line": 114, "column": 8 }, "end": { "line": 114, "column": 33 } },
      "29": { "start": { "line": 115, "column": 8 }, "end": { "line": 115, "column": 47 } }
    },
    "branchMap": {
      "1": {
        "line": 70,
        "type": "if",
        "locations": [
          { "start": { "line": 70, "column": 8 }, "end": { "line": 70, "column": 8 } },
          { "start": { "line": 70, "column": 8 }, "end": { "line": 70, "column": 8 } }
        ]
      },
      "2": {
        "line": 72,
        "type": "if",
        "locations": [
          { "start": { "line": 72, "column": 15 }, "end": { "line": 72, "column": 15 } },
          { "start": { "line": 72, "column": 15 }, "end": { "line": 72, "column": 15 } }
        ]
      }
    }
  },
  "contracts/libraries/PayMath.sol": {
    "l": { "12": 6 },
    "path": "/Users/dsukhani/Desktop/code/Timeswap-V1-Core/contracts/libraries/PayMath.sol",
    "s": { "1": 6 },
    "b": { "1": [5, 1] },
    "f": { "1": 6 },
    "fnMap": {
      "1": {
        "name": "checkProportional",
        "line": 7,
        "loc": { "start": { "line": 7, "column": 4 }, "end": { "line": 13, "column": 4 } }
      }
    },
    "statementMap": { "1": { "start": { "line": 12, "column": 8 }, "end": { "line": 12, "column": 94 } } },
    "branchMap": {
      "1": {
        "line": 12,
        "type": "if",
        "locations": [
          { "start": { "line": 12, "column": 8 }, "end": { "line": 12, "column": 8 } },
          { "start": { "line": 12, "column": 8 }, "end": { "line": 12, "column": 8 } }
        ]
      }
    }
  },
  "contracts/libraries/SafeBalance.sol": {
    "l": { "13": 286, "18": 286 },
    "path": "/Users/dsukhani/Desktop/code/Timeswap-V1-Core/contracts/libraries/SafeBalance.sol",
    "s": { "1": 286, "2": 286 },
    "b": {},
    "f": { "1": 286 },
    "fnMap": {
      "1": {
        "name": "safeBalance",
        "line": 10,
        "loc": { "start": { "line": 10, "column": 4 }, "end": { "line": 19, "column": 4 } }
      }
    },
    "statementMap": {
      "1": { "start": { "line": 13, "column": 8 }, "end": { "line": 13, "column": 359 } },
      "2": { "start": { "line": 18, "column": 8 }, "end": { "line": 18, "column": 42 } }
    },
    "branchMap": {}
  },
  "contracts/libraries/SafeCast.sol": {
    "l": { "6": 70, "10": 135, "14": 36, "18": 1, "19": 0 },
    "path": "/Users/dsukhani/Desktop/code/Timeswap-V1-Core/contracts/libraries/SafeCast.sol",
    "s": { "1": 70, "2": 135, "3": 36, "4": 1, "5": 1, "6": 0 },
    "b": { "1": [135, 0], "2": [36, 0], "3": [1, 0] },
    "f": { "1": 70, "2": 135, "3": 36, "4": 1 },
    "fnMap": {
      "1": {
        "name": "modUint32",
        "line": 5,
        "loc": { "start": { "line": 5, "column": 4 }, "end": { "line": 7, "column": 4 } }
      },
      "2": {
        "name": "toUint112",
        "line": 9,
        "loc": { "start": { "line": 9, "column": 4 }, "end": { "line": 11, "column": 4 } }
      },
      "3": {
        "name": "toUint128",
        "line": 13,
        "loc": { "start": { "line": 13, "column": 4 }, "end": { "line": 15, "column": 4 } }
      },
      "4": {
        "name": "truncateUint112",
        "line": 17,
        "loc": { "start": { "line": 17, "column": 4 }, "end": { "line": 20, "column": 4 } }
      }
    },
    "statementMap": {
      "1": { "start": { "line": 6, "column": 8 }, "end": { "line": 6, "column": 34 } },
      "2": { "start": { "line": 10, "column": 8 }, "end": { "line": 10, "column": 37 } },
      "3": { "start": { "line": 14, "column": 8 }, "end": { "line": 14, "column": 37 } },
      "4": { "start": { "line": 18, "column": 8 }, "end": { "line": 18, "column": 63 } },
      "5": { "start": { "line": 18, "column": 35 }, "end": { "line": 18, "column": 63 } },
      "6": { "start": { "line": 19, "column": 8 }, "end": { "line": 19, "column": 21 } }
    },
    "branchMap": {
      "1": {
        "line": 10,
        "type": "if",
        "locations": [
          { "start": { "line": 10, "column": 8 }, "end": { "line": 10, "column": 8 } },
          { "start": { "line": 10, "column": 8 }, "end": { "line": 10, "column": 8 } }
        ]
      },
      "2": {
        "line": 14,
        "type": "if",
        "locations": [
          { "start": { "line": 14, "column": 8 }, "end": { "line": 14, "column": 8 } },
          { "start": { "line": 14, "column": 8 }, "end": { "line": 14, "column": 8 } }
        ]
      },
      "3": {
        "line": 18,
        "type": "if",
        "locations": [
          { "start": { "line": 18, "column": 8 }, "end": { "line": 18, "column": 8 } },
          { "start": { "line": 18, "column": 8 }, "end": { "line": 18, "column": 8 } }
        ]
      }
    }
  },
  "contracts/libraries/SafeTransfer.sol": {
    "l": { "15": 25 },
    "path": "/Users/dsukhani/Desktop/code/Timeswap-V1-Core/contracts/libraries/SafeTransfer.sol",
    "s": { "1": 25 },
    "b": {},
    "f": { "1": 25 },
    "fnMap": {
      "1": {
        "name": "safeTransfer",
        "line": 10,
        "loc": { "start": { "line": 10, "column": 4 }, "end": { "line": 16, "column": 4 } }
      }
    },
    "statementMap": { "1": { "start": { "line": 15, "column": 8 }, "end": { "line": 15, "column": 46 } } },
    "branchMap": {}
  },
  "contracts/libraries/WithdrawMath.sol": {
    "l": {
      "18": 5,
      "19": 5,
      "20": 1,
      "21": 1,
      "22": 1,
      "23": 1,
      "34": 5,
      "35": 5,
      "36": 1,
      "37": 1,
      "38": 1,
      "39": 1,
      "40": 1,
      "41": 0,
      "42": 0
    },
    "path": "/Users/dsukhani/Desktop/code/Timeswap-V1-Core/contracts/libraries/WithdrawMath.sol",
    "s": {
      "1": 5,
      "2": 5,
      "3": 4,
      "4": 1,
      "5": 1,
      "6": 1,
      "7": 1,
      "8": 5,
      "9": 5,
      "10": 4,
      "11": 1,
      "12": 1,
      "13": 1,
      "14": 1,
      "15": 1,
      "16": 0,
      "17": 0
    },
    "b": { "1": [4, 1], "2": [4, 1], "3": [1, 0] },
    "f": { "1": 5, "2": 5 },
    "fnMap": {
      "1": {
        "name": "getAsset",
        "line": 17,
        "loc": { "start": { "line": 17, "column": 4 }, "end": { "line": 24, "column": 4 } }
      },
      "2": {
        "name": "getCollateral",
        "line": 29,
        "loc": { "start": { "line": 29, "column": 4 }, "end": { "line": 43, "column": 4 } }
      }
    },
    "statementMap": {
      "1": { "start": { "line": 18, "column": 8 }, "end": { "line": 18, "column": 51 } },
      "2": { "start": { "line": 19, "column": 8 }, "end": { "line": 19, "column": 76 } },
      "3": { "start": { "line": 19, "column": 52 }, "end": { "line": 19, "column": 76 } },
      "4": { "start": { "line": 20, "column": 8 }, "end": { "line": 20, "column": 34 } },
      "5": { "start": { "line": 21, "column": 8 }, "end": { "line": 21, "column": 32 } },
      "6": { "start": { "line": 22, "column": 8 }, "end": { "line": 22, "column": 42 } },
      "7": { "start": { "line": 23, "column": 8 }, "end": { "line": 23, "column": 39 } },
      "8": { "start": { "line": 34, "column": 8 }, "end": { "line": 34, "column": 51 } },
      "9": { "start": { "line": 35, "column": 8 }, "end": { "line": 35, "column": 72 } },
      "10": { "start": { "line": 35, "column": 52 }, "end": { "line": 35, "column": 72 } },
      "11": { "start": { "line": 36, "column": 8 }, "end": { "line": 36, "column": 55 } },
      "12": { "start": { "line": 37, "column": 8 }, "end": { "line": 37, "column": 37 } },
      "13": { "start": { "line": 38, "column": 8 }, "end": { "line": 38, "column": 52 } },
      "14": { "start": { "line": 39, "column": 8 }, "end": { "line": 39, "column": 1567 } },
      "15": { "start": { "line": 40, "column": 12 }, "end": { "line": 40, "column": 46 } },
      "16": { "start": { "line": 41, "column": 8 }, "end": { "line": 41, "column": 112 } },
      "17": { "start": { "line": 42, "column": 8 }, "end": { "line": 42, "column": 49 } }
    },
    "branchMap": {
      "1": {
        "line": 19,
        "type": "if",
        "locations": [
          { "start": { "line": 19, "column": 8 }, "end": { "line": 19, "column": 8 } },
          { "start": { "line": 19, "column": 8 }, "end": { "line": 19, "column": 8 } }
        ]
      },
      "2": {
        "line": 35,
        "type": "if",
        "locations": [
          { "start": { "line": 35, "column": 8 }, "end": { "line": 35, "column": 8 } },
          { "start": { "line": 35, "column": 8 }, "end": { "line": 35, "column": 8 } }
        ]
      },
      "3": {
        "line": 39,
        "type": "if",
        "locations": [
          { "start": { "line": 39, "column": 8 }, "end": { "line": 39, "column": 8 } },
          { "start": { "line": 39, "column": 8 }, "end": { "line": 39, "column": 8 } }
        ]
      }
    }
  },
  "contracts/test/libraries/ArrayTest.sol": {
    "l": { "16": 1, "18": 1, "19": 2, "22": 1 },
    "path": "/Users/dsukhani/Desktop/code/Timeswap-V1-Core/contracts/test/libraries/ArrayTest.sol",
    "s": { "1": 1, "2": 1, "3": 2, "4": 1 },
    "b": {},
    "f": { "1": 1 },
    "fnMap": {
      "1": {
        "name": "insert",
        "line": 12,
        "loc": { "start": { "line": 12, "column": 4 }, "end": { "line": 23, "column": 4 } }
      }
    },
    "statementMap": {
      "1": { "start": { "line": 16, "column": 8 }, "end": { "line": 16, "column": 68 } },
      "2": { "start": { "line": 18, "column": 8 }, "end": { "line": 18, "column": 475 } },
      "3": { "start": { "line": 19, "column": 12 }, "end": { "line": 19, "column": 36 } },
      "4": { "start": { "line": 22, "column": 8 }, "end": { "line": 22, "column": 41 } }
    },
    "branchMap": {}
  },
  "contracts/test/libraries/BlockNumberTest.sol": {
    "l": { "8": 1 },
    "path": "/Users/dsukhani/Desktop/code/Timeswap-V1-Core/contracts/test/libraries/BlockNumberTest.sol",
    "s": { "1": 1 },
    "b": {},
    "f": { "1": 1 },
    "fnMap": {
      "1": {
        "name": "get",
        "line": 7,
        "loc": { "start": { "line": 7, "column": 4 }, "end": { "line": 9, "column": 4 } }
      }
    },
    "statementMap": { "1": { "start": { "line": 8, "column": 8 }, "end": { "line": 8, "column": 32 } } },
    "branchMap": {}
  },
  "contracts/test/libraries/BorrowMathTest.sol": {
    "l": { "17": 2, "23": 1, "31": 1, "44": 1 },
    "path": "/Users/dsukhani/Desktop/code/Timeswap-V1-Core/contracts/test/libraries/BorrowMathTest.sol",
    "s": { "1": 2, "2": 1, "3": 1, "4": 1 },
    "b": {},
    "f": { "1": 2, "2": 1, "3": 1 },
    "fnMap": {
      "1": {
        "name": "check",
        "line": 10,
        "loc": { "start": { "line": 10, "column": 4 }, "end": { "line": 24, "column": 4 } }
      },
      "2": {
        "name": "getDebt",
        "line": 26,
        "loc": { "start": { "line": 26, "column": 4 }, "end": { "line": 36, "column": 4 } }
      },
      "3": {
        "name": "getCollateral",
        "line": 38,
        "loc": { "start": { "line": 38, "column": 4 }, "end": { "line": 50, "column": 4 } }
      }
    },
    "statementMap": {
      "1": { "start": { "line": 17, "column": 8 }, "end": { "line": 17, "column": 440 } },
      "2": { "start": { "line": 23, "column": 8 }, "end": { "line": 23, "column": 19 } },
      "3": { "start": { "line": 31, "column": 8 }, "end": { "line": 31, "column": 734 } },
      "4": { "start": { "line": 44, "column": 8 }, "end": { "line": 44, "column": 1048 } }
    },
    "branchMap": {}
  },
  "contracts/test/libraries/BurnMathTest.sol": {
    "l": { "12": 1, "22": 1 },
    "path": "/Users/dsukhani/Desktop/code/Timeswap-V1-Core/contracts/test/libraries/BurnMathTest.sol",
    "s": { "1": 1, "2": 1 },
    "b": {},
    "f": { "1": 1, "2": 1 },
    "fnMap": {
      "1": {
        "name": "getAsset",
        "line": 8,
        "loc": { "start": { "line": 8, "column": 4 }, "end": { "line": 16, "column": 4 } }
      },
      "2": {
        "name": "getCollateral",
        "line": 18,
        "loc": { "start": { "line": 18, "column": 4 }, "end": { "line": 26, "column": 4 } }
      }
    },
    "statementMap": {
      "1": { "start": { "line": 12, "column": 8 }, "end": { "line": 12, "column": 339 } },
      "2": { "start": { "line": 22, "column": 8 }, "end": { "line": 22, "column": 578 } }
    },
    "branchMap": {}
  },
  "contracts/test/libraries/CallbackTest.sol": {
    "l": { "15": 1, "29": 1, "41": 1, "53": 1 },
    "path": "/Users/dsukhani/Desktop/code/Timeswap-V1-Core/contracts/test/libraries/CallbackTest.sol",
    "s": { "1": 1, "2": 1, "3": 1, "4": 1 },
    "b": {},
    "f": { "1": 1, "2": 1, "3": 1, "4": 1 },
    "fnMap": {
      "1": {
        "name": "mint",
        "line": 8,
        "loc": { "start": { "line": 8, "column": 4 }, "end": { "line": 22, "column": 4 } }
      },
      "2": {
        "name": "lend",
        "line": 24,
        "loc": { "start": { "line": 24, "column": 4 }, "end": { "line": 34, "column": 4 } }
      },
      "3": {
        "name": "borrow",
        "line": 36,
        "loc": { "start": { "line": 36, "column": 4 }, "end": { "line": 46, "column": 4 } }
      },
      "4": {
        "name": "pay",
        "line": 48,
        "loc": { "start": { "line": 48, "column": 4 }, "end": { "line": 58, "column": 4 } }
      }
    },
    "statementMap": {
      "1": { "start": { "line": 15, "column": 8 }, "end": { "line": 15, "column": 393 } },
      "2": { "start": { "line": 29, "column": 8 }, "end": { "line": 29, "column": 652 } },
      "3": { "start": { "line": 41, "column": 8 }, "end": { "line": 41, "column": 873 } },
      "4": { "start": { "line": 53, "column": 8 }, "end": { "line": 53, "column": 1093 } }
    },
    "branchMap": {}
  },
  "contracts/test/libraries/CallbackTestCallee.sol": {
    "l": { "15": 3, "25": 1, "32": 1, "40": 1, "45": 1, "53": 1, "58": 1, "66": 1, "71": 1 },
    "path": "/Users/dsukhani/Desktop/code/Timeswap-V1-Core/contracts/test/libraries/CallbackTestCallee.sol",
    "s": { "1": 3, "2": 1, "3": 1, "4": 1, "5": 1, "6": 1, "7": 1, "8": 1, "9": 1 },
    "b": {},
    "f": { "1": 3, "2": 1, "3": 1, "4": 1, "5": 1, "6": 1, "7": 1, "8": 1, "9": 1 },
    "fnMap": {
      "1": {
        "name": "constructor",
        "line": 14,
        "loc": { "start": { "line": 14, "column": 4 }, "end": { "line": 16, "column": 4 } }
      },
      "2": {
        "name": "mint",
        "line": 18,
        "loc": { "start": { "line": 18, "column": 4 }, "end": { "line": 33, "column": 4 } }
      },
      "3": {
        "name": "lend",
        "line": 35,
        "loc": { "start": { "line": 35, "column": 4 }, "end": { "line": 46, "column": 4 } }
      },
      "4": {
        "name": "borrow",
        "line": 48,
        "loc": { "start": { "line": 48, "column": 4 }, "end": { "line": 59, "column": 4 } }
      },
      "5": {
        "name": "pay",
        "line": 61,
        "loc": { "start": { "line": 61, "column": 4 }, "end": { "line": 72, "column": 4 } }
      },
      "6": {
        "name": "timeswapMintCallback",
        "line": 74,
        "loc": { "start": { "line": 74, "column": 4 }, "end": { "line": 78, "column": 16 } }
      },
      "7": {
        "name": "timeswapLendCallback",
        "line": 80,
        "loc": { "start": { "line": 80, "column": 4 }, "end": { "line": 83, "column": 16 } }
      },
      "8": {
        "name": "timeswapBorrowCallback",
        "line": 85,
        "loc": { "start": { "line": 85, "column": 4 }, "end": { "line": 88, "column": 16 } }
      },
      "9": {
        "name": "timeswapPayCallback",
        "line": 90,
        "loc": { "start": { "line": 90, "column": 4 }, "end": { "line": 93, "column": 16 } }
      }
    },
    "statementMap": {
      "1": { "start": { "line": 15, "column": 8 }, "end": { "line": 15, "column": 56 } },
      "2": { "start": { "line": 25, "column": 8 }, "end": { "line": 25, "column": 937 } },
      "3": { "start": { "line": 32, "column": 8 }, "end": { "line": 32, "column": 19 } },
      "4": { "start": { "line": 40, "column": 8 }, "end": { "line": 40, "column": 1244 } },
      "5": { "start": { "line": 45, "column": 8 }, "end": { "line": 45, "column": 19 } },
      "6": { "start": { "line": 53, "column": 8 }, "end": { "line": 53, "column": 1513 } },
      "7": { "start": { "line": 58, "column": 8 }, "end": { "line": 58, "column": 19 } },
      "8": { "start": { "line": 66, "column": 8 }, "end": { "line": 66, "column": 1781 } },
      "9": { "start": { "line": 71, "column": 8 }, "end": { "line": 71, "column": 19 } }
    },
    "branchMap": {}
  },
  "contracts/test/libraries/ConstantProductTest.sol": {
    "l": { "16": 2, "21": 1 },
    "path": "/Users/dsukhani/Desktop/code/Timeswap-V1-Core/contracts/test/libraries/ConstantProductTest.sol",
    "s": { "1": 2, "2": 1 },
    "b": {},
    "f": { "1": 2 },
    "fnMap": {
      "1": {
        "name": "checkConstantProduct",
        "line": 10,
        "loc": { "start": { "line": 10, "column": 4 }, "end": { "line": 22, "column": 4 } }
      }
    },
    "statementMap": {
      "1": { "start": { "line": 16, "column": 8 }, "end": { "line": 16, "column": 452 } },
      "2": { "start": { "line": 21, "column": 8 }, "end": { "line": 21, "column": 19 } }
    },
    "branchMap": {}
  },
  "contracts/test/libraries/FullMathTest.sol": {
    "l": { "8": 0, "16": 0, "24": 0 },
    "path": "/Users/dsukhani/Desktop/code/Timeswap-V1-Core/contracts/test/libraries/FullMathTest.sol",
    "s": { "1": 0, "2": 0, "3": 0 },
    "b": {},
    "f": { "1": 0, "2": 0, "3": 0 },
    "fnMap": {
      "1": {
        "name": "mul512",
        "line": 7,
        "loc": { "start": { "line": 7, "column": 4 }, "end": { "line": 9, "column": 4 } }
      },
      "2": {
        "name": "mulDiv",
        "line": 11,
        "loc": { "start": { "line": 11, "column": 4 }, "end": { "line": 17, "column": 4 } }
      },
      "3": {
        "name": "mulDivUp",
        "line": 19,
        "loc": { "start": { "line": 19, "column": 4 }, "end": { "line": 25, "column": 4 } }
      }
    },
    "statementMap": {
      "1": { "start": { "line": 8, "column": 8 }, "end": { "line": 8, "column": 36 } },
      "2": { "start": { "line": 16, "column": 8 }, "end": { "line": 16, "column": 49 } },
      "3": { "start": { "line": 24, "column": 8 }, "end": { "line": 24, "column": 51 } }
    },
    "branchMap": {}
  },
  "contracts/test/libraries/LendMathTest.sol": {
    "l": { "17": 2, "23": 1, "31": 1, "44": 1 },
    "path": "/Users/dsukhani/Desktop/code/Timeswap-V1-Core/contracts/test/libraries/LendMathTest.sol",
    "s": { "1": 2, "2": 1, "3": 1, "4": 1 },
    "b": {},
    "f": { "1": 2, "2": 1, "3": 1 },
    "fnMap": {
      "1": {
        "name": "check",
        "line": 10,
        "loc": { "start": { "line": 10, "column": 4 }, "end": { "line": 24, "column": 4 } }
      },
      "2": {
        "name": "getBond",
        "line": 26,
        "loc": { "start": { "line": 26, "column": 4 }, "end": { "line": 36, "column": 4 } }
      },
      "3": {
        "name": "getInsurance",
        "line": 38,
        "loc": { "start": { "line": 38, "column": 4 }, "end": { "line": 50, "column": 4 } }
      }
    },
    "statementMap": {
      "1": { "start": { "line": 17, "column": 8 }, "end": { "line": 17, "column": 432 } },
      "2": { "start": { "line": 23, "column": 8 }, "end": { "line": 23, "column": 19 } },
      "3": { "start": { "line": 31, "column": 8 }, "end": { "line": 31, "column": 727 } },
      "4": { "start": { "line": 44, "column": 8 }, "end": { "line": 44, "column": 1038 } }
    },
    "branchMap": {}
  },
  "contracts/test/libraries/MathTest.sol": {
    "l": { "8": 0, "12": 0 },
    "path": "/Users/dsukhani/Desktop/code/Timeswap-V1-Core/contracts/test/libraries/MathTest.sol",
    "s": { "1": 0, "2": 0 },
    "b": {},
    "f": { "1": 0, "2": 0 },
    "fnMap": {
      "1": {
        "name": "divUp",
        "line": 7,
        "loc": { "start": { "line": 7, "column": 4 }, "end": { "line": 9, "column": 4 } }
      },
      "2": {
        "name": "shiftRightUp",
        "line": 11,
        "loc": { "start": { "line": 11, "column": 4 }, "end": { "line": 13, "column": 4 } }
      }
    },
    "statementMap": {
      "1": { "start": { "line": 8, "column": 8 }, "end": { "line": 8, "column": 31 } },
      "2": { "start": { "line": 12, "column": 8 }, "end": { "line": 12, "column": 38 } }
    },
    "branchMap": {}
  },
  "contracts/test/libraries/MintMathTest.sol": {
    "l": { "13": 1, "22": 2, "35": 1, "47": 1, "60": 1 },
    "path": "/Users/dsukhani/Desktop/code/Timeswap-V1-Core/contracts/test/libraries/MintMathTest.sol",
    "s": { "1": 1, "2": 2, "3": 1, "4": 1, "5": 1 },
    "b": {},
    "f": { "1": 1, "2": 2, "3": 1, "4": 1, "5": 1 },
    "fnMap": {
      "1": {
        "name": "getLiquidityTotal1",
        "line": 8,
        "loc": { "start": { "line": 8, "column": 4 }, "end": { "line": 14, "column": 4 } }
      },
      "2": {
        "name": "getLiquidityTotal2",
        "line": 16,
        "loc": { "start": { "line": 16, "column": 4 }, "end": { "line": 28, "column": 4 } }
      },
      "3": {
        "name": "getLiquidity",
        "line": 30,
        "loc": { "start": { "line": 30, "column": 4 }, "end": { "line": 40, "column": 4 } }
      },
      "4": {
        "name": "getDebt",
        "line": 42,
        "loc": { "start": { "line": 42, "column": 4 }, "end": { "line": 52, "column": 4 } }
      },
      "5": {
        "name": "getCollateral",
        "line": 54,
        "loc": { "start": { "line": 54, "column": 4 }, "end": { "line": 66, "column": 4 } }
      }
    },
    "statementMap": {
      "1": { "start": { "line": 13, "column": 8 }, "end": { "line": 13, "column": 74 } },
      "2": { "start": { "line": 22, "column": 8 }, "end": { "line": 22, "column": 658 } },
      "3": { "start": { "line": 35, "column": 8 }, "end": { "line": 35, "column": 971 } },
      "4": { "start": { "line": 47, "column": 8 }, "end": { "line": 47, "column": 1249 } },
      "5": { "start": { "line": 60, "column": 8 }, "end": { "line": 60, "column": 1554 } }
    },
    "branchMap": {}
  },
  "contracts/test/libraries/PayMathTest.sol": {
    "l": { "13": 3, "14": 2 },
    "path": "/Users/dsukhani/Desktop/code/Timeswap-V1-Core/contracts/test/libraries/PayMathTest.sol",
    "s": { "1": 3, "2": 2 },
    "b": {},
    "f": { "1": 3 },
    "fnMap": {
      "1": {
        "name": "checkProportional",
        "line": 8,
        "loc": { "start": { "line": 8, "column": 4 }, "end": { "line": 15, "column": 4 } }
      }
    },
    "statementMap": {
      "1": { "start": { "line": 13, "column": 8 }, "end": { "line": 13, "column": 61 } },
      "2": { "start": { "line": 14, "column": 8 }, "end": { "line": 14, "column": 19 } }
    },
    "branchMap": {}
  },
  "contracts/test/libraries/SafeBalanceTest.sol": {
    "l": { "11": 2 },
    "path": "/Users/dsukhani/Desktop/code/Timeswap-V1-Core/contracts/test/libraries/SafeBalanceTest.sol",
    "s": { "1": 2 },
    "b": {},
    "f": { "1": 2 },
    "fnMap": {
      "1": {
        "name": "safeBalance",
        "line": 8,
        "loc": { "start": { "line": 8, "column": 4 }, "end": { "line": 12, "column": 4 } }
      }
    },
    "statementMap": { "1": { "start": { "line": 11, "column": 8 }, "end": { "line": 11, "column": 45 } } },
    "branchMap": {}
  },
  "contracts/test/libraries/SafeCastTest.sol": {
    "l": { "8": 1, "12": 1, "16": 1, "20": 1 },
    "path": "/Users/dsukhani/Desktop/code/Timeswap-V1-Core/contracts/test/libraries/SafeCastTest.sol",
    "s": { "1": 1, "2": 1, "3": 1, "4": 1 },
    "b": {},
    "f": { "1": 1, "2": 1, "3": 1, "4": 1 },
    "fnMap": {
      "1": {
        "name": "modUint32",
        "line": 7,
        "loc": { "start": { "line": 7, "column": 4 }, "end": { "line": 9, "column": 4 } }
      },
      "2": {
        "name": "toUint112",
        "line": 11,
        "loc": { "start": { "line": 11, "column": 4 }, "end": { "line": 13, "column": 4 } }
      },
      "3": {
        "name": "toUint128",
        "line": 15,
        "loc": { "start": { "line": 15, "column": 4 }, "end": { "line": 17, "column": 4 } }
      },
      "4": {
        "name": "truncateUint112",
        "line": 19,
        "loc": { "start": { "line": 19, "column": 4 }, "end": { "line": 21, "column": 4 } }
      }
    },
    "statementMap": {
      "1": { "start": { "line": 8, "column": 8 }, "end": { "line": 8, "column": 36 } },
      "2": { "start": { "line": 12, "column": 8 }, "end": { "line": 12, "column": 36 } },
      "3": { "start": { "line": 16, "column": 8 }, "end": { "line": 16, "column": 36 } },
      "4": { "start": { "line": 20, "column": 8 }, "end": { "line": 20, "column": 42 } }
    },
    "branchMap": {}
  },
  "contracts/test/libraries/SafeTransferTest.sol": {
    "l": { "15": 3 },
    "path": "/Users/dsukhani/Desktop/code/Timeswap-V1-Core/contracts/test/libraries/SafeTransferTest.sol",
    "s": { "1": 3 },
    "b": {},
    "f": { "1": 3 },
    "fnMap": {
      "1": {
        "name": "safeTransfer",
        "line": 10,
        "loc": { "start": { "line": 10, "column": 4 }, "end": { "line": 16, "column": 4 } }
      }
    },
    "statementMap": { "1": { "start": { "line": 15, "column": 8 }, "end": { "line": 15, "column": 46 } } },
    "branchMap": {}
  },
  "contracts/test/libraries/WithdrawMathTest.sol": {
    "l": { "12": 1, "22": 1 },
    "path": "/Users/dsukhani/Desktop/code/Timeswap-V1-Core/contracts/test/libraries/WithdrawMathTest.sol",
    "s": { "1": 1, "2": 1 },
    "b": {},
    "f": { "1": 1, "2": 1 },
    "fnMap": {
      "1": {
        "name": "getAsset",
        "line": 8,
        "loc": { "start": { "line": 8, "column": 4 }, "end": { "line": 16, "column": 4 } }
      },
      "2": {
        "name": "getCollateral",
        "line": 18,
        "loc": { "start": { "line": 18, "column": 4 }, "end": { "line": 26, "column": 4 } }
      }
    },
    "statementMap": {
      "1": { "start": { "line": 12, "column": 8 }, "end": { "line": 12, "column": 346 } },
      "2": { "start": { "line": 22, "column": 8 }, "end": { "line": 22, "column": 584 } }
    },
    "branchMap": {}
  },
  "contracts/test/TestToken.sol": {
    "l": { "12": 423 },
    "path": "/Users/dsukhani/Desktop/code/Timeswap-V1-Core/contracts/test/TestToken.sol",
    "s": { "1": 423 },
    "b": {},
    "f": { "1": 423 },
    "fnMap": {
      "1": {
        "name": "constructor",
        "line": 11,
        "loc": { "start": { "line": 7, "column": 4 }, "end": { "line": 13, "column": 4 } }
      }
    },
    "statementMap": { "1": { "start": { "line": 12, "column": 8 }, "end": { "line": 12, "column": 32 } } },
    "branchMap": {}
  },
  "contracts/test/TimeswapPairCallee.sol": {
    "l": {
      "20": 192,
      "21": 192,
      "37": 25,
      "41": 65,
      "58": 65,
      "76": 13,
      "95": 9,
      "114": 3,
      "130": 56,
      "134": 56,
      "136": 56,
      "137": 56,
      "138": 56,
      "142": 13,
      "146": 13,
      "148": 13,
      "149": 13,
      "153": 9,
      "157": 9,
      "159": 9,
      "160": 9,
      "167": 3,
      "171": 3,
      "172": 3
    },
    "path": "/Users/dsukhani/Desktop/code/Timeswap-V1-Core/contracts/test/TimeswapPairCallee.sol",
    "s": {
      "1": 192,
      "2": 192,
      "3": 25,
      "4": 65,
      "5": 65,
      "6": 13,
      "7": 9,
      "8": 3,
      "9": 56,
      "10": 56,
      "11": 56,
      "12": 56,
      "13": 56,
      "14": 13,
      "15": 13,
      "16": 13,
      "17": 13,
      "18": 9,
      "19": 9,
      "20": 9,
      "21": 9,
      "22": 3,
      "23": 3,
      "24": 3
    },
    "b": { "1": [56, 0], "2": [13, 0], "3": [9, 0] },
    "f": { "1": 192, "2": 25, "3": 65, "4": 65, "5": 13, "6": 9, "7": 3, "8": 56, "9": 13, "10": 9, "11": 3 },
    "fnMap": {
      "1": {
        "name": "constructor",
        "line": 19,
        "loc": { "start": { "line": 19, "column": 4 }, "end": { "line": 22, "column": 4 } }
      },
      "2": {
        "name": "getData",
        "line": 36,
        "loc": { "start": { "line": 36, "column": 4 }, "end": { "line": 38, "column": 4 } }
      },
      "3": {
        "name": "getDataMint",
        "line": 40,
        "loc": { "start": { "line": 40, "column": 4 }, "end": { "line": 42, "column": 4 } }
      },
      "4": {
        "name": "mint",
        "line": 44,
        "loc": { "start": { "line": 44, "column": 4 }, "end": { "line": 66, "column": 4 } }
      },
      "5": {
        "name": "lend",
        "line": 68,
        "loc": { "start": { "line": 68, "column": 4 }, "end": { "line": 85, "column": 4 } }
      },
      "6": {
        "name": "borrow",
        "line": 87,
        "loc": { "start": { "line": 87, "column": 4 }, "end": { "line": 104, "column": 4 } }
      },
      "7": {
        "name": "pay",
        "line": 106,
        "loc": { "start": { "line": 106, "column": 4 }, "end": { "line": 123, "column": 4 } }
      },
      "8": {
        "name": "timeswapMintCallback",
        "line": 125,
        "loc": { "start": { "line": 125, "column": 4 }, "end": { "line": 139, "column": 4 } }
      },
      "9": {
        "name": "timeswapLendCallback",
        "line": 141,
        "loc": { "start": { "line": 141, "column": 4 }, "end": { "line": 150, "column": 4 } }
      },
      "10": {
        "name": "timeswapBorrowCallback",
        "line": 152,
        "loc": { "start": { "line": 152, "column": 4 }, "end": { "line": 161, "column": 4 } }
      },
      "11": {
        "name": "timeswapPayCallback",
        "line": 163,
        "loc": { "start": { "line": 163, "column": 4 }, "end": { "line": 174, "column": 4 } }
      }
    },
    "statementMap": {
      "1": { "start": { "line": 20, "column": 8 }, "end": { "line": 20, "column": 33 } },
      "2": { "start": { "line": 21, "column": 8 }, "end": { "line": 21, "column": 46 } },
      "3": { "start": { "line": 37, "column": 8 }, "end": { "line": 37, "column": 93 } },
      "4": { "start": { "line": 41, "column": 8 }, "end": { "line": 41, "column": 103 } },
      "5": { "start": { "line": 58, "column": 8 }, "end": { "line": 58, "column": 1813 } },
      "6": { "start": { "line": 76, "column": 8 }, "end": { "line": 76, "column": 2265 } },
      "7": { "start": { "line": 95, "column": 8 }, "end": { "line": 95, "column": 2722 } },
      "8": { "start": { "line": 114, "column": 8 }, "end": { "line": 114, "column": 3196 } },
      "9": { "start": { "line": 130, "column": 8 }, "end": { "line": 130, "column": 3538 } },
      "10": { "start": { "line": 134, "column": 8 }, "end": { "line": 134, "column": 63 } },
      "11": { "start": { "line": 136, "column": 8 }, "end": { "line": 136, "column": 61 } },
      "12": { "start": { "line": 137, "column": 8 }, "end": { "line": 137, "column": 60 } },
      "13": { "start": { "line": 138, "column": 8 }, "end": { "line": 138, "column": 75 } },
      "14": { "start": { "line": 142, "column": 8 }, "end": { "line": 142, "column": 4074 } },
      "15": { "start": { "line": 146, "column": 8 }, "end": { "line": 146, "column": 63 } },
      "16": { "start": { "line": 148, "column": 8 }, "end": { "line": 148, "column": 61 } },
      "17": { "start": { "line": 149, "column": 8 }, "end": { "line": 149, "column": 55 } },
      "18": { "start": { "line": 153, "column": 8 }, "end": { "line": 153, "column": 4496 } },
      "19": { "start": { "line": 157, "column": 8 }, "end": { "line": 157, "column": 63 } },
      "20": { "start": { "line": 159, "column": 8 }, "end": { "line": 159, "column": 61 } },
      "21": { "start": { "line": 160, "column": 8 }, "end": { "line": 160, "column": 65 } },
      "22": { "start": { "line": 167, "column": 8 }, "end": { "line": 167, "column": 4946 } },
      "23": { "start": { "line": 171, "column": 8 }, "end": { "line": 171, "column": 63 } },
      "24": { "start": { "line": 172, "column": 8 }, "end": { "line": 172, "column": 55 } }
    },
    "branchMap": {
      "1": {
        "line": 136,
        "type": "if",
        "locations": [
          { "start": { "line": 136, "column": 8 }, "end": { "line": 136, "column": 8 } },
          { "start": { "line": 136, "column": 8 }, "end": { "line": 136, "column": 8 } }
        ]
      },
      "2": {
        "line": 148,
        "type": "if",
        "locations": [
          { "start": { "line": 148, "column": 8 }, "end": { "line": 148, "column": 8 } },
          { "start": { "line": 148, "column": 8 }, "end": { "line": 148, "column": 8 } }
        ]
      },
      "3": {
        "line": 159,
        "type": "if",
        "locations": [
          { "start": { "line": 159, "column": 8 }, "end": { "line": 159, "column": 8 } },
          { "start": { "line": 159, "column": 8 }, "end": { "line": 159, "column": 8 } }
        ]
      }
    }
  },
  "contracts/TimeswapFactory.sol": {
    "l": {
      "38": 214,
      "39": 213,
      "40": 213,
      "41": 213,
      "48": 71,
      "49": 70,
      "50": 68,
      "52": 67,
      "54": 67,
      "56": 67,
      "61": 4,
      "62": 3,
      "63": 2,
      "65": 2,
      "70": 2,
      "71": 1,
      "73": 1
    },
    "path": "/Users/dsukhani/Desktop/code/Timeswap-V1-Core/contracts/TimeswapFactory.sol",
    "s": {
      "1": 214,
      "2": 213,
      "3": 213,
      "4": 213,
      "5": 71,
      "6": 70,
      "7": 68,
      "8": 67,
      "9": 67,
      "10": 67,
      "11": 4,
      "12": 3,
      "13": 2,
      "14": 2,
      "15": 2,
      "16": 1,
      "17": 1
    },
    "b": { "1": [213, 1], "2": [70, 1], "3": [68, 2], "4": [67, 1], "5": [3, 1], "6": [2, 1], "7": [1, 1] },
    "f": { "1": 214, "2": 71, "3": 4, "4": 2 },
    "fnMap": {
      "1": {
        "name": "constructor",
        "line": 33,
        "loc": { "start": { "line": 33, "column": 4 }, "end": { "line": 42, "column": 4 } }
      },
      "2": {
        "name": "createPair",
        "line": 47,
        "loc": { "start": { "line": 47, "column": 4 }, "end": { "line": 57, "column": 4 } }
      },
      "3": {
        "name": "setOwner",
        "line": 60,
        "loc": { "start": { "line": 60, "column": 4 }, "end": { "line": 66, "column": 4 } }
      },
      "4": {
        "name": "acceptOwner",
        "line": 69,
        "loc": { "start": { "line": 69, "column": 4 }, "end": { "line": 74, "column": 4 } }
      }
    },
    "statementMap": {
      "1": { "start": { "line": 38, "column": 8 }, "end": { "line": 38, "column": 44 } },
      "2": { "start": { "line": 39, "column": 8 }, "end": { "line": 39, "column": 21 } },
      "3": { "start": { "line": 40, "column": 8 }, "end": { "line": 40, "column": 17 } },
      "4": { "start": { "line": 41, "column": 8 }, "end": { "line": 41, "column": 33 } },
      "5": { "start": { "line": 48, "column": 8 }, "end": { "line": 48, "column": 43 } },
      "6": { "start": { "line": 49, "column": 8 }, "end": { "line": 49, "column": 87 } },
      "7": { "start": { "line": 50, "column": 8 }, "end": { "line": 50, "column": 71 } },
      "8": { "start": { "line": 52, "column": 8 }, "end": { "line": 52, "column": 115 } },
      "9": { "start": { "line": 54, "column": 8 }, "end": { "line": 54, "column": 40 } },
      "10": { "start": { "line": 56, "column": 8 }, "end": { "line": 56, "column": 48 } },
      "11": { "start": { "line": 61, "column": 8 }, "end": { "line": 61, "column": 43 } },
      "12": { "start": { "line": 62, "column": 8 }, "end": { "line": 62, "column": 51 } },
      "13": { "start": { "line": 63, "column": 8 }, "end": { "line": 63, "column": 35 } },
      "14": { "start": { "line": 65, "column": 8 }, "end": { "line": 65, "column": 36 } },
      "15": { "start": { "line": 70, "column": 8 }, "end": { "line": 70, "column": 50 } },
      "16": { "start": { "line": 71, "column": 8 }, "end": { "line": 71, "column": 25 } },
      "17": { "start": { "line": 73, "column": 8 }, "end": { "line": 73, "column": 36 } }
    },
    "branchMap": {
      "1": {
        "line": 38,
        "type": "if",
        "locations": [
          { "start": { "line": 38, "column": 8 }, "end": { "line": 38, "column": 8 } },
          { "start": { "line": 38, "column": 8 }, "end": { "line": 38, "column": 8 } }
        ]
      },
      "2": {
        "line": 48,
        "type": "if",
        "locations": [
          { "start": { "line": 48, "column": 8 }, "end": { "line": 48, "column": 8 } },
          { "start": { "line": 48, "column": 8 }, "end": { "line": 48, "column": 8 } }
        ]
      },
      "3": {
        "line": 49,
        "type": "if",
        "locations": [
          { "start": { "line": 49, "column": 8 }, "end": { "line": 49, "column": 8 } },
          { "start": { "line": 49, "column": 8 }, "end": { "line": 49, "column": 8 } }
        ]
      },
      "4": {
        "line": 50,
        "type": "if",
        "locations": [
          { "start": { "line": 50, "column": 8 }, "end": { "line": 50, "column": 8 } },
          { "start": { "line": 50, "column": 8 }, "end": { "line": 50, "column": 8 } }
        ]
      },
      "5": {
        "line": 61,
        "type": "if",
        "locations": [
          { "start": { "line": 61, "column": 8 }, "end": { "line": 61, "column": 8 } },
          { "start": { "line": 61, "column": 8 }, "end": { "line": 61, "column": 8 } }
        ]
      },
      "6": {
        "line": 62,
        "type": "if",
        "locations": [
          { "start": { "line": 62, "column": 8 }, "end": { "line": 62, "column": 8 } },
          { "start": { "line": 62, "column": 8 }, "end": { "line": 62, "column": 8 } }
        ]
      },
      "7": {
        "line": 70,
        "type": "if",
        "locations": [
          { "start": { "line": 70, "column": 8 }, "end": { "line": 70, "column": 8 } },
          { "start": { "line": 70, "column": 8 }, "end": { "line": 70, "column": 8 } }
        ]
      }
    }
  },
  "contracts/TimeswapPair.sol": {
    "l": {
      "58": 137,
      "59": 137,
      "64": 37,
      "69": 137,
      "74": 37,
      "79": 37,
      "84": 37,
      "89": 37,
      "94": 50,
      "111": 67,
      "112": 67,
      "113": 67,
      "114": 67,
      "115": 67,
      "122": 97,
      "123": 97,
      "124": 97,
      "125": 83,
      "149": 65,
      "150": 56,
      "151": 56,
      "152": 56,
      "153": 56,
      "155": 56,
      "157": 56,
      "158": 46,
      "159": 46,
      "161": 46,
      "162": 46,
      "164": 10,
      "165": 10,
      "167": 10,
      "168": 10,
      "170": 56,
      "171": 56,
      "173": 56,
      "174": 56,
      "175": 56,
      "177": 56,
      "179": 56,
      "181": 56,
      "182": 56,
      "183": 56,
      "185": 56,
      "186": 54,
      "187": 54,
      "189": 51,
      "190": 51,
      "200": 3,
      "201": 3,
      "202": 3,
      "203": 3,
      "205": 3,
      "207": 3,
      "208": 3,
      "210": 3,
      "212": 3,
      "214": 3,
      "215": 3,
      "217": 3,
      "218": 3,
      "220": 3,
      "233": 13,
      "234": 13,
      "235": 13,
      "236": 13,
      "238": 13,
      "239": 13,
      "241": 13,
      "243": 13,
      "244": 13,
      "246": 13,
      "248": 13,
      "249": 13,
      "251": 13,
      "252": 13,
      "254": 13,
      "256": 13,
      "257": 13,
      "258": 13,
      "260": 13,
      "261": 13,
      "271": 4,
      "272": 4,
      "273": 4,
      "274": 4,
      "276": 4,
      "278": 4,
      "279": 4,
      "281": 4,
      "282": 4,
      "284": 4,
      "286": 4,
      "287": 4,
      "289": 4,
      "290": 4,
      "292": 4,
      "293": 4,
      "295": 4,
      "308": 9,
      "309": 9,
      "310": 9,
      "311": 9,
      "313": 9,
      "314": 9,
      "316": 9,
      "318": 9,
      "319": 9,
      "320": 9,
      "322": 9,
      "324": 9,
      "326": 9,
      "327": 9,
      "328": 9,
      "330": 9,
      "331": 9,
      "332": 9,
      "334": 9,
      "336": 9,
      "337": 9,
      "350": 3,
      "351": 3,
      "352": 3,
      "353": 3,
      "355": 3,
      "357": 3,
      "359": 3,
      "360": 3,
      "361": 3,
      "362": 3,
      "363": 3,
      "364": 3,
      "365": 3,
      "366": 3,
      "367": 3,
      "369": 3,
      "371": 3,
      "372": 3,
      "374": 3,
      "376": 3
    },
    "path": "/Users/dsukhani/Desktop/code/Timeswap-V1-Core/contracts/TimeswapPair.sol",
    "s": {
      "1": 137,
      "2": 137,
      "3": 37,
      "4": 137,
      "5": 37,
      "6": 37,
      "7": 37,
      "8": 37,
      "9": 50,
      "10": 67,
      "11": 67,
      "12": 67,
      "13": 67,
      "14": 67,
      "15": 97,
      "16": 97,
      "17": 83,
      "18": 65,
      "19": 56,
      "20": 56,
      "21": 56,
      "22": 56,
      "23": 56,
      "24": 56,
      "25": 46,
      "26": 46,
      "27": 46,
      "28": 46,
      "29": 10,
      "30": 10,
      "31": 10,
      "32": 10,
      "33": 56,
      "34": 56,
      "35": 56,
      "36": 56,
      "37": 56,
      "38": 56,
      "39": 56,
      "40": 56,
      "41": 56,
      "42": 56,
      "43": 56,
      "44": 54,
      "45": 54,
      "46": 51,
      "47": 51,
      "48": 3,
      "49": 3,
      "50": 3,
      "51": 3,
      "52": 3,
      "53": 3,
      "54": 3,
      "55": 3,
      "56": 3,
      "57": 3,
      "58": 3,
      "59": 3,
      "60": 2,
      "61": 3,
      "62": 3,
      "63": 3,
      "64": 13,
      "65": 13,
      "66": 13,
      "67": 13,
      "68": 13,
      "69": 13,
      "70": 13,
      "71": 13,
      "72": 13,
      "73": 13,
      "74": 13,
      "75": 13,
      "76": 13,
      "77": 13,
      "78": 13,
      "79": 13,
      "80": 13,
      "81": 13,
      "82": 13,
      "83": 13,
      "84": 4,
      "85": 4,
      "86": 4,
      "87": 4,
      "88": 4,
      "89": 4,
      "90": 4,
      "91": 4,
      "92": 4,
      "93": 4,
      "94": 4,
      "95": 4,
      "96": 4,
      "97": 4,
      "98": 4,
      "99": 4,
      "100": 4,
      "101": 1,
      "102": 4,
      "103": 9,
      "104": 9,
      "105": 9,
      "106": 9,
      "107": 9,
      "108": 9,
      "109": 9,
      "110": 9,
      "111": 9,
      "112": 9,
      "113": 9,
      "114": 9,
      "115": 9,
      "116": 9,
      "117": 9,
      "118": 9,
      "119": 9,
      "120": 9,
      "121": 9,
      "122": 9,
      "123": 9,
      "124": 3,
      "125": 3,
      "126": 3,
      "127": 3,
      "128": 3,
      "129": 3,
      "130": 3,
      "131": 3,
      "132": 3,
      "133": 3,
      "134": 0,
      "135": 3,
      "136": 3,
      "137": 3,
      "138": 3,
      "139": 3,
      "140": 3,
      "141": 3,
      "142": 3,
      "143": 3,
      "144": 3,
      "145": 3,
      "146": 3
    },
    "b": {
      "1": [97, 0],
      "2": [56, 9],
      "3": [56, 0],
      "4": [56, 0],
      "5": [56, 0],
      "6": [56, 0],
      "7": [46, 10],
      "8": [56, 0],
      "9": [3, 0],
      "10": [3, 0],
      "11": [3, 0],
      "12": [3, 0],
      "13": [2, 1],
      "14": [3, 0],
      "15": [13, 0],
      "16": [13, 0],
      "17": [13, 0],
      "18": [13, 0],
      "19": [13, 0],
      "20": [4, 0],
      "21": [4, 0],
      "22": [4, 0],
      "23": [4, 0],
      "24": [4, 0],
      "25": [1, 3],
      "26": [9, 0],
      "27": [9, 0],
      "28": [9, 0],
      "29": [9, 0],
      "30": [9, 0],
      "31": [3, 0],
      "32": [3, 0],
      "33": [3, 0],
      "34": [3, 0],
      "35": [3, 0],
      "36": [0, 3],
      "37": [0, 0],
      "38": [3, 0],
      "39": [3, 0]
    },
    "f": {
      "1": 137,
      "2": 37,
      "3": 137,
      "4": 37,
      "5": 37,
      "6": 37,
      "7": 37,
      "8": 50,
      "9": 67,
      "10": 97,
      "11": 65,
      "12": 3,
      "13": 13,
      "14": 4,
      "15": 9,
      "16": 3
    },
    "fnMap": {
      "1": {
        "name": "constantProduct",
        "line": 48,
        "loc": { "start": { "line": 48, "column": 4 }, "end": { "line": 60, "column": 4 } }
      },
      "2": {
        "name": "totalReserves",
        "line": 63,
        "loc": { "start": { "line": 63, "column": 4 }, "end": { "line": 65, "column": 4 } }
      },
      "3": {
        "name": "totalLiquidity",
        "line": 68,
        "loc": { "start": { "line": 68, "column": 4 }, "end": { "line": 70, "column": 4 } }
      },
      "4": {
        "name": "liquidityOf",
        "line": 73,
        "loc": { "start": { "line": 73, "column": 4 }, "end": { "line": 75, "column": 4 } }
      },
      "5": {
        "name": "totalClaims",
        "line": 78,
        "loc": { "start": { "line": 78, "column": 4 }, "end": { "line": 80, "column": 4 } }
      },
      "6": {
        "name": "claimsOf",
        "line": 83,
        "loc": { "start": { "line": 83, "column": 4 }, "end": { "line": 85, "column": 4 } }
      },
      "7": {
        "name": "totalDebtCreated",
        "line": 88,
        "loc": { "start": { "line": 88, "column": 4 }, "end": { "line": 90, "column": 4 } }
      },
      "8": {
        "name": "dueOf",
        "line": 93,
        "loc": { "start": { "line": 93, "column": 4 }, "end": { "line": 95, "column": 4 } }
      },
      "9": {
        "name": "constructor",
        "line": 105,
        "loc": { "start": { "line": 105, "column": 4 }, "end": { "line": 116, "column": 4 } }
      },
      "10": {
        "name": "lock",
        "line": 121,
        "loc": { "start": { "line": 121, "column": 4 }, "end": { "line": 126, "column": 4 } }
      },
      "11": {
        "name": "mint",
        "line": 142,
        "loc": { "start": { "line": 131, "column": 4 }, "end": { "line": 191, "column": 4 } }
      },
      "12": {
        "name": "burn",
        "line": 199,
        "loc": { "start": { "line": 194, "column": 4 }, "end": { "line": 221, "column": 4 } }
      },
      "13": {
        "name": "lend",
        "line": 232,
        "loc": { "start": { "line": 224, "column": 4 }, "end": { "line": 262, "column": 4 } }
      },
      "14": {
        "name": "withdraw",
        "line": 270,
        "loc": { "start": { "line": 265, "column": 4 }, "end": { "line": 296, "column": 4 } }
      },
      "15": {
        "name": "borrow",
        "line": 307,
        "loc": { "start": { "line": 299, "column": 4 }, "end": { "line": 338, "column": 4 } }
      },
      "16": {
        "name": "pay",
        "line": 349,
        "loc": { "start": { "line": 341, "column": 4 }, "end": { "line": 377, "column": 4 } }
      }
    },
    "statementMap": {
      "1": { "start": { "line": 58, "column": 8 }, "end": { "line": 58, "column": 50 } },
      "2": { "start": { "line": 59, "column": 8 }, "end": { "line": 59, "column": 42 } },
      "3": { "start": { "line": 64, "column": 8 }, "end": { "line": 64, "column": 45 } },
      "4": { "start": { "line": 69, "column": 8 }, "end": { "line": 69, "column": 51 } },
      "5": { "start": { "line": 74, "column": 8 }, "end": { "line": 74, "column": 49 } },
      "6": { "start": { "line": 79, "column": 8 }, "end": { "line": 79, "column": 48 } },
      "7": { "start": { "line": 84, "column": 8 }, "end": { "line": 84, "column": 44 } },
      "8": { "start": { "line": 89, "column": 8 }, "end": { "line": 89, "column": 53 } },
      "9": { "start": { "line": 94, "column": 8 }, "end": { "line": 94, "column": 46 } },
      "10": { "start": { "line": 111, "column": 8 }, "end": { "line": 111, "column": 37 } },
      "11": { "start": { "line": 112, "column": 8 }, "end": { "line": 112, "column": 21 } },
      "12": { "start": { "line": 113, "column": 8 }, "end": { "line": 113, "column": 31 } },
      "13": { "start": { "line": 114, "column": 8 }, "end": { "line": 114, "column": 17 } },
      "14": { "start": { "line": 115, "column": 8 }, "end": { "line": 115, "column": 33 } },
      "15": { "start": { "line": 122, "column": 8 }, "end": { "line": 122, "column": 35 } },
      "16": { "start": { "line": 123, "column": 8 }, "end": { "line": 123, "column": 17 } },
      "17": { "start": { "line": 125, "column": 8 }, "end": { "line": 125, "column": 17 } },
      "18": { "start": { "line": 149, "column": 8 }, "end": { "line": 149, "column": 50 } },
      "19": { "start": { "line": 150, "column": 8 }, "end": { "line": 150, "column": 77 } },
      "20": { "start": { "line": 151, "column": 8 }, "end": { "line": 151, "column": 72 } },
      "21": { "start": { "line": 152, "column": 8 }, "end": { "line": 152, "column": 78 } },
[...]
      "50": { "start": { "line": 202, "column": 8 }, "end": { "line": 202, "column": 81 } },
      "51": { "start": { "line": 203, "column": 8 }, "end": { "line": 203, "column": 39 } },
      "52": { "start": { "line": 205, "column": 8 }, "end": { "line": 205, "column": 43 } },
      "53": { "start": { "line": 207, "column": 8 }, "end": { "line": 207, "column": 67 } },
      "54": { "start": { "line": 208, "column": 8 }, "end": { "line": 208, "column": 77 } },
      "55": { "start": { "line": 210, "column": 8 }, "end": { "line": 210, "column": 47 } },
      "56": { "start": { "line": 212, "column": 8 }, "end": { "line": 212, "column": 50 } },
      "57": { "start": { "line": 214, "column": 8 }, "end": { "line": 214, "column": 51 } },
      "58": { "start": { "line": 215, "column": 8 }, "end": { "line": 215, "column": 61 } },
      "59": { "start": { "line": 217, "column": 8 }, "end": { "line": 217, "column": 77 } },
      "60": { "start": { "line": 217, "column": 33 }, "end": { "line": 217, "column": 76 } },
      "61": { "start": { "line": 218, "column": 8 }, "end": { "line": 218, "column": 97 } },
      "62": { "start": { "line": 218, "column": 38 }, "end": { "line": 218, "column": 96 } },
      "63": { "start": { "line": 220, "column": 8 }, "end": { "line": 220, "column": 86 } },
      "64": { "start": { "line": 233, "column": 8 }, "end": { "line": 233, "column": 50 } },
      "65": { "start": { "line": 234, "column": 8 }, "end": { "line": 234, "column": 73 } },
      "66": { "start": { "line": 235, "column": 8 }, "end": { "line": 235, "column": 79 } },
      "67": { "start": { "line": 236, "column": 8 }, "end": { "line": 236, "column": 37 } },
      "68": { "start": { "line": 238, "column": 8 }, "end": { "line": 238, "column": 43 } },
      "69": { "start": { "line": 239, "column": 8 }, "end": { "line": 239, "column": 53 } },
      "70": { "start": { "line": 241, "column": 8 }, "end": { "line": 241, "column": 71 } },
      "71": { "start": { "line": 243, "column": 8 }, "end": { "line": 243, "column": 72 } },
      "72": { "start": { "line": 244, "column": 8 }, "end": { "line": 244, "column": 94 } },
      "73": { "start": { "line": 246, "column": 8 }, "end": { "line": 246, "column": 44 } },
      "74": { "start": { "line": 248, "column": 8 }, "end": { "line": 248, "column": 52 } },
      "75": { "start": { "line": 249, "column": 8 }, "end": { "line": 249, "column": 62 } },
      "76": { "start": { "line": 251, "column": 8 }, "end": { "line": 251, "column": 49 } },
      "77": { "start": { "line": 252, "column": 8 }, "end": { "line": 252, "column": 64 } },
      "78": { "start": { "line": 254, "column": 8 }, "end": { "line": 254, "column": 45 } },
      "79": { "start": { "line": 256, "column": 8 }, "end": { "line": 256, "column": 32 } },
      "80": { "start": { "line": 257, "column": 8 }, "end": { "line": 257, "column": 32 } },
      "81": { "start": { "line": 258, "column": 8 }, "end": { "line": 258, "column": 32 } },
      "82": { "start": { "line": 260, "column": 8 }, "end": { "line": 260, "column": 69 } },
      "83": { "start": { "line": 261, "column": 8 }, "end": { "line": 261, "column": 82 } },
      "84": { "start": { "line": 271, "column": 8 }, "end": { "line": 271, "column": 51 } },
      "85": { "start": { "line": 272, "column": 8 }, "end": { "line": 272, "column": 75 } },
      "86": { "start": { "line": 273, "column": 8 }, "end": { "line": 273, "column": 81 } },
      "87": { "start": { "line": 274, "column": 8 }, "end": { "line": 274, "column": 67 } },
      "88": { "start": { "line": 276, "column": 8 }, "end": { "line": 276, "column": 43 } },
      "89": { "start": { "line": 278, "column": 8 }, "end": { "line": 278, "column": 73 } },
      "90": { "start": { "line": 279, "column": 8 }, "end": { "line": 279, "column": 88 } },
      "91": { "start": { "line": 281, "column": 8 }, "end": { "line": 281, "column": 51 } },
      "92": { "start": { "line": 282, "column": 8 }, "end": { "line": 282, "column": 61 } },
      "93": { "start": { "line": 284, "column": 8 }, "end": { "line": 284, "column": 55 } },
      "94": { "start": { "line": 286, "column": 8 }, "end": { "line": 286, "column": 35 } },
      "95": { "start": { "line": 287, "column": 8 }, "end": { "line": 287, "column": 45 } },
      "96": { "start": { "line": 289, "column": 8 }, "end": { "line": 289, "column": 51 } },
      "97": { "start": { "line": 290, "column": 8 }, "end": { "line": 290, "column": 61 } },
      "98": { "start": { "line": 292, "column": 8 }, "end": { "line": 292, "column": 77 } },
      "99": { "start": { "line": 292, "column": 33 }, "end": { "line": 292, "column": 76 } },
      "100": { "start": { "line": 293, "column": 8 }, "end": { "line": 293, "column": 97 } },
      "101": { "start": { "line": 293, "column": 38 }, "end": { "line": 293, "column": 96 } },
      "102": { "start": { "line": 295, "column": 8 }, "end": { "line": 295, "column": 87 } },
      "103": { "start": { "line": 308, "column": 8 }, "end": { "line": 308, "column": 50 } },
      "104": { "start": { "line": 309, "column": 8 }, "end": { "line": 309, "column": 68 } },
      "105": { "start": { "line": 310, "column": 8 }, "end": { "line": 310, "column": 74 } },
      "106": { "start": { "line": 311, "column": 8 }, "end": { "line": 311, "column": 37 } },
      "107": { "start": { "line": 313, "column": 8 }, "end": { "line": 313, "column": 43 } },
      "108": { "start": { "line": 314, "column": 8 }, "end": { "line": 314, "column": 53 } },
      "109": { "start": { "line": 316, "column": 8 }, "end": { "line": 316, "column": 73 } },
      "110": { "start": { "line": 318, "column": 8 }, "end": { "line": 318, "column": 71 } },
      "111": { "start": { "line": 319, "column": 8 }, "end": { "line": 319, "column": 95 } },
      "112": { "start": { "line": 320, "column": 8 }, "end": { "line": 320, "column": 44 } },
      "113": { "start": { "line": 322, "column": 8 }, "end": { "line": 322, "column": 59 } },
      "114": { "start": { "line": 324, "column": 8 }, "end": { "line": 324, "column": 43 } },
      "115": { "start": { "line": 326, "column": 8 }, "end": { "line": 326, "column": 45 } },
      "116": { "start": { "line": 327, "column": 8 }, "end": { "line": 327, "column": 58 } },
      "117": { "start": { "line": 328, "column": 8 }, "end": { "line": 328, "column": 49 } },
      "118": { "start": { "line": 330, "column": 8 }, "end": { "line": 330, "column": 32 } },
      "119": { "start": { "line": 331, "column": 8 }, "end": { "line": 331, "column": 32 } },
      "120": { "start": { "line": 332, "column": 8 }, "end": { "line": 332, "column": 32 } },
      "121": { "start": { "line": 334, "column": 8 }, "end": { "line": 334, "column": 45 } },
      "122": { "start": { "line": 336, "column": 8 }, "end": { "line": 336, "column": 69 } },
      "123": { "start": { "line": 337, "column": 8 }, "end": { "line": 337, "column": 80 } },
      "124": { "start": { "line": 350, "column": 8 }, "end": { "line": 350, "column": 50 } },
      "125": { "start": { "line": 351, "column": 8 }, "end": { "line": 351, "column": 92 } },
      "126": { "start": { "line": 352, "column": 8 }, "end": { "line": 352, "column": 40 } },
      "127": { "start": { "line": 353, "column": 8 }, "end": { "line": 353, "column": 43 } },
      "128": { "start": { "line": 355, "column": 8 }, "end": { "line": 355, "column": 43 } },
      "129": { "start": { "line": 357, "column": 8 }, "end": { "line": 357, "column": 45 } },
      "130": { "start": { "line": 359, "column": 8 }, "end": { "line": 359, "column": 12862 } },
      "131": { "start": { "line": 360, "column": 12 }, "end": { "line": 360, "column": 42 } },
      "132": { "start": { "line": 361, "column": 12 }, "end": { "line": 361, "column": 63 } },
      "133": { "start": { "line": 362, "column": 12 }, "end": { "line": 362, "column": 76 } },
      "134": { "start": { "line": 362, "column": 37 }, "end": { "line": 362, "column": 75 } },
      "135": { "start": { "line": 363, "column": 12 }, "end": { "line": 363, "column": 73 } },
      "136": { "start": { "line": 364, "column": 12 }, "end": { "line": 364, "column": 34 } },
      "137": { "start": { "line": 365, "column": 12 }, "end": { "line": 365, "column": 46 } },
      "138": { "start": { "line": 366, "column": 12 }, "end": { "line": 366, "column": 33 } },
      "139": { "start": { "line": 367, "column": 12 }, "end": { "line": 367, "column": 45 } },
      "140": { "start": { "line": 369, "column": 8 }, "end": { "line": 369, "column": 59 } },
      "141": { "start": { "line": 369, "column": 25 }, "end": { "line": 369, "column": 58 } },
      "142": { "start": { "line": 371, "column": 8 }, "end": { "line": 371, "column": 43 } },
      "143": { "start": { "line": 372, "column": 8 }, "end": { "line": 372, "column": 54 } },
      "144": { "start": { "line": 374, "column": 8 }, "end": { "line": 374, "column": 73 } },
      "145": { "start": { "line": 374, "column": 31 }, "end": { "line": 374, "column": 72 } },
      "146": { "start": { "line": 376, "column": 8 }, "end": { "line": 376, "column": 104 } }
    },
    "branchMap": {
      "1": {
        "line": 122,
        "type": "if",
        "locations": [
          { "start": { "line": 122, "column": 8 }, "end": { "line": 122, "column": 8 } },
          { "start": { "line": 122, "column": 8 }, "end": { "line": 122, "column": 8 } }
        ]
      },
      "2": {
        "line": 149,
        "type": "if",
        "locations": [
          { "start": { "line": 149, "column": 8 }, "end": { "line": 149, "column": 8 } },
          { "start": { "line": 149, "column": 8 }, "end": { "line": 149, "column": 8 } }
        ]
      },
      "3": {
        "line": 150,
        "type": "if",
        "locations": [
          { "start": { "line": 150, "column": 8 }, "end": { "line": 150, "column": 8 } },
          { "start": { "line": 150, "column": 8 }, "end": { "line": 150, "column": 8 } }
        ]
      },
      "4": {
        "line": 151,
        "type": "if",
        "locations": [
          { "start": { "line": 151, "column": 8 }, "end": { "line": 151, "column": 8 } },
          { "start": { "line": 151, "column": 8 }, "end": { "line": 151, "column": 8 } }
        ]
      },
      "5": {
        "line": 152,
        "type": "if",
        "locations": [
          { "start": { "line": 152, "column": 8 }, "end": { "line": 152, "column": 8 } },
          { "start": { "line": 152, "column": 8 }, "end": { "line": 152, "column": 8 } }
        ]
      },
      "6": {
        "line": 153,
        "type": "if",
        "locations": [
          { "start": { "line": 153, "column": 8 }, "end": { "line": 153, "column": 8 } },
          { "start": { "line": 153, "column": 8 }, "end": { "line": 153, "column": 8 } }
        ]
      },
      "7": {
        "line": 157,
        "type": "if",
        "locations": [
          { "start": { "line": 157, "column": 8 }, "end": { "line": 157, "column": 8 } },
          { "start": { "line": 157, "column": 8 }, "end": { "line": 157, "column": 8 } }
        ]
      },
      "8": {
        "line": 170,
        "type": "if",
        "locations": [
          { "start": { "line": 170, "column": 8 }, "end": { "line": 170, "column": 8 } },
          { "start": { "line": 170, "column": 8 }, "end": { "line": 170, "column": 8 } }
        ]
      },
      "9": {
        "line": 200,
        "type": "if",
        "locations": [
          { "start": { "line": 200, "column": 8 }, "end": { "line": 200, "column": 8 } },
          { "start": { "line": 200, "column": 8 }, "end": { "line": 200, "column": 8 } }
        ]
      },
      "10": {
        "line": 201,
        "type": "if",
        "locations": [
          { "start": { "line": 201, "column": 8 }, "end": { "line": 201, "column": 8 } },
          { "start": { "line": 201, "column": 8 }, "end": { "line": 201, "column": 8 } }
        ]
      },
      "11": {
        "line": 202,
        "type": "if",
        "locations": [
          { "start": { "line": 202, "column": 8 }, "end": { "line": 202, "column": 8 } },
          { "start": { "line": 202, "column": 8 }, "end": { "line": 202, "column": 8 } }
        ]
      },
      "12": {
        "line": 203,
        "type": "if",
        "locations": [
          { "start": { "line": 203, "column": 8 }, "end": { "line": 203, "column": 8 } },
          { "start": { "line": 203, "column": 8 }, "end": { "line": 203, "column": 8 } }
        ]
      },
      "13": {
        "line": 217,
        "type": "if",
        "locations": [
          { "start": { "line": 217, "column": 8 }, "end": { "line": 217, "column": 8 } },
          { "start": { "line": 217, "column": 8 }, "end": { "line": 217, "column": 8 } }
        ]
      },
      "14": {
        "line": 218,
        "type": "if",
        "locations": [
          { "start": { "line": 218, "column": 8 }, "end": { "line": 218, "column": 8 } },
          { "start": { "line": 218, "column": 8 }, "end": { "line": 218, "column": 8 } }
        ]
      },
      "15": {
        "line": 233,
        "type": "if",
        "locations": [
          { "start": { "line": 233, "column": 8 }, "end": { "line": 233, "column": 8 } },
          { "start": { "line": 233, "column": 8 }, "end": { "line": 233, "column": 8 } }
        ]
      },
      "16": {
        "line": 234,
        "type": "if",
        "locations": [
          { "start": { "line": 234, "column": 8 }, "end": { "line": 234, "column": 8 } },
          { "start": { "line": 234, "column": 8 }, "end": { "line": 234, "column": 8 } }
        ]
      },
      "17": {
        "line": 235,
        "type": "if",
        "locations": [
          { "start": { "line": 235, "column": 8 }, "end": { "line": 235, "column": 8 } },
          { "start": { "line": 235, "column": 8 }, "end": { "line": 235, "column": 8 } }
        ]
      },
      "18": {
        "line": 236,
        "type": "if",
        "locations": [
          { "start": { "line": 236, "column": 8 }, "end": { "line": 236, "column": 8 } },
          { "start": { "line": 236, "column": 8 }, "end": { "line": 236, "column": 8 } }
        ]
      },
      "19": {
        "line": 239,
        "type": "if",
        "locations": [
          { "start": { "line": 239, "column": 8 }, "end": { "line": 239, "column": 8 } },
          { "start": { "line": 239, "column": 8 }, "end": { "line": 239, "column": 8 } }
        ]
      },
      "20": {
        "line": 271,
        "type": "if",
        "locations": [
          { "start": { "line": 271, "column": 8 }, "end": { "line": 271, "column": 8 } },
          { "start": { "line": 271, "column": 8 }, "end": { "line": 271, "column": 8 } }
        ]
      },
      "21": {
        "line": 272,
        "type": "if",
        "locations": [
          { "start": { "line": 272, "column": 8 }, "end": { "line": 272, "column": 8 } },
          { "start": { "line": 272, "column": 8 }, "end": { "line": 272, "column": 8 } }
        ]
      },
      "22": {
        "line": 273,
        "type": "if",
        "locations": [
          { "start": { "line": 273, "column": 8 }, "end": { "line": 273, "column": 8 } },
          { "start": { "line": 273, "column": 8 }, "end": { "line": 273, "column": 8 } }
        ]
      },
      "23": {
        "line": 274,
        "type": "if",
        "locations": [
          { "start": { "line": 274, "column": 8 }, "end": { "line": 274, "column": 8 } },
          { "start": { "line": 274, "column": 8 }, "end": { "line": 274, "column": 8 } }
        ]
      },
      "24": {
        "line": 292,
        "type": "if",
        "locations": [
          { "start": { "line": 292, "column": 8 }, "end": { "line": 292, "column": 8 } },
          { "start": { "line": 292, "column": 8 }, "end": { "line": 292, "column": 8 } }
        ]
      },
      "25": {
        "line": 293,
        "type": "if",
        "locations": [
          { "start": { "line": 293, "column": 8 }, "end": { "line": 293, "column": 8 } },
          { "start": { "line": 293, "column": 8 }, "end": { "line": 293, "column": 8 } }
        ]
      },
      "26": {
        "line": 308,
        "type": "if",
        "locations": [
          { "start": { "line": 308, "column": 8 }, "end": { "line": 308, "column": 8 } },
          { "start": { "line": 308, "column": 8 }, "end": { "line": 308, "column": 8 } }
        ]
      },
      "27": {
        "line": 309,
        "type": "if",
        "locations": [
          { "start": { "line": 309, "column": 8 }, "end": { "line": 309, "column": 8 } },
          { "start": { "line": 309, "column": 8 }, "end": { "line": 309, "column": 8 } }
        ]
      },
      "28": {
        "line": 310,
        "type": "if",
        "locations": [
          { "start": { "line": 310, "column": 8 }, "end": { "line": 310, "column": 8 } },
          { "start": { "line": 310, "column": 8 }, "end": { "line": 310, "column": 8 } }
        ]
      },
      "29": {
        "line": 311,
        "type": "if",
        "locations": [
          { "start": { "line": 311, "column": 8 }, "end": { "line": 311, "column": 8 } },
          { "start": { "line": 311, "column": 8 }, "end": { "line": 311, "column": 8 } }
        ]
      },
      "30": {
        "line": 314,
        "type": "if",
        "locations": [
          { "start": { "line": 314, "column": 8 }, "end": { "line": 314, "column": 8 } },
          { "start": { "line": 314, "column": 8 }, "end": { "line": 314, "column": 8 } }
        ]
      },
      "31": {
        "line": 350,
        "type": "if",
        "locations": [
          { "start": { "line": 350, "column": 8 }, "end": { "line": 350, "column": 8 } },
          { "start": { "line": 350, "column": 8 }, "end": { "line": 350, "column": 8 } }
        ]
      },
      "32": {
        "line": 351,
        "type": "if",
        "locations": [
          { "start": { "line": 351, "column": 8 }, "end": { "line": 351, "column": 8 } },
          { "start": { "line": 351, "column": 8 }, "end": { "line": 351, "column": 8 } }
        ]
      },
      "33": {
        "line": 352,
        "type": "if",
        "locations": [
          { "start": { "line": 352, "column": 8 }, "end": { "line": 352, "column": 8 } },
          { "start": { "line": 352, "column": 8 }, "end": { "line": 352, "column": 8 } }
        ]
      },
      "34": {
        "line": 353,
        "type": "if",
        "locations": [
          { "start": { "line": 353, "column": 8 }, "end": { "line": 353, "column": 8 } },
          { "start": { "line": 353, "column": 8 }, "end": { "line": 353, "column": 8 } }
        ]
      },
      "35": {
        "line": 361,
        "type": "if",
        "locations": [
          { "start": { "line": 361, "column": 12 }, "end": { "line": 361, "column": 12 } },
          { "start": { "line": 361, "column": 12 }, "end": { "line": 361, "column": 12 } }
        ]
      },
      "36": {
        "line": 362,
        "type": "if",
        "locations": [
          { "start": { "line": 362, "column": 12 }, "end": { "line": 362, "column": 12 } },
          { "start": { "line": 362, "column": 12 }, "end": { "line": 362, "column": 12 } }
        ]
      },
      "37": {
        "line": 362,
        "type": "if",
        "locations": [
          { "start": { "line": 362, "column": 37 }, "end": { "line": 362, "column": 37 } },
          { "start": { "line": 362, "column": 37 }, "end": { "line": 362, "column": 37 } }
        ]
      },
      "38": {
        "line": 369,
        "type": "if",
        "locations": [
          { "start": { "line": 369, "column": 8 }, "end": { "line": 369, "column": 8 } },
          { "start": { "line": 369, "column": 8 }, "end": { "line": 369, "column": 8 } }
        ]
      },
      "39": {
        "line": 374,
        "type": "if",
        "locations": [
          { "start": { "line": 374, "column": 8 }, "end": { "line": 374, "column": 8 } },
          { "start": { "line": 374, "column": 8 }, "end": { "line": 374, "column": 8 } }
        ]
      }
    }
  }
}
