{"contracts/interfaces/callback/ITimeswapBorrowCallback.sol":{"l":{},"path":"/Users/dsukhani/Desktop/code/Timeswap-V1-Core/contracts/interfaces/callback/ITimeswapBorrowCallback.sol","s":{},"b":{},"f":{},"fnMap":{},"statementMap":{},"branchMap":{}},"contracts/interfaces/callback/ITimeswapLendCallback.sol":{"l":{},"path":"/Users/dsukhani/Desktop/code/Timeswap-V1-Core/contracts/interfaces/callback/ITimeswapLendCallback.sol","s":{},"b":{},"f":{},"fnMap":{},"statementMap":{},"branchMap":{}},"contracts/interfaces/callback/ITimeswapMintCallback.sol":{"l":{},"path":"/Users/dsukhani/Desktop/code/Timeswap-V1-Core/contracts/interfaces/callback/ITimeswapMintCallback.sol","s":{},"b":{},"f":{},"fnMap":{},"statementMap":{},"branchMap":{}},"contracts/interfaces/callback/ITimeswapPayCallback.sol":{"l":{},"path":"/Users/dsukhani/Desktop/code/Timeswap-V1-Core/contracts/interfaces/callback/ITimeswapPayCallback.sol","s":{},"b":{},"f":{},"fnMap":{},"statementMap":{},"branchMap":{}},"contracts/interfaces/IFactory.sol":{"l":{},"path":"/Users/dsukhani/Desktop/code/Timeswap-V1-Core/contracts/interfaces/IFactory.sol","s":{},"b":{},"f":{},"fnMap":{},"statementMap":{},"branchMap":{}},"contracts/interfaces/IPair.sol":{"l":{},"path":"/Users/dsukhani/Desktop/code/Timeswap-V1-Core/contracts/interfaces/IPair.sol","s":{},"b":{},"f":{},"fnMap":{},"statementMap":{},"branchMap":{}},"contracts/libraries/Array.sol":{"l":{"8":34,"10":34},"path":"/Users/dsukhani/Desktop/code/Timeswap-V1-Core/contracts/libraries/Array.sol","s":{"1":34,"2":34},"b":{},"f":{"1":34},"fnMap":{"1":{"name":"insert","line":7,"loc":{"start":{"line":7,"column":4},"end":{"line":11,"column":4}}}},"statementMap":{"1":{"start":{"line":8,"column":8},"end":{"line":8,"column":23}},"2":{"start":{"line":10,"column":8},"end":{"line":10,"column":24}}},"branchMap":{}},"contracts/libraries/BlockNumber.sol":{"l":{"10":37},"path":"/Users/dsukhani/Desktop/code/Timeswap-V1-Core/contracts/libraries/BlockNumber.sol","s":{"1":37},"b":{},"f":{"1":37},"fnMap":{"1":{"name":"get","line":9,"loc":{"start":{"line":9,"column":4},"end":{"line":11,"column":4}}}},"statementMap":{"1":{"start":{"line":10,"column":8},"end":{"line":10,"column":45}}},"branchMap":{}},"contracts/libraries/BorrowMath.sol":{"l":{"25":8,"26":8,"27":8,"28":8,"29":8,"32":8,"33":8,"34":8,"35":8,"36":8,"37":8,"38":8,"46":16,"47":16,"48":16,"56":8,"57":8,"58":8,"59":8,"60":8,"61":8,"70":8,"71":8,"72":8,"73":8,"74":8,"75":8,"76":8,"77":8,"78":8,"79":8,"80":8},"path":"/Users/dsukhani/Desktop/code/Timeswap-V1-Core/contracts/libraries/BorrowMath.sol","s":{"1":8,"2":8,"3":8,"4":8,"5":8,"6":8,"7":8,"8":8,"9":8,"10":8,"11":8,"12":8,"13":16,"14":16,"15":16,"16":8,"17":8,"18":8,"19":8,"20":8,"21":8,"22":8,"23":8,"24":8,"25":8,"26":8,"27":8,"28":8,"29":8,"30":8,"31":8,"32":8},"b":{"1":[8,0]},"f":{"1":8,"2":16,"3":8,"4":8},"fnMap":{"1":{"name":"check","line":18,"loc":{"start":{"line":18,"column":4},"end":{"line":39,"column":4}}},"2":{"name":"adjust","line":41,"loc":{"start":{"line":41,"column":4},"end":{"line":49,"column":4}}},"3":{"name":"getDebt","line":51,"loc":{"start":{"line":51,"column":4},"end":{"line":62,"column":4}}},"4":{"name":"getCollateral","line":64,"loc":{"start":{"line":64,"column":4},"end":{"line":81,"column":4}}}},"statementMap":{"1":{"start":{"line":25,"column":8},"end":{"line":25,"column":39}},"2":{"start":{"line":26,"column":8},"end":{"line":26,"column":46}},"3":{"start":{"line":27,"column":8},"end":{"line":27,"column":63}},"4":{"start":{"line":28,"column":8},"end":{"line":28,"column":63}},"5":{"start":{"line":29,"column":8},"end":{"line":29,"column":65}},"6":{"start":{"line":32,"column":8},"end":{"line":32,"column":35}},"7":{"start":{"line":33,"column":8},"end":{"line":33,"column":25}},"8":{"start":{"line":34,"column":8},"end":{"line":34,"column":21}},"9":{"start":{"line":35,"column":8},"end":{"line":35,"column":38}},"10":{"start":{"line":36,"column":8},"end":{"line":36,"column":29}},"11":{"start":{"line":37,"column":8},"end":{"line":37,"column":43}},"12":{"start":{"line":38,"column":8},"end":{"line":38,"column":47}},"13":{"start":{"line":46,"column":8},"end":{"line":46,"column":25}},"14":{"start":{"line":47,"column":8},"end":{"line":47,"column":22}},"15":{"start":{"line":48,"column":8},"end":{"line":48,"column":37}},"16":{"start":{"line":56,"column":8},"end":{"line":56,"column":34}},"17":{"start":{"line":57,"column":8},"end":{"line":57,"column":33}},"18":{"start":{"line":58,"column":8},"end":{"line":58,"column":27}},"19":{"start":{"line":59,"column":8},"end":{"line":59,"column":36}},"20":{"start":{"line":60,"column":8},"end":{"line":60,"column":27}},"21":{"start":{"line":61,"column":8},"end":{"line":61,"column":35}},"22":{"start":{"line":70,"column":8},"end":{"line":70,"column":40}},"23":{"start":{"line":71,"column":8},"end":{"line":71,"column":39}},"24":{"start":{"line":72,"column":8},"end":{"line":72,"column":31}},"25":{"start":{"line":73,"column":8},"end":{"line":73,"column":46}},"26":{"start":{"line":74,"column":8},"end":{"line":74,"column":37}},"27":{"start":{"line":75,"column":8},"end":{"line":75,"column":31}},"28":{"start":{"line":76,"column":8},"end":{"line":76,"column":38}},"29":{"start":{"line":77,"column":8},"end":{"line":77,"column":25}},"30":{"start":{"line":78,"column":8},"end":{"line":78,"column":88}},"31":{"start":{"line":79,"column":8},"end":{"line":79,"column":33}},"32":{"start":{"line":80,"column":8},"end":{"line":80,"column":47}}},"branchMap":{"1":{"line":38,"type":"if","locations":[{"start":{"line":38,"column":8},"end":{"line":38,"column":8}},{"start":{"line":38,"column":8},"end":{"line":38,"column":8}}]}}},"contracts/libraries/BurnMath.sol":{"l":{"16":6,"17":6,"18":6,"19":6,"20":6,"21":6,"28":6,"29":6,"30":6,"31":6,"32":6,"34":0,"35":0,"36":0,"37":0,"38":0,"39":0,"40":0,"41":0},"path":"/Users/dsukhani/Desktop/code/Timeswap-V1-Core/contracts/libraries/BurnMath.sol","s":{"1":6,"2":6,"3":0,"4":6,"5":6,"6":6,"7":6,"8":6,"9":6,"10":6,"11":6,"12":6,"13":0,"14":0,"15":0,"16":0,"17":0,"18":0,"19":0,"20":0,"21":0},"b":{"1":[0,6],"2":[6,0],"3":[0,0]},"f":{"1":6,"2":6},"fnMap":{"1":{"name":"getAsset","line":12,"loc":{"start":{"line":12,"column":4},"end":{"line":22,"column":4}}},"2":{"name":"getCollateral","line":24,"loc":{"start":{"line":24,"column":4},"end":{"line":42,"column":4}}}},"statementMap":{"1":{"start":{"line":16,"column":8},"end":{"line":16,"column":51}},"2":{"start":{"line":17,"column":8},"end":{"line":17,"column":67}},"3":{"start":{"line":17,"column":52},"end":{"line":17,"column":67}},"4":{"start":{"line":18,"column":8},"end":{"line":18,"column":40}},"5":{"start":{"line":19,"column":8},"end":{"line":19,"column":42}},"6":{"start":{"line":20,"column":8},"end":{"line":20,"column":70}},"7":{"start":{"line":21,"column":8},"end":{"line":21,"column":39}},"8":{"start":{"line":28,"column":8},"end":{"line":28,"column":51}},"9":{"start":{"line":29,"column":8},"end":{"line":29,"column":58}},"10":{"start":{"line":30,"column":8},"end":{"line":30,"column":1010}},"11":{"start":{"line":31,"column":12},"end":{"line":31,"column":84}},"12":{"start":{"line":32,"column":12},"end":{"line":32,"column":61}},"13":{"start":{"line":34,"column":8},"end":{"line":34,"column":48}},"14":{"start":{"line":35,"column":8},"end":{"line":35,"column":30}},"15":{"start":{"line":36,"column":8},"end":{"line":36,"column":45}},"16":{"start":{"line":37,"column":8},"end":{"line":37,"column":104}},"17":{"start":{"line":37,"column":84},"end":{"line":37,"column":104}},"18":{"start":{"line":38,"column":8},"end":{"line":38,"column":47}},"19":{"start":{"line":39,"column":8},"end":{"line":39,"column":32}},"20":{"start":{"line":40,"column":8},"end":{"line":40,"column":105}},"21":{"start":{"line":41,"column":8},"end":{"line":41,"column":49}}},"branchMap":{"1":{"line":17,"type":"if","locations":[{"start":{"line":17,"column":8},"end":{"line":17,"column":8}},{"start":{"line":17,"column":8},"end":{"line":17,"column":8}}]},"2":{"line":30,"type":"if","locations":[{"start":{"line":30,"column":8},"end":{"line":30,"column":8}},{"start":{"line":30,"column":8},"end":{"line":30,"column":8}}]},"3":{"line":37,"type":"if","locations":[{"start":{"line":37,"column":8},"end":{"line":37,"column":8}},{"start":{"line":37,"column":8},"end":{"line":37,"column":8}}]}}},"contracts/libraries/Callback.sol":{"l":{"24":26,"25":26,"26":26,"27":26,"28":26,"29":26,"30":26,"38":0,"39":0,"40":0,"41":0,"49":8,"50":8,"51":8,"52":8,"60":3,"61":3,"62":3,"63":3},"path":"/Users/dsukhani/Desktop/code/Timeswap-V1-Core/contracts/libraries/Callback.sol","s":{"1":26,"2":26,"3":26,"4":26,"5":26,"6":26,"7":26,"8":0,"9":0,"10":0,"11":0,"12":8,"13":8,"14":8,"15":8,"16":3,"17":3,"18":3,"19":3},"b":{"1":[26,0],"2":[26,0],"3":[0,0],"4":[8,0],"5":[3,0]},"f":{"1":26,"2":0,"3":8,"4":3},"fnMap":{"1":{"name":"mint","line":17,"loc":{"start":{"line":17,"column":4},"end":{"line":31,"column":4}}},"2":{"name":"lend","line":33,"loc":{"start":{"line":33,"column":4},"end":{"line":42,"column":4}}},"3":{"name":"borrow","line":44,"loc":{"start":{"line":44,"column":4},"end":{"line":53,"column":4}}},"4":{"name":"pay","line":55,"loc":{"start":{"line":55,"column":4},"end":{"line":64,"column":4}}}},"statementMap":{"1":{"start":{"line":24,"column":8},"end":{"line":24,"column":50}},"2":{"start":{"line":25,"column":8},"end":{"line":25,"column":60}},"3":{"start":{"line":26,"column":8},"end":{"line":26,"column":90}},"4":{"start":{"line":27,"column":8},"end":{"line":27,"column":51}},"5":{"start":{"line":28,"column":8},"end":{"line":28,"column":61}},"6":{"start":{"line":29,"column":8},"end":{"line":29,"column":61}},"7":{"start":{"line":30,"column":8},"end":{"line":30,"column":76}},"8":{"start":{"line":38,"column":8},"end":{"line":38,"column":50}},"9":{"start":{"line":39,"column":8},"end":{"line":39,"column":76}},"10":{"start":{"line":40,"column":8},"end":{"line":40,"column":51}},"11":{"start":{"line":41,"column":8},"end":{"line":41,"column":61}},"12":{"start":{"line":49,"column":8},"end":{"line":49,"column":60}},"13":{"start":{"line":50,"column":8},"end":{"line":50,"column":85}},"14":{"start":{"line":51,"column":8},"end":{"line":51,"column":61}},"15":{"start":{"line":52,"column":8},"end":{"line":52,"column":76}},"16":{"start":{"line":60,"column":8},"end":{"line":60,"column":50}},"17":{"start":{"line":61,"column":8},"end":{"line":61,"column":74}},"18":{"start":{"line":62,"column":8},"end":{"line":62,"column":51}},"19":{"start":{"line":63,"column":8},"end":{"line":63,"column":61}}},"branchMap":{"1":{"line":29,"type":"if","locations":[{"start":{"line":29,"column":8},"end":{"line":29,"column":8}},{"start":{"line":29,"column":8},"end":{"line":29,"column":8}}]},"2":{"line":30,"type":"if","locations":[{"start":{"line":30,"column":8},"end":{"line":30,"column":8}},{"start":{"line":30,"column":8},"end":{"line":30,"column":8}}]},"3":{"line":41,"type":"if","locations":[{"start":{"line":41,"column":8},"end":{"line":41,"column":8}},{"start":{"line":41,"column":8},"end":{"line":41,"column":8}}]},"4":{"line":52,"type":"if","locations":[{"start":{"line":52,"column":8},"end":{"line":52,"column":8}},{"start":{"line":52,"column":8},"end":{"line":52,"column":8}}]},"5":{"line":63,"type":"if","locations":[{"start":{"line":63,"column":8},"end":{"line":63,"column":8}},{"start":{"line":63,"column":8},"end":{"line":63,"column":8}}]}}},"contracts/libraries/ConstantProduct.sol":{"l":{"16":8,"17":8,"19":8,"20":8},"path":"/Users/dsukhani/Desktop/code/Timeswap-V1-Core/contracts/libraries/ConstantProduct.sol","s":{"1":8,"2":8,"3":8,"4":8,"5":0},"b":{"1":[8,0],"2":[0,8],"3":[0,0]},"f":{"1":8},"fnMap":{"1":{"name":"checkConstantProduct","line":10,"loc":{"start":{"line":10,"column":4},"end":{"line":21,"column":4}}}},"statementMap":{"1":{"start":{"line":16,"column":8},"end":{"line":16,"column":90}},"2":{"start":{"line":17,"column":8},"end":{"line":17,"column":93}},"3":{"start":{"line":19,"column":8},"end":{"line":19,"column":45}},"4":{"start":{"line":20,"column":8},"end":{"line":20,"column":67}},"5":{"start":{"line":20,"column":29},"end":{"line":20,"column":66}}},"branchMap":{"1":{"line":19,"type":"if","locations":[{"start":{"line":19,"column":8},"end":{"line":19,"column":8}},{"start":{"line":19,"column":8},"end":{"line":19,"column":8}}]},"2":{"line":20,"type":"if","locations":[{"start":{"line":20,"column":8},"end":{"line":20,"column":8}},{"start":{"line":20,"column":8},"end":{"line":20,"column":8}}]},"3":{"line":20,"type":"if","locations":[{"start":{"line":20,"column":29},"end":{"line":20,"column":29}},{"start":{"line":20,"column":29},"end":{"line":20,"column":29}}]}}},"contracts/libraries/FullMath.sol":{"l":{"11":121,"29":105,"123":43,"124":43},"path":"/Users/dsukhani/Desktop/code/Timeswap-V1-Core/contracts/libraries/FullMath.sol","s":{"1":43,"2":43},"b":{"1":[43,0]},"f":{"1":121,"2":105,"3":43},"fnMap":{"1":{"name":"mul512","line":5,"loc":{"start":{"line":5,"column":4},"end":{"line":16,"column":4}}},"2":{"name":"mulDiv","line":24,"loc":{"start":{"line":24,"column":4},"end":{"line":111,"column":4}}},"3":{"name":"mulDivUp","line":118,"loc":{"start":{"line":118,"column":4},"end":{"line":125,"column":4}}}},"statementMap":{"1":{"start":{"line":123,"column":8},"end":{"line":123,"column":41}},"2":{"start":{"line":124,"column":8},"end":{"line":124,"column":51}}},"branchMap":{"1":{"line":124,"type":"if","locations":[{"start":{"line":124,"column":8},"end":{"line":124,"column":8}},{"start":{"line":124,"column":8},"end":{"line":124,"column":8}}]}}},"contracts/libraries/LendMath.sol":{"l":{"21":0,"22":0,"23":0,"24":0,"25":0,"26":0,"27":0,"28":0,"29":0,"30":0,"31":0,"32":0,"40":0,"41":0,"42":0,"43":0,"44":0,"52":0,"53":0,"54":0,"55":0,"56":0,"57":0,"66":0,"67":0,"68":0,"69":0,"70":0,"71":0,"72":0,"73":0,"74":0,"75":0,"76":0},"path":"/Users/dsukhani/Desktop/code/Timeswap-V1-Core/contracts/libraries/LendMath.sol","s":{"1":0,"2":0,"3":0,"4":0,"5":0,"6":0,"7":0,"8":0,"9":0,"10":0,"11":0,"12":0,"13":0,"14":0,"15":0,"16":0,"17":0,"18":0,"19":0,"20":0,"21":0,"22":0,"23":0,"24":0,"25":0,"26":0,"27":0,"28":0,"29":0,"30":0,"31":0,"32":0,"33":0,"34":0},"b":{"1":[0,0]},"f":{"1":0,"2":0,"3":0,"4":0},"fnMap":{"1":{"name":"check","line":14,"loc":{"start":{"line":14,"column":4},"end":{"line":33,"column":4}}},"2":{"name":"adjust","line":35,"loc":{"start":{"line":35,"column":4},"end":{"line":45,"column":4}}},"3":{"name":"getBond","line":47,"loc":{"start":{"line":47,"column":4},"end":{"line":58,"column":4}}},"4":{"name":"getInsurance","line":60,"loc":{"start":{"line":60,"column":4},"end":{"line":77,"column":4}}}},"statementMap":{"1":{"start":{"line":21,"column":8},"end":{"line":21,"column":39}},"2":{"start":{"line":22,"column":8},"end":{"line":22,"column":46}},"3":{"start":{"line":23,"column":8},"end":{"line":23,"column":63}},"4":{"start":{"line":24,"column":8},"end":{"line":24,"column":63}},"5":{"start":{"line":25,"column":8},"end":{"line":25,"column":65}},"6":{"start":{"line":26,"column":8},"end":{"line":26,"column":35}},"7":{"start":{"line":27,"column":8},"end":{"line":27,"column":25}},"8":{"start":{"line":28,"column":8},"end":{"line":28,"column":21}},"9":{"start":{"line":29,"column":8},"end":{"line":29,"column":38}},"10":{"start":{"line":30,"column":8},"end":{"line":30,"column":29}},"11":{"start":{"line":31,"column":8},"end":{"line":31,"column":29}},"12":{"start":{"line":32,"column":8},"end":{"line":32,"column":47}},"13":{"start":{"line":40,"column":8},"end":{"line":40,"column":35}},"14":{"start":{"line":41,"column":8},"end":{"line":41,"column":23}},"15":{"start":{"line":42,"column":8},"end":{"line":42,"column":63}},"16":{"start":{"line":43,"column":8},"end":{"line":43,"column":37}},"17":{"start":{"line":44,"column":8},"end":{"line":44,"column":39}},"18":{"start":{"line":52,"column":8},"end":{"line":52,"column":35}},"19":{"start":{"line":53,"column":8},"end":{"line":53,"column":34}},"20":{"start":{"line":54,"column":8},"end":{"line":54,"column":28}},"21":{"start":{"line":55,"column":8},"end":{"line":55,"column":22}},"22":{"start":{"line":56,"column":8},"end":{"line":56,"column":28}},"23":{"start":{"line":57,"column":8},"end":{"line":57,"column":37}},"24":{"start":{"line":66,"column":8},"end":{"line":66,"column":40}},"25":{"start":{"line":67,"column":8},"end":{"line":67,"column":39}},"26":{"start":{"line":68,"column":8},"end":{"line":68,"column":31}},"27":{"start":{"line":69,"column":8},"end":{"line":69,"column":46}},"28":{"start":{"line":70,"column":8},"end":{"line":70,"column":37}},"29":{"start":{"line":71,"column":8},"end":{"line":71,"column":31}},"30":{"start":{"line":72,"column":8},"end":{"line":72,"column":38}},"31":{"start":{"line":73,"column":8},"end":{"line":73,"column":25}},"32":{"start":{"line":74,"column":8},"end":{"line":74,"column":86}},"33":{"start":{"line":75,"column":8},"end":{"line":75,"column":33}},"34":{"start":{"line":76,"column":8},"end":{"line":76,"column":47}}},"branchMap":{"1":{"line":32,"type":"if","locations":[{"start":{"line":32,"column":8},"end":{"line":32,"column":8}},{"start":{"line":32,"column":8},"end":{"line":32,"column":8}}]}}},"contracts/libraries/Math.sol":{"l":{"6":8,"7":8,"11":43,"12":43},"path":"/Users/dsukhani/Desktop/code/Timeswap-V1-Core/contracts/libraries/Math.sol","s":{"1":8,"2":8,"3":43,"4":43},"b":{"1":[8,0],"2":[43,0]},"f":{"1":8,"2":43},"fnMap":{"1":{"name":"divUp","line":5,"loc":{"start":{"line":5,"column":4},"end":{"line":8,"column":4}}},"2":{"name":"shiftUp","line":10,"loc":{"start":{"line":10,"column":4},"end":{"line":13,"column":4}}}},"statementMap":{"1":{"start":{"line":6,"column":8},"end":{"line":6,"column":16}},"2":{"start":{"line":7,"column":8},"end":{"line":7,"column":26}},"3":{"start":{"line":11,"column":8},"end":{"line":11,"column":17}},"4":{"start":{"line":12,"column":8},"end":{"line":12,"column":28}}},"branchMap":{"1":{"line":7,"type":"if","locations":[{"start":{"line":7,"column":8},"end":{"line":7,"column":8}},{"start":{"line":7,"column":8},"end":{"line":7,"column":8}}]},"2":{"line":12,"type":"if","locations":[{"start":{"line":12,"column":8},"end":{"line":12,"column":8}},{"start":{"line":12,"column":8},"end":{"line":12,"column":8}}]}}},"contracts/libraries/MintMath.sol":{"l":{"17":30,"18":30,"27":5,"39":35,"40":35,"41":35,"42":35,"43":35,"51":5,"52":0,"54":4,"56":1,"65":35,"66":35,"67":35,"68":35,"69":35,"70":35,"79":35,"80":35,"81":35,"82":35,"83":35,"84":35},"path":"/Users/dsukhani/Desktop/code/Timeswap-V1-Core/contracts/libraries/MintMath.sol","s":{"1":30,"2":30,"3":5,"4":35,"5":35,"6":35,"7":35,"8":35,"9":5,"10":0,"11":5,"12":4,"13":1,"14":35,"15":35,"16":35,"17":35,"18":35,"19":35,"20":35,"21":35,"22":35,"23":35,"24":35,"25":35},"b":{"1":[0,5],"2":[4,1]},"f":{"1":30,"2":5,"3":35,"4":5,"5":35,"6":35},"fnMap":{"1":{"name":"getLiquidityTotal","line":14,"loc":{"start":{"line":14,"column":4},"end":{"line":19,"column":4}}},"2":{"name":"getLiquidityTotal","line":21,"loc":{"start":{"line":21,"column":4},"end":{"line":32,"column":4}}},"3":{"name":"getLiquidity","line":34,"loc":{"start":{"line":34,"column":4},"end":{"line":44,"column":4}}},"4":{"name":"min","line":46,"loc":{"start":{"line":46,"column":4},"end":{"line":58,"column":4}}},"5":{"name":"getDebt","line":60,"loc":{"start":{"line":60,"column":4},"end":{"line":71,"column":4}}},"6":{"name":"getCollateral","line":73,"loc":{"start":{"line":73,"column":4},"end":{"line":85,"column":4}}}},"statementMap":{"1":{"start":{"line":17,"column":8},"end":{"line":17,"column":33}},"2":{"start":{"line":18,"column":8},"end":{"line":18,"column":28}},"3":{"start":{"line":27,"column":8},"end":{"line":27,"column":737}},"4":{"start":{"line":39,"column":8},"end":{"line":39,"column":38}},"5":{"start":{"line":40,"column":8},"end":{"line":40,"column":37}},"6":{"start":{"line":41,"column":8},"end":{"line":41,"column":33}},"7":{"start":{"line":42,"column":8},"end":{"line":42,"column":35}},"8":{"start":{"line":43,"column":8},"end":{"line":43,"column":71}},"9":{"start":{"line":51,"column":8},"end":{"line":51,"column":1482}},"10":{"start":{"line":52,"column":12},"end":{"line":52,"column":16}},"11":{"start":{"line":53,"column":15},"end":{"line":53,"column":1540}},"12":{"start":{"line":54,"column":12},"end":{"line":54,"column":16}},"13":{"start":{"line":56,"column":12},"end":{"line":56,"column":16}},"14":{"start":{"line":65,"column":8},"end":{"line":65,"column":34}},"15":{"start":{"line":66,"column":8},"end":{"line":66,"column":33}},"16":{"start":{"line":67,"column":8},"end":{"line":67,"column":27}},"17":{"start":{"line":68,"column":8},"end":{"line":68,"column":36}},"18":{"start":{"line":69,"column":8},"end":{"line":69,"column":27}},"19":{"start":{"line":70,"column":8},"end":{"line":70,"column":35}},"20":{"start":{"line":79,"column":8},"end":{"line":79,"column":40}},"21":{"start":{"line":80,"column":8},"end":{"line":80,"column":39}},"22":{"start":{"line":81,"column":8},"end":{"line":81,"column":33}},"23":{"start":{"line":82,"column":8},"end":{"line":82,"column":48}},"24":{"start":{"line":83,"column":8},"end":{"line":83,"column":82}},"25":{"start":{"line":84,"column":8},"end":{"line":84,"column":47}}},"branchMap":{"1":{"line":51,"type":"if","locations":[{"start":{"line":51,"column":8},"end":{"line":51,"column":8}},{"start":{"line":51,"column":8},"end":{"line":51,"column":8}}]},"2":{"line":53,"type":"if","locations":[{"start":{"line":53,"column":15},"end":{"line":53,"column":15}},{"start":{"line":53,"column":15},"end":{"line":53,"column":15}}]}}},"contracts/libraries/PayMath.sol":{"l":{"12":3},"path":"/Users/dsukhani/Desktop/code/Timeswap-V1-Core/contracts/libraries/PayMath.sol","s":{"1":3},"b":{"1":[3,0]},"f":{"1":3},"fnMap":{"1":{"name":"checkProportional","line":7,"loc":{"start":{"line":7,"column":4},"end":{"line":13,"column":4}}}},"statementMap":{"1":{"start":{"line":12,"column":8},"end":{"line":12,"column":99}}},"branchMap":{"1":{"line":12,"type":"if","locations":[{"start":{"line":12,"column":8},"end":{"line":12,"column":8}},{"start":{"line":12,"column":8},"end":{"line":12,"column":8}}]}}},"contracts/libraries/SafeBalance.sol":{"l":{"13":126,"18":126},"path":"/Users/dsukhani/Desktop/code/Timeswap-V1-Core/contracts/libraries/SafeBalance.sol","s":{"1":126,"2":126},"b":{},"f":{"1":126},"fnMap":{"1":{"name":"safeBalance","line":10,"loc":{"start":{"line":10,"column":4},"end":{"line":19,"column":4}}}},"statementMap":{"1":{"start":{"line":13,"column":8},"end":{"line":13,"column":359}},"2":{"start":{"line":18,"column":8},"end":{"line":18,"column":42}}},"branchMap":{}},"contracts/libraries/SafeCast.sol":{"l":{"6":37,"10":86,"14":12,"18":0,"19":0},"path":"/Users/dsukhani/Desktop/code/Timeswap-V1-Core/contracts/libraries/SafeCast.sol","s":{"1":37,"2":86,"3":12,"4":0,"5":0,"6":0},"b":{"1":[77,9],"2":[12,0],"3":[0,0]},"f":{"1":37,"2":86,"3":12,"4":0},"fnMap":{"1":{"name":"modUint32","line":5,"loc":{"start":{"line":5,"column":4},"end":{"line":7,"column":4}}},"2":{"name":"toUint112","line":9,"loc":{"start":{"line":9,"column":4},"end":{"line":11,"column":4}}},"3":{"name":"toUint128","line":13,"loc":{"start":{"line":13,"column":4},"end":{"line":15,"column":4}}},"4":{"name":"truncateUint112","line":17,"loc":{"start":{"line":17,"column":4},"end":{"line":20,"column":4}}}},"statementMap":{"1":{"start":{"line":6,"column":8},"end":{"line":6,"column":34}},"2":{"start":{"line":10,"column":8},"end":{"line":10,"column":37}},"3":{"start":{"line":14,"column":8},"end":{"line":14,"column":37}},"4":{"start":{"line":18,"column":8},"end":{"line":18,"column":63}},"5":{"start":{"line":18,"column":35},"end":{"line":18,"column":63}},"6":{"start":{"line":19,"column":8},"end":{"line":19,"column":21}}},"branchMap":{"1":{"line":10,"type":"if","locations":[{"start":{"line":10,"column":8},"end":{"line":10,"column":8}},{"start":{"line":10,"column":8},"end":{"line":10,"column":8}}]},"2":{"line":14,"type":"if","locations":[{"start":{"line":14,"column":8},"end":{"line":14,"column":8}},{"start":{"line":14,"column":8},"end":{"line":14,"column":8}}]},"3":{"line":18,"type":"if","locations":[{"start":{"line":18,"column":8},"end":{"line":18,"column":8}},{"start":{"line":18,"column":8},"end":{"line":18,"column":8}}]}}},"contracts/libraries/SafeTransfer.sol":{"l":{"15":23},"path":"/Users/dsukhani/Desktop/code/Timeswap-V1-Core/contracts/libraries/SafeTransfer.sol","s":{"1":23},"b":{},"f":{"1":23},"fnMap":{"1":{"name":"safeTransfer","line":10,"loc":{"start":{"line":10,"column":4},"end":{"line":16,"column":4}}}},"statementMap":{"1":{"start":{"line":15,"column":8},"end":{"line":15,"column":46}}},"branchMap":{}},"contracts/libraries/WithdrawMath.sol":{"l":{"16":0,"17":0,"18":0,"19":0,"20":0,"21":0,"28":0,"29":0,"30":0,"31":0,"32":0,"33":0,"34":0,"35":0,"36":0},"path":"/Users/dsukhani/Desktop/code/Timeswap-V1-Core/contracts/libraries/WithdrawMath.sol","s":{"1":0,"2":0,"3":0,"4":0,"5":0,"6":0,"7":0,"8":0,"9":0,"10":0,"11":0,"12":0,"13":0,"14":0,"15":0,"16":0,"17":0},"b":{"1":[0,0],"2":[0,0],"3":[0,0]},"f":{"1":0,"2":0},"fnMap":{"1":{"name":"getAsset","line":12,"loc":{"start":{"line":12,"column":4},"end":{"line":22,"column":4}}},"2":{"name":"getCollateral","line":24,"loc":{"start":{"line":24,"column":4},"end":{"line":37,"column":4}}}},"statementMap":{"1":{"start":{"line":16,"column":8},"end":{"line":16,"column":51}},"2":{"start":{"line":17,"column":8},"end":{"line":17,"column":76}},"3":{"start":{"line":17,"column":52},"end":{"line":17,"column":76}},"4":{"start":{"line":18,"column":8},"end":{"line":18,"column":34}},"5":{"start":{"line":19,"column":8},"end":{"line":19,"column":32}},"6":{"start":{"line":20,"column":8},"end":{"line":20,"column":42}},"7":{"start":{"line":21,"column":8},"end":{"line":21,"column":39}},"8":{"start":{"line":28,"column":8},"end":{"line":28,"column":51}},"9":{"start":{"line":29,"column":8},"end":{"line":29,"column":72}},"10":{"start":{"line":29,"column":52},"end":{"line":29,"column":72}},"11":{"start":{"line":30,"column":8},"end":{"line":30,"column":55}},"12":{"start":{"line":31,"column":8},"end":{"line":31,"column":37}},"13":{"start":{"line":32,"column":8},"end":{"line":32,"column":52}},"14":{"start":{"line":33,"column":8},"end":{"line":33,"column":1178}},"15":{"start":{"line":34,"column":12},"end":{"line":34,"column":46}},"16":{"start":{"line":35,"column":8},"end":{"line":35,"column":112}},"17":{"start":{"line":36,"column":8},"end":{"line":36,"column":49}}},"branchMap":{"1":{"line":17,"type":"if","locations":[{"start":{"line":17,"column":8},"end":{"line":17,"column":8}},{"start":{"line":17,"column":8},"end":{"line":17,"column":8}}]},"2":{"line":29,"type":"if","locations":[{"start":{"line":29,"column":8},"end":{"line":29,"column":8}},{"start":{"line":29,"column":8},"end":{"line":29,"column":8}}]},"3":{"line":33,"type":"if","locations":[{"start":{"line":33,"column":8},"end":{"line":33,"column":8}},{"start":{"line":33,"column":8},"end":{"line":33,"column":8}}]}}},"contracts/test/libraries/ArrayTest.sol":{"l":{"16":0,"18":0,"20":0},"path":"/Users/dsukhani/Desktop/code/Timeswap-V1-Core/contracts/test/libraries/ArrayTest.sol","s":{"1":0,"2":0,"3":0,"4":0},"b":{},"f":{"1":0},"fnMap":{"1":{"name":"insert","line":12,"loc":{"start":{"line":12,"column":4},"end":{"line":21,"column":4}}}},"statementMap":{"1":{"start":{"line":16,"column":8},"end":{"line":16,"column":68}},"2":{"start":{"line":18,"column":8},"end":{"line":18,"column":70}},"3":{"start":{"line":18,"column":46},"end":{"line":18,"column":69}},"4":{"start":{"line":20,"column":8},"end":{"line":20,"column":41}}},"branchMap":{}},"contracts/test/libraries/BlockNumberTest.sol":{"l":{"8":0},"path":"/Users/dsukhani/Desktop/code/Timeswap-V1-Core/contracts/test/libraries/BlockNumberTest.sol","s":{"1":0},"b":{},"f":{"1":0},"fnMap":{"1":{"name":"get","line":7,"loc":{"start":{"line":7,"column":4},"end":{"line":9,"column":4}}}},"statementMap":{"1":{"start":{"line":8,"column":8},"end":{"line":8,"column":32}}},"branchMap":{}},"contracts/test/libraries/BorrowMathTest.sol":{"l":{"17":0,"30":0,"43":0},"path":"/Users/dsukhani/Desktop/code/Timeswap-V1-Core/contracts/test/libraries/BorrowMathTest.sol","s":{"1":0,"2":0,"3":0},"b":{},"f":{"1":0,"2":0,"3":0},"fnMap":{"1":{"name":"check","line":10,"loc":{"start":{"line":10,"column":4},"end":{"line":23,"column":4}}},"2":{"name":"getDebt","line":25,"loc":{"start":{"line":25,"column":4},"end":{"line":35,"column":4}}},"3":{"name":"getCollateral","line":37,"loc":{"start":{"line":37,"column":4},"end":{"line":49,"column":4}}}},"statementMap":{"1":{"start":{"line":17,"column":8},"end":{"line":17,"column":425}},"2":{"start":{"line":30,"column":8},"end":{"line":30,"column":698}},"3":{"start":{"line":43,"column":8},"end":{"line":43,"column":1012}}},"branchMap":{}},"contracts/test/libraries/BurnMathTest.sol":{"l":{"12":0,"22":0},"path":"/Users/dsukhani/Desktop/code/Timeswap-V1-Core/contracts/test/libraries/BurnMathTest.sol","s":{"1":0,"2":0},"b":{},"f":{"1":0,"2":0},"fnMap":{"1":{"name":"getAsset","line":8,"loc":{"start":{"line":8,"column":4},"end":{"line":16,"column":4}}},"2":{"name":"getCollateral","line":18,"loc":{"start":{"line":18,"column":4},"end":{"line":26,"column":4}}}},"statementMap":{"1":{"start":{"line":12,"column":8},"end":{"line":12,"column":338}},"2":{"start":{"line":22,"column":8},"end":{"line":22,"column":577}}},"branchMap":{}},"contracts/test/libraries/CallbackTest.sol":{"l":{"15":0,"29":0,"41":0,"53":0},"path":"/Users/dsukhani/Desktop/code/Timeswap-V1-Core/contracts/test/libraries/CallbackTest.sol","s":{"1":0,"2":0,"3":0,"4":0},"b":{},"f":{"1":0,"2":0,"3":0,"4":0},"fnMap":{"1":{"name":"mint","line":8,"loc":{"start":{"line":8,"column":4},"end":{"line":22,"column":4}}},"2":{"name":"lend","line":24,"loc":{"start":{"line":24,"column":4},"end":{"line":34,"column":4}}},"3":{"name":"borrow","line":36,"loc":{"start":{"line":36,"column":4},"end":{"line":46,"column":4}}},"4":{"name":"pay","line":48,"loc":{"start":{"line":48,"column":4},"end":{"line":58,"column":4}}}},"statementMap":{"1":{"start":{"line":15,"column":8},"end":{"line":15,"column":393}},"2":{"start":{"line":29,"column":8},"end":{"line":29,"column":652}},"3":{"start":{"line":41,"column":8},"end":{"line":41,"column":873}},"4":{"start":{"line":53,"column":8},"end":{"line":53,"column":1093}}},"branchMap":{}},"contracts/test/libraries/CallbackTestCallee.sol":{"l":{"15":0,"25":0,"39":0,"51":0,"63":0},"path":"/Users/dsukhani/Desktop/code/Timeswap-V1-Core/contracts/test/libraries/CallbackTestCallee.sol","s":{"1":0,"2":0,"3":0,"4":0,"5":0},"b":{},"f":{"1":0,"2":0,"3":0,"4":0,"5":0,"6":0,"7":0,"8":0,"9":0},"fnMap":{"1":{"name":"constructor","line":14,"loc":{"start":{"line":14,"column":4},"end":{"line":16,"column":4}}},"2":{"name":"mint","line":18,"loc":{"start":{"line":18,"column":4},"end":{"line":32,"column":4}}},"3":{"name":"lend","line":34,"loc":{"start":{"line":34,"column":4},"end":{"line":44,"column":4}}},"4":{"name":"borrow","line":46,"loc":{"start":{"line":46,"column":4},"end":{"line":56,"column":4}}},"5":{"name":"pay","line":58,"loc":{"start":{"line":58,"column":4},"end":{"line":68,"column":4}}},"6":{"name":"timeswapMintCallback","line":70,"loc":{"start":{"line":70,"column":4},"end":{"line":74,"column":16}}},"7":{"name":"timeswapLendCallback","line":76,"loc":{"start":{"line":76,"column":4},"end":{"line":79,"column":16}}},"8":{"name":"timeswapBorrowCallback","line":81,"loc":{"start":{"line":81,"column":4},"end":{"line":84,"column":16}}},"9":{"name":"timeswapPayCallback","line":86,"loc":{"start":{"line":86,"column":4},"end":{"line":89,"column":16}}}},"statementMap":{"1":{"start":{"line":15,"column":8},"end":{"line":15,"column":56}},"2":{"start":{"line":25,"column":8},"end":{"line":25,"column":922}},"3":{"start":{"line":39,"column":8},"end":{"line":39,"column":1193}},"4":{"start":{"line":51,"column":8},"end":{"line":51,"column":1426}},"5":{"start":{"line":63,"column":8},"end":{"line":63,"column":1658}}},"branchMap":{}},"contracts/test/libraries/ConstantProductTest.sol":{"l":{"16":0},"path":"/Users/dsukhani/Desktop/code/Timeswap-V1-Core/contracts/test/libraries/ConstantProductTest.sol","s":{"1":0},"b":{},"f":{"1":0},"fnMap":{"1":{"name":"checkConstantProduct","line":10,"loc":{"start":{"line":10,"column":4},"end":{"line":21,"column":4}}}},"statementMap":{"1":{"start":{"line":16,"column":8},"end":{"line":16,"column":439}}},"branchMap":{}},"contracts/test/libraries/FullMathTest.sol":{"l":{"8":0,"16":0,"24":0},"path":"/Users/dsukhani/Desktop/code/Timeswap-V1-Core/contracts/test/libraries/FullMathTest.sol","s":{"1":0,"2":0,"3":0},"b":{},"f":{"1":0,"2":0,"3":0},"fnMap":{"1":{"name":"mul512","line":7,"loc":{"start":{"line":7,"column":4},"end":{"line":9,"column":4}}},"2":{"name":"mulDiv","line":11,"loc":{"start":{"line":11,"column":4},"end":{"line":17,"column":4}}},"3":{"name":"mulDivUp","line":19,"loc":{"start":{"line":19,"column":4},"end":{"line":25,"column":4}}}},"statementMap":{"1":{"start":{"line":8,"column":8},"end":{"line":8,"column":36}},"2":{"start":{"line":16,"column":8},"end":{"line":16,"column":49}},"3":{"start":{"line":24,"column":8},"end":{"line":24,"column":51}}},"branchMap":{}},"contracts/test/libraries/LendMathTest.sol":{"l":{"17":0,"30":0,"43":0},"path":"/Users/dsukhani/Desktop/code/Timeswap-V1-Core/contracts/test/libraries/LendMathTest.sol","s":{"1":0,"2":0,"3":0},"b":{},"f":{"1":0,"2":0,"3":0},"fnMap":{"1":{"name":"check","line":10,"loc":{"start":{"line":10,"column":4},"end":{"line":23,"column":4}}},"2":{"name":"getBond","line":25,"loc":{"start":{"line":25,"column":4},"end":{"line":35,"column":4}}},"3":{"name":"getInsurance","line":37,"loc":{"start":{"line":37,"column":4},"end":{"line":49,"column":4}}}},"statementMap":{"1":{"start":{"line":17,"column":8},"end":{"line":17,"column":417}},"2":{"start":{"line":30,"column":8},"end":{"line":30,"column":691}},"3":{"start":{"line":43,"column":8},"end":{"line":43,"column":1002}}},"branchMap":{}},"contracts/test/libraries/MathTest.sol":{"l":{"8":0,"12":0},"path":"/Users/dsukhani/Desktop/code/Timeswap-V1-Core/contracts/test/libraries/MathTest.sol","s":{"1":0,"2":0},"b":{},"f":{"1":0,"2":0},"fnMap":{"1":{"name":"divUp","line":7,"loc":{"start":{"line":7,"column":4},"end":{"line":9,"column":4}}},"2":{"name":"shiftUp","line":11,"loc":{"start":{"line":11,"column":4},"end":{"line":13,"column":4}}}},"statementMap":{"1":{"start":{"line":8,"column":8},"end":{"line":8,"column":31}},"2":{"start":{"line":12,"column":8},"end":{"line":12,"column":33}}},"branchMap":{}},"contracts/test/libraries/MintMathTest.sol":{"l":{"11":0,"20":0,"33":0,"45":0,"58":0},"path":"/Users/dsukhani/Desktop/code/Timeswap-V1-Core/contracts/test/libraries/MintMathTest.sol","s":{"1":0,"2":0,"3":0,"4":0,"5":0},"b":{},"f":{"1":0,"2":0,"3":0,"4":0,"5":0},"fnMap":{"1":{"name":"getLiquidityTotal","line":8,"loc":{"start":{"line":8,"column":4},"end":{"line":12,"column":4}}},"2":{"name":"getLiquidityTotal","line":14,"loc":{"start":{"line":14,"column":4},"end":{"line":26,"column":4}}},"3":{"name":"getLiquidity","line":28,"loc":{"start":{"line":28,"column":4},"end":{"line":38,"column":4}}},"4":{"name":"getDebt","line":40,"loc":{"start":{"line":40,"column":4},"end":{"line":50,"column":4}}},"5":{"name":"getCollateral","line":52,"loc":{"start":{"line":52,"column":4},"end":{"line":64,"column":4}}}},"statementMap":{"1":{"start":{"line":11,"column":8},"end":{"line":11,"column":52}},"2":{"start":{"line":20,"column":8},"end":{"line":20,"column":580}},"3":{"start":{"line":33,"column":8},"end":{"line":33,"column":893}},"4":{"start":{"line":45,"column":8},"end":{"line":45,"column":1171}},"5":{"start":{"line":58,"column":8},"end":{"line":58,"column":1476}}},"branchMap":{}},"contracts/test/libraries/PayMathTest.sol":{"l":{"13":0},"path":"/Users/dsukhani/Desktop/code/Timeswap-V1-Core/contracts/test/libraries/PayMathTest.sol","s":{"1":0},"b":{},"f":{"1":0},"fnMap":{"1":{"name":"checkProportional","line":8,"loc":{"start":{"line":8,"column":4},"end":{"line":14,"column":4}}}},"statementMap":{"1":{"start":{"line":13,"column":8},"end":{"line":13,"column":61}}},"branchMap":{}},"contracts/test/libraries/SafeBalanceTest.sol":{"l":{"11":0},"path":"/Users/dsukhani/Desktop/code/Timeswap-V1-Core/contracts/test/libraries/SafeBalanceTest.sol","s":{"1":0},"b":{},"f":{"1":0},"fnMap":{"1":{"name":"safeBalance","line":8,"loc":{"start":{"line":8,"column":4},"end":{"line":12,"column":4}}}},"statementMap":{"1":{"start":{"line":11,"column":8},"end":{"line":11,"column":45}}},"branchMap":{}},"contracts/test/libraries/SafeCastTest.sol":{"l":{"8":0,"12":0,"16":0,"20":0},"path":"/Users/dsukhani/Desktop/code/Timeswap-V1-Core/contracts/test/libraries/SafeCastTest.sol","s":{"1":0,"2":0,"3":0,"4":0},"b":{},"f":{"1":0,"2":0,"3":0,"4":0},"fnMap":{"1":{"name":"modUint32","line":7,"loc":{"start":{"line":7,"column":4},"end":{"line":9,"column":4}}},"2":{"name":"toUint112","line":11,"loc":{"start":{"line":11,"column":4},"end":{"line":13,"column":4}}},"3":{"name":"toUint128","line":15,"loc":{"start":{"line":15,"column":4},"end":{"line":17,"column":4}}},"4":{"name":"truncateUint112","line":19,"loc":{"start":{"line":19,"column":4},"end":{"line":21,"column":4}}}},"statementMap":{"1":{"start":{"line":8,"column":8},"end":{"line":8,"column":36}},"2":{"start":{"line":12,"column":8},"end":{"line":12,"column":36}},"3":{"start":{"line":16,"column":8},"end":{"line":16,"column":36}},"4":{"start":{"line":20,"column":8},"end":{"line":20,"column":42}}},"branchMap":{}},"contracts/test/libraries/SafeTransferTest.sol":{"l":{"15":0},"path":"/Users/dsukhani/Desktop/code/Timeswap-V1-Core/contracts/test/libraries/SafeTransferTest.sol","s":{"1":0},"b":{},"f":{"1":0},"fnMap":{"1":{"name":"safeTransfer","line":10,"loc":{"start":{"line":10,"column":4},"end":{"line":16,"column":4}}}},"statementMap":{"1":{"start":{"line":15,"column":8},"end":{"line":15,"column":46}}},"branchMap":{}},"contracts/test/libraries/WithdrawMathTest.sol":{"l":{"12":0,"22":0},"path":"/Users/dsukhani/Desktop/code/Timeswap-V1-Core/contracts/test/libraries/WithdrawMathTest.sol","s":{"1":0,"2":0},"b":{},"f":{"1":0,"2":0},"fnMap":{"1":{"name":"getAsset","line":8,"loc":{"start":{"line":8,"column":4},"end":{"line":16,"column":4}}},"2":{"name":"getCollateral","line":18,"loc":{"start":{"line":18,"column":4},"end":{"line":26,"column":4}}}},"statementMap":{"1":{"start":{"line":12,"column":8},"end":{"line":12,"column":346}},"2":{"start":{"line":22,"column":8},"end":{"line":22,"column":584}}},"branchMap":{}},"contracts/test/TestToken.sol":{"l":{"12":402},"path":"/Users/dsukhani/Desktop/code/Timeswap-V1-Core/contracts/test/TestToken.sol","s":{"1":402},"b":{},"f":{"1":402},"fnMap":{"1":{"name":"constructor","line":11,"loc":{"start":{"line":7,"column":4},"end":{"line":13,"column":4}}}},"statementMap":{"1":{"start":{"line":12,"column":8},"end":{"line":12,"column":32}}},"branchMap":{}},"contracts/test/TimeswapPairCallee.sol":{"l":{"20":189,"21":189,"37":11,"41":35,"58":35,"76":0,"95":8,"114":3,"130":26,"134":26,"136":26,"137":26,"138":26,"142":0,"146":0,"148":0,"149":0,"153":8,"157":8,"159":8,"160":8,"167":3,"171":3,"172":3},"path":"/Users/dsukhani/Desktop/code/Timeswap-V1-Core/contracts/test/TimeswapPairCallee.sol","s":{"1":189,"2":189,"3":11,"4":35,"5":35,"6":0,"7":8,"8":3,"9":26,"10":26,"11":26,"12":26,"13":26,"14":0,"15":0,"16":0,"17":0,"18":8,"19":8,"20":8,"21":8,"22":3,"23":3,"24":3},"b":{"1":[26,0],"2":[0,0],"3":[8,0]},"f":{"1":189,"2":11,"3":35,"4":35,"5":0,"6":8,"7":3,"8":26,"9":0,"10":8,"11":3},"fnMap":{"1":{"name":"constructor","line":19,"loc":{"start":{"line":19,"column":4},"end":{"line":22,"column":4}}},"2":{"name":"getData","line":36,"loc":{"start":{"line":36,"column":4},"end":{"line":38,"column":4}}},"3":{"name":"getDataMint","line":40,"loc":{"start":{"line":40,"column":4},"end":{"line":42,"column":4}}},"4":{"name":"mint","line":44,"loc":{"start":{"line":44,"column":4},"end":{"line":66,"column":4}}},"5":{"name":"lend","line":68,"loc":{"start":{"line":68,"column":4},"end":{"line":85,"column":4}}},"6":{"name":"borrow","line":87,"loc":{"start":{"line":87,"column":4},"end":{"line":104,"column":4}}},"7":{"name":"pay","line":106,"loc":{"start":{"line":106,"column":4},"end":{"line":123,"column":4}}},"8":{"name":"timeswapMintCallback","line":125,"loc":{"start":{"line":125,"column":4},"end":{"line":139,"column":4}}},"9":{"name":"timeswapLendCallback","line":141,"loc":{"start":{"line":141,"column":4},"end":{"line":150,"column":4}}},"10":{"name":"timeswapBorrowCallback","line":152,"loc":{"start":{"line":152,"column":4},"end":{"line":161,"column":4}}},"11":{"name":"timeswapPayCallback","line":163,"loc":{"start":{"line":163,"column":4},"end":{"line":174,"column":4}}}},"statementMap":{"1":{"start":{"line":20,"column":8},"end":{"line":20,"column":33}},"2":{"start":{"line":21,"column":8},"end":{"line":21,"column":46}},"3":{"start":{"line":37,"column":8},"end":{"line":37,"column":93}},"4":{"start":{"line":41,"column":8},"end":{"line":41,"column":103}},"5":{"start":{"line":58,"column":8},"end":{"line":58,"column":1813}},"6":{"start":{"line":76,"column":8},"end":{"line":76,"column":2265}},"7":{"start":{"line":95,"column":8},"end":{"line":95,"column":2722}},"8":{"start":{"line":114,"column":8},"end":{"line":114,"column":3196}},"9":{"start":{"line":130,"column":8},"end":{"line":130,"column":3538}},"10":{"start":{"line":134,"column":8},"end":{"line":134,"column":63}},"11":{"start":{"line":136,"column":8},"end":{"line":136,"column":61}},"12":{"start":{"line":137,"column":8},"end":{"line":137,"column":60}},"13":{"start":{"line":138,"column":8},"end":{"line":138,"column":75}},"14":{"start":{"line":142,"column":8},"end":{"line":142,"column":4074}},"15":{"start":{"line":146,"column":8},"end":{"line":146,"column":63}},"16":{"start":{"line":148,"column":8},"end":{"line":148,"column":61}},"17":{"start":{"line":149,"column":8},"end":{"line":149,"column":55}},"18":{"start":{"line":153,"column":8},"end":{"line":153,"column":4496}},"19":{"start":{"line":157,"column":8},"end":{"line":157,"column":63}},"20":{"start":{"line":159,"column":8},"end":{"line":159,"column":61}},"21":{"start":{"line":160,"column":8},"end":{"line":160,"column":65}},"22":{"start":{"line":167,"column":8},"end":{"line":167,"column":4946}},"23":{"start":{"line":171,"column":8},"end":{"line":171,"column":63}},"24":{"start":{"line":172,"column":8},"end":{"line":172,"column":55}}},"branchMap":{"1":{"line":136,"type":"if","locations":[{"start":{"line":136,"column":8},"end":{"line":136,"column":8}},{"start":{"line":136,"column":8},"end":{"line":136,"column":8}}]},"2":{"line":148,"type":"if","locations":[{"start":{"line":148,"column":8},"end":{"line":148,"column":8}},{"start":{"line":148,"column":8},"end":{"line":148,"column":8}}]},"3":{"line":159,"type":"if","locations":[{"start":{"line":159,"column":8},"end":{"line":159,"column":8}},{"start":{"line":159,"column":8},"end":{"line":159,"column":8}}]}}},"contracts/TimeswapFactory.sol":{"l":{"38":211,"39":210,"40":210,"41":210,"48":70,"49":69,"50":67,"52":66,"54":66,"56":66,"61":4,"62":3,"63":2,"65":2,"70":2,"71":1,"73":1},"path":"/Users/dsukhani/Desktop/code/Timeswap-V1-Core/contracts/TimeswapFactory.sol","s":{"1":211,"2":210,"3":210,"4":210,"5":70,"6":69,"7":67,"8":66,"9":66,"10":66,"11":4,"12":3,"13":2,"14":2,"15":2,"16":1,"17":1},"b":{"1":[210,1],"2":[69,1],"3":[67,2],"4":[66,1],"5":[3,1],"6":[2,1],"7":[1,1]},"f":{"1":211,"2":70,"3":4,"4":2},"fnMap":{"1":{"name":"constructor","line":33,"loc":{"start":{"line":33,"column":4},"end":{"line":42,"column":4}}},"2":{"name":"createPair","line":47,"loc":{"start":{"line":47,"column":4},"end":{"line":57,"column":4}}},"3":{"name":"setOwner","line":60,"loc":{"start":{"line":60,"column":4},"end":{"line":66,"column":4}}},"4":{"name":"acceptOwner","line":69,"loc":{"start":{"line":69,"column":4},"end":{"line":74,"column":4}}}},"statementMap":{"1":{"start":{"line":38,"column":8},"end":{"line":38,"column":44}},"2":{"start":{"line":39,"column":8},"end":{"line":39,"column":21}},"3":{"start":{"line":40,"column":8},"end":{"line":40,"column":17}},"4":{"start":{"line":41,"column":8},"end":{"line":41,"column":33}},"5":{"start":{"line":48,"column":8},"end":{"line":48,"column":48}},"6":{"start":{"line":49,"column":8},"end":{"line":49,"column":87}},"7":{"start":{"line":50,"column":8},"end":{"line":50,"column":72}},"8":{"start":{"line":52,"column":8},"end":{"line":52,"column":115}},"9":{"start":{"line":54,"column":8},"end":{"line":54,"column":40}},"10":{"start":{"line":56,"column":8},"end":{"line":56,"column":48}},"11":{"start":{"line":61,"column":8},"end":{"line":61,"column":48}},"12":{"start":{"line":62,"column":8},"end":{"line":62,"column":51}},"13":{"start":{"line":63,"column":8},"end":{"line":63,"column":35}},"14":{"start":{"line":65,"column":8},"end":{"line":65,"column":36}},"15":{"start":{"line":70,"column":8},"end":{"line":70,"column":55}},"16":{"start":{"line":71,"column":8},"end":{"line":71,"column":25}},"17":{"start":{"line":73,"column":8},"end":{"line":73,"column":36}}},"branchMap":{"1":{"line":38,"type":"if","locations":[{"start":{"line":38,"column":8},"end":{"line":38,"column":8}},{"start":{"line":38,"column":8},"end":{"line":38,"column":8}}]},"2":{"line":48,"type":"if","locations":[{"start":{"line":48,"column":8},"end":{"line":48,"column":8}},{"start":{"line":48,"column":8},"end":{"line":48,"column":8}}]},"3":{"line":49,"type":"if","locations":[{"start":{"line":49,"column":8},"end":{"line":49,"column":8}},{"start":{"line":49,"column":8},"end":{"line":49,"column":8}}]},"4":{"line":50,"type":"if","locations":[{"start":{"line":50,"column":8},"end":{"line":50,"column":8}},{"start":{"line":50,"column":8},"end":{"line":50,"column":8}}]},"5":{"line":61,"type":"if","locations":[{"start":{"line":61,"column":8},"end":{"line":61,"column":8}},{"start":{"line":61,"column":8},"end":{"line":61,"column":8}}]},"6":{"line":62,"type":"if","locations":[{"start":{"line":62,"column":8},"end":{"line":62,"column":8}},{"start":{"line":62,"column":8},"end":{"line":62,"column":8}}]},"7":{"line":70,"type":"if","locations":[{"start":{"line":70,"column":8},"end":{"line":70,"column":8}},{"start":{"line":70,"column":8},"end":{"line":70,"column":8}}]}}},"contracts/TimeswapPair.sol":{"l":{"50":92,"51":92,"56":20,"61":92,"66":20,"71":20,"76":20,"81":20,"86":20,"103":66,"104":66,"105":66,"106":66,"107":66,"114":52,"115":52,"116":52,"117":43,"141":35,"142":35,"143":35,"144":35,"145":35,"147":35,"149":35,"150":30,"151":30,"153":30,"154":30,"156":5,"162":5,"164":5,"165":5,"167":35,"168":35,"170":35,"172":35,"174":26,"176":26,"179":26,"181":26,"182":26,"183":26,"185":26,"186":26,"187":26,"189":26,"190":26,"200":6,"201":6,"202":6,"203":6,"205":6,"207":6,"208":6,"210":6,"212":6,"214":6,"215":6,"217":6,"218":6,"220":6,"221":6,"234":0,"235":0,"236":0,"237":0,"238":0,"239":0,"240":0,"242":0,"243":0,"245":0,"248":0,"249":0,"251":0,"252":0,"254":0,"256":0,"257":0,"258":0,"260":0,"261":0,"271":0,"272":0,"273":0,"274":0,"276":0,"278":0,"279":0,"281":0,"282":0,"284":0,"286":0,"287":0,"289":0,"290":0,"292":0,"293":0,"295":0,"296":0,"309":8,"310":8,"311":8,"312":8,"314":8,"315":8,"317":8,"319":8,"320":8,"321":8,"323":8,"325":8,"327":8,"328":8,"329":8,"331":8,"332":8,"333":8,"335":8,"337":8,"338":8,"351":3,"352":3,"353":3,"354":3,"355":3,"357":3,"359":3,"361":3,"362":3,"363":3,"364":3,"365":3,"366":3,"367":3,"368":3,"369":3,"371":3,"373":3,"374":3,"376":3,"378":3,"379":3},"path":"/Users/dsukhani/Desktop/code/Timeswap-V1-Core/contracts/TimeswapPair.sol","s":{"1":92,"2":92,"3":20,"4":92,"5":20,"6":20,"7":20,"8":20,"9":20,"10":66,"11":66,"12":66,"13":66,"14":66,"15":52,"16":52,"17":43,"18":35,"19":35,"20":35,"21":35,"22":35,"23":35,"24":35,"25":30,"26":30,"27":30,"28":30,"29":5,"30":5,"31":5,"32":5,"33":35,"34":35,"35":35,"36":35,"37":26,"38":26,"39":26,"40":26,"41":26,"42":26,"43":26,"44":26,"45":26,"46":26,"47":26,"48":6,"49":6,"50":6,"51":6,"52":6,"53":6,"54":6,"55":6,"56":6,"57":6,"58":6,"59":6,"60":6,"61":6,"62":6,"63":6,"64":6,"65":0,"66":0,"67":0,"68":0,"69":0,"70":0,"71":0,"72":0,"73":0,"74":0,"75":0,"76":0,"77":0,"78":0,"79":0,"80":0,"81":0,"82":0,"83":0,"84":0,"85":0,"86":0,"87":0,"88":0,"89":0,"90":0,"91":0,"92":0,"93":0,"94":0,"95":0,"96":0,"97":0,"98":0,"99":0,"100":0,"101":0,"102":0,"103":0,"104":0,"105":8,"106":8,"107":8,"108":8,"109":8,"110":8,"111":8,"112":8,"113":8,"114":8,"115":8,"116":8,"117":8,"118":8,"119":8,"120":8,"121":8,"122":8,"123":8,"124":8,"125":8,"126":3,"127":3,"128":3,"129":3,"130":3,"131":3,"132":3,"133":3,"134":3,"135":3,"136":3,"137":0,"138":3,"139":3,"140":3,"141":3,"142":3,"143":3,"144":3,"145":3,"146":3,"147":3,"148":3,"149":3,"150":3},"b":{"1":[52,0],"2":[35,0],"3":[35,0],"4":[35,0],"5":[35,0],"6":[35,0],"7":[30,5],"8":[35,0],"9":[6,0],"10":[6,0],"11":[6,0],"12":[6,0],"13":[6,0],"14":[6,0],"15":[0,0],"16":[0,0],"17":[0,0],"18":[0,0],"19":[0,0],"20":[0,0],"21":[0,0],"22":[0,0],"23":[0,0],"24":[0,0],"25":[0,0],"26":[8,0],"27":[8,0],"28":[8,0],"29":[8,0],"30":[8,0],"31":[3,0],"32":[3,0],"33":[3,0],"34":[3,0],"35":[3,0],"36":[3,0],"37":[0,3],"38":[0,0],"39":[3,0],"40":[3,0]},"f":{"1":92,"2":20,"3":92,"4":20,"5":20,"6":20,"7":20,"8":20,"9":66,"10":52,"11":35,"12":6,"13":0,"14":0,"15":8,"16":3},"fnMap":{"1":{"name":"constantProduct","line":49,"loc":{"start":{"line":49,"column":4},"end":{"line":52,"column":4}}},"2":{"name":"totalReserves","line":55,"loc":{"start":{"line":55,"column":4},"end":{"line":57,"column":4}}},"3":{"name":"totalLiquidity","line":60,"loc":{"start":{"line":60,"column":4},"end":{"line":62,"column":4}}},"4":{"name":"liquidityOf","line":65,"loc":{"start":{"line":65,"column":4},"end":{"line":67,"column":4}}},"5":{"name":"totalClaims","line":70,"loc":{"start":{"line":70,"column":4},"end":{"line":72,"column":4}}},"6":{"name":"claimsOf","line":75,"loc":{"start":{"line":75,"column":4},"end":{"line":77,"column":4}}},"7":{"name":"totalDebtCreated","line":80,"loc":{"start":{"line":80,"column":4},"end":{"line":82,"column":4}}},"8":{"name":"duesOf","line":85,"loc":{"start":{"line":85,"column":4},"end":{"line":87,"column":4}}},"9":{"name":"constructor","line":97,"loc":{"start":{"line":97,"column":4},"end":{"line":108,"column":4}}},"10":{"name":"lock","line":113,"loc":{"start":{"line":113,"column":4},"end":{"line":118,"column":4}}},"11":{"name":"mint","line":134,"loc":{"start":{"line":123,"column":4},"end":{"line":191,"column":4}}},"12":{"name":"burn","line":199,"loc":{"start":{"line":194,"column":4},"end":{"line":222,"column":4}}},"13":{"name":"lend","line":233,"loc":{"start":{"line":225,"column":4},"end":{"line":262,"column":4}}},"14":{"name":"withdraw","line":270,"loc":{"start":{"line":265,"column":4},"end":{"line":297,"column":4}}},"15":{"name":"borrow","line":308,"loc":{"start":{"line":300,"column":4},"end":{"line":339,"column":4}}},"16":{"name":"pay","line":350,"loc":{"start":{"line":342,"column":4},"end":{"line":380,"column":4}}}},"statementMap":{"1":{"start":{"line":50,"column":8},"end":{"line":50,"column":50}},"2":{"start":{"line":51,"column":8},"end":{"line":51,"column":42}},"3":{"start":{"line":56,"column":8},"end":{"line":56,"column":45}},"4":{"start":{"line":61,"column":8},"end":{"line":61,"column":51}},"5":{"start":{"line":66,"column":8},"end":{"line":66,"column":49}},"6":{"start":{"line":71,"column":8},"end":{"line":71,"column":48}},"7":{"start":{"line":76,"column":8},"end":{"line":76,"column":44}},"8":{"start":{"line":81,"column":8},"end":{"line":81,"column":53}},"9":{"start":{"line":86,"column":8},"end":{"line":86,"column":42}},"10":{"start":{"line":103,"column":8},"end":{"line":103,"column":37}},"11":{"start":{"line":104,"column":8},"end":{"line":104,"column":21}},"12":{"start":{"line":105,"column":8},"end":{"line":105,"column":31}},"13":{"start":{"line":106,"column":8},"end":{"line":106,"column":17}},"14":{"start":{"line":107,"column":8},"end":{"line":107,"column":33}},"15":{"start":{"line":114,"column":8},"end":{"line":114,"column":41}},"16":{"start":{"line":115,"column":8},"end":{"line":115,"column":17}},"17":{"start":{"line":117,"column":8},"end":{"line":117,"column":17}},"18":{"start":{"line":141,"column":8},"end":{"line":141,"column":53}},"19":{"start":{"line":142,"column":8},"end":{"line":142,"column":72}},"20":{"start":{"line":143,"column":8},"end":{"line":143,"column":81}},"21":{"start":{"line":144,"column":8},"end":{"line":144,"column":40}},"22":{"start":{"line":145,"column":8},"end":{"line":145,"column":57}},"23":{"start":{"line":147,"column":8},"end":{"line":147,"column":43}},"24":{"start":{"line":149,"column":8},"end":{"line":149,"column":4879}},"25":{"start":{"line":150,"column":12},"end":{"line":150,"column":74}},"26":{"start":{"line":151,"column":12},"end":{"line":151,"column":86}},"27":{"start":{"line":153,"column":12},"end":{"line":153,"column":54}},"28":{"start":{"line":154,"column":12},"end":{"line":154,"column":77}},"29":{"start":{"line":156,"column":12},"end":{"line":156,"column":5254}},"30":{"start":{"line":162,"column":12},"end":{"line":162,"column":86}},"31":{"start":{"line":164,"column":12},"end":{"line":164,"column":54}},"32":{"start":{"line":165,"column":12},"end":{"line":165,"column":77}},"33":{"start":{"line":167,"column":8},"end":{"line":167,"column":43}},"34":{"start":{"line":168,"column":8},"end":{"line":168,"column":52}},"35":{"start":{"line":170,"column":8},"end":{"line":170,"column":69}},"36":{"start":{"line":172,"column":8},"end":{"line":172,"column":92}},"37":{"start":{"line":174,"column":8},"end":{"line":174,"column":44}},"38":{"start":{"line":176,"column":8},"end":{"line":176,"column":75}},"39":{"start":{"line":179,"column":8},"end":{"line":179,"column":43}},"40":{"start":{"line":181,"column":8},"end":{"line":181,"column":45}},"41":{"start":{"line":182,"column":8},"end":{"line":182,"column":58}},"42":{"start":{"line":183,"column":8},"end":{"line":183,"column":49}},"43":{"start":{"line":185,"column":8},"end":{"line":185,"column":32}},"44":{"start":{"line":186,"column":8},"end":{"line":186,"column":32}},"45":{"start":{"line":187,"column":8},"end":{"line":187,"column":32}},"46":{"start":{"line":189,"column":8},"end":{"line":189,"column":39}},"47":{"start":{"line":190,"column":8},"end":{"line":190,"column":96}},"48":{"start":{"line":200,"column":8},"end":{"line":200,"column":53}},"49":{"start":{"line":201,"column":8},"end":{"line":201,"column":75}},"50":{"start":{"line":202,"column":8},"end":{"line":202,"column":84}},"51":{"start":{"line":203,"column":8},"end":{"line":203,"column":42}},"52":{"start":{"line":205,"column":8},"end":{"line":205,"column":43}},"53":{"start":{"line":207,"column":8},"end":{"line":207,"column":67}},"54":{"start":{"line":208,"column":8},"end":{"line":208,"column":77}},"55":{"start":{"line":210,"column":8},"end":{"line":210,"column":47}},"56":{"start":{"line":212,"column":8},"end":{"line":212,"column":50}},"57":{"start":{"line":214,"column":8},"end":{"line":214,"column":51}},"58":{"start":{"line":215,"column":8},"end":{"line":215,"column":61}},"59":{"start":{"line":217,"column":8},"end":{"line":217,"column":77}},"60":{"start":{"line":217,"column":33},"end":{"line":217,"column":76}},"61":{"start":{"line":218,"column":8},"end":{"line":218,"column":97}},"62":{"start":{"line":218,"column":38},"end":{"line":218,"column":96}},"63":{"start":{"line":220,"column":8},"end":{"line":220,"column":39}},"64":{"start":{"line":221,"column":8},"end":{"line":221,"column":86}},"65":{"start":{"line":234,"column":8},"end":{"line":234,"column":53}},"66":{"start":{"line":235,"column":8},"end":{"line":235,"column":73}},"67":{"start":{"line":236,"column":8},"end":{"line":236,"column":82}},"68":{"start":{"line":237,"column":8},"end":{"line":237,"column":40}},"69":{"start":{"line":238,"column":8},"end":{"line":238,"column":43}},"70":{"start":{"line":239,"column":8},"end":{"line":239,"column":56}},"71":{"start":{"line":240,"column":8},"end":{"line":240,"column":71}},"72":{"start":{"line":242,"column":8},"end":{"line":242,"column":72}},"73":{"start":{"line":243,"column":8},"end":{"line":243,"column":94}},"74":{"start":{"line":245,"column":8},"end":{"line":245,"column":44}},"75":{"start":{"line":248,"column":8},"end":{"line":248,"column":52}},"76":{"start":{"line":249,"column":8},"end":{"line":249,"column":62}},"77":{"start":{"line":251,"column":8},"end":{"line":251,"column":49}},"78":{"start":{"line":252,"column":8},"end":{"line":252,"column":64}},"79":{"start":{"line":254,"column":8},"end":{"line":254,"column":45}},"80":{"start":{"line":256,"column":8},"end":{"line":256,"column":32}},"81":{"start":{"line":257,"column":8},"end":{"line":257,"column":32}},"82":{"start":{"line":258,"column":8},"end":{"line":258,"column":32}},"83":{"start":{"line":260,"column":8},"end":{"line":260,"column":39}},"84":{"start":{"line":261,"column":8},"end":{"line":261,"column":82}},"85":{"start":{"line":271,"column":8},"end":{"line":271,"column":53}},"86":{"start":{"line":272,"column":8},"end":{"line":272,"column":75}},"87":{"start":{"line":273,"column":8},"end":{"line":273,"column":84}},"88":{"start":{"line":274,"column":8},"end":{"line":274,"column":70}},"89":{"start":{"line":276,"column":8},"end":{"line":276,"column":43}},"90":{"start":{"line":278,"column":8},"end":{"line":278,"column":73}},"91":{"start":{"line":279,"column":8},"end":{"line":279,"column":88}},"92":{"start":{"line":281,"column":8},"end":{"line":281,"column":51}},"93":{"start":{"line":282,"column":8},"end":{"line":282,"column":61}},"94":{"start":{"line":284,"column":8},"end":{"line":284,"column":55}},"95":{"start":{"line":286,"column":8},"end":{"line":286,"column":35}},"96":{"start":{"line":287,"column":8},"end":{"line":287,"column":45}},"97":{"start":{"line":289,"column":8},"end":{"line":289,"column":51}},"98":{"start":{"line":290,"column":8},"end":{"line":290,"column":61}},"99":{"start":{"line":292,"column":8},"end":{"line":292,"column":77}},"100":{"start":{"line":292,"column":33},"end":{"line":292,"column":76}},"101":{"start":{"line":293,"column":8},"end":{"line":293,"column":97}},"102":{"start":{"line":293,"column":38},"end":{"line":293,"column":96}},"103":{"start":{"line":295,"column":8},"end":{"line":295,"column":39}},"104":{"start":{"line":296,"column":8},"end":{"line":296,"column":87}},"105":{"start":{"line":309,"column":8},"end":{"line":309,"column":53}},"106":{"start":{"line":310,"column":8},"end":{"line":310,"column":68}},"107":{"start":{"line":311,"column":8},"end":{"line":311,"column":77}},"108":{"start":{"line":312,"column":8},"end":{"line":312,"column":40}},"109":{"start":{"line":314,"column":8},"end":{"line":314,"column":43}},"110":{"start":{"line":315,"column":8},"end":{"line":315,"column":56}},"111":{"start":{"line":317,"column":8},"end":{"line":317,"column":73}},"112":{"start":{"line":319,"column":8},"end":{"line":319,"column":71}},"113":{"start":{"line":320,"column":8},"end":{"line":320,"column":95}},"114":{"start":{"line":321,"column":8},"end":{"line":321,"column":44}},"115":{"start":{"line":323,"column":8},"end":{"line":323,"column":59}},"116":{"start":{"line":325,"column":8},"end":{"line":325,"column":43}},"117":{"start":{"line":327,"column":8},"end":{"line":327,"column":45}},"118":{"start":{"line":328,"column":8},"end":{"line":328,"column":58}},"119":{"start":{"line":329,"column":8},"end":{"line":329,"column":49}},"120":{"start":{"line":331,"column":8},"end":{"line":331,"column":32}},"121":{"start":{"line":332,"column":8},"end":{"line":332,"column":32}},"122":{"start":{"line":333,"column":8},"end":{"line":333,"column":32}},"123":{"start":{"line":335,"column":8},"end":{"line":335,"column":45}},"124":{"start":{"line":337,"column":8},"end":{"line":337,"column":39}},"125":{"start":{"line":338,"column":8},"end":{"line":338,"column":80}},"126":{"start":{"line":351,"column":8},"end":{"line":351,"column":53}},"127":{"start":{"line":352,"column":8},"end":{"line":352,"column":56}},"128":{"start":{"line":353,"column":8},"end":{"line":353,"column":62}},"129":{"start":{"line":354,"column":8},"end":{"line":354,"column":40}},"130":{"start":{"line":355,"column":8},"end":{"line":355,"column":46}},"131":{"start":{"line":357,"column":8},"end":{"line":357,"column":43}},"132":{"start":{"line":359,"column":8},"end":{"line":359,"column":45}},"133":{"start":{"line":361,"column":8},"end":{"line":361,"column":12943}},"134":{"start":{"line":362,"column":12},"end":{"line":362,"column":42}},"135":{"start":{"line":363,"column":12},"end":{"line":363,"column":66}},"136":{"start":{"line":364,"column":12},"end":{"line":364,"column":81}},"137":{"start":{"line":364,"column":37},"end":{"line":364,"column":80}},"138":{"start":{"line":365,"column":12},"end":{"line":365,"column":73}},"139":{"start":{"line":366,"column":12},"end":{"line":366,"column":34}},"140":{"start":{"line":367,"column":12},"end":{"line":367,"column":46}},"141":{"start":{"line":368,"column":12},"end":{"line":368,"column":33}},"142":{"start":{"line":369,"column":12},"end":{"line":369,"column":45}},"143":{"start":{"line":371,"column":8},"end":{"line":371,"column":59}},"144":{"start":{"line":371,"column":25},"end":{"line":371,"column":58}},"145":{"start":{"line":373,"column":8},"end":{"line":373,"column":43}},"146":{"start":{"line":374,"column":8},"end":{"line":374,"column":54}},"147":{"start":{"line":376,"column":8},"end":{"line":376,"column":73}},"148":{"start":{"line":376,"column":31},"end":{"line":376,"column":72}},"149":{"start":{"line":378,"column":8},"end":{"line":378,"column":39}},"150":{"start":{"line":379,"column":8},"end":{"line":379,"column":104}}},"branchMap":{"1":{"line":114,"type":"if","locations":[{"start":{"line":114,"column":8},"end":{"line":114,"column":8}},{"start":{"line":114,"column":8},"end":{"line":114,"column":8}}]},"2":{"line":141,"type":"if","locations":[{"start":{"line":141,"column":8},"end":{"line":141,"column":8}},{"start":{"line":141,"column":8},"end":{"line":141,"column":8}}]},"3":{"line":142,"type":"if","locations":[{"start":{"line":142,"column":8},"end":{"line":142,"column":8}},{"start":{"line":142,"column":8},"end":{"line":142,"column":8}}]},"4":{"line":143,"type":"if","locations":[{"start":{"line":143,"column":8},"end":{"line":143,"column":8}},{"start":{"line":143,"column":8},"end":{"line":143,"column":8}}]},"5":{"line":144,"type":"if","locations":[{"start":{"line":144,"column":8},"end":{"line":144,"column":8}},{"start":{"line":144,"column":8},"end":{"line":144,"column":8}}]},"6":{"line":145,"type":"if","locations":[{"start":{"line":145,"column":8},"end":{"line":145,"column":8}},{"start":{"line":145,"column":8},"end":{"line":145,"column":8}}]},"7":{"line":149,"type":"if","locations":[{"start":{"line":149,"column":8},"end":{"line":149,"column":8}},{"start":{"line":149,"column":8},"end":{"line":149,"column":8}}]},"8":{"line":167,"type":"if","locations":[{"start":{"line":167,"column":8},"end":{"line":167,"column":8}},{"start":{"line":167,"column":8},"end":{"line":167,"column":8}}]},"9":{"line":200,"type":"if","locations":[{"start":{"line":200,"column":8},"end":{"line":200,"column":8}},{"start":{"line":200,"column":8},"end":{"line":200,"column":8}}]},"10":{"line":201,"type":"if","locations":[{"start":{"line":201,"column":8},"end":{"line":201,"column":8}},{"start":{"line":201,"column":8},"end":{"line":201,"column":8}}]},"11":{"line":202,"type":"if","locations":[{"start":{"line":202,"column":8},"end":{"line":202,"column":8}},{"start":{"line":202,"column":8},"end":{"line":202,"column":8}}]},"12":{"line":203,"type":"if","locations":[{"start":{"line":203,"column":8},"end":{"line":203,"column":8}},{"start":{"line":203,"column":8},"end":{"line":203,"column":8}}]},"13":{"line":217,"type":"if","locations":[{"start":{"line":217,"column":8},"end":{"line":217,"column":8}},{"start":{"line":217,"column":8},"end":{"line":217,"column":8}}]},"14":{"line":218,"type":"if","locations":[{"start":{"line":218,"column":8},"end":{"line":218,"column":8}},{"start":{"line":218,"column":8},"end":{"line":218,"column":8}}]},"15":{"line":234,"type":"if","locations":[{"start":{"line":234,"column":8},"end":{"line":234,"column":8}},{"start":{"line":234,"column":8},"end":{"line":234,"column":8}}]},"16":{"line":235,"type":"if","locations":[{"start":{"line":235,"column":8},"end":{"line":235,"column":8}},{"start":{"line":235,"column":8},"end":{"line":235,"column":8}}]},"17":{"line":236,"type":"if","locations":[{"start":{"line":236,"column":8},"end":{"line":236,"column":8}},{"start":{"line":236,"column":8},"end":{"line":236,"column":8}}]},"18":{"line":237,"type":"if","locations":[{"start":{"line":237,"column":8},"end":{"line":237,"column":8}},{"start":{"line":237,"column":8},"end":{"line":237,"column":8}}]},"19":{"line":239,"type":"if","locations":[{"start":{"line":239,"column":8},"end":{"line":239,"column":8}},{"start":{"line":239,"column":8},"end":{"line":239,"column":8}}]},"20":{"line":271,"type":"if","locations":[{"start":{"line":271,"column":8},"end":{"line":271,"column":8}},{"start":{"line":271,"column":8},"end":{"line":271,"column":8}}]},"21":{"line":272,"type":"if","locations":[{"start":{"line":272,"column":8},"end":{"line":272,"column":8}},{"start":{"line":272,"column":8},"end":{"line":272,"column":8}}]},"22":{"line":273,"type":"if","locations":[{"start":{"line":273,"column":8},"end":{"line":273,"column":8}},{"start":{"line":273,"column":8},"end":{"line":273,"column":8}}]},"23":{"line":274,"type":"if","locations":[{"start":{"line":274,"column":8},"end":{"line":274,"column":8}},{"start":{"line":274,"column":8},"end":{"line":274,"column":8}}]},"24":{"line":292,"type":"if","locations":[{"start":{"line":292,"column":8},"end":{"line":292,"column":8}},{"start":{"line":292,"column":8},"end":{"line":292,"column":8}}]},"25":{"line":293,"type":"if","locations":[{"start":{"line":293,"column":8},"end":{"line":293,"column":8}},{"start":{"line":293,"column":8},"end":{"line":293,"column":8}}]},"26":{"line":309,"type":"if","locations":[{"start":{"line":309,"column":8},"end":{"line":309,"column":8}},{"start":{"line":309,"column":8},"end":{"line":309,"column":8}}]},"27":{"line":310,"type":"if","locations":[{"start":{"line":310,"column":8},"end":{"line":310,"column":8}},{"start":{"line":310,"column":8},"end":{"line":310,"column":8}}]},"28":{"line":311,"type":"if","locations":[{"start":{"line":311,"column":8},"end":{"line":311,"column":8}},{"start":{"line":311,"column":8},"end":{"line":311,"column":8}}]},"29":{"line":312,"type":"if","locations":[{"start":{"line":312,"column":8},"end":{"line":312,"column":8}},{"start":{"line":312,"column":8},"end":{"line":312,"column":8}}]},"30":{"line":315,"type":"if","locations":[{"start":{"line":315,"column":8},"end":{"line":315,"column":8}},{"start":{"line":315,"column":8},"end":{"line":315,"column":8}}]},"31":{"line":351,"type":"if","locations":[{"start":{"line":351,"column":8},"end":{"line":351,"column":8}},{"start":{"line":351,"column":8},"end":{"line":351,"column":8}}]},"32":{"line":352,"type":"if","locations":[{"start":{"line":352,"column":8},"end":{"line":352,"column":8}},{"start":{"line":352,"column":8},"end":{"line":352,"column":8}}]},"33":{"line":353,"type":"if","locations":[{"start":{"line":353,"column":8},"end":{"line":353,"column":8}},{"start":{"line":353,"column":8},"end":{"line":353,"column":8}}]},"34":{"line":354,"type":"if","locations":[{"start":{"line":354,"column":8},"end":{"line":354,"column":8}},{"start":{"line":354,"column":8},"end":{"line":354,"column":8}}]},"35":{"line":355,"type":"if","locations":[{"start":{"line":355,"column":8},"end":{"line":355,"column":8}},{"start":{"line":355,"column":8},"end":{"line":355,"column":8}}]},"36":{"line":363,"type":"if","locations":[{"start":{"line":363,"column":12},"end":{"line":363,"column":12}},{"start":{"line":363,"column":12},"end":{"line":363,"column":12}}]},"37":{"line":364,"type":"if","locations":[{"start":{"line":364,"column":12},"end":{"line":364,"column":12}},{"start":{"line":364,"column":12},"end":{"line":364,"column":12}}]},"38":{"line":364,"type":"if","locations":[{"start":{"line":364,"column":37},"end":{"line":364,"column":37}},{"start":{"line":364,"column":37},"end":{"line":364,"column":37}}]},"39":{"line":371,"type":"if","locations":[{"start":{"line":371,"column":8},"end":{"line":371,"column":8}},{"start":{"line":371,"column":8},"end":{"line":371,"column":8}}]},"40":{"line":376,"type":"if","locations":[{"start":{"line":376,"column":8},"end":{"line":376,"column":8}},{"start":{"line":376,"column":8},"end":{"line":376,"column":8}}]}}}}