{"contracts/interfaces/callback/ITimeswapBorrowCallback.sol":{"l":{},"path":"/Users/dsukhani/Desktop/code/Timeswap-V1-Core/contracts/interfaces/callback/ITimeswapBorrowCallback.sol","s":{},"b":{},"f":{},"fnMap":{},"statementMap":{},"branchMap":{}},"contracts/interfaces/callback/ITimeswapLendCallback.sol":{"l":{},"path":"/Users/dsukhani/Desktop/code/Timeswap-V1-Core/contracts/interfaces/callback/ITimeswapLendCallback.sol","s":{},"b":{},"f":{},"fnMap":{},"statementMap":{},"branchMap":{}},"contracts/interfaces/callback/ITimeswapMintCallback.sol":{"l":{},"path":"/Users/dsukhani/Desktop/code/Timeswap-V1-Core/contracts/interfaces/callback/ITimeswapMintCallback.sol","s":{},"b":{},"f":{},"fnMap":{},"statementMap":{},"branchMap":{}},"contracts/interfaces/callback/ITimeswapPayCallback.sol":{"l":{},"path":"/Users/dsukhani/Desktop/code/Timeswap-V1-Core/contracts/interfaces/callback/ITimeswapPayCallback.sol","s":{},"b":{},"f":{},"fnMap":{},"statementMap":{},"branchMap":{}},"contracts/interfaces/IFactory.sol":{"l":{},"path":"/Users/dsukhani/Desktop/code/Timeswap-V1-Core/contracts/interfaces/IFactory.sol","s":{},"b":{},"f":{},"fnMap":{},"statementMap":{},"branchMap":{}},"contracts/interfaces/IPair.sol":{"l":{},"path":"/Users/dsukhani/Desktop/code/Timeswap-V1-Core/contracts/interfaces/IPair.sol","s":{},"b":{},"f":{},"fnMap":{},"statementMap":{},"branchMap":{}},"contracts/libraries/Array.sol":{"l":{"8":32,"10":32},"path":"/Users/dsukhani/Desktop/code/Timeswap-V1-Core/contracts/libraries/Array.sol","s":{"1":32,"2":32},"b":{},"f":{"1":32},"fnMap":{"1":{"name":"insert","line":7,"loc":{"start":{"line":7,"column":4},"end":{"line":12,"column":4}}}},"statementMap":{"1":{"start":{"line":8,"column":8},"end":{"line":8,"column":23}},"2":{"start":{"line":10,"column":8},"end":{"line":10,"column":24}}},"branchMap":{}},"contracts/libraries/BlockNumber.sol":{"l":{"10":35},"path":"/Users/dsukhani/Desktop/code/Timeswap-V1-Core/contracts/libraries/BlockNumber.sol","s":{"1":35},"b":{},"f":{"1":35},"fnMap":{"1":{"name":"get","line":9,"loc":{"start":{"line":9,"column":4},"end":{"line":11,"column":4}}}},"statementMap":{"1":{"start":{"line":10,"column":8},"end":{"line":10,"column":45}}},"branchMap":{}},"contracts/libraries/BorrowMath.sol":{"l":{"24":7,"25":7,"26":7,"27":7,"28":7,"30":7,"31":7,"32":7,"33":7,"34":7,"35":7,"36":7,"44":14,"45":14,"46":14,"54":6,"55":6,"56":6,"57":6,"58":6,"59":6,"68":6,"69":6,"70":6,"71":6,"72":6,"73":6,"74":6,"75":6,"76":6,"77":6,"78":6},"path":"/Users/dsukhani/Desktop/code/Timeswap-V1-Core/contracts/libraries/BorrowMath.sol","s":{"1":7,"2":7,"3":7,"4":7,"5":7,"6":7,"7":7,"8":7,"9":7,"10":7,"11":7,"12":7,"13":14,"14":14,"15":14,"16":6,"17":6,"18":6,"19":6,"20":6,"21":6,"22":6,"23":6,"24":6,"25":6,"26":6,"27":6,"28":6,"29":6,"30":6,"31":6,"32":6},"b":{"1":[6,1]},"f":{"1":7,"2":14,"3":6,"4":6},"fnMap":{"1":{"name":"check","line":17,"loc":{"start":{"line":17,"column":4},"end":{"line":37,"column":4}}},"2":{"name":"adjust","line":39,"loc":{"start":{"line":39,"column":4},"end":{"line":47,"column":4}}},"3":{"name":"getDebt","line":49,"loc":{"start":{"line":49,"column":4},"end":{"line":60,"column":4}}},"4":{"name":"getCollateral","line":62,"loc":{"start":{"line":62,"column":4},"end":{"line":79,"column":4}}}},"statementMap":{"1":{"start":{"line":24,"column":8},"end":{"line":24,"column":39}},"2":{"start":{"line":25,"column":8},"end":{"line":25,"column":46}},"3":{"start":{"line":26,"column":8},"end":{"line":26,"column":63}},"4":{"start":{"line":27,"column":8},"end":{"line":27,"column":63}},"5":{"start":{"line":28,"column":8},"end":{"line":28,"column":65}},"6":{"start":{"line":30,"column":8},"end":{"line":30,"column":35}},"7":{"start":{"line":31,"column":8},"end":{"line":31,"column":25}},"8":{"start":{"line":32,"column":8},"end":{"line":32,"column":21}},"9":{"start":{"line":33,"column":8},"end":{"line":33,"column":38}},"10":{"start":{"line":34,"column":8},"end":{"line":34,"column":29}},"11":{"start":{"line":35,"column":8},"end":{"line":35,"column":43}},"12":{"start":{"line":36,"column":8},"end":{"line":36,"column":44}},"13":{"start":{"line":44,"column":8},"end":{"line":44,"column":25}},"14":{"start":{"line":45,"column":8},"end":{"line":45,"column":22}},"15":{"start":{"line":46,"column":8},"end":{"line":46,"column":37}},"16":{"start":{"line":54,"column":8},"end":{"line":54,"column":34}},"17":{"start":{"line":55,"column":8},"end":{"line":55,"column":33}},"18":{"start":{"line":56,"column":8},"end":{"line":56,"column":27}},"19":{"start":{"line":57,"column":8},"end":{"line":57,"column":36}},"20":{"start":{"line":58,"column":8},"end":{"line":58,"column":27}},"21":{"start":{"line":59,"column":8},"end":{"line":59,"column":35}},"22":{"start":{"line":68,"column":8},"end":{"line":68,"column":40}},"23":{"start":{"line":69,"column":8},"end":{"line":69,"column":39}},"24":{"start":{"line":70,"column":8},"end":{"line":70,"column":31}},"25":{"start":{"line":71,"column":8},"end":{"line":71,"column":46}},"26":{"start":{"line":72,"column":8},"end":{"line":72,"column":37}},"27":{"start":{"line":73,"column":8},"end":{"line":73,"column":31}},"28":{"start":{"line":74,"column":8},"end":{"line":74,"column":38}},"29":{"start":{"line":75,"column":8},"end":{"line":75,"column":25}},"30":{"start":{"line":76,"column":8},"end":{"line":76,"column":88}},"31":{"start":{"line":77,"column":8},"end":{"line":77,"column":33}},"32":{"start":{"line":78,"column":8},"end":{"line":78,"column":47}}},"branchMap":{"1":{"line":36,"type":"if","locations":[{"start":{"line":36,"column":8},"end":{"line":36,"column":8}},{"start":{"line":36,"column":8},"end":{"line":36,"column":8}}]}}},"contracts/libraries/BurnMath.sol":{"l":{"18":2,"19":2,"20":1,"21":1,"22":1,"23":1,"34":2,"35":2,"36":2,"37":2,"38":2,"40":0,"41":0,"42":0,"43":0,"44":0,"45":0,"46":0,"47":0},"path":"/Users/dsukhani/Desktop/code/Timeswap-V1-Core/contracts/libraries/BurnMath.sol","s":{"1":2,"2":2,"3":1,"4":1,"5":1,"6":1,"7":1,"8":2,"9":2,"10":2,"11":2,"12":2,"13":0,"14":0,"15":0,"16":0,"17":0,"18":0,"19":0,"20":0,"21":0},"b":{"1":[1,1],"2":[2,0],"3":[0,0]},"f":{"1":2,"2":2},"fnMap":{"1":{"name":"getAsset","line":17,"loc":{"start":{"line":17,"column":4},"end":{"line":24,"column":4}}},"2":{"name":"getCollateral","line":29,"loc":{"start":{"line":29,"column":4},"end":{"line":48,"column":4}}}},"statementMap":{"1":{"start":{"line":18,"column":8},"end":{"line":18,"column":51}},"2":{"start":{"line":19,"column":8},"end":{"line":19,"column":67}},"3":{"start":{"line":19,"column":52},"end":{"line":19,"column":67}},"4":{"start":{"line":20,"column":8},"end":{"line":20,"column":40}},"5":{"start":{"line":21,"column":8},"end":{"line":21,"column":42}},"6":{"start":{"line":22,"column":8},"end":{"line":22,"column":70}},"7":{"start":{"line":23,"column":8},"end":{"line":23,"column":39}},"8":{"start":{"line":34,"column":8},"end":{"line":34,"column":51}},"9":{"start":{"line":35,"column":8},"end":{"line":35,"column":58}},"10":{"start":{"line":36,"column":8},"end":{"line":36,"column":1401}},"11":{"start":{"line":37,"column":12},"end":{"line":37,"column":84}},"12":{"start":{"line":38,"column":12},"end":{"line":38,"column":61}},"13":{"start":{"line":40,"column":8},"end":{"line":40,"column":48}},"14":{"start":{"line":41,"column":8},"end":{"line":41,"column":30}},"15":{"start":{"line":42,"column":8},"end":{"line":42,"column":45}},"16":{"start":{"line":43,"column":8},"end":{"line":43,"column":104}},"17":{"start":{"line":43,"column":84},"end":{"line":43,"column":104}},"18":{"start":{"line":44,"column":8},"end":{"line":44,"column":47}},"19":{"start":{"line":45,"column":8},"end":{"line":45,"column":32}},"20":{"start":{"line":46,"column":8},"end":{"line":46,"column":105}},"21":{"start":{"line":47,"column":8},"end":{"line":47,"column":49}}},"branchMap":{"1":{"line":19,"type":"if","locations":[{"start":{"line":19,"column":8},"end":{"line":19,"column":8}},{"start":{"line":19,"column":8},"end":{"line":19,"column":8}}]},"2":{"line":36,"type":"if","locations":[{"start":{"line":36,"column":8},"end":{"line":36,"column":8}},{"start":{"line":36,"column":8},"end":{"line":36,"column":8}}]},"3":{"line":43,"type":"if","locations":[{"start":{"line":43,"column":8},"end":{"line":43,"column":8}},{"start":{"line":43,"column":8},"end":{"line":43,"column":8}}]}}},"contracts/libraries/Callback.sol":{"l":{"24":27,"25":27,"26":27,"27":27,"28":27,"29":27,"30":27,"38":8,"39":8,"40":8,"41":8,"49":6,"50":6,"51":6,"52":6,"60":4,"61":4,"62":4,"63":4},"path":"/Users/dsukhani/Desktop/code/Timeswap-V1-Core/contracts/libraries/Callback.sol","s":{"1":27,"2":27,"3":27,"4":27,"5":27,"6":27,"7":27,"8":8,"9":8,"10":8,"11":8,"12":6,"13":6,"14":6,"15":6,"16":4,"17":4,"18":4,"19":4},"b":{"1":[27,0],"2":[27,0],"3":[8,0],"4":[6,0],"5":[4,0]},"f":{"1":27,"2":8,"3":6,"4":4},"fnMap":{"1":{"name":"mint","line":17,"loc":{"start":{"line":17,"column":4},"end":{"line":31,"column":4}}},"2":{"name":"lend","line":33,"loc":{"start":{"line":33,"column":4},"end":{"line":42,"column":4}}},"3":{"name":"borrow","line":44,"loc":{"start":{"line":44,"column":4},"end":{"line":53,"column":4}}},"4":{"name":"pay","line":55,"loc":{"start":{"line":55,"column":4},"end":{"line":64,"column":4}}}},"statementMap":{"1":{"start":{"line":24,"column":8},"end":{"line":24,"column":50}},"2":{"start":{"line":25,"column":8},"end":{"line":25,"column":60}},"3":{"start":{"line":26,"column":8},"end":{"line":26,"column":90}},"4":{"start":{"line":27,"column":8},"end":{"line":27,"column":51}},"5":{"start":{"line":28,"column":8},"end":{"line":28,"column":61}},"6":{"start":{"line":29,"column":8},"end":{"line":29,"column":61}},"7":{"start":{"line":30,"column":8},"end":{"line":30,"column":76}},"8":{"start":{"line":38,"column":8},"end":{"line":38,"column":50}},"9":{"start":{"line":39,"column":8},"end":{"line":39,"column":76}},"10":{"start":{"line":40,"column":8},"end":{"line":40,"column":51}},"11":{"start":{"line":41,"column":8},"end":{"line":41,"column":61}},"12":{"start":{"line":49,"column":8},"end":{"line":49,"column":60}},"13":{"start":{"line":50,"column":8},"end":{"line":50,"column":85}},"14":{"start":{"line":51,"column":8},"end":{"line":51,"column":61}},"15":{"start":{"line":52,"column":8},"end":{"line":52,"column":76}},"16":{"start":{"line":60,"column":8},"end":{"line":60,"column":50}},"17":{"start":{"line":61,"column":8},"end":{"line":61,"column":74}},"18":{"start":{"line":62,"column":8},"end":{"line":62,"column":51}},"19":{"start":{"line":63,"column":8},"end":{"line":63,"column":61}}},"branchMap":{"1":{"line":29,"type":"if","locations":[{"start":{"line":29,"column":8},"end":{"line":29,"column":8}},{"start":{"line":29,"column":8},"end":{"line":29,"column":8}}]},"2":{"line":30,"type":"if","locations":[{"start":{"line":30,"column":8},"end":{"line":30,"column":8}},{"start":{"line":30,"column":8},"end":{"line":30,"column":8}}]},"3":{"line":41,"type":"if","locations":[{"start":{"line":41,"column":8},"end":{"line":41,"column":8}},{"start":{"line":41,"column":8},"end":{"line":41,"column":8}}]},"4":{"line":52,"type":"if","locations":[{"start":{"line":52,"column":8},"end":{"line":52,"column":8}},{"start":{"line":52,"column":8},"end":{"line":52,"column":8}}]},"5":{"line":63,"type":"if","locations":[{"start":{"line":63,"column":8},"end":{"line":63,"column":8}},{"start":{"line":63,"column":8},"end":{"line":63,"column":8}}]}}},"contracts/libraries/ConstantProduct.sol":{"l":{"16":18,"17":18,"19":18,"20":18},"path":"/Users/dsukhani/Desktop/code/Timeswap-V1-Core/contracts/libraries/ConstantProduct.sol","s":{"1":18,"2":18,"3":18,"4":18,"5":8},"b":{"1":[18,0],"2":[8,10],"3":[7,1]},"f":{"1":18},"fnMap":{"1":{"name":"checkConstantProduct","line":10,"loc":{"start":{"line":10,"column":4},"end":{"line":21,"column":4}}}},"statementMap":{"1":{"start":{"line":16,"column":8},"end":{"line":16,"column":90}},"2":{"start":{"line":17,"column":8},"end":{"line":17,"column":95}},"3":{"start":{"line":19,"column":8},"end":{"line":19,"column":39}},"4":{"start":{"line":20,"column":8},"end":{"line":20,"column":61}},"5":{"start":{"line":20,"column":29},"end":{"line":20,"column":60}}},"branchMap":{"1":{"line":19,"type":"if","locations":[{"start":{"line":19,"column":8},"end":{"line":19,"column":8}},{"start":{"line":19,"column":8},"end":{"line":19,"column":8}}]},"2":{"line":20,"type":"if","locations":[{"start":{"line":20,"column":8},"end":{"line":20,"column":8}},{"start":{"line":20,"column":8},"end":{"line":20,"column":8}}]},"3":{"line":20,"type":"if","locations":[{"start":{"line":20,"column":29},"end":{"line":20,"column":29}},{"start":{"line":20,"column":29},"end":{"line":20,"column":29}}]}}},"contracts/libraries/FullMath.sol":{"l":{"11":122,"29":86,"123":33,"124":33},"path":"/Users/dsukhani/Desktop/code/Timeswap-V1-Core/contracts/libraries/FullMath.sol","s":{"1":33,"2":33},"b":{"1":[33,0]},"f":{"1":122,"2":86,"3":33},"fnMap":{"1":{"name":"mul512","line":5,"loc":{"start":{"line":5,"column":4},"end":{"line":16,"column":4}}},"2":{"name":"mulDiv","line":24,"loc":{"start":{"line":24,"column":4},"end":{"line":111,"column":4}}},"3":{"name":"mulDivUp","line":118,"loc":{"start":{"line":118,"column":4},"end":{"line":125,"column":4}}}},"statementMap":{"1":{"start":{"line":123,"column":8},"end":{"line":123,"column":41}},"2":{"start":{"line":124,"column":8},"end":{"line":124,"column":51}}},"branchMap":{"1":{"line":124,"type":"if","locations":[{"start":{"line":124,"column":8},"end":{"line":124,"column":8}},{"start":{"line":124,"column":8},"end":{"line":124,"column":8}}]}}},"contracts/libraries/LendMath.sol":{"l":{"21":9,"22":9,"23":9,"24":9,"25":9,"27":9,"28":9,"29":9,"30":9,"31":9,"32":9,"33":9,"41":18,"42":18,"43":18,"51":8,"52":8,"53":8,"54":8,"55":8,"56":8,"65":8,"66":8,"67":8,"68":8,"69":8,"70":8,"71":8,"72":8,"73":8,"74":8,"75":8},"path":"/Users/dsukhani/Desktop/code/Timeswap-V1-Core/contracts/libraries/LendMath.sol","s":{"1":9,"2":9,"3":9,"4":9,"5":9,"6":9,"7":9,"8":9,"9":9,"10":9,"11":9,"12":9,"13":18,"14":18,"15":18,"16":8,"17":8,"18":8,"19":8,"20":8,"21":8,"22":8,"23":8,"24":8,"25":8,"26":8,"27":8,"28":8,"29":8,"30":8,"31":8,"32":8},"b":{"1":[8,1]},"f":{"1":9,"2":18,"3":8,"4":8},"fnMap":{"1":{"name":"check","line":14,"loc":{"start":{"line":14,"column":4},"end":{"line":34,"column":4}}},"2":{"name":"adjust","line":36,"loc":{"start":{"line":36,"column":4},"end":{"line":44,"column":4}}},"3":{"name":"getBond","line":46,"loc":{"start":{"line":46,"column":4},"end":{"line":57,"column":4}}},"4":{"name":"getInsurance","line":59,"loc":{"start":{"line":59,"column":4},"end":{"line":76,"column":4}}}},"statementMap":{"1":{"start":{"line":21,"column":8},"end":{"line":21,"column":39}},"2":{"start":{"line":22,"column":8},"end":{"line":22,"column":46}},"3":{"start":{"line":23,"column":8},"end":{"line":23,"column":63}},"4":{"start":{"line":24,"column":8},"end":{"line":24,"column":63}},"5":{"start":{"line":25,"column":8},"end":{"line":25,"column":65}},"6":{"start":{"line":27,"column":8},"end":{"line":27,"column":35}},"7":{"start":{"line":28,"column":8},"end":{"line":28,"column":25}},"8":{"start":{"line":29,"column":8},"end":{"line":29,"column":21}},"9":{"start":{"line":30,"column":8},"end":{"line":30,"column":38}},"10":{"start":{"line":31,"column":8},"end":{"line":31,"column":29}},"11":{"start":{"line":32,"column":8},"end":{"line":32,"column":29}},"12":{"start":{"line":33,"column":8},"end":{"line":33,"column":44}},"13":{"start":{"line":41,"column":8},"end":{"line":41,"column":25}},"14":{"start":{"line":42,"column":8},"end":{"line":42,"column":22}},"15":{"start":{"line":43,"column":8},"end":{"line":43,"column":37}},"16":{"start":{"line":51,"column":8},"end":{"line":51,"column":35}},"17":{"start":{"line":52,"column":8},"end":{"line":52,"column":34}},"18":{"start":{"line":53,"column":8},"end":{"line":53,"column":28}},"19":{"start":{"line":54,"column":8},"end":{"line":54,"column":22}},"20":{"start":{"line":55,"column":8},"end":{"line":55,"column":28}},"21":{"start":{"line":56,"column":8},"end":{"line":56,"column":37}},"22":{"start":{"line":65,"column":8},"end":{"line":65,"column":40}},"23":{"start":{"line":66,"column":8},"end":{"line":66,"column":39}},"24":{"start":{"line":67,"column":8},"end":{"line":67,"column":31}},"25":{"start":{"line":68,"column":8},"end":{"line":68,"column":46}},"26":{"start":{"line":69,"column":8},"end":{"line":69,"column":37}},"27":{"start":{"line":70,"column":8},"end":{"line":70,"column":31}},"28":{"start":{"line":71,"column":8},"end":{"line":71,"column":38}},"29":{"start":{"line":72,"column":8},"end":{"line":72,"column":25}},"30":{"start":{"line":73,"column":8},"end":{"line":73,"column":86}},"31":{"start":{"line":74,"column":8},"end":{"line":74,"column":33}},"32":{"start":{"line":75,"column":8},"end":{"line":75,"column":47}}},"branchMap":{"1":{"line":33,"type":"if","locations":[{"start":{"line":33,"column":8},"end":{"line":33,"column":8}},{"start":{"line":33,"column":8},"end":{"line":33,"column":8}}]}}},"contracts/libraries/Math.sol":{"l":{"6":7,"7":7,"11":33,"12":33},"path":"/Users/dsukhani/Desktop/code/Timeswap-V1-Core/contracts/libraries/Math.sol","s":{"1":7,"2":7,"3":33,"4":33},"b":{"1":[7,0],"2":[33,0]},"f":{"1":7,"2":33},"fnMap":{"1":{"name":"divUp","line":5,"loc":{"start":{"line":5,"column":4},"end":{"line":8,"column":4}}},"2":{"name":"shiftUp","line":10,"loc":{"start":{"line":10,"column":4},"end":{"line":13,"column":4}}}},"statementMap":{"1":{"start":{"line":6,"column":8},"end":{"line":6,"column":16}},"2":{"start":{"line":7,"column":8},"end":{"line":7,"column":26}},"3":{"start":{"line":11,"column":8},"end":{"line":11,"column":17}},"4":{"start":{"line":12,"column":8},"end":{"line":12,"column":28}}},"branchMap":{"1":{"line":7,"type":"if","locations":[{"start":{"line":7,"column":8},"end":{"line":7,"column":8}},{"start":{"line":7,"column":8},"end":{"line":7,"column":8}}]},"2":{"line":12,"type":"if","locations":[{"start":{"line":12,"column":8},"end":{"line":12,"column":8}},{"start":{"line":12,"column":8},"end":{"line":12,"column":8}}]}}},"contracts/libraries/MintMath.sol":{"l":{"20":24,"21":24,"34":5,"50":27,"51":27,"52":27,"53":27,"54":27,"63":5,"64":2,"66":0,"68":3,"81":27,"82":27,"83":27,"84":27,"85":27,"86":27,"100":27,"101":27,"102":27,"103":27,"104":27,"105":27},"path":"/Users/dsukhani/Desktop/code/Timeswap-V1-Core/contracts/libraries/MintMath.sol","s":{"1":24,"2":24,"3":5,"4":27,"5":27,"6":27,"7":27,"8":27,"9":5,"10":2,"11":3,"12":0,"13":3,"14":27,"15":27,"16":27,"17":27,"18":27,"19":27,"20":27,"21":27,"22":27,"23":27,"24":27,"25":27},"b":{"1":[2,3],"2":[0,3]},"f":{"1":24,"2":5,"3":27,"4":5,"5":27,"6":27},"fnMap":{"1":{"name":"getLiquidityTotal","line":19,"loc":{"start":{"line":19,"column":4},"end":{"line":22,"column":4}}},"2":{"name":"getLiquidityTotal","line":28,"loc":{"start":{"line":28,"column":4},"end":{"line":39,"column":4}}},"3":{"name":"getLiquidity","line":45,"loc":{"start":{"line":45,"column":4},"end":{"line":55,"column":4}}},"4":{"name":"min","line":58,"loc":{"start":{"line":58,"column":4},"end":{"line":70,"column":4}}},"5":{"name":"getDebt","line":76,"loc":{"start":{"line":76,"column":4},"end":{"line":87,"column":4}}},"6":{"name":"getCollateral","line":94,"loc":{"start":{"line":94,"column":4},"end":{"line":106,"column":4}}}},"statementMap":{"1":{"start":{"line":20,"column":8},"end":{"line":20,"column":33}},"2":{"start":{"line":21,"column":8},"end":{"line":21,"column":28}},"3":{"start":{"line":34,"column":8},"end":{"line":34,"column":1132}},"4":{"start":{"line":50,"column":8},"end":{"line":50,"column":38}},"5":{"start":{"line":51,"column":8},"end":{"line":51,"column":37}},"6":{"start":{"line":52,"column":8},"end":{"line":52,"column":33}},"7":{"start":{"line":53,"column":8},"end":{"line":53,"column":35}},"8":{"start":{"line":54,"column":8},"end":{"line":54,"column":71}},"9":{"start":{"line":63,"column":8},"end":{"line":63,"column":2183}},"10":{"start":{"line":64,"column":12},"end":{"line":64,"column":16}},"11":{"start":{"line":65,"column":15},"end":{"line":65,"column":2241}},"12":{"start":{"line":66,"column":12},"end":{"line":66,"column":16}},"13":{"start":{"line":68,"column":12},"end":{"line":68,"column":16}},"14":{"start":{"line":81,"column":8},"end":{"line":81,"column":34}},"15":{"start":{"line":82,"column":8},"end":{"line":82,"column":33}},"16":{"start":{"line":83,"column":8},"end":{"line":83,"column":27}},"17":{"start":{"line":84,"column":8},"end":{"line":84,"column":36}},"18":{"start":{"line":85,"column":8},"end":{"line":85,"column":27}},"19":{"start":{"line":86,"column":8},"end":{"line":86,"column":35}},"20":{"start":{"line":100,"column":8},"end":{"line":100,"column":40}},"21":{"start":{"line":101,"column":8},"end":{"line":101,"column":39}},"22":{"start":{"line":102,"column":8},"end":{"line":102,"column":33}},"23":{"start":{"line":103,"column":8},"end":{"line":103,"column":48}},"24":{"start":{"line":104,"column":8},"end":{"line":104,"column":82}},"25":{"start":{"line":105,"column":8},"end":{"line":105,"column":47}}},"branchMap":{"1":{"line":63,"type":"if","locations":[{"start":{"line":63,"column":8},"end":{"line":63,"column":8}},{"start":{"line":63,"column":8},"end":{"line":63,"column":8}}]},"2":{"line":65,"type":"if","locations":[{"start":{"line":65,"column":15},"end":{"line":65,"column":15}},{"start":{"line":65,"column":15},"end":{"line":65,"column":15}}]}}},"contracts/libraries/PayMath.sol":{"l":{"12":6},"path":"/Users/dsukhani/Desktop/code/Timeswap-V1-Core/contracts/libraries/PayMath.sol","s":{"1":6},"b":{"1":[5,1]},"f":{"1":6},"fnMap":{"1":{"name":"checkProportional","line":7,"loc":{"start":{"line":7,"column":4},"end":{"line":13,"column":4}}}},"statementMap":{"1":{"start":{"line":12,"column":8},"end":{"line":12,"column":94}}},"branchMap":{"1":{"line":12,"type":"if","locations":[{"start":{"line":12,"column":8},"end":{"line":12,"column":8}},{"start":{"line":12,"column":8},"end":{"line":12,"column":8}}]}}},"contracts/libraries/SafeBalance.sol":{"l":{"13":146,"18":146},"path":"/Users/dsukhani/Desktop/code/Timeswap-V1-Core/contracts/libraries/SafeBalance.sol","s":{"1":146,"2":146},"b":{},"f":{"1":146},"fnMap":{"1":{"name":"safeBalance","line":10,"loc":{"start":{"line":10,"column":4},"end":{"line":19,"column":4}}}},"statementMap":{"1":{"start":{"line":13,"column":8},"end":{"line":13,"column":359}},"2":{"start":{"line":18,"column":8},"end":{"line":18,"column":42}}},"branchMap":{}},"contracts/libraries/SafeCast.sol":{"l":{"6":35,"10":66,"14":20,"18":0,"19":0},"path":"/Users/dsukhani/Desktop/code/Timeswap-V1-Core/contracts/libraries/SafeCast.sol","s":{"1":35,"2":66,"3":20,"4":0,"5":0,"6":0},"b":{"1":[66,0],"2":[20,0],"3":[0,0]},"f":{"1":35,"2":66,"3":20,"4":0},"fnMap":{"1":{"name":"modUint32","line":5,"loc":{"start":{"line":5,"column":4},"end":{"line":7,"column":4}}},"2":{"name":"toUint112","line":9,"loc":{"start":{"line":9,"column":4},"end":{"line":11,"column":4}}},"3":{"name":"toUint128","line":13,"loc":{"start":{"line":13,"column":4},"end":{"line":15,"column":4}}},"4":{"name":"truncateUint112","line":17,"loc":{"start":{"line":17,"column":4},"end":{"line":20,"column":4}}}},"statementMap":{"1":{"start":{"line":6,"column":8},"end":{"line":6,"column":34}},"2":{"start":{"line":10,"column":8},"end":{"line":10,"column":37}},"3":{"start":{"line":14,"column":8},"end":{"line":14,"column":37}},"4":{"start":{"line":18,"column":8},"end":{"line":18,"column":63}},"5":{"start":{"line":18,"column":35},"end":{"line":18,"column":63}},"6":{"start":{"line":19,"column":8},"end":{"line":19,"column":21}}},"branchMap":{"1":{"line":10,"type":"if","locations":[{"start":{"line":10,"column":8},"end":{"line":10,"column":8}},{"start":{"line":10,"column":8},"end":{"line":10,"column":8}}]},"2":{"line":14,"type":"if","locations":[{"start":{"line":14,"column":8},"end":{"line":14,"column":8}},{"start":{"line":14,"column":8},"end":{"line":14,"column":8}}]},"3":{"line":18,"type":"if","locations":[{"start":{"line":18,"column":8},"end":{"line":18,"column":8}},{"start":{"line":18,"column":8},"end":{"line":18,"column":8}}]}}},"contracts/libraries/SafeTransfer.sol":{"l":{"15":18},"path":"/Users/dsukhani/Desktop/code/Timeswap-V1-Core/contracts/libraries/SafeTransfer.sol","s":{"1":18},"b":{},"f":{"1":18},"fnMap":{"1":{"name":"safeTransfer","line":10,"loc":{"start":{"line":10,"column":4},"end":{"line":16,"column":4}}}},"statementMap":{"1":{"start":{"line":15,"column":8},"end":{"line":15,"column":46}}},"branchMap":{}},"contracts/libraries/WithdrawMath.sol":{"l":{"18":5,"19":5,"20":1,"21":1,"22":1,"23":1,"34":5,"35":5,"36":1,"37":1,"38":1,"39":1,"40":1,"41":0,"42":0},"path":"/Users/dsukhani/Desktop/code/Timeswap-V1-Core/contracts/libraries/WithdrawMath.sol","s":{"1":5,"2":5,"3":4,"4":1,"5":1,"6":1,"7":1,"8":5,"9":5,"10":4,"11":1,"12":1,"13":1,"14":1,"15":1,"16":0,"17":0},"b":{"1":[4,1],"2":[4,1],"3":[1,0]},"f":{"1":5,"2":5},"fnMap":{"1":{"name":"getAsset","line":17,"loc":{"start":{"line":17,"column":4},"end":{"line":24,"column":4}}},"2":{"name":"getCollateral","line":29,"loc":{"start":{"line":29,"column":4},"end":{"line":43,"column":4}}}},"statementMap":{"1":{"start":{"line":18,"column":8},"end":{"line":18,"column":51}},"2":{"start":{"line":19,"column":8},"end":{"line":19,"column":76}},"3":{"start":{"line":19,"column":52},"end":{"line":19,"column":76}},"4":{"start":{"line":20,"column":8},"end":{"line":20,"column":34}},"5":{"start":{"line":21,"column":8},"end":{"line":21,"column":32}},"6":{"start":{"line":22,"column":8},"end":{"line":22,"column":42}},"7":{"start":{"line":23,"column":8},"end":{"line":23,"column":39}},"8":{"start":{"line":34,"column":8},"end":{"line":34,"column":51}},"9":{"start":{"line":35,"column":8},"end":{"line":35,"column":72}},"10":{"start":{"line":35,"column":52},"end":{"line":35,"column":72}},"11":{"start":{"line":36,"column":8},"end":{"line":36,"column":55}},"12":{"start":{"line":37,"column":8},"end":{"line":37,"column":37}},"13":{"start":{"line":38,"column":8},"end":{"line":38,"column":52}},"14":{"start":{"line":39,"column":8},"end":{"line":39,"column":1567}},"15":{"start":{"line":40,"column":12},"end":{"line":40,"column":46}},"16":{"start":{"line":41,"column":8},"end":{"line":41,"column":112}},"17":{"start":{"line":42,"column":8},"end":{"line":42,"column":49}}},"branchMap":{"1":{"line":19,"type":"if","locations":[{"start":{"line":19,"column":8},"end":{"line":19,"column":8}},{"start":{"line":19,"column":8},"end":{"line":19,"column":8}}]},"2":{"line":35,"type":"if","locations":[{"start":{"line":35,"column":8},"end":{"line":35,"column":8}},{"start":{"line":35,"column":8},"end":{"line":35,"column":8}}]},"3":{"line":39,"type":"if","locations":[{"start":{"line":39,"column":8},"end":{"line":39,"column":8}},{"start":{"line":39,"column":8},"end":{"line":39,"column":8}}]}}},"contracts/test/libraries/ArrayTest.sol":{"l":{"16":1,"18":1,"19":2,"22":1},"path":"/Users/dsukhani/Desktop/code/Timeswap-V1-Core/contracts/test/libraries/ArrayTest.sol","s":{"1":1,"2":1,"3":2,"4":1},"b":{},"f":{"1":1},"fnMap":{"1":{"name":"insert","line":12,"loc":{"start":{"line":12,"column":4},"end":{"line":23,"column":4}}}},"statementMap":{"1":{"start":{"line":16,"column":8},"end":{"line":16,"column":68}},"2":{"start":{"line":18,"column":8},"end":{"line":18,"column":475}},"3":{"start":{"line":19,"column":12},"end":{"line":19,"column":36}},"4":{"start":{"line":22,"column":8},"end":{"line":22,"column":41}}},"branchMap":{}},"contracts/test/libraries/BlockNumberTest.sol":{"l":{"8":1},"path":"/Users/dsukhani/Desktop/code/Timeswap-V1-Core/contracts/test/libraries/BlockNumberTest.sol","s":{"1":1},"b":{},"f":{"1":1},"fnMap":{"1":{"name":"get","line":7,"loc":{"start":{"line":7,"column":4},"end":{"line":9,"column":4}}}},"statementMap":{"1":{"start":{"line":8,"column":8},"end":{"line":8,"column":32}}},"branchMap":{}},"contracts/test/libraries/BorrowMathTest.sol":{"l":{"17":2,"23":1,"31":1,"44":1},"path":"/Users/dsukhani/Desktop/code/Timeswap-V1-Core/contracts/test/libraries/BorrowMathTest.sol","s":{"1":2,"2":1,"3":1,"4":1},"b":{},"f":{"1":2,"2":1,"3":1},"fnMap":{"1":{"name":"check","line":10,"loc":{"start":{"line":10,"column":4},"end":{"line":24,"column":4}}},"2":{"name":"getDebt","line":26,"loc":{"start":{"line":26,"column":4},"end":{"line":36,"column":4}}},"3":{"name":"getCollateral","line":38,"loc":{"start":{"line":38,"column":4},"end":{"line":50,"column":4}}}},"statementMap":{"1":{"start":{"line":17,"column":8},"end":{"line":17,"column":440}},"2":{"start":{"line":23,"column":8},"end":{"line":23,"column":19}},"3":{"start":{"line":31,"column":8},"end":{"line":31,"column":734}},"4":{"start":{"line":44,"column":8},"end":{"line":44,"column":1048}}},"branchMap":{}},"contracts/test/libraries/BurnMathTest.sol":{"l":{"12":1,"22":1},"path":"/Users/dsukhani/Desktop/code/Timeswap-V1-Core/contracts/test/libraries/BurnMathTest.sol","s":{"1":1,"2":1},"b":{},"f":{"1":1,"2":1},"fnMap":{"1":{"name":"getAsset","line":8,"loc":{"start":{"line":8,"column":4},"end":{"line":16,"column":4}}},"2":{"name":"getCollateral","line":18,"loc":{"start":{"line":18,"column":4},"end":{"line":26,"column":4}}}},"statementMap":{"1":{"start":{"line":12,"column":8},"end":{"line":12,"column":339}},"2":{"start":{"line":22,"column":8},"end":{"line":22,"column":578}}},"branchMap":{}},"contracts/test/libraries/CallbackTest.sol":{"l":{"15":1,"29":1,"41":1,"53":1},"path":"/Users/dsukhani/Desktop/code/Timeswap-V1-Core/contracts/test/libraries/CallbackTest.sol","s":{"1":1,"2":1,"3":1,"4":1},"b":{},"f":{"1":1,"2":1,"3":1,"4":1},"fnMap":{"1":{"name":"mint","line":8,"loc":{"start":{"line":8,"column":4},"end":{"line":22,"column":4}}},"2":{"name":"lend","line":24,"loc":{"start":{"line":24,"column":4},"end":{"line":34,"column":4}}},"3":{"name":"borrow","line":36,"loc":{"start":{"line":36,"column":4},"end":{"line":46,"column":4}}},"4":{"name":"pay","line":48,"loc":{"start":{"line":48,"column":4},"end":{"line":58,"column":4}}}},"statementMap":{"1":{"start":{"line":15,"column":8},"end":{"line":15,"column":393}},"2":{"start":{"line":29,"column":8},"end":{"line":29,"column":652}},"3":{"start":{"line":41,"column":8},"end":{"line":41,"column":873}},"4":{"start":{"line":53,"column":8},"end":{"line":53,"column":1093}}},"branchMap":{}},"contracts/test/libraries/CallbackTestCallee.sol":{"l":{"15":3,"25":1,"32":1,"40":1,"45":1,"53":1,"58":1,"66":1,"71":1},"path":"/Users/dsukhani/Desktop/code/Timeswap-V1-Core/contracts/test/libraries/CallbackTestCallee.sol","s":{"1":3,"2":1,"3":1,"4":1,"5":1,"6":1,"7":1,"8":1,"9":1},"b":{},"f":{"1":3,"2":1,"3":1,"4":1,"5":1,"6":1,"7":1,"8":1,"9":1},"fnMap":{"1":{"name":"constructor","line":14,"loc":{"start":{"line":14,"column":4},"end":{"line":16,"column":4}}},"2":{"name":"mint","line":18,"loc":{"start":{"line":18,"column":4},"end":{"line":33,"column":4}}},"3":{"name":"lend","line":35,"loc":{"start":{"line":35,"column":4},"end":{"line":46,"column":4}}},"4":{"name":"borrow","line":48,"loc":{"start":{"line":48,"column":4},"end":{"line":59,"column":4}}},"5":{"name":"pay","line":61,"loc":{"start":{"line":61,"column":4},"end":{"line":72,"column":4}}},"6":{"name":"timeswapMintCallback","line":74,"loc":{"start":{"line":74,"column":4},"end":{"line":78,"column":16}}},"7":{"name":"timeswapLendCallback","line":80,"loc":{"start":{"line":80,"column":4},"end":{"line":83,"column":16}}},"8":{"name":"timeswapBorrowCallback","line":85,"loc":{"start":{"line":85,"column":4},"end":{"line":88,"column":16}}},"9":{"name":"timeswapPayCallback","line":90,"loc":{"start":{"line":90,"column":4},"end":{"line":93,"column":16}}}},"statementMap":{"1":{"start":{"line":15,"column":8},"end":{"line":15,"column":56}},"2":{"start":{"line":25,"column":8},"end":{"line":25,"column":937}},"3":{"start":{"line":32,"column":8},"end":{"line":32,"column":19}},"4":{"start":{"line":40,"column":8},"end":{"line":40,"column":1244}},"5":{"start":{"line":45,"column":8},"end":{"line":45,"column":19}},"6":{"start":{"line":53,"column":8},"end":{"line":53,"column":1513}},"7":{"start":{"line":58,"column":8},"end":{"line":58,"column":19}},"8":{"start":{"line":66,"column":8},"end":{"line":66,"column":1781}},"9":{"start":{"line":71,"column":8},"end":{"line":71,"column":19}}},"branchMap":{}},"contracts/test/libraries/ConstantProductTest.sol":{"l":{"16":2,"21":1},"path":"/Users/dsukhani/Desktop/code/Timeswap-V1-Core/contracts/test/libraries/ConstantProductTest.sol","s":{"1":2,"2":1},"b":{},"f":{"1":2},"fnMap":{"1":{"name":"checkConstantProduct","line":10,"loc":{"start":{"line":10,"column":4},"end":{"line":22,"column":4}}}},"statementMap":{"1":{"start":{"line":16,"column":8},"end":{"line":16,"column":452}},"2":{"start":{"line":21,"column":8},"end":{"line":21,"column":19}}},"branchMap":{}},"contracts/test/libraries/FullMathTest.sol":{"l":{"8":0,"16":0,"24":0},"path":"/Users/dsukhani/Desktop/code/Timeswap-V1-Core/contracts/test/libraries/FullMathTest.sol","s":{"1":0,"2":0,"3":0},"b":{},"f":{"1":0,"2":0,"3":0},"fnMap":{"1":{"name":"mul512","line":7,"loc":{"start":{"line":7,"column":4},"end":{"line":9,"column":4}}},"2":{"name":"mulDiv","line":11,"loc":{"start":{"line":11,"column":4},"end":{"line":17,"column":4}}},"3":{"name":"mulDivUp","line":19,"loc":{"start":{"line":19,"column":4},"end":{"line":25,"column":4}}}},"statementMap":{"1":{"start":{"line":8,"column":8},"end":{"line":8,"column":36}},"2":{"start":{"line":16,"column":8},"end":{"line":16,"column":49}},"3":{"start":{"line":24,"column":8},"end":{"line":24,"column":51}}},"branchMap":{}},"contracts/test/libraries/LendMathTest.sol":{"l":{"17":2,"23":1,"31":1,"44":1},"path":"/Users/dsukhani/Desktop/code/Timeswap-V1-Core/contracts/test/libraries/LendMathTest.sol","s":{"1":2,"2":1,"3":1,"4":1},"b":{},"f":{"1":2,"2":1,"3":1},"fnMap":{"1":{"name":"check","line":10,"loc":{"start":{"line":10,"column":4},"end":{"line":24,"column":4}}},"2":{"name":"getBond","line":26,"loc":{"start":{"line":26,"column":4},"end":{"line":36,"column":4}}},"3":{"name":"getInsurance","line":38,"loc":{"start":{"line":38,"column":4},"end":{"line":50,"column":4}}}},"statementMap":{"1":{"start":{"line":17,"column":8},"end":{"line":17,"column":432}},"2":{"start":{"line":23,"column":8},"end":{"line":23,"column":19}},"3":{"start":{"line":31,"column":8},"end":{"line":31,"column":727}},"4":{"start":{"line":44,"column":8},"end":{"line":44,"column":1038}}},"branchMap":{}},"contracts/test/libraries/MathTest.sol":{"l":{"8":0,"12":0},"path":"/Users/dsukhani/Desktop/code/Timeswap-V1-Core/contracts/test/libraries/MathTest.sol","s":{"1":0,"2":0},"b":{},"f":{"1":0,"2":0},"fnMap":{"1":{"name":"divUp","line":7,"loc":{"start":{"line":7,"column":4},"end":{"line":9,"column":4}}},"2":{"name":"shiftUp","line":11,"loc":{"start":{"line":11,"column":4},"end":{"line":13,"column":4}}}},"statementMap":{"1":{"start":{"line":8,"column":8},"end":{"line":8,"column":31}},"2":{"start":{"line":12,"column":8},"end":{"line":12,"column":33}}},"branchMap":{}},"contracts/test/libraries/MintMathTest.sol":{"l":{"11":1,"20":2,"33":1,"45":1,"58":1},"path":"/Users/dsukhani/Desktop/code/Timeswap-V1-Core/contracts/test/libraries/MintMathTest.sol","s":{"1":1,"2":2,"3":1,"4":1,"5":1},"b":{},"f":{"1":1,"2":2,"3":1,"4":1,"5":1},"fnMap":{"1":{"name":"getLiquidityTotal1","line":8,"loc":{"start":{"line":8,"column":4},"end":{"line":12,"column":4}}},"2":{"name":"getLiquidityTotal2","line":14,"loc":{"start":{"line":14,"column":4},"end":{"line":26,"column":4}}},"3":{"name":"getLiquidity","line":28,"loc":{"start":{"line":28,"column":4},"end":{"line":38,"column":4}}},"4":{"name":"getDebt","line":40,"loc":{"start":{"line":40,"column":4},"end":{"line":50,"column":4}}},"5":{"name":"getCollateral","line":52,"loc":{"start":{"line":52,"column":4},"end":{"line":64,"column":4}}}},"statementMap":{"1":{"start":{"line":11,"column":8},"end":{"line":11,"column":52}},"2":{"start":{"line":20,"column":8},"end":{"line":20,"column":582}},"3":{"start":{"line":33,"column":8},"end":{"line":33,"column":895}},"4":{"start":{"line":45,"column":8},"end":{"line":45,"column":1173}},"5":{"start":{"line":58,"column":8},"end":{"line":58,"column":1478}}},"branchMap":{}},"contracts/test/libraries/PayMathTest.sol":{"l":{"13":3,"14":2},"path":"/Users/dsukhani/Desktop/code/Timeswap-V1-Core/contracts/test/libraries/PayMathTest.sol","s":{"1":3,"2":2},"b":{},"f":{"1":3},"fnMap":{"1":{"name":"checkProportional","line":8,"loc":{"start":{"line":8,"column":4},"end":{"line":15,"column":4}}}},"statementMap":{"1":{"start":{"line":13,"column":8},"end":{"line":13,"column":61}},"2":{"start":{"line":14,"column":8},"end":{"line":14,"column":19}}},"branchMap":{}},"contracts/test/libraries/SafeBalanceTest.sol":{"l":{"11":2},"path":"/Users/dsukhani/Desktop/code/Timeswap-V1-Core/contracts/test/libraries/SafeBalanceTest.sol","s":{"1":2},"b":{},"f":{"1":2},"fnMap":{"1":{"name":"safeBalance","line":8,"loc":{"start":{"line":8,"column":4},"end":{"line":12,"column":4}}}},"statementMap":{"1":{"start":{"line":11,"column":8},"end":{"line":11,"column":45}}},"branchMap":{}},"contracts/test/libraries/SafeCastTest.sol":{"l":{"8":0,"12":0,"16":0,"20":0},"path":"/Users/dsukhani/Desktop/code/Timeswap-V1-Core/contracts/test/libraries/SafeCastTest.sol","s":{"1":0,"2":0,"3":0,"4":0},"b":{},"f":{"1":0,"2":0,"3":0,"4":0},"fnMap":{"1":{"name":"modUint32","line":7,"loc":{"start":{"line":7,"column":4},"end":{"line":9,"column":4}}},"2":{"name":"toUint112","line":11,"loc":{"start":{"line":11,"column":4},"end":{"line":13,"column":4}}},"3":{"name":"toUint128","line":15,"loc":{"start":{"line":15,"column":4},"end":{"line":17,"column":4}}},"4":{"name":"truncateUint112","line":19,"loc":{"start":{"line":19,"column":4},"end":{"line":21,"column":4}}}},"statementMap":{"1":{"start":{"line":8,"column":8},"end":{"line":8,"column":36}},"2":{"start":{"line":12,"column":8},"end":{"line":12,"column":36}},"3":{"start":{"line":16,"column":8},"end":{"line":16,"column":36}},"4":{"start":{"line":20,"column":8},"end":{"line":20,"column":42}}},"branchMap":{}},"contracts/test/libraries/SafeTransferTest.sol":{"l":{"15":3},"path":"/Users/dsukhani/Desktop/code/Timeswap-V1-Core/contracts/test/libraries/SafeTransferTest.sol","s":{"1":3},"b":{},"f":{"1":3},"fnMap":{"1":{"name":"safeTransfer","line":10,"loc":{"start":{"line":10,"column":4},"end":{"line":16,"column":4}}}},"statementMap":{"1":{"start":{"line":15,"column":8},"end":{"line":15,"column":46}}},"branchMap":{}},"contracts/test/libraries/WithdrawMathTest.sol":{"l":{"12":1,"22":1},"path":"/Users/dsukhani/Desktop/code/Timeswap-V1-Core/contracts/test/libraries/WithdrawMathTest.sol","s":{"1":1,"2":1},"b":{},"f":{"1":1,"2":1},"fnMap":{"1":{"name":"getAsset","line":8,"loc":{"start":{"line":8,"column":4},"end":{"line":16,"column":4}}},"2":{"name":"getCollateral","line":18,"loc":{"start":{"line":18,"column":4},"end":{"line":26,"column":4}}}},"statementMap":{"1":{"start":{"line":12,"column":8},"end":{"line":12,"column":346}},"2":{"start":{"line":22,"column":8},"end":{"line":22,"column":584}}},"branchMap":{}},"contracts/test/TestToken.sol":{"l":{"12":423},"path":"/Users/dsukhani/Desktop/code/Timeswap-V1-Core/contracts/test/TestToken.sol","s":{"1":423},"b":{},"f":{"1":423},"fnMap":{"1":{"name":"constructor","line":11,"loc":{"start":{"line":7,"column":4},"end":{"line":13,"column":4}}}},"statementMap":{"1":{"start":{"line":12,"column":8},"end":{"line":12,"column":32}}},"branchMap":{}},"contracts/test/TimeswapPairCallee.sol":{"l":{"20":192,"21":192,"37":15,"41":34,"58":34,"76":7,"95":5,"114":3,"130":26,"134":26,"136":26,"137":26,"138":26,"142":7,"146":7,"148":7,"149":7,"153":5,"157":5,"159":5,"160":5,"167":3,"171":3,"172":3},"path":"/Users/dsukhani/Desktop/code/Timeswap-V1-Core/contracts/test/TimeswapPairCallee.sol","s":{"1":192,"2":192,"3":15,"4":34,"5":34,"6":7,"7":5,"8":3,"9":26,"10":26,"11":26,"12":26,"13":26,"14":7,"15":7,"16":7,"17":7,"18":5,"19":5,"20":5,"21":5,"22":3,"23":3,"24":3},"b":{"1":[26,0],"2":[7,0],"3":[5,0]},"f":{"1":192,"2":15,"3":34,"4":34,"5":7,"6":5,"7":3,"8":26,"9":7,"10":5,"11":3},"fnMap":{"1":{"name":"constructor","line":19,"loc":{"start":{"line":19,"column":4},"end":{"line":22,"column":4}}},"2":{"name":"getData","line":36,"loc":{"start":{"line":36,"column":4},"end":{"line":38,"column":4}}},"3":{"name":"getDataMint","line":40,"loc":{"start":{"line":40,"column":4},"end":{"line":42,"column":4}}},"4":{"name":"mint","line":44,"loc":{"start":{"line":44,"column":4},"end":{"line":66,"column":4}}},"5":{"name":"lend","line":68,"loc":{"start":{"line":68,"column":4},"end":{"line":85,"column":4}}},"6":{"name":"borrow","line":87,"loc":{"start":{"line":87,"column":4},"end":{"line":104,"column":4}}},"7":{"name":"pay","line":106,"loc":{"start":{"line":106,"column":4},"end":{"line":123,"column":4}}},"8":{"name":"timeswapMintCallback","line":125,"loc":{"start":{"line":125,"column":4},"end":{"line":139,"column":4}}},"9":{"name":"timeswapLendCallback","line":141,"loc":{"start":{"line":141,"column":4},"end":{"line":150,"column":4}}},"10":{"name":"timeswapBorrowCallback","line":152,"loc":{"start":{"line":152,"column":4},"end":{"line":161,"column":4}}},"11":{"name":"timeswapPayCallback","line":163,"loc":{"start":{"line":163,"column":4},"end":{"line":174,"column":4}}}},"statementMap":{"1":{"start":{"line":20,"column":8},"end":{"line":20,"column":33}},"2":{"start":{"line":21,"column":8},"end":{"line":21,"column":46}},"3":{"start":{"line":37,"column":8},"end":{"line":37,"column":93}},"4":{"start":{"line":41,"column":8},"end":{"line":41,"column":103}},"5":{"start":{"line":58,"column":8},"end":{"line":58,"column":1813}},"6":{"start":{"line":76,"column":8},"end":{"line":76,"column":2265}},"7":{"start":{"line":95,"column":8},"end":{"line":95,"column":2722}},"8":{"start":{"line":114,"column":8},"end":{"line":114,"column":3196}},"9":{"start":{"line":130,"column":8},"end":{"line":130,"column":3538}},"10":{"start":{"line":134,"column":8},"end":{"line":134,"column":63}},"11":{"start":{"line":136,"column":8},"end":{"line":136,"column":61}},"12":{"start":{"line":137,"column":8},"end":{"line":137,"column":60}},"13":{"start":{"line":138,"column":8},"end":{"line":138,"column":75}},"14":{"start":{"line":142,"column":8},"end":{"line":142,"column":4074}},"15":{"start":{"line":146,"column":8},"end":{"line":146,"column":63}},"16":{"start":{"line":148,"column":8},"end":{"line":148,"column":61}},"17":{"start":{"line":149,"column":8},"end":{"line":149,"column":55}},"18":{"start":{"line":153,"column":8},"end":{"line":153,"column":4496}},"19":{"start":{"line":157,"column":8},"end":{"line":157,"column":63}},"20":{"start":{"line":159,"column":8},"end":{"line":159,"column":61}},"21":{"start":{"line":160,"column":8},"end":{"line":160,"column":65}},"22":{"start":{"line":167,"column":8},"end":{"line":167,"column":4946}},"23":{"start":{"line":171,"column":8},"end":{"line":171,"column":63}},"24":{"start":{"line":172,"column":8},"end":{"line":172,"column":55}}},"branchMap":{"1":{"line":136,"type":"if","locations":[{"start":{"line":136,"column":8},"end":{"line":136,"column":8}},{"start":{"line":136,"column":8},"end":{"line":136,"column":8}}]},"2":{"line":148,"type":"if","locations":[{"start":{"line":148,"column":8},"end":{"line":148,"column":8}},{"start":{"line":148,"column":8},"end":{"line":148,"column":8}}]},"3":{"line":159,"type":"if","locations":[{"start":{"line":159,"column":8},"end":{"line":159,"column":8}},{"start":{"line":159,"column":8},"end":{"line":159,"column":8}}]}}},"contracts/TimeswapFactory.sol":{"l":{"38":214,"39":213,"40":213,"41":213,"48":71,"49":70,"50":68,"52":67,"54":67,"56":67,"61":4,"62":3,"63":2,"65":2,"70":2,"71":1,"73":1},"path":"/Users/dsukhani/Desktop/code/Timeswap-V1-Core/contracts/TimeswapFactory.sol","s":{"1":214,"2":213,"3":213,"4":213,"5":71,"6":70,"7":68,"8":67,"9":67,"10":67,"11":4,"12":3,"13":2,"14":2,"15":2,"16":1,"17":1},"b":{"1":[213,1],"2":[70,1],"3":[68,2],"4":[67,1],"5":[3,1],"6":[2,1],"7":[1,1]},"f":{"1":214,"2":71,"3":4,"4":2},"fnMap":{"1":{"name":"constructor","line":33,"loc":{"start":{"line":33,"column":4},"end":{"line":42,"column":4}}},"2":{"name":"createPair","line":47,"loc":{"start":{"line":47,"column":4},"end":{"line":57,"column":4}}},"3":{"name":"setOwner","line":60,"loc":{"start":{"line":60,"column":4},"end":{"line":66,"column":4}}},"4":{"name":"acceptOwner","line":69,"loc":{"start":{"line":69,"column":4},"end":{"line":74,"column":4}}}},"statementMap":{"1":{"start":{"line":38,"column":8},"end":{"line":38,"column":44}},"2":{"start":{"line":39,"column":8},"end":{"line":39,"column":21}},"3":{"start":{"line":40,"column":8},"end":{"line":40,"column":17}},"4":{"start":{"line":41,"column":8},"end":{"line":41,"column":33}},"5":{"start":{"line":48,"column":8},"end":{"line":48,"column":43}},"6":{"start":{"line":49,"column":8},"end":{"line":49,"column":87}},"7":{"start":{"line":50,"column":8},"end":{"line":50,"column":71}},"8":{"start":{"line":52,"column":8},"end":{"line":52,"column":115}},"9":{"start":{"line":54,"column":8},"end":{"line":54,"column":40}},"10":{"start":{"line":56,"column":8},"end":{"line":56,"column":48}},"11":{"start":{"line":61,"column":8},"end":{"line":61,"column":43}},"12":{"start":{"line":62,"column":8},"end":{"line":62,"column":51}},"13":{"start":{"line":63,"column":8},"end":{"line":63,"column":35}},"14":{"start":{"line":65,"column":8},"end":{"line":65,"column":36}},"15":{"start":{"line":70,"column":8},"end":{"line":70,"column":50}},"16":{"start":{"line":71,"column":8},"end":{"line":71,"column":25}},"17":{"start":{"line":73,"column":8},"end":{"line":73,"column":36}}},"branchMap":{"1":{"line":38,"type":"if","locations":[{"start":{"line":38,"column":8},"end":{"line":38,"column":8}},{"start":{"line":38,"column":8},"end":{"line":38,"column":8}}]},"2":{"line":48,"type":"if","locations":[{"start":{"line":48,"column":8},"end":{"line":48,"column":8}},{"start":{"line":48,"column":8},"end":{"line":48,"column":8}}]},"3":{"line":49,"type":"if","locations":[{"start":{"line":49,"column":8},"end":{"line":49,"column":8}},{"start":{"line":49,"column":8},"end":{"line":49,"column":8}}]},"4":{"line":50,"type":"if","locations":[{"start":{"line":50,"column":8},"end":{"line":50,"column":8}},{"start":{"line":50,"column":8},"end":{"line":50,"column":8}}]},"5":{"line":61,"type":"if","locations":[{"start":{"line":61,"column":8},"end":{"line":61,"column":8}},{"start":{"line":61,"column":8},"end":{"line":61,"column":8}}]},"6":{"line":62,"type":"if","locations":[{"start":{"line":62,"column":8},"end":{"line":62,"column":8}},{"start":{"line":62,"column":8},"end":{"line":62,"column":8}}]},"7":{"line":70,"type":"if","locations":[{"start":{"line":70,"column":8},"end":{"line":70,"column":8}},{"start":{"line":70,"column":8},"end":{"line":70,"column":8}}]}}},"contracts/TimeswapPair.sol":{"l":{"58":95,"59":95,"64":18,"69":95,"74":18,"79":18,"84":18,"89":18,"94":18,"111":67,"112":67,"113":67,"114":67,"115":67,"122":54,"123":54,"124":54,"125":44,"149":34,"150":26,"151":26,"152":26,"154":26,"156":26,"157":23,"158":23,"160":23,"161":23,"163":3,"164":3,"166":3,"167":3,"169":26,"170":26,"172":26,"173":26,"174":26,"176":26,"178":26,"180":26,"181":26,"182":26,"184":26,"185":24,"186":24,"188":24,"189":24,"199":1,"200":1,"201":1,"202":1,"204":1,"206":1,"207":1,"209":1,"211":1,"213":1,"214":1,"216":1,"217":1,"219":1,"220":1,"233":7,"234":7,"235":7,"236":7,"238":7,"239":7,"241":7,"243":7,"244":7,"246":7,"248":7,"249":7,"251":7,"252":7,"254":7,"256":7,"257":7,"258":7,"260":7,"261":7,"271":4,"272":4,"273":4,"274":4,"276":4,"278":4,"279":4,"281":4,"282":4,"284":4,"286":4,"287":4,"289":4,"290":4,"292":4,"293":4,"295":4,"296":4,"309":5,"310":5,"311":5,"312":5,"314":5,"315":5,"317":5,"319":5,"320":5,"321":5,"323":5,"325":5,"327":5,"328":5,"329":5,"331":5,"332":5,"333":5,"335":5,"337":5,"338":5,"351":3,"352":3,"353":3,"354":3,"356":3,"358":3,"360":3,"361":3,"362":3,"363":3,"364":3,"365":3,"366":3,"367":3,"368":3,"370":3,"372":3,"373":3,"375":3,"377":3,"378":3},"path":"/Users/dsukhani/Desktop/code/Timeswap-V1-Core/contracts/TimeswapPair.sol","s":{"1":95,"2":95,"3":18,"4":95,"5":18,"6":18,"7":18,"8":18,"9":18,"10":67,"11":67,"12":67,"13":67,"14":67,"15":54,"16":54,"17":44,"18":34,"19":26,"20":26,"21":26,"22":26,"23":26,"24":23,"25":23,"26":23,"27":23,"28":3,"29":3,"30":3,"31":3,"32":26,"33":26,"34":26,"35":26,"36":26,"37":26,"38":26,"39":26,"40":26,"41":26,"42":26,"43":24,"44":24,"45":24,"46":24,"47":1,"48":1,"49":1,"50":1,"51":1,"52":1,"53":1,"54":1,"55":1,"56":1,"57":1,"58":1,"59":1,"60":1,"61":1,"62":1,"63":1,"64":7,"65":7,"66":7,"67":7,"68":7,"69":7,"70":7,"71":7,"72":7,"73":7,"74":7,"75":7,"76":7,"77":7,"78":7,"79":7,"80":7,"81":7,"82":7,"83":7,"84":4,"85":4,"86":4,"87":4,"88":4,"89":4,"90":4,"91":4,"92":4,"93":4,"94":4,"95":4,"96":4,"97":4,"98":4,"99":4,"100":4,"101":1,"102":4,"103":4,"104":5,"105":5,"106":5,"107":5,"108":5,"109":5,"110":5,"111":5,"112":5,"113":5,"114":5,"115":5,"116":5,"117":5,"118":5,"119":5,"120":5,"121":5,"122":5,"123":5,"124":5,"125":3,"126":3,"127":3,"128":3,"129":3,"130":3,"131":3,"132":3,"133":3,"134":3,"135":0,"136":3,"137":3,"138":3,"139":3,"140":3,"141":3,"142":3,"143":3,"144":3,"145":3,"146":3,"147":3,"148":3},"b":{"1":[54,0],"2":[26,8],"3":[26,0],"4":[26,0],"5":[26,0],"6":[23,3],"7":[26,0],"8":[1,0],"9":[1,0],"10":[1,0],"11":[1,0],"12":[1,0],"13":[1,0],"14":[7,0],"15":[7,0],"16":[7,0],"17":[7,0],"18":[7,0],"19":[4,0],"20":[4,0],"21":[4,0],"22":[4,0],"23":[4,0],"24":[1,3],"25":[5,0],"26":[5,0],"27":[5,0],"28":[5,0],"29":[5,0],"30":[3,0],"31":[3,0],"32":[3,0],"33":[3,0],"34":[3,0],"35":[0,3],"36":[0,0],"37":[3,0],"38":[3,0]},"f":{"1":95,"2":18,"3":95,"4":18,"5":18,"6":18,"7":18,"8":18,"9":67,"10":54,"11":34,"12":1,"13":7,"14":4,"15":5,"16":3},"fnMap":{"1":{"name":"constantProduct","line":48,"loc":{"start":{"line":48,"column":4},"end":{"line":60,"column":4}}},"2":{"name":"totalReserves","line":63,"loc":{"start":{"line":63,"column":4},"end":{"line":65,"column":4}}},"3":{"name":"totalLiquidity","line":68,"loc":{"start":{"line":68,"column":4},"end":{"line":70,"column":4}}},"4":{"name":"liquidityOf","line":73,"loc":{"start":{"line":73,"column":4},"end":{"line":75,"column":4}}},"5":{"name":"totalClaims","line":78,"loc":{"start":{"line":78,"column":4},"end":{"line":80,"column":4}}},"6":{"name":"claimsOf","line":83,"loc":{"start":{"line":83,"column":4},"end":{"line":85,"column":4}}},"7":{"name":"totalDebtCreated","line":88,"loc":{"start":{"line":88,"column":4},"end":{"line":90,"column":4}}},"8":{"name":"duesOf","line":93,"loc":{"start":{"line":93,"column":4},"end":{"line":95,"column":4}}},"9":{"name":"constructor","line":105,"loc":{"start":{"line":105,"column":4},"end":{"line":116,"column":4}}},"10":{"name":"lock","line":121,"loc":{"start":{"line":121,"column":4},"end":{"line":126,"column":4}}},"11":{"name":"mint","line":142,"loc":{"start":{"line":131,"column":4},"end":{"line":190,"column":4}}},"12":{"name":"burn","line":198,"loc":{"start":{"line":193,"column":4},"end":{"line":221,"column":4}}},"13":{"name":"lend","line":232,"loc":{"start":{"line":224,"column":4},"end":{"line":262,"column":4}}},"14":{"name":"withdraw","line":270,"loc":{"start":{"line":265,"column":4},"end":{"line":297,"column":4}}},"15":{"name":"borrow","line":308,"loc":{"start":{"line":300,"column":4},"end":{"line":339,"column":4}}},"16":{"name":"pay","line":350,"loc":{"start":{"line":342,"column":4},"end":{"line":379,"column":4}}}},"statementMap":{"1":{"start":{"line":58,"column":8},"end":{"line":58,"column":50}},"2":{"start":{"line":59,"column":8},"end":{"line":59,"column":42}},"3":{"start":{"line":64,"column":8},"end":{"line":64,"column":45}},"4":{"start":{"line":69,"column":8},"end":{"line":69,"column":51}},"5":{"start":{"line":74,"column":8},"end":{"line":74,"column":49}},"6":{"start":{"line":79,"column":8},"end":{"line":79,"column":48}},"7":{"start":{"line":84,"column":8},"end":{"line":84,"column":44}},"8":{"start":{"line":89,"column":8},"end":{"line":89,"column":53}},"9":{"start":{"line":94,"column":8},"end":{"line":94,"column":42}},"10":{"start":{"line":111,"column":8},"end":{"line":111,"column":37}},"11":{"start":{"line":112,"column":8},"end":{"line":112,"column":21}},"12":{"start":{"line":113,"column":8},"end":{"line":113,"column":31}},"13":{"start":{"line":114,"column":8},"end":{"line":114,"column":17}},"14":{"start":{"line":115,"column":8},"end":{"line":115,"column":33}},"15":{"start":{"line":122,"column":8},"end":{"line":122,"column":35}},"16":{"start":{"line":123,"column":8},"end":{"line":123,"column":17}},"17":{"start":{"line":125,"column":8},"end":{"line":125,"column":17}},"18":{"start":{"line":149,"column":8},"end":{"line":149,"column":50}},"19":{"start":{"line":150,"column":8},"end":{"line":150,"column":72}},"20":{"start":{"line":151,"column":8},"end":{"line":151,"column":78}},"21":{"start":{"line":152,"column":8},"end":{"line":152,"column":71}},"22":{"start":{"line":154,"column":8},"end":{"line":154,"column":43}},"23":{"start":{"line":156,"column":8},"end":{"line":156,"column":4890}},"24":{"start":{"line":157,"column":12},"end":{"line":157,"column":74}},"25":{"start":{"line":158,"column":12},"end":{"line":158,"column":86}},"26":{"start":{"line":160,"column":12},"end":{"line":160,"column":54}},"27":{"start":{"line":161,"column":12},"end":{"line":161,"column":77}},"28":{"start":{"line":163,"column":12},"end":{"line":163,"column":108}},"29":{"start":{"line":164,"column":12},"end":{"line":164,"column":86}},"30":{"start":{"line":166,"column":12},"end":{"line":166,"column":54}},"31":{"start":{"line":167,"column":12},"end":{"line":167,"column":77}},"32":{"start":{"line":169,"column":8},"end":{"line":169,"column":40}},"33":{"start":{"line":170,"column":8},"end":{"line":170,"column":52}},"34":{"start":{"line":172,"column":8},"end":{"line":172,"column":69}},"35":{"start":{"line":173,"column":8},"end":{"line":173,"column":92}},"36":{"start":{"line":174,"column":8},"end":{"line":174,"column":44}},"37":{"start":{"line":176,"column":8},"end":{"line":176,"column":75}},"38":{"start":{"line":178,"column":8},"end":{"line":178,"column":43}},"39":{"start":{"line":180,"column":8},"end":{"line":180,"column":45}},"40":{"start":{"line":181,"column":8},"end":{"line":181,"column":58}},"41":{"start":{"line":182,"column":8},"end":{"line":182,"column":49}},"42":{"start":{"line":184,"column":8},"end":{"line":184,"column":32}},"43":{"start":{"line":185,"column":8},"end":{"line":185,"column":32}},"44":{"start":{"line":186,"column":8},"end":{"line":186,"column":32}},"45":{"start":{"line":188,"column":8},"end":{"line":188,"column":39}},"46":{"start":{"line":189,"column":8},"end":{"line":189,"column":96}},"47":{"start":{"line":199,"column":8},"end":{"line":199,"column":51}},"48":{"start":{"line":200,"column":8},"end":{"line":200,"column":75}},"49":{"start":{"line":201,"column":8},"end":{"line":201,"column":81}},"50":{"start":{"line":202,"column":8},"end":{"line":202,"column":39}},"51":{"start":{"line":204,"column":8},"end":{"line":204,"column":43}},"52":{"start":{"line":206,"column":8},"end":{"line":206,"column":67}},"53":{"start":{"line":207,"column":8},"end":{"line":207,"column":77}},"54":{"start":{"line":209,"column":8},"end":{"line":209,"column":47}},"55":{"start":{"line":211,"column":8},"end":{"line":211,"column":50}},"56":{"start":{"line":213,"column":8},"end":{"line":213,"column":51}},"57":{"start":{"line":214,"column":8},"end":{"line":214,"column":61}},"58":{"start":{"line":216,"column":8},"end":{"line":216,"column":77}},"59":{"start":{"line":216,"column":33},"end":{"line":216,"column":76}},"60":{"start":{"line":217,"column":8},"end":{"line":217,"column":97}},"61":{"start":{"line":217,"column":38},"end":{"line":217,"column":96}},"62":{"start":{"line":219,"column":8},"end":{"line":219,"column":39}},"63":{"start":{"line":220,"column":8},"end":{"line":220,"column":86}},"64":{"start":{"line":233,"column":8},"end":{"line":233,"column":50}},"65":{"start":{"line":234,"column":8},"end":{"line":234,"column":73}},"66":{"start":{"line":235,"column":8},"end":{"line":235,"column":79}},"67":{"start":{"line":236,"column":8},"end":{"line":236,"column":37}},"68":{"start":{"line":238,"column":8},"end":{"line":238,"column":43}},"69":{"start":{"line":239,"column":8},"end":{"line":239,"column":53}},"70":{"start":{"line":241,"column":8},"end":{"line":241,"column":71}},"71":{"start":{"line":243,"column":8},"end":{"line":243,"column":72}},"72":{"start":{"line":244,"column":8},"end":{"line":244,"column":94}},"73":{"start":{"line":246,"column":8},"end":{"line":246,"column":44}},"74":{"start":{"line":248,"column":8},"end":{"line":248,"column":52}},"75":{"start":{"line":249,"column":8},"end":{"line":249,"column":62}},"76":{"start":{"line":251,"column":8},"end":{"line":251,"column":49}},"77":{"start":{"line":252,"column":8},"end":{"line":252,"column":64}},"78":{"start":{"line":254,"column":8},"end":{"line":254,"column":45}},"79":{"start":{"line":256,"column":8},"end":{"line":256,"column":32}},"80":{"start":{"line":257,"column":8},"end":{"line":257,"column":32}},"81":{"start":{"line":258,"column":8},"end":{"line":258,"column":32}},"82":{"start":{"line":260,"column":8},"end":{"line":260,"column":39}},"83":{"start":{"line":261,"column":8},"end":{"line":261,"column":82}},"84":{"start":{"line":271,"column":8},"end":{"line":271,"column":51}},"85":{"start":{"line":272,"column":8},"end":{"line":272,"column":75}},"86":{"start":{"line":273,"column":8},"end":{"line":273,"column":81}},"87":{"start":{"line":274,"column":8},"end":{"line":274,"column":67}},"88":{"start":{"line":276,"column":8},"end":{"line":276,"column":43}},"89":{"start":{"line":278,"column":8},"end":{"line":278,"column":73}},"90":{"start":{"line":279,"column":8},"end":{"line":279,"column":88}},"91":{"start":{"line":281,"column":8},"end":{"line":281,"column":51}},"92":{"start":{"line":282,"column":8},"end":{"line":282,"column":61}},"93":{"start":{"line":284,"column":8},"end":{"line":284,"column":55}},"94":{"start":{"line":286,"column":8},"end":{"line":286,"column":35}},"95":{"start":{"line":287,"column":8},"end":{"line":287,"column":45}},"96":{"start":{"line":289,"column":8},"end":{"line":289,"column":51}},"97":{"start":{"line":290,"column":8},"end":{"line":290,"column":61}},"98":{"start":{"line":292,"column":8},"end":{"line":292,"column":77}},"99":{"start":{"line":292,"column":33},"end":{"line":292,"column":76}},"100":{"start":{"line":293,"column":8},"end":{"line":293,"column":97}},"101":{"start":{"line":293,"column":38},"end":{"line":293,"column":96}},"102":{"start":{"line":295,"column":8},"end":{"line":295,"column":39}},"103":{"start":{"line":296,"column":8},"end":{"line":296,"column":87}},"104":{"start":{"line":309,"column":8},"end":{"line":309,"column":50}},"105":{"start":{"line":310,"column":8},"end":{"line":310,"column":68}},"106":{"start":{"line":311,"column":8},"end":{"line":311,"column":74}},"107":{"start":{"line":312,"column":8},"end":{"line":312,"column":37}},"108":{"start":{"line":314,"column":8},"end":{"line":314,"column":43}},"109":{"start":{"line":315,"column":8},"end":{"line":315,"column":53}},"110":{"start":{"line":317,"column":8},"end":{"line":317,"column":73}},"111":{"start":{"line":319,"column":8},"end":{"line":319,"column":71}},"112":{"start":{"line":320,"column":8},"end":{"line":320,"column":95}},"113":{"start":{"line":321,"column":8},"end":{"line":321,"column":44}},"114":{"start":{"line":323,"column":8},"end":{"line":323,"column":59}},"115":{"start":{"line":325,"column":8},"end":{"line":325,"column":43}},"116":{"start":{"line":327,"column":8},"end":{"line":327,"column":45}},"117":{"start":{"line":328,"column":8},"end":{"line":328,"column":58}},"118":{"start":{"line":329,"column":8},"end":{"line":329,"column":49}},"119":{"start":{"line":331,"column":8},"end":{"line":331,"column":32}},"120":{"start":{"line":332,"column":8},"end":{"line":332,"column":32}},"121":{"start":{"line":333,"column":8},"end":{"line":333,"column":32}},"122":{"start":{"line":335,"column":8},"end":{"line":335,"column":45}},"123":{"start":{"line":337,"column":8},"end":{"line":337,"column":39}},"124":{"start":{"line":338,"column":8},"end":{"line":338,"column":80}},"125":{"start":{"line":351,"column":8},"end":{"line":351,"column":50}},"126":{"start":{"line":352,"column":8},"end":{"line":352,"column":92}},"127":{"start":{"line":353,"column":8},"end":{"line":353,"column":40}},"128":{"start":{"line":354,"column":8},"end":{"line":354,"column":43}},"129":{"start":{"line":356,"column":8},"end":{"line":356,"column":43}},"130":{"start":{"line":358,"column":8},"end":{"line":358,"column":45}},"131":{"start":{"line":360,"column":8},"end":{"line":360,"column":12731}},"132":{"start":{"line":361,"column":12},"end":{"line":361,"column":42}},"133":{"start":{"line":362,"column":12},"end":{"line":362,"column":63}},"134":{"start":{"line":363,"column":12},"end":{"line":363,"column":76}},"135":{"start":{"line":363,"column":37},"end":{"line":363,"column":75}},"136":{"start":{"line":364,"column":12},"end":{"line":364,"column":73}},"137":{"start":{"line":365,"column":12},"end":{"line":365,"column":34}},"138":{"start":{"line":366,"column":12},"end":{"line":366,"column":46}},"139":{"start":{"line":367,"column":12},"end":{"line":367,"column":33}},"140":{"start":{"line":368,"column":12},"end":{"line":368,"column":45}},"141":{"start":{"line":370,"column":8},"end":{"line":370,"column":59}},"142":{"start":{"line":370,"column":25},"end":{"line":370,"column":58}},"143":{"start":{"line":372,"column":8},"end":{"line":372,"column":43}},"144":{"start":{"line":373,"column":8},"end":{"line":373,"column":54}},"145":{"start":{"line":375,"column":8},"end":{"line":375,"column":73}},"146":{"start":{"line":375,"column":31},"end":{"line":375,"column":72}},"147":{"start":{"line":377,"column":8},"end":{"line":377,"column":39}},"148":{"start":{"line":378,"column":8},"end":{"line":378,"column":104}}},"branchMap":{"1":{"line":122,"type":"if","locations":[{"start":{"line":122,"column":8},"end":{"line":122,"column":8}},{"start":{"line":122,"column":8},"end":{"line":122,"column":8}}]},"2":{"line":149,"type":"if","locations":[{"start":{"line":149,"column":8},"end":{"line":149,"column":8}},{"start":{"line":149,"column":8},"end":{"line":149,"column":8}}]},"3":{"line":150,"type":"if","locations":[{"start":{"line":150,"column":8},"end":{"line":150,"column":8}},{"start":{"line":150,"column":8},"end":{"line":150,"column":8}}]},"4":{"line":151,"type":"if","locations":[{"start":{"line":151,"column":8},"end":{"line":151,"column":8}},{"start":{"line":151,"column":8},"end":{"line":151,"column":8}}]},"5":{"line":152,"type":"if","locations":[{"start":{"line":152,"column":8},"end":{"line":152,"column":8}},{"start":{"line":152,"column":8},"end":{"line":152,"column":8}}]},"6":{"line":156,"type":"if","locations":[{"start":{"line":156,"column":8},"end":{"line":156,"column":8}},{"start":{"line":156,"column":8},"end":{"line":156,"column":8}}]},"7":{"line":169,"type":"if","locations":[{"start":{"line":169,"column":8},"end":{"line":169,"column":8}},{"start":{"line":169,"column":8},"end":{"line":169,"column":8}}]},"8":{"line":199,"type":"if","locations":[{"start":{"line":199,"column":8},"end":{"line":199,"column":8}},{"start":{"line":199,"column":8},"end":{"line":199,"column":8}}]},"9":{"line":200,"type":"if","locations":[{"start":{"line":200,"column":8},"end":{"line":200,"column":8}},{"start":{"line":200,"column":8},"end":{"line":200,"column":8}}]},"10":{"line":201,"type":"if","locations":[{"start":{"line":201,"column":8},"end":{"line":201,"column":8}},{"start":{"line":201,"column":8},"end":{"line":201,"column":8}}]},"11":{"line":202,"type":"if","locations":[{"start":{"line":202,"column":8},"end":{"line":202,"column":8}},{"start":{"line":202,"column":8},"end":{"line":202,"column":8}}]},"12":{"line":216,"type":"if","locations":[{"start":{"line":216,"column":8},"end":{"line":216,"column":8}},{"start":{"line":216,"column":8},"end":{"line":216,"column":8}}]},"13":{"line":217,"type":"if","locations":[{"start":{"line":217,"column":8},"end":{"line":217,"column":8}},{"start":{"line":217,"column":8},"end":{"line":217,"column":8}}]},"14":{"line":233,"type":"if","locations":[{"start":{"line":233,"column":8},"end":{"line":233,"column":8}},{"start":{"line":233,"column":8},"end":{"line":233,"column":8}}]},"15":{"line":234,"type":"if","locations":[{"start":{"line":234,"column":8},"end":{"line":234,"column":8}},{"start":{"line":234,"column":8},"end":{"line":234,"column":8}}]},"16":{"line":235,"type":"if","locations":[{"start":{"line":235,"column":8},"end":{"line":235,"column":8}},{"start":{"line":235,"column":8},"end":{"line":235,"column":8}}]},"17":{"line":236,"type":"if","locations":[{"start":{"line":236,"column":8},"end":{"line":236,"column":8}},{"start":{"line":236,"column":8},"end":{"line":236,"column":8}}]},"18":{"line":239,"type":"if","locations":[{"start":{"line":239,"column":8},"end":{"line":239,"column":8}},{"start":{"line":239,"column":8},"end":{"line":239,"column":8}}]},"19":{"line":271,"type":"if","locations":[{"start":{"line":271,"column":8},"end":{"line":271,"column":8}},{"start":{"line":271,"column":8},"end":{"line":271,"column":8}}]},"20":{"line":272,"type":"if","locations":[{"start":{"line":272,"column":8},"end":{"line":272,"column":8}},{"start":{"line":272,"column":8},"end":{"line":272,"column":8}}]},"21":{"line":273,"type":"if","locations":[{"start":{"line":273,"column":8},"end":{"line":273,"column":8}},{"start":{"line":273,"column":8},"end":{"line":273,"column":8}}]},"22":{"line":274,"type":"if","locations":[{"start":{"line":274,"column":8},"end":{"line":274,"column":8}},{"start":{"line":274,"column":8},"end":{"line":274,"column":8}}]},"23":{"line":292,"type":"if","locations":[{"start":{"line":292,"column":8},"end":{"line":292,"column":8}},{"start":{"line":292,"column":8},"end":{"line":292,"column":8}}]},"24":{"line":293,"type":"if","locations":[{"start":{"line":293,"column":8},"end":{"line":293,"column":8}},{"start":{"line":293,"column":8},"end":{"line":293,"column":8}}]},"25":{"line":309,"type":"if","locations":[{"start":{"line":309,"column":8},"end":{"line":309,"column":8}},{"start":{"line":309,"column":8},"end":{"line":309,"column":8}}]},"26":{"line":310,"type":"if","locations":[{"start":{"line":310,"column":8},"end":{"line":310,"column":8}},{"start":{"line":310,"column":8},"end":{"line":310,"column":8}}]},"27":{"line":311,"type":"if","locations":[{"start":{"line":311,"column":8},"end":{"line":311,"column":8}},{"start":{"line":311,"column":8},"end":{"line":311,"column":8}}]},"28":{"line":312,"type":"if","locations":[{"start":{"line":312,"column":8},"end":{"line":312,"column":8}},{"start":{"line":312,"column":8},"end":{"line":312,"column":8}}]},"29":{"line":315,"type":"if","locations":[{"start":{"line":315,"column":8},"end":{"line":315,"column":8}},{"start":{"line":315,"column":8},"end":{"line":315,"column":8}}]},"30":{"line":351,"type":"if","locations":[{"start":{"line":351,"column":8},"end":{"line":351,"column":8}},{"start":{"line":351,"column":8},"end":{"line":351,"column":8}}]},"31":{"line":352,"type":"if","locations":[{"start":{"line":352,"column":8},"end":{"line":352,"column":8}},{"start":{"line":352,"column":8},"end":{"line":352,"column":8}}]},"32":{"line":353,"type":"if","locations":[{"start":{"line":353,"column":8},"end":{"line":353,"column":8}},{"start":{"line":353,"column":8},"end":{"line":353,"column":8}}]},"33":{"line":354,"type":"if","locations":[{"start":{"line":354,"column":8},"end":{"line":354,"column":8}},{"start":{"line":354,"column":8},"end":{"line":354,"column":8}}]},"34":{"line":362,"type":"if","locations":[{"start":{"line":362,"column":12},"end":{"line":362,"column":12}},{"start":{"line":362,"column":12},"end":{"line":362,"column":12}}]},"35":{"line":363,"type":"if","locations":[{"start":{"line":363,"column":12},"end":{"line":363,"column":12}},{"start":{"line":363,"column":12},"end":{"line":363,"column":12}}]},"36":{"line":363,"type":"if","locations":[{"start":{"line":363,"column":37},"end":{"line":363,"column":37}},{"start":{"line":363,"column":37},"end":{"line":363,"column":37}}]},"37":{"line":370,"type":"if","locations":[{"start":{"line":370,"column":8},"end":{"line":370,"column":8}},{"start":{"line":370,"column":8},"end":{"line":370,"column":8}}]},"38":{"line":375,"type":"if","locations":[{"start":{"line":375,"column":8},"end":{"line":375,"column":8}},{"start":{"line":375,"column":8},"end":{"line":375,"column":8}}]}}}}