{"contracts/interfaces/callback/ITimeswapBorrowCallback.sol":{"l":{},"path":"/home/vhawk19/timeswap/Timeswap-V1-Core/contracts/interfaces/callback/ITimeswapBorrowCallback.sol","s":{},"b":{},"f":{},"fnMap":{},"statementMap":{},"branchMap":{}},"contracts/interfaces/callback/ITimeswapLendCallback.sol":{"l":{},"path":"/home/vhawk19/timeswap/Timeswap-V1-Core/contracts/interfaces/callback/ITimeswapLendCallback.sol","s":{},"b":{},"f":{},"fnMap":{},"statementMap":{},"branchMap":{}},"contracts/interfaces/callback/ITimeswapMintCallback.sol":{"l":{},"path":"/home/vhawk19/timeswap/Timeswap-V1-Core/contracts/interfaces/callback/ITimeswapMintCallback.sol","s":{},"b":{},"f":{},"fnMap":{},"statementMap":{},"branchMap":{}},"contracts/interfaces/callback/ITimeswapPayCallback.sol":{"l":{},"path":"/home/vhawk19/timeswap/Timeswap-V1-Core/contracts/interfaces/callback/ITimeswapPayCallback.sol","s":{},"b":{},"f":{},"fnMap":{},"statementMap":{},"branchMap":{}},"contracts/interfaces/IFactory.sol":{"l":{},"path":"/home/vhawk19/timeswap/Timeswap-V1-Core/contracts/interfaces/IFactory.sol","s":{},"b":{},"f":{},"fnMap":{},"statementMap":{},"branchMap":{}},"contracts/interfaces/IPair.sol":{"l":{},"path":"/home/vhawk19/timeswap/Timeswap-V1-Core/contracts/interfaces/IPair.sol","s":{},"b":{},"f":{},"fnMap":{},"statementMap":{},"branchMap":{}},"contracts/libraries/Array.sol":{"l":{"8":13,"10":13},"path":"/home/vhawk19/timeswap/Timeswap-V1-Core/contracts/libraries/Array.sol","s":{"1":13,"2":13},"b":{},"f":{"1":13},"fnMap":{"1":{"name":"insert","line":7,"loc":{"start":{"line":7,"column":4},"end":{"line":12,"column":4}}}},"statementMap":{"1":{"start":{"line":8,"column":8},"end":{"line":8,"column":23}},"2":{"start":{"line":10,"column":8},"end":{"line":10,"column":24}}},"branchMap":{}},"contracts/libraries/BlockNumber.sol":{"l":{"10":15},"path":"/home/vhawk19/timeswap/Timeswap-V1-Core/contracts/libraries/BlockNumber.sol","s":{"1":15},"b":{},"f":{"1":15},"fnMap":{"1":{"name":"get","line":9,"loc":{"start":{"line":9,"column":4},"end":{"line":11,"column":4}}}},"statementMap":{"1":{"start":{"line":10,"column":8},"end":{"line":10,"column":45}}},"branchMap":{}},"contracts/libraries/BorrowMath.sol":{"l":{"24":3,"25":3,"26":3,"27":3,"28":3,"30":3,"31":3,"32":3,"33":3,"34":3,"35":3,"36":3,"44":6,"45":6,"46":6,"54":3,"55":3,"56":3,"57":3,"58":3,"59":3,"68":3,"69":3,"70":3,"71":3,"72":3,"73":3,"74":3,"75":3,"76":3,"77":3,"78":3},"path":"/home/vhawk19/timeswap/Timeswap-V1-Core/contracts/libraries/BorrowMath.sol","s":{"1":3,"2":3,"3":3,"4":3,"5":3,"6":3,"7":3,"8":3,"9":3,"10":3,"11":3,"12":3,"13":6,"14":6,"15":6,"16":3,"17":3,"18":3,"19":3,"20":3,"21":3,"22":3,"23":3,"24":3,"25":3,"26":3,"27":3,"28":3,"29":3,"30":3,"31":3,"32":3},"b":{"1":[3,0]},"f":{"1":3,"2":6,"3":3,"4":3},"fnMap":{"1":{"name":"check","line":17,"loc":{"start":{"line":17,"column":4},"end":{"line":37,"column":4}}},"2":{"name":"adjust","line":39,"loc":{"start":{"line":39,"column":4},"end":{"line":47,"column":4}}},"3":{"name":"getDebt","line":49,"loc":{"start":{"line":49,"column":4},"end":{"line":60,"column":4}}},"4":{"name":"getCollateral","line":62,"loc":{"start":{"line":62,"column":4},"end":{"line":79,"column":4}}}},"statementMap":{"1":{"start":{"line":24,"column":8},"end":{"line":24,"column":39}},"2":{"start":{"line":25,"column":8},"end":{"line":25,"column":46}},"3":{"start":{"line":26,"column":8},"end":{"line":26,"column":63}},"4":{"start":{"line":27,"column":8},"end":{"line":27,"column":63}},"5":{"start":{"line":28,"column":8},"end":{"line":28,"column":65}},"6":{"start":{"line":30,"column":8},"end":{"line":30,"column":35}},"7":{"start":{"line":31,"column":8},"end":{"line":31,"column":25}},"8":{"start":{"line":32,"column":8},"end":{"line":32,"column":21}},"9":{"start":{"line":33,"column":8},"end":{"line":33,"column":38}},"10":{"start":{"line":34,"column":8},"end":{"line":34,"column":29}},"11":{"start":{"line":35,"column":8},"end":{"line":35,"column":43}},"12":{"start":{"line":36,"column":8},"end":{"line":36,"column":47}},"13":{"start":{"line":44,"column":8},"end":{"line":44,"column":25}},"14":{"start":{"line":45,"column":8},"end":{"line":45,"column":22}},"15":{"start":{"line":46,"column":8},"end":{"line":46,"column":37}},"16":{"start":{"line":54,"column":8},"end":{"line":54,"column":34}},"17":{"start":{"line":55,"column":8},"end":{"line":55,"column":33}},"18":{"start":{"line":56,"column":8},"end":{"line":56,"column":27}},"19":{"start":{"line":57,"column":8},"end":{"line":57,"column":36}},"20":{"start":{"line":58,"column":8},"end":{"line":58,"column":27}},"21":{"start":{"line":59,"column":8},"end":{"line":59,"column":35}},"22":{"start":{"line":68,"column":8},"end":{"line":68,"column":40}},"23":{"start":{"line":69,"column":8},"end":{"line":69,"column":39}},"24":{"start":{"line":70,"column":8},"end":{"line":70,"column":31}},"25":{"start":{"line":71,"column":8},"end":{"line":71,"column":46}},"26":{"start":{"line":72,"column":8},"end":{"line":72,"column":37}},"27":{"start":{"line":73,"column":8},"end":{"line":73,"column":31}},"28":{"start":{"line":74,"column":8},"end":{"line":74,"column":38}},"29":{"start":{"line":75,"column":8},"end":{"line":75,"column":25}},"30":{"start":{"line":76,"column":8},"end":{"line":76,"column":88}},"31":{"start":{"line":77,"column":8},"end":{"line":77,"column":33}},"32":{"start":{"line":78,"column":8},"end":{"line":78,"column":47}}},"branchMap":{"1":{"line":36,"type":"if","locations":[{"start":{"line":36,"column":8},"end":{"line":36,"column":8}},{"start":{"line":36,"column":8},"end":{"line":36,"column":8}}]}}},"contracts/libraries/BurnMath.sol":{"l":{"16":2,"17":2,"18":2,"19":2,"20":2,"21":2,"28":2,"29":2,"30":2,"31":2,"32":2,"34":0,"35":0,"36":0,"37":0,"38":0,"39":0,"40":0,"41":0},"path":"/home/vhawk19/timeswap/Timeswap-V1-Core/contracts/libraries/BurnMath.sol","s":{"1":2,"2":2,"3":0,"4":2,"5":2,"6":2,"7":2,"8":2,"9":2,"10":2,"11":2,"12":2,"13":0,"14":0,"15":0,"16":0,"17":0,"18":0,"19":0,"20":0,"21":0},"b":{"1":[0,2],"2":[2,0],"3":[0,0]},"f":{"1":2,"2":2},"fnMap":{"1":{"name":"getAsset","line":12,"loc":{"start":{"line":12,"column":4},"end":{"line":22,"column":4}}},"2":{"name":"getCollateral","line":24,"loc":{"start":{"line":24,"column":4},"end":{"line":42,"column":4}}}},"statementMap":{"1":{"start":{"line":16,"column":8},"end":{"line":16,"column":51}},"2":{"start":{"line":17,"column":8},"end":{"line":17,"column":67}},"3":{"start":{"line":17,"column":52},"end":{"line":17,"column":67}},"4":{"start":{"line":18,"column":8},"end":{"line":18,"column":40}},"5":{"start":{"line":19,"column":8},"end":{"line":19,"column":42}},"6":{"start":{"line":20,"column":8},"end":{"line":20,"column":70}},"7":{"start":{"line":21,"column":8},"end":{"line":21,"column":39}},"8":{"start":{"line":28,"column":8},"end":{"line":28,"column":51}},"9":{"start":{"line":29,"column":8},"end":{"line":29,"column":58}},"10":{"start":{"line":30,"column":8},"end":{"line":30,"column":1010}},"11":{"start":{"line":31,"column":12},"end":{"line":31,"column":84}},"12":{"start":{"line":32,"column":12},"end":{"line":32,"column":61}},"13":{"start":{"line":34,"column":8},"end":{"line":34,"column":48}},"14":{"start":{"line":35,"column":8},"end":{"line":35,"column":30}},"15":{"start":{"line":36,"column":8},"end":{"line":36,"column":45}},"16":{"start":{"line":37,"column":8},"end":{"line":37,"column":95}},"17":{"start":{"line":37,"column":75},"end":{"line":37,"column":95}},"18":{"start":{"line":38,"column":8},"end":{"line":38,"column":47}},"19":{"start":{"line":39,"column":8},"end":{"line":39,"column":32}},"20":{"start":{"line":40,"column":8},"end":{"line":40,"column":105}},"21":{"start":{"line":41,"column":8},"end":{"line":41,"column":49}}},"branchMap":{"1":{"line":17,"type":"if","locations":[{"start":{"line":17,"column":8},"end":{"line":17,"column":8}},{"start":{"line":17,"column":8},"end":{"line":17,"column":8}}]},"2":{"line":30,"type":"if","locations":[{"start":{"line":30,"column":8},"end":{"line":30,"column":8}},{"start":{"line":30,"column":8},"end":{"line":30,"column":8}}]},"3":{"line":37,"type":"if","locations":[{"start":{"line":37,"column":8},"end":{"line":37,"column":8}},{"start":{"line":37,"column":8},"end":{"line":37,"column":8}}]}}},"contracts/libraries/Callback.sol":{"l":{"24":10,"25":10,"26":10,"27":10,"28":10,"29":10,"30":10,"38":2,"39":2,"40":2,"41":2,"49":3,"50":3,"51":3,"52":3,"60":1,"61":1,"62":1,"63":1},"path":"/home/vhawk19/timeswap/Timeswap-V1-Core/contracts/libraries/Callback.sol","s":{"1":10,"2":10,"3":10,"4":10,"5":10,"6":10,"7":10,"8":2,"9":2,"10":2,"11":2,"12":3,"13":3,"14":3,"15":3,"16":1,"17":1,"18":1,"19":1},"b":{"1":[10,0],"2":[10,0],"3":[2,0],"4":[3,0],"5":[1,0]},"f":{"1":10,"2":2,"3":3,"4":1},"fnMap":{"1":{"name":"mint","line":17,"loc":{"start":{"line":17,"column":4},"end":{"line":31,"column":4}}},"2":{"name":"lend","line":33,"loc":{"start":{"line":33,"column":4},"end":{"line":42,"column":4}}},"3":{"name":"borrow","line":44,"loc":{"start":{"line":44,"column":4},"end":{"line":53,"column":4}}},"4":{"name":"pay","line":55,"loc":{"start":{"line":55,"column":4},"end":{"line":64,"column":4}}}},"statementMap":{"1":{"start":{"line":24,"column":8},"end":{"line":24,"column":50}},"2":{"start":{"line":25,"column":8},"end":{"line":25,"column":60}},"3":{"start":{"line":26,"column":8},"end":{"line":26,"column":90}},"4":{"start":{"line":27,"column":8},"end":{"line":27,"column":51}},"5":{"start":{"line":28,"column":8},"end":{"line":28,"column":61}},"6":{"start":{"line":29,"column":8},"end":{"line":29,"column":61}},"7":{"start":{"line":30,"column":8},"end":{"line":30,"column":76}},"8":{"start":{"line":38,"column":8},"end":{"line":38,"column":50}},"9":{"start":{"line":39,"column":8},"end":{"line":39,"column":76}},"10":{"start":{"line":40,"column":8},"end":{"line":40,"column":51}},"11":{"start":{"line":41,"column":8},"end":{"line":41,"column":61}},"12":{"start":{"line":49,"column":8},"end":{"line":49,"column":60}},"13":{"start":{"line":50,"column":8},"end":{"line":50,"column":85}},"14":{"start":{"line":51,"column":8},"end":{"line":51,"column":61}},"15":{"start":{"line":52,"column":8},"end":{"line":52,"column":76}},"16":{"start":{"line":60,"column":8},"end":{"line":60,"column":50}},"17":{"start":{"line":61,"column":8},"end":{"line":61,"column":74}},"18":{"start":{"line":62,"column":8},"end":{"line":62,"column":51}},"19":{"start":{"line":63,"column":8},"end":{"line":63,"column":61}}},"branchMap":{"1":{"line":29,"type":"if","locations":[{"start":{"line":29,"column":8},"end":{"line":29,"column":8}},{"start":{"line":29,"column":8},"end":{"line":29,"column":8}}]},"2":{"line":30,"type":"if","locations":[{"start":{"line":30,"column":8},"end":{"line":30,"column":8}},{"start":{"line":30,"column":8},"end":{"line":30,"column":8}}]},"3":{"line":41,"type":"if","locations":[{"start":{"line":41,"column":8},"end":{"line":41,"column":8}},{"start":{"line":41,"column":8},"end":{"line":41,"column":8}}]},"4":{"line":52,"type":"if","locations":[{"start":{"line":52,"column":8},"end":{"line":52,"column":8}},{"start":{"line":52,"column":8},"end":{"line":52,"column":8}}]},"5":{"line":63,"type":"if","locations":[{"start":{"line":63,"column":8},"end":{"line":63,"column":8}},{"start":{"line":63,"column":8},"end":{"line":63,"column":8}}]}}},"contracts/libraries/ConstantProduct.sol":{"l":{"16":5,"17":5,"19":5,"20":5},"path":"/home/vhawk19/timeswap/Timeswap-V1-Core/contracts/libraries/ConstantProduct.sol","s":{"1":5,"2":5,"3":5,"4":5,"5":5},"b":{"1":[5,0],"2":[5,0],"3":[5,0]},"f":{"1":5},"fnMap":{"1":{"name":"checkConstantProduct","line":10,"loc":{"start":{"line":10,"column":4},"end":{"line":21,"column":4}}}},"statementMap":{"1":{"start":{"line":16,"column":8},"end":{"line":16,"column":90}},"2":{"start":{"line":17,"column":8},"end":{"line":17,"column":93}},"3":{"start":{"line":19,"column":8},"end":{"line":19,"column":45}},"4":{"start":{"line":20,"column":8},"end":{"line":20,"column":67}},"5":{"start":{"line":20,"column":29},"end":{"line":20,"column":66}}},"branchMap":{"1":{"line":19,"type":"if","locations":[{"start":{"line":19,"column":8},"end":{"line":19,"column":8}},{"start":{"line":19,"column":8},"end":{"line":19,"column":8}}]},"2":{"line":20,"type":"if","locations":[{"start":{"line":20,"column":8},"end":{"line":20,"column":8}},{"start":{"line":20,"column":8},"end":{"line":20,"column":8}}]},"3":{"line":20,"type":"if","locations":[{"start":{"line":20,"column":29},"end":{"line":20,"column":29}},{"start":{"line":20,"column":29},"end":{"line":20,"column":29}}]}}},"contracts/libraries/FullMath.sol":{"l":{"11":42,"29":32,"32":32,"33":32,"34":32,"37":32,"42":0,"50":0,"51":0,"55":0,"63":0,"64":0,"68":0,"73":0,"79":0,"82":0,"89":0,"90":0,"112":0,"125":13,"126":13},"path":"/home/vhawk19/timeswap/Timeswap-V1-Core/contracts/libraries/FullMath.sol","s":{"1":32,"2":32,"3":32,"4":32,"5":0,"6":0,"7":0,"8":0,"9":0,"10":0,"11":13,"12":13},"b":{"1":[32,0],"2":[32,0],"3":[0,0],"4":[13,0]},"f":{"1":42,"2":32,"3":13},"fnMap":{"1":{"name":"mul512","line":5,"loc":{"start":{"line":5,"column":4},"end":{"line":16,"column":4}}},"2":{"name":"mulDiv","line":24,"loc":{"start":{"line":24,"column":4},"end":{"line":113,"column":4}}},"3":{"name":"mulDivUp","line":120,"loc":{"start":{"line":120,"column":4},"end":{"line":127,"column":4}}}},"statementMap":{"1":{"start":{"line":29,"column":8},"end":{"line":29,"column":53}},"2":{"start":{"line":32,"column":8},"end":{"line":32,"column":1273}},"3":{"start":{"line":33,"column":12},"end":{"line":33,"column":35}},"4":{"start":{"line":37,"column":12},"end":{"line":37,"column":25}},"5":{"start":{"line":42,"column":8},"end":{"line":42,"column":35}},"6":{"start":{"line":50,"column":8},"end":{"line":50,"column":25}},"7":{"start":{"line":63,"column":8},"end":{"line":63,"column":20}},"8":{"start":{"line":82,"column":8},"end":{"line":82,"column":28}},"9":{"start":{"line":89,"column":8},"end":{"line":89,"column":19}},"10":{"start":{"line":112,"column":8},"end":{"line":112,"column":21}},"11":{"start":{"line":125,"column":8},"end":{"line":125,"column":41}},"12":{"start":{"line":126,"column":8},"end":{"line":126,"column":51}}},"branchMap":{"1":{"line":32,"type":"if","locations":[{"start":{"line":32,"column":8},"end":{"line":32,"column":8}},{"start":{"line":32,"column":8},"end":{"line":32,"column":8}}]},"2":{"line":33,"type":"if","locations":[{"start":{"line":33,"column":12},"end":{"line":33,"column":12}},{"start":{"line":33,"column":12},"end":{"line":33,"column":12}}]},"3":{"line":42,"type":"if","locations":[{"start":{"line":42,"column":8},"end":{"line":42,"column":8}},{"start":{"line":42,"column":8},"end":{"line":42,"column":8}}]},"4":{"line":126,"type":"if","locations":[{"start":{"line":126,"column":8},"end":{"line":126,"column":8}},{"start":{"line":126,"column":8},"end":{"line":126,"column":8}}]}}},"contracts/libraries/LendMath.sol":{"l":{"21":2,"22":2,"23":2,"24":2,"25":2,"27":2,"28":2,"29":2,"30":2,"31":2,"32":2,"33":2,"41":4,"42":4,"43":4,"51":2,"52":2,"53":2,"54":2,"55":2,"56":2,"65":2,"66":2,"67":2,"68":2,"69":2,"70":2,"71":2,"72":2,"73":2,"74":2,"75":2},"path":"/home/vhawk19/timeswap/Timeswap-V1-Core/contracts/libraries/LendMath.sol","s":{"1":2,"2":2,"3":2,"4":2,"5":2,"6":2,"7":2,"8":2,"9":2,"10":2,"11":2,"12":2,"13":4,"14":4,"15":4,"16":2,"17":2,"18":2,"19":2,"20":2,"21":2,"22":2,"23":2,"24":2,"25":2,"26":2,"27":2,"28":2,"29":2,"30":2,"31":2,"32":2},"b":{"1":[2,0]},"f":{"1":2,"2":4,"3":2,"4":2},"fnMap":{"1":{"name":"check","line":14,"loc":{"start":{"line":14,"column":4},"end":{"line":34,"column":4}}},"2":{"name":"adjust","line":36,"loc":{"start":{"line":36,"column":4},"end":{"line":44,"column":4}}},"3":{"name":"getBond","line":46,"loc":{"start":{"line":46,"column":4},"end":{"line":57,"column":4}}},"4":{"name":"getInsurance","line":59,"loc":{"start":{"line":59,"column":4},"end":{"line":76,"column":4}}}},"statementMap":{"1":{"start":{"line":21,"column":8},"end":{"line":21,"column":39}},"2":{"start":{"line":22,"column":8},"end":{"line":22,"column":46}},"3":{"start":{"line":23,"column":8},"end":{"line":23,"column":63}},"4":{"start":{"line":24,"column":8},"end":{"line":24,"column":63}},"5":{"start":{"line":25,"column":8},"end":{"line":25,"column":65}},"6":{"start":{"line":27,"column":8},"end":{"line":27,"column":35}},"7":{"start":{"line":28,"column":8},"end":{"line":28,"column":25}},"8":{"start":{"line":29,"column":8},"end":{"line":29,"column":21}},"9":{"start":{"line":30,"column":8},"end":{"line":30,"column":38}},"10":{"start":{"line":31,"column":8},"end":{"line":31,"column":29}},"11":{"start":{"line":32,"column":8},"end":{"line":32,"column":29}},"12":{"start":{"line":33,"column":8},"end":{"line":33,"column":47}},"13":{"start":{"line":41,"column":8},"end":{"line":41,"column":25}},"14":{"start":{"line":42,"column":8},"end":{"line":42,"column":22}},"15":{"start":{"line":43,"column":8},"end":{"line":43,"column":37}},"16":{"start":{"line":51,"column":8},"end":{"line":51,"column":35}},"17":{"start":{"line":52,"column":8},"end":{"line":52,"column":34}},"18":{"start":{"line":53,"column":8},"end":{"line":53,"column":28}},"19":{"start":{"line":54,"column":8},"end":{"line":54,"column":22}},"20":{"start":{"line":55,"column":8},"end":{"line":55,"column":28}},"21":{"start":{"line":56,"column":8},"end":{"line":56,"column":37}},"22":{"start":{"line":65,"column":8},"end":{"line":65,"column":40}},"23":{"start":{"line":66,"column":8},"end":{"line":66,"column":39}},"24":{"start":{"line":67,"column":8},"end":{"line":67,"column":31}},"25":{"start":{"line":68,"column":8},"end":{"line":68,"column":46}},"26":{"start":{"line":69,"column":8},"end":{"line":69,"column":37}},"27":{"start":{"line":70,"column":8},"end":{"line":70,"column":31}},"28":{"start":{"line":71,"column":8},"end":{"line":71,"column":38}},"29":{"start":{"line":72,"column":8},"end":{"line":72,"column":25}},"30":{"start":{"line":73,"column":8},"end":{"line":73,"column":86}},"31":{"start":{"line":74,"column":8},"end":{"line":74,"column":33}},"32":{"start":{"line":75,"column":8},"end":{"line":75,"column":47}}},"branchMap":{"1":{"line":33,"type":"if","locations":[{"start":{"line":33,"column":8},"end":{"line":33,"column":8}},{"start":{"line":33,"column":8},"end":{"line":33,"column":8}}]}}},"contracts/libraries/Math.sol":{"l":{"6":3,"7":3,"11":13,"12":13},"path":"/home/vhawk19/timeswap/Timeswap-V1-Core/contracts/libraries/Math.sol","s":{"1":3,"2":3,"3":13,"4":13},"b":{"1":[3,0],"2":[13,0]},"f":{"1":3,"2":13},"fnMap":{"1":{"name":"divUp","line":5,"loc":{"start":{"line":5,"column":4},"end":{"line":8,"column":4}}},"2":{"name":"shiftUp","line":10,"loc":{"start":{"line":10,"column":4},"end":{"line":13,"column":4}}}},"statementMap":{"1":{"start":{"line":6,"column":8},"end":{"line":6,"column":16}},"2":{"start":{"line":7,"column":8},"end":{"line":7,"column":26}},"3":{"start":{"line":11,"column":8},"end":{"line":11,"column":17}},"4":{"start":{"line":12,"column":8},"end":{"line":12,"column":28}}},"branchMap":{"1":{"line":7,"type":"if","locations":[{"start":{"line":7,"column":8},"end":{"line":7,"column":8}},{"start":{"line":7,"column":8},"end":{"line":7,"column":8}}]},"2":{"line":12,"type":"if","locations":[{"start":{"line":12,"column":8},"end":{"line":12,"column":8}},{"start":{"line":12,"column":8},"end":{"line":12,"column":8}}]}}},"contracts/libraries/MintMath.sol":{"l":{"17":9,"18":9,"27":1,"39":10,"40":10,"41":10,"42":10,"43":10,"51":1,"52":1,"54":0,"56":0,"65":10,"66":10,"67":10,"68":10,"69":10,"70":10,"79":10,"80":10,"81":10,"82":10,"83":10,"84":10},"path":"/home/vhawk19/timeswap/Timeswap-V1-Core/contracts/libraries/MintMath.sol","s":{"1":9,"2":9,"3":1,"4":10,"5":10,"6":10,"7":10,"8":10,"9":1,"10":1,"11":0,"12":0,"13":0,"14":10,"15":10,"16":10,"17":10,"18":10,"19":10,"20":10,"21":10,"22":10,"23":10,"24":10,"25":10},"b":{"1":[1,0],"2":[0,0]},"f":{"1":9,"2":1,"3":10,"4":1,"5":10,"6":10},"fnMap":{"1":{"name":"getLiquidityTotal","line":14,"loc":{"start":{"line":14,"column":4},"end":{"line":19,"column":4}}},"2":{"name":"getLiquidityTotal","line":21,"loc":{"start":{"line":21,"column":4},"end":{"line":32,"column":4}}},"3":{"name":"getLiquidity","line":34,"loc":{"start":{"line":34,"column":4},"end":{"line":44,"column":4}}},"4":{"name":"min","line":46,"loc":{"start":{"line":46,"column":4},"end":{"line":58,"column":4}}},"5":{"name":"getDebt","line":60,"loc":{"start":{"line":60,"column":4},"end":{"line":71,"column":4}}},"6":{"name":"getCollateral","line":73,"loc":{"start":{"line":73,"column":4},"end":{"line":85,"column":4}}}},"statementMap":{"1":{"start":{"line":17,"column":8},"end":{"line":17,"column":33}},"2":{"start":{"line":18,"column":8},"end":{"line":18,"column":28}},"3":{"start":{"line":27,"column":8},"end":{"line":27,"column":737}},"4":{"start":{"line":39,"column":8},"end":{"line":39,"column":38}},"5":{"start":{"line":40,"column":8},"end":{"line":40,"column":37}},"6":{"start":{"line":41,"column":8},"end":{"line":41,"column":33}},"7":{"start":{"line":42,"column":8},"end":{"line":42,"column":35}},"8":{"start":{"line":43,"column":8},"end":{"line":43,"column":71}},"9":{"start":{"line":51,"column":8},"end":{"line":51,"column":1482}},"10":{"start":{"line":52,"column":12},"end":{"line":52,"column":16}},"11":{"start":{"line":53,"column":15},"end":{"line":53,"column":1540}},"12":{"start":{"line":54,"column":12},"end":{"line":54,"column":16}},"13":{"start":{"line":56,"column":12},"end":{"line":56,"column":16}},"14":{"start":{"line":65,"column":8},"end":{"line":65,"column":34}},"15":{"start":{"line":66,"column":8},"end":{"line":66,"column":33}},"16":{"start":{"line":67,"column":8},"end":{"line":67,"column":27}},"17":{"start":{"line":68,"column":8},"end":{"line":68,"column":36}},"18":{"start":{"line":69,"column":8},"end":{"line":69,"column":27}},"19":{"start":{"line":70,"column":8},"end":{"line":70,"column":35}},"20":{"start":{"line":79,"column":8},"end":{"line":79,"column":40}},"21":{"start":{"line":80,"column":8},"end":{"line":80,"column":39}},"22":{"start":{"line":81,"column":8},"end":{"line":81,"column":33}},"23":{"start":{"line":82,"column":8},"end":{"line":82,"column":48}},"24":{"start":{"line":83,"column":8},"end":{"line":83,"column":82}},"25":{"start":{"line":84,"column":8},"end":{"line":84,"column":47}}},"branchMap":{"1":{"line":51,"type":"if","locations":[{"start":{"line":51,"column":8},"end":{"line":51,"column":8}},{"start":{"line":51,"column":8},"end":{"line":51,"column":8}}]},"2":{"line":53,"type":"if","locations":[{"start":{"line":53,"column":15},"end":{"line":53,"column":15}},{"start":{"line":53,"column":15},"end":{"line":53,"column":15}}]}}},"contracts/libraries/PayMath.sol":{"l":{"12":1},"path":"/home/vhawk19/timeswap/Timeswap-V1-Core/contracts/libraries/PayMath.sol","s":{"1":1},"b":{"1":[1,0]},"f":{"1":1},"fnMap":{"1":{"name":"checkProportional","line":7,"loc":{"start":{"line":7,"column":4},"end":{"line":13,"column":4}}}},"statementMap":{"1":{"start":{"line":12,"column":8},"end":{"line":12,"column":99}}},"branchMap":{"1":{"line":12,"type":"if","locations":[{"start":{"line":12,"column":8},"end":{"line":12,"column":8}},{"start":{"line":12,"column":8},"end":{"line":12,"column":8}}]}}},"contracts/libraries/SafeBalance.sol":{"l":{"13":52,"18":52},"path":"/home/vhawk19/timeswap/Timeswap-V1-Core/contracts/libraries/SafeBalance.sol","s":{"1":52,"2":52},"b":{},"f":{"1":52},"fnMap":{"1":{"name":"safeBalance","line":10,"loc":{"start":{"line":10,"column":4},"end":{"line":19,"column":4}}}},"statementMap":{"1":{"start":{"line":13,"column":8},"end":{"line":13,"column":359}},"2":{"start":{"line":18,"column":8},"end":{"line":18,"column":42}}},"branchMap":{}},"contracts/libraries/SafeCast.sol":{"l":{"6":15,"10":26,"14":8,"18":0,"19":0},"path":"/home/vhawk19/timeswap/Timeswap-V1-Core/contracts/libraries/SafeCast.sol","s":{"1":15,"2":26,"3":8,"4":0,"5":0,"6":0},"b":{"1":[26,0],"2":[8,0],"3":[0,0]},"f":{"1":15,"2":26,"3":8,"4":0},"fnMap":{"1":{"name":"modUint32","line":5,"loc":{"start":{"line":5,"column":4},"end":{"line":7,"column":4}}},"2":{"name":"toUint112","line":9,"loc":{"start":{"line":9,"column":4},"end":{"line":11,"column":4}}},"3":{"name":"toUint128","line":13,"loc":{"start":{"line":13,"column":4},"end":{"line":15,"column":4}}},"4":{"name":"truncateUint112","line":17,"loc":{"start":{"line":17,"column":4},"end":{"line":20,"column":4}}}},"statementMap":{"1":{"start":{"line":6,"column":8},"end":{"line":6,"column":34}},"2":{"start":{"line":10,"column":8},"end":{"line":10,"column":37}},"3":{"start":{"line":14,"column":8},"end":{"line":14,"column":37}},"4":{"start":{"line":18,"column":8},"end":{"line":18,"column":63}},"5":{"start":{"line":18,"column":35},"end":{"line":18,"column":63}},"6":{"start":{"line":19,"column":8},"end":{"line":19,"column":21}}},"branchMap":{"1":{"line":10,"type":"if","locations":[{"start":{"line":10,"column":8},"end":{"line":10,"column":8}},{"start":{"line":10,"column":8},"end":{"line":10,"column":8}}]},"2":{"line":14,"type":"if","locations":[{"start":{"line":14,"column":8},"end":{"line":14,"column":8}},{"start":{"line":14,"column":8},"end":{"line":14,"column":8}}]},"3":{"line":18,"type":"if","locations":[{"start":{"line":18,"column":8},"end":{"line":18,"column":8}},{"start":{"line":18,"column":8},"end":{"line":18,"column":8}}]}}},"contracts/libraries/SafeTransfer.sol":{"l":{"15":9},"path":"/home/vhawk19/timeswap/Timeswap-V1-Core/contracts/libraries/SafeTransfer.sol","s":{"1":9},"b":{},"f":{"1":9},"fnMap":{"1":{"name":"safeTransfer","line":10,"loc":{"start":{"line":10,"column":4},"end":{"line":16,"column":4}}}},"statementMap":{"1":{"start":{"line":15,"column":8},"end":{"line":15,"column":46}}},"branchMap":{}},"contracts/libraries/WithdrawMath.sol":{"l":{"16":1,"17":1,"18":0,"19":0,"20":0,"21":0,"28":1,"29":1,"30":0,"31":0,"32":0,"33":0,"34":0,"35":0,"36":0},"path":"/home/vhawk19/timeswap/Timeswap-V1-Core/contracts/libraries/WithdrawMath.sol","s":{"1":1,"2":1,"3":1,"4":0,"5":0,"6":0,"7":0,"8":1,"9":1,"10":1,"11":0,"12":0,"13":0,"14":0,"15":0,"16":0,"17":0},"b":{"1":[1,0],"2":[1,0],"3":[0,0]},"f":{"1":1,"2":1},"fnMap":{"1":{"name":"getAsset","line":12,"loc":{"start":{"line":12,"column":4},"end":{"line":22,"column":4}}},"2":{"name":"getCollateral","line":24,"loc":{"start":{"line":24,"column":4},"end":{"line":37,"column":4}}}},"statementMap":{"1":{"start":{"line":16,"column":8},"end":{"line":16,"column":51}},"2":{"start":{"line":17,"column":8},"end":{"line":17,"column":76}},"3":{"start":{"line":17,"column":52},"end":{"line":17,"column":76}},"4":{"start":{"line":18,"column":8},"end":{"line":18,"column":34}},"5":{"start":{"line":19,"column":8},"end":{"line":19,"column":32}},"6":{"start":{"line":20,"column":8},"end":{"line":20,"column":42}},"7":{"start":{"line":21,"column":8},"end":{"line":21,"column":39}},"8":{"start":{"line":28,"column":8},"end":{"line":28,"column":51}},"9":{"start":{"line":29,"column":8},"end":{"line":29,"column":72}},"10":{"start":{"line":29,"column":52},"end":{"line":29,"column":72}},"11":{"start":{"line":30,"column":8},"end":{"line":30,"column":55}},"12":{"start":{"line":31,"column":8},"end":{"line":31,"column":37}},"13":{"start":{"line":32,"column":8},"end":{"line":32,"column":52}},"14":{"start":{"line":33,"column":8},"end":{"line":33,"column":1178}},"15":{"start":{"line":34,"column":12},"end":{"line":34,"column":46}},"16":{"start":{"line":35,"column":8},"end":{"line":35,"column":112}},"17":{"start":{"line":36,"column":8},"end":{"line":36,"column":49}}},"branchMap":{"1":{"line":17,"type":"if","locations":[{"start":{"line":17,"column":8},"end":{"line":17,"column":8}},{"start":{"line":17,"column":8},"end":{"line":17,"column":8}}]},"2":{"line":29,"type":"if","locations":[{"start":{"line":29,"column":8},"end":{"line":29,"column":8}},{"start":{"line":29,"column":8},"end":{"line":29,"column":8}}]},"3":{"line":33,"type":"if","locations":[{"start":{"line":33,"column":8},"end":{"line":33,"column":8}},{"start":{"line":33,"column":8},"end":{"line":33,"column":8}}]}}},"contracts/test/TestToken.sol":{"l":{"12":66},"path":"/home/vhawk19/timeswap/Timeswap-V1-Core/contracts/test/TestToken.sol","s":{"1":66},"b":{},"f":{"1":66},"fnMap":{"1":{"name":"constructor","line":11,"loc":{"start":{"line":7,"column":4},"end":{"line":13,"column":4}}}},"statementMap":{"1":{"start":{"line":12,"column":8},"end":{"line":12,"column":32}}},"branchMap":{}},"contracts/test/TimeswapPairCallee.sol":{"l":{"18":21,"19":21,"35":7,"39":11,"58":11,"70":2,"82":3,"92":2,"101":10,"105":10,"107":10,"108":10,"109":10,"113":2,"114":2,"116":2,"117":2,"121":3,"122":3,"124":3,"125":3,"134":1,"135":1,"136":1},"path":"/home/vhawk19/timeswap/Timeswap-V1-Core/contracts/test/TimeswapPairCallee.sol","s":{"1":21,"2":21,"3":7,"4":11,"5":11,"6":2,"7":3,"8":2,"9":10,"10":10,"11":10,"12":10,"13":10,"14":2,"15":2,"16":2,"17":2,"18":3,"19":3,"20":3,"21":3,"22":1,"23":1,"24":1},"b":{"1":[10,0],"2":[2,0],"3":[3,0]},"f":{"1":21,"2":7,"3":11,"4":11,"5":2,"6":3,"7":2,"8":10,"9":2,"10":3,"11":1},"fnMap":{"1":{"name":"constructor","line":17,"loc":{"start":{"line":17,"column":4},"end":{"line":20,"column":4}}},"2":{"name":"getData","line":34,"loc":{"start":{"line":34,"column":4},"end":{"line":36,"column":4}}},"3":{"name":"getDataMint","line":38,"loc":{"start":{"line":38,"column":4},"end":{"line":40,"column":4}}},"4":{"name":"mint","line":45,"loc":{"start":{"line":45,"column":8},"end":{"line":59,"column":8}}},"5":{"name":"lend","line":62,"loc":{"start":{"line":62,"column":4},"end":{"line":71,"column":4}}},"6":{"name":"borrow","line":74,"loc":{"start":{"line":74,"column":4},"end":{"line":83,"column":4}}},"7":{"name":"pay","line":84,"loc":{"start":{"line":84,"column":4},"end":{"line":93,"column":4}}},"8":{"name":"timeswapMintCallback","line":96,"loc":{"start":{"line":96,"column":4},"end":{"line":110,"column":4}}},"9":{"name":"timeswapLendCallback","line":112,"loc":{"start":{"line":112,"column":4},"end":{"line":118,"column":4}}},"10":{"name":"timeswapBorrowCallback","line":120,"loc":{"start":{"line":120,"column":4},"end":{"line":126,"column":4}}},"11":{"name":"timeswapPayCallback","line":130,"loc":{"start":{"line":130,"column":4},"end":{"line":138,"column":4}}}},"statementMap":{"1":{"start":{"line":18,"column":8},"end":{"line":18,"column":33}},"2":{"start":{"line":19,"column":8},"end":{"line":19,"column":46}},"3":{"start":{"line":35,"column":12},"end":{"line":35,"column":97}},"4":{"start":{"line":39,"column":8},"end":{"line":39,"column":103}},"5":{"start":{"line":58,"column":12},"end":{"line":58,"column":127}},"6":{"start":{"line":70,"column":8},"end":{"line":70,"column":117}},"7":{"start":{"line":82,"column":8},"end":{"line":82,"column":108}},"8":{"start":{"line":92,"column":8},"end":{"line":92,"column":98}},"9":{"start":{"line":101,"column":8},"end":{"line":101,"column":3137}},"10":{"start":{"line":105,"column":8},"end":{"line":105,"column":63}},"11":{"start":{"line":107,"column":8},"end":{"line":107,"column":61}},"12":{"start":{"line":108,"column":8},"end":{"line":108,"column":60}},"13":{"start":{"line":109,"column":8},"end":{"line":109,"column":75}},"14":{"start":{"line":113,"column":8},"end":{"line":113,"column":101}},"15":{"start":{"line":114,"column":8},"end":{"line":114,"column":63}},"16":{"start":{"line":116,"column":8},"end":{"line":116,"column":61}},"17":{"start":{"line":117,"column":8},"end":{"line":117,"column":55}},"18":{"start":{"line":121,"column":8},"end":{"line":121,"column":101}},"19":{"start":{"line":122,"column":8},"end":{"line":122,"column":63}},"20":{"start":{"line":124,"column":8},"end":{"line":124,"column":61}},"21":{"start":{"line":125,"column":8},"end":{"line":125,"column":65}},"22":{"start":{"line":134,"column":8},"end":{"line":134,"column":101}},"23":{"start":{"line":135,"column":8},"end":{"line":135,"column":63}},"24":{"start":{"line":136,"column":8},"end":{"line":136,"column":55}}},"branchMap":{"1":{"line":107,"type":"if","locations":[{"start":{"line":107,"column":8},"end":{"line":107,"column":8}},{"start":{"line":107,"column":8},"end":{"line":107,"column":8}}]},"2":{"line":116,"type":"if","locations":[{"start":{"line":116,"column":8},"end":{"line":116,"column":8}},{"start":{"line":116,"column":8},"end":{"line":116,"column":8}}]},"3":{"line":124,"type":"if","locations":[{"start":{"line":124,"column":8},"end":{"line":124,"column":8}},{"start":{"line":124,"column":8},"end":{"line":124,"column":8}}]}}},"contracts/TimeswapFactory.sol":{"l":{"38":52,"39":51,"40":51,"41":51,"48":14,"49":13,"50":11,"52":10,"54":10,"56":10,"61":4,"62":3,"63":2,"65":2,"70":2,"71":1,"73":1},"path":"/home/vhawk19/timeswap/Timeswap-V1-Core/contracts/TimeswapFactory.sol","s":{"1":52,"2":51,"3":51,"4":51,"5":14,"6":13,"7":11,"8":10,"9":10,"10":10,"11":4,"12":3,"13":2,"14":2,"15":2,"16":1,"17":1},"b":{"1":[51,1],"2":[13,1],"3":[11,2],"4":[10,1],"5":[3,1],"6":[2,1],"7":[1,1]},"f":{"1":52,"2":14,"3":4,"4":2},"fnMap":{"1":{"name":"constructor","line":33,"loc":{"start":{"line":33,"column":4},"end":{"line":42,"column":4}}},"2":{"name":"createPair","line":47,"loc":{"start":{"line":47,"column":4},"end":{"line":57,"column":4}}},"3":{"name":"setOwner","line":60,"loc":{"start":{"line":60,"column":4},"end":{"line":66,"column":4}}},"4":{"name":"acceptOwner","line":69,"loc":{"start":{"line":69,"column":4},"end":{"line":74,"column":4}}}},"statementMap":{"1":{"start":{"line":38,"column":8},"end":{"line":38,"column":44}},"2":{"start":{"line":39,"column":8},"end":{"line":39,"column":21}},"3":{"start":{"line":40,"column":8},"end":{"line":40,"column":17}},"4":{"start":{"line":41,"column":8},"end":{"line":41,"column":33}},"5":{"start":{"line":48,"column":8},"end":{"line":48,"column":48}},"6":{"start":{"line":49,"column":8},"end":{"line":49,"column":87}},"7":{"start":{"line":50,"column":8},"end":{"line":50,"column":72}},"8":{"start":{"line":52,"column":8},"end":{"line":52,"column":115}},"9":{"start":{"line":54,"column":8},"end":{"line":54,"column":40}},"10":{"start":{"line":56,"column":8},"end":{"line":56,"column":48}},"11":{"start":{"line":61,"column":8},"end":{"line":61,"column":48}},"12":{"start":{"line":62,"column":8},"end":{"line":62,"column":51}},"13":{"start":{"line":63,"column":8},"end":{"line":63,"column":35}},"14":{"start":{"line":65,"column":8},"end":{"line":65,"column":36}},"15":{"start":{"line":70,"column":8},"end":{"line":70,"column":55}},"16":{"start":{"line":71,"column":8},"end":{"line":71,"column":25}},"17":{"start":{"line":73,"column":8},"end":{"line":73,"column":36}}},"branchMap":{"1":{"line":38,"type":"if","locations":[{"start":{"line":38,"column":8},"end":{"line":38,"column":8}},{"start":{"line":38,"column":8},"end":{"line":38,"column":8}}]},"2":{"line":48,"type":"if","locations":[{"start":{"line":48,"column":8},"end":{"line":48,"column":8}},{"start":{"line":48,"column":8},"end":{"line":48,"column":8}}]},"3":{"line":49,"type":"if","locations":[{"start":{"line":49,"column":8},"end":{"line":49,"column":8}},{"start":{"line":49,"column":8},"end":{"line":49,"column":8}}]},"4":{"line":50,"type":"if","locations":[{"start":{"line":50,"column":8},"end":{"line":50,"column":8}},{"start":{"line":50,"column":8},"end":{"line":50,"column":8}}]},"5":{"line":61,"type":"if","locations":[{"start":{"line":61,"column":8},"end":{"line":61,"column":8}},{"start":{"line":61,"column":8},"end":{"line":61,"column":8}}]},"6":{"line":62,"type":"if","locations":[{"start":{"line":62,"column":8},"end":{"line":62,"column":8}},{"start":{"line":62,"column":8},"end":{"line":62,"column":8}}]},"7":{"line":70,"type":"if","locations":[{"start":{"line":70,"column":8},"end":{"line":70,"column":8}},{"start":{"line":70,"column":8},"end":{"line":70,"column":8}}]}}},"contracts/TimeswapPair.sol":{"l":{"49":7,"50":7,"55":7,"60":7,"65":7,"70":7,"75":4,"80":7,"85":4,"102":10,"103":10,"104":10,"105":10,"106":10,"113":22,"114":22,"115":22,"116":19,"140":11,"141":11,"142":11,"143":11,"144":11,"146":10,"148":10,"149":9,"150":9,"152":9,"153":9,"155":1,"161":1,"163":1,"164":1,"166":10,"167":10,"169":10,"170":10,"171":10,"173":10,"175":10,"178":10,"179":10,"180":10,"182":10,"183":10,"184":10,"186":10,"187":10,"197":3,"198":3,"199":3,"200":3,"202":2,"204":2,"205":2,"207":2,"209":2,"211":2,"212":2,"214":2,"215":2,"217":2,"230":2,"231":2,"232":2,"233":2,"234":2,"236":2,"237":2,"239":2,"241":2,"242":2,"244":2,"246":2,"247":2,"249":2,"250":2,"252":2,"254":2,"255":2,"256":2,"258":2,"259":2,"269":1,"270":1,"271":1,"272":1,"274":1,"276":1,"277":1,"279":1,"280":1,"282":1,"284":1,"285":1,"287":1,"288":1,"290":1,"291":1,"293":1,"306":3,"307":3,"308":3,"309":3,"310":3,"311":3,"312":3,"314":3,"316":3,"318":3,"319":3,"321":3,"323":3,"325":3,"326":3,"327":3,"329":3,"330":3,"331":3,"333":3,"334":3,"335":3,"337":3,"352":2,"353":2,"354":2,"355":2,"356":2,"358":2,"360":2,"362":2,"363":2,"364":2,"365":2,"366":1,"367":1,"368":1,"369":1,"370":1,"372":1,"374":1,"375":1,"377":1,"379":1},"path":"/home/vhawk19/timeswap/Timeswap-V1-Core/contracts/TimeswapPair.sol","s":{"1":7,"2":7,"3":7,"4":7,"5":7,"6":7,"7":4,"8":7,"9":4,"10":10,"11":10,"12":10,"13":10,"14":10,"15":22,"16":22,"17":19,"18":11,"19":11,"20":11,"21":11,"22":11,"23":10,"24":10,"25":9,"26":9,"27":9,"28":9,"29":1,"30":1,"31":1,"32":1,"33":10,"34":10,"35":10,"36":10,"37":10,"38":10,"39":10,"40":10,"41":10,"42":10,"43":10,"44":10,"45":10,"46":10,"47":10,"48":3,"49":3,"50":3,"51":3,"52":2,"53":2,"54":2,"55":2,"56":2,"57":2,"58":2,"59":2,"60":2,"61":2,"62":2,"63":2,"64":2,"65":2,"66":2,"67":2,"68":2,"69":2,"70":2,"71":2,"72":2,"73":2,"74":2,"75":2,"76":2,"77":2,"78":2,"79":2,"80":2,"81":2,"82":2,"83":2,"84":2,"85":1,"86":1,"87":1,"88":1,"89":1,"90":1,"91":1,"92":1,"93":1,"94":1,"95":1,"96":1,"97":1,"98":1,"99":1,"100":1,"101":1,"102":0,"103":1,"104":3,"105":3,"106":3,"107":3,"108":3,"109":3,"110":3,"111":3,"112":3,"113":3,"114":3,"115":3,"116":3,"117":3,"118":3,"119":3,"120":3,"121":3,"122":3,"123":3,"124":3,"125":3,"126":3,"127":2,"128":2,"129":2,"130":2,"131":2,"132":2,"133":2,"134":2,"135":2,"136":2,"137":2,"138":1,"139":1,"140":1,"141":1,"142":1,"143":1,"144":1,"145":1,"146":1,"147":1,"148":1,"149":1,"150":1},"b":{"1":[22,0],"2":[11,0],"3":[11,0],"4":[11,0],"5":[11,0],"6":[10,1],"7":[9,1],"8":[10,0],"9":[3,0],"10":[3,0],"11":[3,0],"12":[2,1],"13":[2,0],"14":[2,0],"15":[2,0],"16":[2,0],"17":[2,0],"18":[2,0],"19":[2,0],"20":[2,0],"21":[1,0],"22":[1,0],"23":[1,0],"24":[1,0],"25":[1,0],"26":[0,1],"27":[3,0],"28":[3,0],"29":[3,0],"30":[3,0],"31":[3,0],"32":[3,0],"33":[2,0],"34":[2,0],"35":[2,0],"36":[2,0],"37":[2,0],"38":[2,0],"39":[1,1],"40":[0,1],"41":[1,0],"42":[1,0]},"f":{"1":7,"2":7,"3":7,"4":7,"5":7,"6":4,"7":7,"8":4,"9":10,"10":22,"11":11,"12":3,"13":2,"14":1,"15":3,"16":2},"fnMap":{"1":{"name":"constantProduct","line":48,"loc":{"start":{"line":48,"column":4},"end":{"line":51,"column":4}}},"2":{"name":"totalReserves","line":54,"loc":{"start":{"line":54,"column":4},"end":{"line":56,"column":4}}},"3":{"name":"totalLiquidity","line":59,"loc":{"start":{"line":59,"column":4},"end":{"line":61,"column":4}}},"4":{"name":"liquidityOf","line":64,"loc":{"start":{"line":64,"column":4},"end":{"line":66,"column":4}}},"5":{"name":"totalClaims","line":69,"loc":{"start":{"line":69,"column":4},"end":{"line":71,"column":4}}},"6":{"name":"claimsOf","line":74,"loc":{"start":{"line":74,"column":4},"end":{"line":76,"column":4}}},"7":{"name":"totalDebtCreated","line":79,"loc":{"start":{"line":79,"column":4},"end":{"line":81,"column":4}}},"8":{"name":"duesOf","line":84,"loc":{"start":{"line":84,"column":4},"end":{"line":86,"column":4}}},"9":{"name":"constructor","line":96,"loc":{"start":{"line":96,"column":4},"end":{"line":107,"column":4}}},"10":{"name":"lock","line":112,"loc":{"start":{"line":112,"column":4},"end":{"line":117,"column":4}}},"11":{"name":"mint","line":133,"loc":{"start":{"line":122,"column":4},"end":{"line":188,"column":4}}},"12":{"name":"burn","line":196,"loc":{"start":{"line":191,"column":4},"end":{"line":218,"column":4}}},"13":{"name":"lend","line":229,"loc":{"start":{"line":221,"column":4},"end":{"line":260,"column":4}}},"14":{"name":"withdraw","line":268,"loc":{"start":{"line":263,"column":4},"end":{"line":294,"column":4}}},"15":{"name":"borrow","line":305,"loc":{"start":{"line":297,"column":4},"end":{"line":339,"column":4}}},"16":{"name":"pay","line":350,"loc":{"start":{"line":342,"column":4},"end":{"line":380,"column":4}}}},"statementMap":{"1":{"start":{"line":49,"column":8},"end":{"line":49,"column":50}},"2":{"start":{"line":50,"column":8},"end":{"line":50,"column":42}},"3":{"start":{"line":55,"column":8},"end":{"line":55,"column":45}},"4":{"start":{"line":60,"column":8},"end":{"line":60,"column":51}},"5":{"start":{"line":65,"column":8},"end":{"line":65,"column":49}},"6":{"start":{"line":70,"column":8},"end":{"line":70,"column":48}},"7":{"start":{"line":75,"column":8},"end":{"line":75,"column":44}},"8":{"start":{"line":80,"column":8},"end":{"line":80,"column":53}},"9":{"start":{"line":85,"column":8},"end":{"line":85,"column":42}},"10":{"start":{"line":102,"column":8},"end":{"line":102,"column":37}},"11":{"start":{"line":103,"column":8},"end":{"line":103,"column":21}},"12":{"start":{"line":104,"column":8},"end":{"line":104,"column":31}},"13":{"start":{"line":105,"column":8},"end":{"line":105,"column":17}},"14":{"start":{"line":106,"column":8},"end":{"line":106,"column":33}},"15":{"start":{"line":113,"column":8},"end":{"line":113,"column":41}},"16":{"start":{"line":114,"column":8},"end":{"line":114,"column":17}},"17":{"start":{"line":116,"column":8},"end":{"line":116,"column":17}},"18":{"start":{"line":140,"column":8},"end":{"line":140,"column":53}},"19":{"start":{"line":141,"column":8},"end":{"line":141,"column":72}},"20":{"start":{"line":142,"column":8},"end":{"line":142,"column":81}},"21":{"start":{"line":143,"column":8},"end":{"line":143,"column":40}},"22":{"start":{"line":144,"column":8},"end":{"line":144,"column":57}},"23":{"start":{"line":146,"column":8},"end":{"line":146,"column":43}},"24":{"start":{"line":148,"column":8},"end":{"line":148,"column":4849}},"25":{"start":{"line":149,"column":12},"end":{"line":149,"column":74}},"26":{"start":{"line":150,"column":12},"end":{"line":150,"column":86}},"27":{"start":{"line":152,"column":12},"end":{"line":152,"column":54}},"28":{"start":{"line":153,"column":12},"end":{"line":153,"column":77}},"29":{"start":{"line":155,"column":12},"end":{"line":155,"column":5224}},"30":{"start":{"line":161,"column":12},"end":{"line":161,"column":86}},"31":{"start":{"line":163,"column":12},"end":{"line":163,"column":54}},"32":{"start":{"line":164,"column":12},"end":{"line":164,"column":77}},"33":{"start":{"line":166,"column":8},"end":{"line":166,"column":43}},"34":{"start":{"line":167,"column":8},"end":{"line":167,"column":52}},"35":{"start":{"line":169,"column":8},"end":{"line":169,"column":69}},"36":{"start":{"line":170,"column":8},"end":{"line":170,"column":92}},"37":{"start":{"line":171,"column":8},"end":{"line":171,"column":44}},"38":{"start":{"line":173,"column":8},"end":{"line":173,"column":75}},"39":{"start":{"line":175,"column":8},"end":{"line":175,"column":43}},"40":{"start":{"line":178,"column":8},"end":{"line":178,"column":45}},"41":{"start":{"line":179,"column":8},"end":{"line":179,"column":58}},"42":{"start":{"line":180,"column":8},"end":{"line":180,"column":49}},"43":{"start":{"line":182,"column":8},"end":{"line":182,"column":32}},"44":{"start":{"line":183,"column":8},"end":{"line":183,"column":32}},"45":{"start":{"line":184,"column":8},"end":{"line":184,"column":32}},"46":{"start":{"line":186,"column":8},"end":{"line":186,"column":39}},"47":{"start":{"line":187,"column":8},"end":{"line":187,"column":96}},"48":{"start":{"line":197,"column":8},"end":{"line":197,"column":53}},"49":{"start":{"line":198,"column":8},"end":{"line":198,"column":75}},"50":{"start":{"line":199,"column":8},"end":{"line":199,"column":84}},"51":{"start":{"line":200,"column":8},"end":{"line":200,"column":42}},"52":{"start":{"line":202,"column":8},"end":{"line":202,"column":43}},"53":{"start":{"line":204,"column":8},"end":{"line":204,"column":67}},"54":{"start":{"line":205,"column":8},"end":{"line":205,"column":77}},"55":{"start":{"line":207,"column":8},"end":{"line":207,"column":47}},"56":{"start":{"line":209,"column":8},"end":{"line":209,"column":50}},"57":{"start":{"line":211,"column":8},"end":{"line":211,"column":51}},"58":{"start":{"line":212,"column":8},"end":{"line":212,"column":61}},"59":{"start":{"line":214,"column":8},"end":{"line":214,"column":77}},"60":{"start":{"line":214,"column":33},"end":{"line":214,"column":76}},"61":{"start":{"line":215,"column":8},"end":{"line":215,"column":97}},"62":{"start":{"line":215,"column":38},"end":{"line":215,"column":96}},"63":{"start":{"line":217,"column":8},"end":{"line":217,"column":86}},"64":{"start":{"line":230,"column":8},"end":{"line":230,"column":53}},"65":{"start":{"line":231,"column":8},"end":{"line":231,"column":73}},"66":{"start":{"line":232,"column":8},"end":{"line":232,"column":82}},"67":{"start":{"line":233,"column":8},"end":{"line":233,"column":40}},"68":{"start":{"line":234,"column":8},"end":{"line":234,"column":57}},"69":{"start":{"line":236,"column":8},"end":{"line":236,"column":43}},"70":{"start":{"line":237,"column":8},"end":{"line":237,"column":56}},"71":{"start":{"line":239,"column":8},"end":{"line":239,"column":71}},"72":{"start":{"line":241,"column":8},"end":{"line":241,"column":72}},"73":{"start":{"line":242,"column":8},"end":{"line":242,"column":94}},"74":{"start":{"line":244,"column":8},"end":{"line":244,"column":44}},"75":{"start":{"line":246,"column":8},"end":{"line":246,"column":52}},"76":{"start":{"line":247,"column":8},"end":{"line":247,"column":62}},"77":{"start":{"line":249,"column":8},"end":{"line":249,"column":49}},"78":{"start":{"line":250,"column":8},"end":{"line":250,"column":64}},"79":{"start":{"line":252,"column":8},"end":{"line":252,"column":45}},"80":{"start":{"line":254,"column":8},"end":{"line":254,"column":32}},"81":{"start":{"line":255,"column":8},"end":{"line":255,"column":32}},"82":{"start":{"line":256,"column":8},"end":{"line":256,"column":32}},"83":{"start":{"line":258,"column":8},"end":{"line":258,"column":39}},"84":{"start":{"line":259,"column":8},"end":{"line":259,"column":82}},"85":{"start":{"line":269,"column":8},"end":{"line":269,"column":53}},"86":{"start":{"line":270,"column":8},"end":{"line":270,"column":75}},"87":{"start":{"line":271,"column":8},"end":{"line":271,"column":84}},"88":{"start":{"line":272,"column":8},"end":{"line":272,"column":70}},"89":{"start":{"line":274,"column":8},"end":{"line":274,"column":43}},"90":{"start":{"line":276,"column":8},"end":{"line":276,"column":73}},"91":{"start":{"line":277,"column":8},"end":{"line":277,"column":88}},"92":{"start":{"line":279,"column":8},"end":{"line":279,"column":51}},"93":{"start":{"line":280,"column":8},"end":{"line":280,"column":61}},"94":{"start":{"line":282,"column":8},"end":{"line":282,"column":55}},"95":{"start":{"line":284,"column":8},"end":{"line":284,"column":35}},"96":{"start":{"line":285,"column":8},"end":{"line":285,"column":45}},"97":{"start":{"line":287,"column":8},"end":{"line":287,"column":51}},"98":{"start":{"line":288,"column":8},"end":{"line":288,"column":61}},"99":{"start":{"line":290,"column":8},"end":{"line":290,"column":77}},"100":{"start":{"line":290,"column":33},"end":{"line":290,"column":76}},"101":{"start":{"line":291,"column":8},"end":{"line":291,"column":97}},"102":{"start":{"line":291,"column":38},"end":{"line":291,"column":96}},"103":{"start":{"line":293,"column":8},"end":{"line":293,"column":87}},"104":{"start":{"line":306,"column":8},"end":{"line":306,"column":53}},"105":{"start":{"line":307,"column":8},"end":{"line":307,"column":68}},"106":{"start":{"line":308,"column":8},"end":{"line":308,"column":77}},"107":{"start":{"line":309,"column":8},"end":{"line":309,"column":40}},"108":{"start":{"line":310,"column":8},"end":{"line":310,"column":57}},"109":{"start":{"line":311,"column":8},"end":{"line":311,"column":43}},"110":{"start":{"line":312,"column":8},"end":{"line":312,"column":56}},"111":{"start":{"line":314,"column":8},"end":{"line":314,"column":73}},"112":{"start":{"line":316,"column":8},"end":{"line":316,"column":71}},"113":{"start":{"line":318,"column":8},"end":{"line":318,"column":95}},"114":{"start":{"line":319,"column":8},"end":{"line":319,"column":44}},"115":{"start":{"line":321,"column":8},"end":{"line":321,"column":59}},"116":{"start":{"line":323,"column":8},"end":{"line":323,"column":43}},"117":{"start":{"line":325,"column":8},"end":{"line":325,"column":45}},"118":{"start":{"line":326,"column":8},"end":{"line":326,"column":58}},"119":{"start":{"line":327,"column":8},"end":{"line":327,"column":49}},"120":{"start":{"line":329,"column":8},"end":{"line":329,"column":32}},"121":{"start":{"line":330,"column":8},"end":{"line":330,"column":32}},"122":{"start":{"line":331,"column":8},"end":{"line":331,"column":32}},"123":{"start":{"line":333,"column":8},"end":{"line":333,"column":45}},"124":{"start":{"line":334,"column":8},"end":{"line":334,"column":45}},"125":{"start":{"line":335,"column":8},"end":{"line":335,"column":34}},"126":{"start":{"line":337,"column":8},"end":{"line":337,"column":39}},"127":{"start":{"line":352,"column":8},"end":{"line":352,"column":53}},"128":{"start":{"line":353,"column":8},"end":{"line":353,"column":56}},"129":{"start":{"line":354,"column":8},"end":{"line":354,"column":62}},"130":{"start":{"line":355,"column":8},"end":{"line":355,"column":40}},"131":{"start":{"line":356,"column":8},"end":{"line":356,"column":46}},"132":{"start":{"line":358,"column":8},"end":{"line":358,"column":43}},"133":{"start":{"line":360,"column":8},"end":{"line":360,"column":45}},"134":{"start":{"line":362,"column":8},"end":{"line":362,"column":12997}},"135":{"start":{"line":363,"column":12},"end":{"line":363,"column":42}},"136":{"start":{"line":364,"column":12},"end":{"line":364,"column":66}},"137":{"start":{"line":365,"column":12},"end":{"line":365,"column":81}},"138":{"start":{"line":365,"column":37},"end":{"line":365,"column":80}},"139":{"start":{"line":366,"column":12},"end":{"line":366,"column":73}},"140":{"start":{"line":367,"column":12},"end":{"line":367,"column":34}},"141":{"start":{"line":368,"column":12},"end":{"line":368,"column":46}},"142":{"start":{"line":369,"column":12},"end":{"line":369,"column":33}},"143":{"start":{"line":370,"column":12},"end":{"line":370,"column":45}},"144":{"start":{"line":372,"column":8},"end":{"line":372,"column":59}},"145":{"start":{"line":372,"column":25},"end":{"line":372,"column":58}},"146":{"start":{"line":374,"column":8},"end":{"line":374,"column":43}},"147":{"start":{"line":375,"column":8},"end":{"line":375,"column":54}},"148":{"start":{"line":377,"column":8},"end":{"line":377,"column":73}},"149":{"start":{"line":377,"column":31},"end":{"line":377,"column":72}},"150":{"start":{"line":379,"column":8},"end":{"line":379,"column":104}}},"branchMap":{"1":{"line":113,"type":"if","locations":[{"start":{"line":113,"column":8},"end":{"line":113,"column":8}},{"start":{"line":113,"column":8},"end":{"line":113,"column":8}}]},"2":{"line":140,"type":"if","locations":[{"start":{"line":140,"column":8},"end":{"line":140,"column":8}},{"start":{"line":140,"column":8},"end":{"line":140,"column":8}}]},"3":{"line":141,"type":"if","locations":[{"start":{"line":141,"column":8},"end":{"line":141,"column":8}},{"start":{"line":141,"column":8},"end":{"line":141,"column":8}}]},"4":{"line":142,"type":"if","locations":[{"start":{"line":142,"column":8},"end":{"line":142,"column":8}},{"start":{"line":142,"column":8},"end":{"line":142,"column":8}}]},"5":{"line":143,"type":"if","locations":[{"start":{"line":143,"column":8},"end":{"line":143,"column":8}},{"start":{"line":143,"column":8},"end":{"line":143,"column":8}}]},"6":{"line":144,"type":"if","locations":[{"start":{"line":144,"column":8},"end":{"line":144,"column":8}},{"start":{"line":144,"column":8},"end":{"line":144,"column":8}}]},"7":{"line":148,"type":"if","locations":[{"start":{"line":148,"column":8},"end":{"line":148,"column":8}},{"start":{"line":148,"column":8},"end":{"line":148,"column":8}}]},"8":{"line":166,"type":"if","locations":[{"start":{"line":166,"column":8},"end":{"line":166,"column":8}},{"start":{"line":166,"column":8},"end":{"line":166,"column":8}}]},"9":{"line":197,"type":"if","locations":[{"start":{"line":197,"column":8},"end":{"line":197,"column":8}},{"start":{"line":197,"column":8},"end":{"line":197,"column":8}}]},"10":{"line":198,"type":"if","locations":[{"start":{"line":198,"column":8},"end":{"line":198,"column":8}},{"start":{"line":198,"column":8},"end":{"line":198,"column":8}}]},"11":{"line":199,"type":"if","locations":[{"start":{"line":199,"column":8},"end":{"line":199,"column":8}},{"start":{"line":199,"column":8},"end":{"line":199,"column":8}}]},"12":{"line":200,"type":"if","locations":[{"start":{"line":200,"column":8},"end":{"line":200,"column":8}},{"start":{"line":200,"column":8},"end":{"line":200,"column":8}}]},"13":{"line":214,"type":"if","locations":[{"start":{"line":214,"column":8},"end":{"line":214,"column":8}},{"start":{"line":214,"column":8},"end":{"line":214,"column":8}}]},"14":{"line":215,"type":"if","locations":[{"start":{"line":215,"column":8},"end":{"line":215,"column":8}},{"start":{"line":215,"column":8},"end":{"line":215,"column":8}}]},"15":{"line":230,"type":"if","locations":[{"start":{"line":230,"column":8},"end":{"line":230,"column":8}},{"start":{"line":230,"column":8},"end":{"line":230,"column":8}}]},"16":{"line":231,"type":"if","locations":[{"start":{"line":231,"column":8},"end":{"line":231,"column":8}},{"start":{"line":231,"column":8},"end":{"line":231,"column":8}}]},"17":{"line":232,"type":"if","locations":[{"start":{"line":232,"column":8},"end":{"line":232,"column":8}},{"start":{"line":232,"column":8},"end":{"line":232,"column":8}}]},"18":{"line":233,"type":"if","locations":[{"start":{"line":233,"column":8},"end":{"line":233,"column":8}},{"start":{"line":233,"column":8},"end":{"line":233,"column":8}}]},"19":{"line":234,"type":"if","locations":[{"start":{"line":234,"column":8},"end":{"line":234,"column":8}},{"start":{"line":234,"column":8},"end":{"line":234,"column":8}}]},"20":{"line":237,"type":"if","locations":[{"start":{"line":237,"column":8},"end":{"line":237,"column":8}},{"start":{"line":237,"column":8},"end":{"line":237,"column":8}}]},"21":{"line":269,"type":"if","locations":[{"start":{"line":269,"column":8},"end":{"line":269,"column":8}},{"start":{"line":269,"column":8},"end":{"line":269,"column":8}}]},"22":{"line":270,"type":"if","locations":[{"start":{"line":270,"column":8},"end":{"line":270,"column":8}},{"start":{"line":270,"column":8},"end":{"line":270,"column":8}}]},"23":{"line":271,"type":"if","locations":[{"start":{"line":271,"column":8},"end":{"line":271,"column":8}},{"start":{"line":271,"column":8},"end":{"line":271,"column":8}}]},"24":{"line":272,"type":"if","locations":[{"start":{"line":272,"column":8},"end":{"line":272,"column":8}},{"start":{"line":272,"column":8},"end":{"line":272,"column":8}}]},"25":{"line":290,"type":"if","locations":[{"start":{"line":290,"column":8},"end":{"line":290,"column":8}},{"start":{"line":290,"column":8},"end":{"line":290,"column":8}}]},"26":{"line":291,"type":"if","locations":[{"start":{"line":291,"column":8},"end":{"line":291,"column":8}},{"start":{"line":291,"column":8},"end":{"line":291,"column":8}}]},"27":{"line":306,"type":"if","locations":[{"start":{"line":306,"column":8},"end":{"line":306,"column":8}},{"start":{"line":306,"column":8},"end":{"line":306,"column":8}}]},"28":{"line":307,"type":"if","locations":[{"start":{"line":307,"column":8},"end":{"line":307,"column":8}},{"start":{"line":307,"column":8},"end":{"line":307,"column":8}}]},"29":{"line":308,"type":"if","locations":[{"start":{"line":308,"column":8},"end":{"line":308,"column":8}},{"start":{"line":308,"column":8},"end":{"line":308,"column":8}}]},"30":{"line":309,"type":"if","locations":[{"start":{"line":309,"column":8},"end":{"line":309,"column":8}},{"start":{"line":309,"column":8},"end":{"line":309,"column":8}}]},"31":{"line":310,"type":"if","locations":[{"start":{"line":310,"column":8},"end":{"line":310,"column":8}},{"start":{"line":310,"column":8},"end":{"line":310,"column":8}}]},"32":{"line":312,"type":"if","locations":[{"start":{"line":312,"column":8},"end":{"line":312,"column":8}},{"start":{"line":312,"column":8},"end":{"line":312,"column":8}}]},"33":{"line":352,"type":"if","locations":[{"start":{"line":352,"column":8},"end":{"line":352,"column":8}},{"start":{"line":352,"column":8},"end":{"line":352,"column":8}}]},"34":{"line":353,"type":"if","locations":[{"start":{"line":353,"column":8},"end":{"line":353,"column":8}},{"start":{"line":353,"column":8},"end":{"line":353,"column":8}}]},"35":{"line":354,"type":"if","locations":[{"start":{"line":354,"column":8},"end":{"line":354,"column":8}},{"start":{"line":354,"column":8},"end":{"line":354,"column":8}}]},"36":{"line":355,"type":"if","locations":[{"start":{"line":355,"column":8},"end":{"line":355,"column":8}},{"start":{"line":355,"column":8},"end":{"line":355,"column":8}}]},"37":{"line":356,"type":"if","locations":[{"start":{"line":356,"column":8},"end":{"line":356,"column":8}},{"start":{"line":356,"column":8},"end":{"line":356,"column":8}}]},"38":{"line":364,"type":"if","locations":[{"start":{"line":364,"column":12},"end":{"line":364,"column":12}},{"start":{"line":364,"column":12},"end":{"line":364,"column":12}}]},"39":{"line":365,"type":"if","locations":[{"start":{"line":365,"column":12},"end":{"line":365,"column":12}},{"start":{"line":365,"column":12},"end":{"line":365,"column":12}}]},"40":{"line":365,"type":"if","locations":[{"start":{"line":365,"column":37},"end":{"line":365,"column":37}},{"start":{"line":365,"column":37},"end":{"line":365,"column":37}}]},"41":{"line":372,"type":"if","locations":[{"start":{"line":372,"column":8},"end":{"line":372,"column":8}},{"start":{"line":372,"column":8},"end":{"line":372,"column":8}}]},"42":{"line":377,"type":"if","locations":[{"start":{"line":377,"column":8},"end":{"line":377,"column":8}},{"start":{"line":377,"column":8},"end":{"line":377,"column":8}}]}}}}