{"contracts/interfaces/callback/ITimeswapBorrowCallback.sol":{"l":{},"path":"/Users/dsukhani/Desktop/code/Timeswap-V1-Core/contracts/interfaces/callback/ITimeswapBorrowCallback.sol","s":{},"b":{},"f":{},"fnMap":{},"statementMap":{},"branchMap":{}},"contracts/interfaces/callback/ITimeswapLendCallback.sol":{"l":{},"path":"/Users/dsukhani/Desktop/code/Timeswap-V1-Core/contracts/interfaces/callback/ITimeswapLendCallback.sol","s":{},"b":{},"f":{},"fnMap":{},"statementMap":{},"branchMap":{}},"contracts/interfaces/callback/ITimeswapMintCallback.sol":{"l":{},"path":"/Users/dsukhani/Desktop/code/Timeswap-V1-Core/contracts/interfaces/callback/ITimeswapMintCallback.sol","s":{},"b":{},"f":{},"fnMap":{},"statementMap":{},"branchMap":{}},"contracts/interfaces/callback/ITimeswapPayCallback.sol":{"l":{},"path":"/Users/dsukhani/Desktop/code/Timeswap-V1-Core/contracts/interfaces/callback/ITimeswapPayCallback.sol","s":{},"b":{},"f":{},"fnMap":{},"statementMap":{},"branchMap":{}},"contracts/interfaces/IFactory.sol":{"l":{},"path":"/Users/dsukhani/Desktop/code/Timeswap-V1-Core/contracts/interfaces/IFactory.sol","s":{},"b":{},"f":{},"fnMap":{},"statementMap":{},"branchMap":{}},"contracts/interfaces/IPair.sol":{"l":{},"path":"/Users/dsukhani/Desktop/code/Timeswap-V1-Core/contracts/interfaces/IPair.sol","s":{},"b":{},"f":{},"fnMap":{},"statementMap":{},"branchMap":{}},"contracts/libraries/Array.sol":{"l":{"9":9,"11":9},"path":"/Users/dsukhani/Desktop/code/Timeswap-V1-Core/contracts/libraries/Array.sol","s":{"1":9,"2":9},"b":{},"f":{"1":9},"fnMap":{"1":{"name":"insert","line":8,"loc":{"start":{"line":8,"column":4},"end":{"line":13,"column":4}}}},"statementMap":{"1":{"start":{"line":9,"column":8},"end":{"line":9,"column":23}},"2":{"start":{"line":11,"column":8},"end":{"line":11,"column":24}}},"branchMap":{}},"contracts/libraries/BlockNumber.sol":{"l":{"10":10},"path":"/Users/dsukhani/Desktop/code/Timeswap-V1-Core/contracts/libraries/BlockNumber.sol","s":{"1":10},"b":{},"f":{"1":10},"fnMap":{"1":{"name":"get","line":9,"loc":{"start":{"line":9,"column":4},"end":{"line":11,"column":4}}}},"statementMap":{"1":{"start":{"line":10,"column":8},"end":{"line":10,"column":45}}},"branchMap":{}},"contracts/libraries/BorrowMath.sol":{"l":{"24":2,"25":2,"26":2,"27":2,"28":2,"30":2,"31":2,"32":2,"33":2,"34":2,"35":2,"36":2,"44":4,"45":4,"46":4,"54":2,"55":2,"56":2,"57":2,"58":2,"59":2,"68":2,"69":2,"70":2,"71":2,"72":2,"73":2,"74":2,"75":2,"76":2,"77":2,"78":2},"path":"/Users/dsukhani/Desktop/code/Timeswap-V1-Core/contracts/libraries/BorrowMath.sol","s":{"1":2,"2":2,"3":2,"4":2,"5":2,"6":2,"7":2,"8":2,"9":2,"10":2,"11":2,"12":2,"13":4,"14":4,"15":4,"16":2,"17":2,"18":2,"19":2,"20":2,"21":2,"22":2,"23":2,"24":2,"25":2,"26":2,"27":2,"28":2,"29":2,"30":2,"31":2,"32":2},"b":{"1":[2,0]},"f":{"1":2,"2":4,"3":2,"4":2},"fnMap":{"1":{"name":"check","line":17,"loc":{"start":{"line":17,"column":4},"end":{"line":37,"column":4}}},"2":{"name":"adjust","line":39,"loc":{"start":{"line":39,"column":4},"end":{"line":47,"column":4}}},"3":{"name":"getDebt","line":49,"loc":{"start":{"line":49,"column":4},"end":{"line":60,"column":4}}},"4":{"name":"getCollateral","line":62,"loc":{"start":{"line":62,"column":4},"end":{"line":79,"column":4}}}},"statementMap":{"1":{"start":{"line":24,"column":8},"end":{"line":24,"column":39}},"2":{"start":{"line":25,"column":8},"end":{"line":25,"column":46}},"3":{"start":{"line":26,"column":8},"end":{"line":26,"column":63}},"4":{"start":{"line":27,"column":8},"end":{"line":27,"column":63}},"5":{"start":{"line":28,"column":8},"end":{"line":28,"column":65}},"6":{"start":{"line":30,"column":8},"end":{"line":30,"column":35}},"7":{"start":{"line":31,"column":8},"end":{"line":31,"column":25}},"8":{"start":{"line":32,"column":8},"end":{"line":32,"column":21}},"9":{"start":{"line":33,"column":8},"end":{"line":33,"column":38}},"10":{"start":{"line":34,"column":8},"end":{"line":34,"column":29}},"11":{"start":{"line":35,"column":8},"end":{"line":35,"column":43}},"12":{"start":{"line":36,"column":8},"end":{"line":36,"column":47}},"13":{"start":{"line":44,"column":8},"end":{"line":44,"column":25}},"14":{"start":{"line":45,"column":8},"end":{"line":45,"column":22}},"15":{"start":{"line":46,"column":8},"end":{"line":46,"column":37}},"16":{"start":{"line":54,"column":8},"end":{"line":54,"column":34}},"17":{"start":{"line":55,"column":8},"end":{"line":55,"column":33}},"18":{"start":{"line":56,"column":8},"end":{"line":56,"column":27}},"19":{"start":{"line":57,"column":8},"end":{"line":57,"column":36}},"20":{"start":{"line":58,"column":8},"end":{"line":58,"column":27}},"21":{"start":{"line":59,"column":8},"end":{"line":59,"column":35}},"22":{"start":{"line":68,"column":8},"end":{"line":68,"column":40}},"23":{"start":{"line":69,"column":8},"end":{"line":69,"column":39}},"24":{"start":{"line":70,"column":8},"end":{"line":70,"column":31}},"25":{"start":{"line":71,"column":8},"end":{"line":71,"column":46}},"26":{"start":{"line":72,"column":8},"end":{"line":72,"column":37}},"27":{"start":{"line":73,"column":8},"end":{"line":73,"column":31}},"28":{"start":{"line":74,"column":8},"end":{"line":74,"column":38}},"29":{"start":{"line":75,"column":8},"end":{"line":75,"column":25}},"30":{"start":{"line":76,"column":8},"end":{"line":76,"column":88}},"31":{"start":{"line":77,"column":8},"end":{"line":77,"column":33}},"32":{"start":{"line":78,"column":8},"end":{"line":78,"column":47}}},"branchMap":{"1":{"line":36,"type":"if","locations":[{"start":{"line":36,"column":8},"end":{"line":36,"column":8}},{"start":{"line":36,"column":8},"end":{"line":36,"column":8}}]}}},"contracts/libraries/BurnMath.sol":{"l":{"16":2,"17":2,"18":2,"19":2,"20":2,"21":2,"28":2,"29":2,"30":2,"31":2,"32":2,"34":0,"35":0,"36":0,"37":0,"38":0,"39":0,"40":0,"41":0},"path":"/Users/dsukhani/Desktop/code/Timeswap-V1-Core/contracts/libraries/BurnMath.sol","s":{"1":2,"2":2,"3":0,"4":2,"5":2,"6":2,"7":2,"8":2,"9":2,"10":2,"11":2,"12":2,"13":0,"14":0,"15":0,"16":0,"17":0,"18":0,"19":0,"20":0,"21":0},"b":{"1":[0,2],"2":[2,0],"3":[0,0]},"f":{"1":2,"2":2},"fnMap":{"1":{"name":"getAsset","line":12,"loc":{"start":{"line":12,"column":4},"end":{"line":22,"column":4}}},"2":{"name":"getCollateral","line":24,"loc":{"start":{"line":24,"column":4},"end":{"line":42,"column":4}}}},"statementMap":{"1":{"start":{"line":16,"column":8},"end":{"line":16,"column":51}},"2":{"start":{"line":17,"column":8},"end":{"line":17,"column":67}},"3":{"start":{"line":17,"column":52},"end":{"line":17,"column":67}},"4":{"start":{"line":18,"column":8},"end":{"line":18,"column":40}},"5":{"start":{"line":19,"column":8},"end":{"line":19,"column":42}},"6":{"start":{"line":20,"column":8},"end":{"line":20,"column":70}},"7":{"start":{"line":21,"column":8},"end":{"line":21,"column":39}},"8":{"start":{"line":28,"column":8},"end":{"line":28,"column":51}},"9":{"start":{"line":29,"column":8},"end":{"line":29,"column":58}},"10":{"start":{"line":30,"column":8},"end":{"line":30,"column":1010}},"11":{"start":{"line":31,"column":12},"end":{"line":31,"column":84}},"12":{"start":{"line":32,"column":12},"end":{"line":32,"column":61}},"13":{"start":{"line":34,"column":8},"end":{"line":34,"column":48}},"14":{"start":{"line":35,"column":8},"end":{"line":35,"column":30}},"15":{"start":{"line":36,"column":8},"end":{"line":36,"column":45}},"16":{"start":{"line":37,"column":8},"end":{"line":37,"column":95}},"17":{"start":{"line":37,"column":75},"end":{"line":37,"column":95}},"18":{"start":{"line":38,"column":8},"end":{"line":38,"column":47}},"19":{"start":{"line":39,"column":8},"end":{"line":39,"column":32}},"20":{"start":{"line":40,"column":8},"end":{"line":40,"column":105}},"21":{"start":{"line":41,"column":8},"end":{"line":41,"column":49}}},"branchMap":{"1":{"line":17,"type":"if","locations":[{"start":{"line":17,"column":8},"end":{"line":17,"column":8}},{"start":{"line":17,"column":8},"end":{"line":17,"column":8}}]},"2":{"line":30,"type":"if","locations":[{"start":{"line":30,"column":8},"end":{"line":30,"column":8}},{"start":{"line":30,"column":8},"end":{"line":30,"column":8}}]},"3":{"line":37,"type":"if","locations":[{"start":{"line":37,"column":8},"end":{"line":37,"column":8}},{"start":{"line":37,"column":8},"end":{"line":37,"column":8}}]}}},"contracts/libraries/Callback.sol":{"l":{"24":7,"25":7,"26":7,"27":7,"28":7,"29":7,"30":7,"38":2,"39":2,"40":2,"41":2,"49":2,"50":2,"51":2,"52":2,"60":1,"61":1,"62":1,"63":1},"path":"/Users/dsukhani/Desktop/code/Timeswap-V1-Core/contracts/libraries/Callback.sol","s":{"1":7,"2":7,"3":7,"4":7,"5":7,"6":7,"7":7,"8":2,"9":2,"10":2,"11":2,"12":2,"13":2,"14":2,"15":2,"16":1,"17":1,"18":1,"19":1},"b":{"1":[7,0],"2":[7,0],"3":[2,0],"4":[2,0],"5":[1,0]},"f":{"1":7,"2":2,"3":2,"4":1},"fnMap":{"1":{"name":"mint","line":17,"loc":{"start":{"line":17,"column":4},"end":{"line":31,"column":4}}},"2":{"name":"lend","line":33,"loc":{"start":{"line":33,"column":4},"end":{"line":42,"column":4}}},"3":{"name":"borrow","line":44,"loc":{"start":{"line":44,"column":4},"end":{"line":53,"column":4}}},"4":{"name":"pay","line":55,"loc":{"start":{"line":55,"column":4},"end":{"line":64,"column":4}}}},"statementMap":{"1":{"start":{"line":24,"column":8},"end":{"line":24,"column":50}},"2":{"start":{"line":25,"column":8},"end":{"line":25,"column":60}},"3":{"start":{"line":26,"column":8},"end":{"line":26,"column":90}},"4":{"start":{"line":27,"column":8},"end":{"line":27,"column":51}},"5":{"start":{"line":28,"column":8},"end":{"line":28,"column":61}},"6":{"start":{"line":29,"column":8},"end":{"line":29,"column":61}},"7":{"start":{"line":30,"column":8},"end":{"line":30,"column":76}},"8":{"start":{"line":38,"column":8},"end":{"line":38,"column":50}},"9":{"start":{"line":39,"column":8},"end":{"line":39,"column":76}},"10":{"start":{"line":40,"column":8},"end":{"line":40,"column":51}},"11":{"start":{"line":41,"column":8},"end":{"line":41,"column":61}},"12":{"start":{"line":49,"column":8},"end":{"line":49,"column":60}},"13":{"start":{"line":50,"column":8},"end":{"line":50,"column":85}},"14":{"start":{"line":51,"column":8},"end":{"line":51,"column":61}},"15":{"start":{"line":52,"column":8},"end":{"line":52,"column":76}},"16":{"start":{"line":60,"column":8},"end":{"line":60,"column":50}},"17":{"start":{"line":61,"column":8},"end":{"line":61,"column":74}},"18":{"start":{"line":62,"column":8},"end":{"line":62,"column":51}},"19":{"start":{"line":63,"column":8},"end":{"line":63,"column":61}}},"branchMap":{"1":{"line":29,"type":"if","locations":[{"start":{"line":29,"column":8},"end":{"line":29,"column":8}},{"start":{"line":29,"column":8},"end":{"line":29,"column":8}}]},"2":{"line":30,"type":"if","locations":[{"start":{"line":30,"column":8},"end":{"line":30,"column":8}},{"start":{"line":30,"column":8},"end":{"line":30,"column":8}}]},"3":{"line":41,"type":"if","locations":[{"start":{"line":41,"column":8},"end":{"line":41,"column":8}},{"start":{"line":41,"column":8},"end":{"line":41,"column":8}}]},"4":{"line":52,"type":"if","locations":[{"start":{"line":52,"column":8},"end":{"line":52,"column":8}},{"start":{"line":52,"column":8},"end":{"line":52,"column":8}}]},"5":{"line":63,"type":"if","locations":[{"start":{"line":63,"column":8},"end":{"line":63,"column":8}},{"start":{"line":63,"column":8},"end":{"line":63,"column":8}}]}}},"contracts/libraries/ConstantProduct.sol":{"l":{"16":4,"17":4,"19":4,"20":4},"path":"/Users/dsukhani/Desktop/code/Timeswap-V1-Core/contracts/libraries/ConstantProduct.sol","s":{"1":4,"2":4,"3":4,"4":4,"5":4},"b":{"1":[4,0],"2":[4,0],"3":[4,0]},"f":{"1":4},"fnMap":{"1":{"name":"checkConstantProduct","line":10,"loc":{"start":{"line":10,"column":4},"end":{"line":21,"column":4}}}},"statementMap":{"1":{"start":{"line":16,"column":8},"end":{"line":16,"column":90}},"2":{"start":{"line":17,"column":8},"end":{"line":17,"column":93}},"3":{"start":{"line":19,"column":8},"end":{"line":19,"column":45}},"4":{"start":{"line":20,"column":8},"end":{"line":20,"column":67}},"5":{"start":{"line":20,"column":29},"end":{"line":20,"column":66}}},"branchMap":{"1":{"line":19,"type":"if","locations":[{"start":{"line":19,"column":8},"end":{"line":19,"column":8}},{"start":{"line":19,"column":8},"end":{"line":19,"column":8}}]},"2":{"line":20,"type":"if","locations":[{"start":{"line":20,"column":8},"end":{"line":20,"column":8}},{"start":{"line":20,"column":8},"end":{"line":20,"column":8}}]},"3":{"line":20,"type":"if","locations":[{"start":{"line":20,"column":29},"end":{"line":20,"column":29}},{"start":{"line":20,"column":29},"end":{"line":20,"column":29}}]}}},"contracts/libraries/FullMath.sol":{"l":{"11":30,"29":22,"32":22,"33":22,"34":22,"37":22,"42":0,"50":0,"51":0,"55":0,"63":0,"64":0,"68":0,"73":0,"79":0,"82":0,"89":0,"90":0,"112":0,"125":9,"126":9},"path":"/Users/dsukhani/Desktop/code/Timeswap-V1-Core/contracts/libraries/FullMath.sol","s":{"1":22,"2":22,"3":22,"4":22,"5":0,"6":0,"7":0,"8":0,"9":0,"10":0,"11":9,"12":9},"b":{"1":[22,0],"2":[22,0],"3":[0,0],"4":[9,0]},"f":{"1":30,"2":22,"3":9},"fnMap":{"1":{"name":"mul512","line":5,"loc":{"start":{"line":5,"column":4},"end":{"line":16,"column":4}}},"2":{"name":"mulDiv","line":24,"loc":{"start":{"line":24,"column":4},"end":{"line":113,"column":4}}},"3":{"name":"mulDivUp","line":120,"loc":{"start":{"line":120,"column":4},"end":{"line":127,"column":4}}}},"statementMap":{"1":{"start":{"line":29,"column":8},"end":{"line":29,"column":53}},"2":{"start":{"line":32,"column":8},"end":{"line":32,"column":1273}},"3":{"start":{"line":33,"column":12},"end":{"line":33,"column":35}},"4":{"start":{"line":37,"column":12},"end":{"line":37,"column":25}},"5":{"start":{"line":42,"column":8},"end":{"line":42,"column":35}},"6":{"start":{"line":50,"column":8},"end":{"line":50,"column":25}},"7":{"start":{"line":63,"column":8},"end":{"line":63,"column":20}},"8":{"start":{"line":82,"column":8},"end":{"line":82,"column":28}},"9":{"start":{"line":89,"column":8},"end":{"line":89,"column":19}},"10":{"start":{"line":112,"column":8},"end":{"line":112,"column":21}},"11":{"start":{"line":125,"column":8},"end":{"line":125,"column":41}},"12":{"start":{"line":126,"column":8},"end":{"line":126,"column":51}}},"branchMap":{"1":{"line":32,"type":"if","locations":[{"start":{"line":32,"column":8},"end":{"line":32,"column":8}},{"start":{"line":32,"column":8},"end":{"line":32,"column":8}}]},"2":{"line":33,"type":"if","locations":[{"start":{"line":33,"column":12},"end":{"line":33,"column":12}},{"start":{"line":33,"column":12},"end":{"line":33,"column":12}}]},"3":{"line":42,"type":"if","locations":[{"start":{"line":42,"column":8},"end":{"line":42,"column":8}},{"start":{"line":42,"column":8},"end":{"line":42,"column":8}}]},"4":{"line":126,"type":"if","locations":[{"start":{"line":126,"column":8},"end":{"line":126,"column":8}},{"start":{"line":126,"column":8},"end":{"line":126,"column":8}}]}}},"contracts/libraries/LendMath.sol":{"l":{"21":2,"22":2,"23":2,"24":2,"25":2,"27":2,"28":2,"29":2,"30":2,"31":2,"32":2,"33":2,"41":4,"42":4,"43":4,"51":2,"52":2,"53":2,"54":2,"55":2,"56":2,"65":2,"66":2,"67":2,"68":2,"69":2,"70":2,"71":2,"72":2,"73":2,"74":2,"75":2},"path":"/Users/dsukhani/Desktop/code/Timeswap-V1-Core/contracts/libraries/LendMath.sol","s":{"1":2,"2":2,"3":2,"4":2,"5":2,"6":2,"7":2,"8":2,"9":2,"10":2,"11":2,"12":2,"13":4,"14":4,"15":4,"16":2,"17":2,"18":2,"19":2,"20":2,"21":2,"22":2,"23":2,"24":2,"25":2,"26":2,"27":2,"28":2,"29":2,"30":2,"31":2,"32":2},"b":{"1":[2,0]},"f":{"1":2,"2":4,"3":2,"4":2},"fnMap":{"1":{"name":"check","line":14,"loc":{"start":{"line":14,"column":4},"end":{"line":34,"column":4}}},"2":{"name":"adjust","line":36,"loc":{"start":{"line":36,"column":4},"end":{"line":44,"column":4}}},"3":{"name":"getBond","line":46,"loc":{"start":{"line":46,"column":4},"end":{"line":57,"column":4}}},"4":{"name":"getInsurance","line":59,"loc":{"start":{"line":59,"column":4},"end":{"line":76,"column":4}}}},"statementMap":{"1":{"start":{"line":21,"column":8},"end":{"line":21,"column":39}},"2":{"start":{"line":22,"column":8},"end":{"line":22,"column":46}},"3":{"start":{"line":23,"column":8},"end":{"line":23,"column":63}},"4":{"start":{"line":24,"column":8},"end":{"line":24,"column":63}},"5":{"start":{"line":25,"column":8},"end":{"line":25,"column":65}},"6":{"start":{"line":27,"column":8},"end":{"line":27,"column":35}},"7":{"start":{"line":28,"column":8},"end":{"line":28,"column":25}},"8":{"start":{"line":29,"column":8},"end":{"line":29,"column":21}},"9":{"start":{"line":30,"column":8},"end":{"line":30,"column":38}},"10":{"start":{"line":31,"column":8},"end":{"line":31,"column":29}},"11":{"start":{"line":32,"column":8},"end":{"line":32,"column":29}},"12":{"start":{"line":33,"column":8},"end":{"line":33,"column":47}},"13":{"start":{"line":41,"column":8},"end":{"line":41,"column":25}},"14":{"start":{"line":42,"column":8},"end":{"line":42,"column":22}},"15":{"start":{"line":43,"column":8},"end":{"line":43,"column":37}},"16":{"start":{"line":51,"column":8},"end":{"line":51,"column":35}},"17":{"start":{"line":52,"column":8},"end":{"line":52,"column":34}},"18":{"start":{"line":53,"column":8},"end":{"line":53,"column":28}},"19":{"start":{"line":54,"column":8},"end":{"line":54,"column":22}},"20":{"start":{"line":55,"column":8},"end":{"line":55,"column":28}},"21":{"start":{"line":56,"column":8},"end":{"line":56,"column":37}},"22":{"start":{"line":65,"column":8},"end":{"line":65,"column":40}},"23":{"start":{"line":66,"column":8},"end":{"line":66,"column":39}},"24":{"start":{"line":67,"column":8},"end":{"line":67,"column":31}},"25":{"start":{"line":68,"column":8},"end":{"line":68,"column":46}},"26":{"start":{"line":69,"column":8},"end":{"line":69,"column":37}},"27":{"start":{"line":70,"column":8},"end":{"line":70,"column":31}},"28":{"start":{"line":71,"column":8},"end":{"line":71,"column":38}},"29":{"start":{"line":72,"column":8},"end":{"line":72,"column":25}},"30":{"start":{"line":73,"column":8},"end":{"line":73,"column":86}},"31":{"start":{"line":74,"column":8},"end":{"line":74,"column":33}},"32":{"start":{"line":75,"column":8},"end":{"line":75,"column":47}}},"branchMap":{"1":{"line":33,"type":"if","locations":[{"start":{"line":33,"column":8},"end":{"line":33,"column":8}},{"start":{"line":33,"column":8},"end":{"line":33,"column":8}}]}}},"contracts/libraries/Math.sol":{"l":{"6":2,"7":2,"11":9,"12":9},"path":"/Users/dsukhani/Desktop/code/Timeswap-V1-Core/contracts/libraries/Math.sol","s":{"1":2,"2":2,"3":9,"4":9},"b":{"1":[2,0],"2":[9,0]},"f":{"1":2,"2":9},"fnMap":{"1":{"name":"divUp","line":5,"loc":{"start":{"line":5,"column":4},"end":{"line":8,"column":4}}},"2":{"name":"shiftUp","line":10,"loc":{"start":{"line":10,"column":4},"end":{"line":13,"column":4}}}},"statementMap":{"1":{"start":{"line":6,"column":8},"end":{"line":6,"column":16}},"2":{"start":{"line":7,"column":8},"end":{"line":7,"column":26}},"3":{"start":{"line":11,"column":8},"end":{"line":11,"column":17}},"4":{"start":{"line":12,"column":8},"end":{"line":12,"column":28}}},"branchMap":{"1":{"line":7,"type":"if","locations":[{"start":{"line":7,"column":8},"end":{"line":7,"column":8}},{"start":{"line":7,"column":8},"end":{"line":7,"column":8}}]},"2":{"line":12,"type":"if","locations":[{"start":{"line":12,"column":8},"end":{"line":12,"column":8}},{"start":{"line":12,"column":8},"end":{"line":12,"column":8}}]}}},"contracts/libraries/MintMath.sol":{"l":{"17":7,"18":7,"27":0,"39":7,"40":7,"41":7,"42":7,"43":7,"51":0,"52":0,"54":0,"56":0,"65":7,"66":7,"67":7,"68":7,"69":7,"70":7,"79":7,"80":7,"81":7,"82":7,"83":7,"84":7},"path":"/Users/dsukhani/Desktop/code/Timeswap-V1-Core/contracts/libraries/MintMath.sol","s":{"1":7,"2":7,"3":0,"4":7,"5":7,"6":7,"7":7,"8":7,"9":0,"10":0,"11":0,"12":0,"13":0,"14":7,"15":7,"16":7,"17":7,"18":7,"19":7,"20":7,"21":7,"22":7,"23":7,"24":7,"25":7},"b":{"1":[0,0],"2":[0,0]},"f":{"1":7,"2":0,"3":7,"4":0,"5":7,"6":7},"fnMap":{"1":{"name":"getLiquidityTotal","line":14,"loc":{"start":{"line":14,"column":4},"end":{"line":19,"column":4}}},"2":{"name":"getLiquidityTotal","line":21,"loc":{"start":{"line":21,"column":4},"end":{"line":32,"column":4}}},"3":{"name":"getLiquidity","line":34,"loc":{"start":{"line":34,"column":4},"end":{"line":44,"column":4}}},"4":{"name":"min","line":46,"loc":{"start":{"line":46,"column":4},"end":{"line":58,"column":4}}},"5":{"name":"getDebt","line":60,"loc":{"start":{"line":60,"column":4},"end":{"line":71,"column":4}}},"6":{"name":"getCollateral","line":73,"loc":{"start":{"line":73,"column":4},"end":{"line":85,"column":4}}}},"statementMap":{"1":{"start":{"line":17,"column":8},"end":{"line":17,"column":33}},"2":{"start":{"line":18,"column":8},"end":{"line":18,"column":28}},"3":{"start":{"line":27,"column":8},"end":{"line":27,"column":737}},"4":{"start":{"line":39,"column":8},"end":{"line":39,"column":38}},"5":{"start":{"line":40,"column":8},"end":{"line":40,"column":37}},"6":{"start":{"line":41,"column":8},"end":{"line":41,"column":33}},"7":{"start":{"line":42,"column":8},"end":{"line":42,"column":35}},"8":{"start":{"line":43,"column":8},"end":{"line":43,"column":71}},"9":{"start":{"line":51,"column":8},"end":{"line":51,"column":1482}},"10":{"start":{"line":52,"column":12},"end":{"line":52,"column":16}},"11":{"start":{"line":53,"column":15},"end":{"line":53,"column":1540}},"12":{"start":{"line":54,"column":12},"end":{"line":54,"column":16}},"13":{"start":{"line":56,"column":12},"end":{"line":56,"column":16}},"14":{"start":{"line":65,"column":8},"end":{"line":65,"column":34}},"15":{"start":{"line":66,"column":8},"end":{"line":66,"column":33}},"16":{"start":{"line":67,"column":8},"end":{"line":67,"column":27}},"17":{"start":{"line":68,"column":8},"end":{"line":68,"column":36}},"18":{"start":{"line":69,"column":8},"end":{"line":69,"column":27}},"19":{"start":{"line":70,"column":8},"end":{"line":70,"column":35}},"20":{"start":{"line":79,"column":8},"end":{"line":79,"column":40}},"21":{"start":{"line":80,"column":8},"end":{"line":80,"column":39}},"22":{"start":{"line":81,"column":8},"end":{"line":81,"column":33}},"23":{"start":{"line":82,"column":8},"end":{"line":82,"column":48}},"24":{"start":{"line":83,"column":8},"end":{"line":83,"column":82}},"25":{"start":{"line":84,"column":8},"end":{"line":84,"column":47}}},"branchMap":{"1":{"line":51,"type":"if","locations":[{"start":{"line":51,"column":8},"end":{"line":51,"column":8}},{"start":{"line":51,"column":8},"end":{"line":51,"column":8}}]},"2":{"line":53,"type":"if","locations":[{"start":{"line":53,"column":15},"end":{"line":53,"column":15}},{"start":{"line":53,"column":15},"end":{"line":53,"column":15}}]}}},"contracts/libraries/PayMath.sol":{"l":{"13":1},"path":"/Users/dsukhani/Desktop/code/Timeswap-V1-Core/contracts/libraries/PayMath.sol","s":{"1":1},"b":{"1":[1,0]},"f":{"1":1},"fnMap":{"1":{"name":"checkProportional","line":8,"loc":{"start":{"line":8,"column":4},"end":{"line":14,"column":4}}}},"statementMap":{"1":{"start":{"line":13,"column":8},"end":{"line":13,"column":99}}},"branchMap":{"1":{"line":13,"type":"if","locations":[{"start":{"line":13,"column":8},"end":{"line":13,"column":8}},{"start":{"line":13,"column":8},"end":{"line":13,"column":8}}]}}},"contracts/libraries/SafeBalance.sol":{"l":{"13":38,"18":38},"path":"/Users/dsukhani/Desktop/code/Timeswap-V1-Core/contracts/libraries/SafeBalance.sol","s":{"1":38,"2":38},"b":{},"f":{"1":38},"fnMap":{"1":{"name":"safeBalance","line":10,"loc":{"start":{"line":10,"column":4},"end":{"line":19,"column":4}}}},"statementMap":{"1":{"start":{"line":13,"column":8},"end":{"line":13,"column":359}},"2":{"start":{"line":18,"column":8},"end":{"line":18,"column":42}}},"branchMap":{}},"contracts/libraries/SafeCast.sol":{"l":{"6":10,"10":18,"14":8,"18":0,"19":0},"path":"/Users/dsukhani/Desktop/code/Timeswap-V1-Core/contracts/libraries/SafeCast.sol","s":{"1":10,"2":18,"3":8,"4":0,"5":0,"6":0},"b":{"1":[18,0],"2":[8,0],"3":[0,0]},"f":{"1":10,"2":18,"3":8,"4":0},"fnMap":{"1":{"name":"modUint32","line":5,"loc":{"start":{"line":5,"column":4},"end":{"line":7,"column":4}}},"2":{"name":"toUint112","line":9,"loc":{"start":{"line":9,"column":4},"end":{"line":11,"column":4}}},"3":{"name":"toUint128","line":13,"loc":{"start":{"line":13,"column":4},"end":{"line":15,"column":4}}},"4":{"name":"truncateUint112","line":17,"loc":{"start":{"line":17,"column":4},"end":{"line":20,"column":4}}}},"statementMap":{"1":{"start":{"line":6,"column":8},"end":{"line":6,"column":34}},"2":{"start":{"line":10,"column":8},"end":{"line":10,"column":37}},"3":{"start":{"line":14,"column":8},"end":{"line":14,"column":37}},"4":{"start":{"line":18,"column":8},"end":{"line":18,"column":63}},"5":{"start":{"line":18,"column":35},"end":{"line":18,"column":63}},"6":{"start":{"line":19,"column":8},"end":{"line":19,"column":21}}},"branchMap":{"1":{"line":10,"type":"if","locations":[{"start":{"line":10,"column":8},"end":{"line":10,"column":8}},{"start":{"line":10,"column":8},"end":{"line":10,"column":8}}]},"2":{"line":14,"type":"if","locations":[{"start":{"line":14,"column":8},"end":{"line":14,"column":8}},{"start":{"line":14,"column":8},"end":{"line":14,"column":8}}]},"3":{"line":18,"type":"if","locations":[{"start":{"line":18,"column":8},"end":{"line":18,"column":8}},{"start":{"line":18,"column":8},"end":{"line":18,"column":8}}]}}},"contracts/libraries/SafeTransfer.sol":{"l":{"15":4},"path":"/Users/dsukhani/Desktop/code/Timeswap-V1-Core/contracts/libraries/SafeTransfer.sol","s":{"1":4},"b":{},"f":{"1":4},"fnMap":{"1":{"name":"safeTransfer","line":10,"loc":{"start":{"line":10,"column":4},"end":{"line":16,"column":4}}}},"statementMap":{"1":{"start":{"line":15,"column":8},"end":{"line":15,"column":46}}},"branchMap":{}},"contracts/libraries/WithdrawMath.sol":{"l":{"16":1,"17":1,"18":0,"19":0,"20":0,"21":0,"28":1,"29":1,"30":0,"31":0,"32":0,"33":0,"34":0,"35":0,"36":0},"path":"/Users/dsukhani/Desktop/code/Timeswap-V1-Core/contracts/libraries/WithdrawMath.sol","s":{"1":1,"2":1,"3":1,"4":0,"5":0,"6":0,"7":0,"8":1,"9":1,"10":1,"11":0,"12":0,"13":0,"14":0,"15":0,"16":0,"17":0},"b":{"1":[1,0],"2":[1,0],"3":[0,0]},"f":{"1":1,"2":1},"fnMap":{"1":{"name":"getAsset","line":12,"loc":{"start":{"line":12,"column":4},"end":{"line":22,"column":4}}},"2":{"name":"getCollateral","line":24,"loc":{"start":{"line":24,"column":4},"end":{"line":37,"column":4}}}},"statementMap":{"1":{"start":{"line":16,"column":8},"end":{"line":16,"column":51}},"2":{"start":{"line":17,"column":8},"end":{"line":17,"column":76}},"3":{"start":{"line":17,"column":52},"end":{"line":17,"column":76}},"4":{"start":{"line":18,"column":8},"end":{"line":18,"column":34}},"5":{"start":{"line":19,"column":8},"end":{"line":19,"column":32}},"6":{"start":{"line":20,"column":8},"end":{"line":20,"column":42}},"7":{"start":{"line":21,"column":8},"end":{"line":21,"column":39}},"8":{"start":{"line":28,"column":8},"end":{"line":28,"column":51}},"9":{"start":{"line":29,"column":8},"end":{"line":29,"column":72}},"10":{"start":{"line":29,"column":52},"end":{"line":29,"column":72}},"11":{"start":{"line":30,"column":8},"end":{"line":30,"column":55}},"12":{"start":{"line":31,"column":8},"end":{"line":31,"column":37}},"13":{"start":{"line":32,"column":8},"end":{"line":32,"column":52}},"14":{"start":{"line":33,"column":8},"end":{"line":33,"column":1178}},"15":{"start":{"line":34,"column":12},"end":{"line":34,"column":46}},"16":{"start":{"line":35,"column":8},"end":{"line":35,"column":112}},"17":{"start":{"line":36,"column":8},"end":{"line":36,"column":49}}},"branchMap":{"1":{"line":17,"type":"if","locations":[{"start":{"line":17,"column":8},"end":{"line":17,"column":8}},{"start":{"line":17,"column":8},"end":{"line":17,"column":8}}]},"2":{"line":29,"type":"if","locations":[{"start":{"line":29,"column":8},"end":{"line":29,"column":8}},{"start":{"line":29,"column":8},"end":{"line":29,"column":8}}]},"3":{"line":33,"type":"if","locations":[{"start":{"line":33,"column":8},"end":{"line":33,"column":8}},{"start":{"line":33,"column":8},"end":{"line":33,"column":8}}]}}},"contracts/test/TestToken.sol":{"l":{"12":42},"path":"/Users/dsukhani/Desktop/code/Timeswap-V1-Core/contracts/test/TestToken.sol","s":{"1":42},"b":{},"f":{"1":42},"fnMap":{"1":{"name":"constructor","line":11,"loc":{"start":{"line":7,"column":4},"end":{"line":13,"column":4}}}},"statementMap":{"1":{"start":{"line":12,"column":8},"end":{"line":12,"column":32}}},"branchMap":{}},"contracts/test/TimeswapPairCallee.sol":{"l":{"19":21,"20":21,"36":5,"40":8,"44":0,"61":8,"73":2,"84":2,"94":1,"103":7,"107":7,"109":7,"110":7,"111":7,"115":2,"116":2,"118":2,"119":2,"123":2,"124":2,"126":2,"127":2,"136":1,"137":1,"138":1,"148":0,"150":0},"path":"/Users/dsukhani/Desktop/code/Timeswap-V1-Core/contracts/test/TimeswapPairCallee.sol","s":{"1":21,"2":21,"3":5,"4":8,"5":0,"6":8,"7":2,"8":2,"9":1,"10":7,"11":7,"12":7,"13":7,"14":7,"15":2,"16":2,"17":2,"18":2,"19":2,"20":2,"21":2,"22":2,"23":1,"24":1,"25":1,"26":0,"27":0},"b":{"1":[7,0],"2":[2,0],"3":[2,0]},"f":{"1":21,"2":5,"3":8,"4":0,"5":8,"6":2,"7":2,"8":1,"9":7,"10":2,"11":2,"12":1,"13":0},"fnMap":{"1":{"name":"constructor","line":18,"loc":{"start":{"line":18,"column":4},"end":{"line":21,"column":4}}},"2":{"name":"getData","line":35,"loc":{"start":{"line":35,"column":4},"end":{"line":37,"column":4}}},"3":{"name":"getDataMint","line":39,"loc":{"start":{"line":39,"column":4},"end":{"line":41,"column":4}}},"4":{"name":"factory","line":43,"loc":{"start":{"line":43,"column":4},"end":{"line":45,"column":4}}},"5":{"name":"mint","line":48,"loc":{"start":{"line":48,"column":8},"end":{"line":62,"column":8}}},"6":{"name":"lend","line":65,"loc":{"start":{"line":65,"column":4},"end":{"line":74,"column":4}}},"7":{"name":"borrow","line":77,"loc":{"start":{"line":77,"column":4},"end":{"line":85,"column":4}}},"8":{"name":"pay","line":86,"loc":{"start":{"line":86,"column":4},"end":{"line":95,"column":4}}},"9":{"name":"timeswapMintCallback","line":98,"loc":{"start":{"line":98,"column":4},"end":{"line":112,"column":4}}},"10":{"name":"timeswapLendCallback","line":114,"loc":{"start":{"line":114,"column":4},"end":{"line":120,"column":4}}},"11":{"name":"timeswapBorrowCallback","line":122,"loc":{"start":{"line":122,"column":4},"end":{"line":128,"column":4}}},"12":{"name":"timeswapPayCallback","line":132,"loc":{"start":{"line":132,"column":4},"end":{"line":140,"column":4}}},"13":{"name":"collateralizedDebtCallback","line":142,"loc":{"start":{"line":142,"column":4},"end":{"line":152,"column":4}}}},"statementMap":{"1":{"start":{"line":19,"column":8},"end":{"line":19,"column":33}},"2":{"start":{"line":20,"column":8},"end":{"line":20,"column":46}},"3":{"start":{"line":36,"column":12},"end":{"line":36,"column":97}},"4":{"start":{"line":40,"column":8},"end":{"line":40,"column":103}},"5":{"start":{"line":44,"column":8},"end":{"line":44,"column":30}},"6":{"start":{"line":61,"column":12},"end":{"line":61,"column":127}},"7":{"start":{"line":73,"column":8},"end":{"line":73,"column":117}},"8":{"start":{"line":84,"column":8},"end":{"line":84,"column":116}},"9":{"start":{"line":94,"column":8},"end":{"line":94,"column":98}},"10":{"start":{"line":103,"column":8},"end":{"line":103,"column":3237}},"11":{"start":{"line":107,"column":8},"end":{"line":107,"column":63}},"12":{"start":{"line":109,"column":8},"end":{"line":109,"column":61}},"13":{"start":{"line":110,"column":8},"end":{"line":110,"column":60}},"14":{"start":{"line":111,"column":8},"end":{"line":111,"column":75}},"15":{"start":{"line":115,"column":8},"end":{"line":115,"column":101}},"16":{"start":{"line":116,"column":8},"end":{"line":116,"column":63}},"17":{"start":{"line":118,"column":8},"end":{"line":118,"column":61}},"18":{"start":{"line":119,"column":8},"end":{"line":119,"column":55}},"19":{"start":{"line":123,"column":8},"end":{"line":123,"column":101}},"20":{"start":{"line":124,"column":8},"end":{"line":124,"column":63}},"21":{"start":{"line":126,"column":8},"end":{"line":126,"column":61}},"22":{"start":{"line":127,"column":8},"end":{"line":127,"column":65}},"23":{"start":{"line":136,"column":8},"end":{"line":136,"column":101}},"24":{"start":{"line":137,"column":8},"end":{"line":137,"column":63}},"25":{"start":{"line":138,"column":8},"end":{"line":138,"column":55}},"26":{"start":{"line":148,"column":8},"end":{"line":148,"column":101}},"27":{"start":{"line":150,"column":8},"end":{"line":150,"column":55}}},"branchMap":{"1":{"line":109,"type":"if","locations":[{"start":{"line":109,"column":8},"end":{"line":109,"column":8}},{"start":{"line":109,"column":8},"end":{"line":109,"column":8}}]},"2":{"line":118,"type":"if","locations":[{"start":{"line":118,"column":8},"end":{"line":118,"column":8}},{"start":{"line":118,"column":8},"end":{"line":118,"column":8}}]},"3":{"line":126,"type":"if","locations":[{"start":{"line":126,"column":8},"end":{"line":126,"column":8}},{"start":{"line":126,"column":8},"end":{"line":126,"column":8}}]}}},"contracts/TimeswapFactory.sol":{"l":{"38":21,"39":21,"40":21,"41":21,"48":7,"49":7,"50":7,"52":7,"54":7,"56":7,"61":0,"62":0,"63":0,"65":0,"70":0,"71":0,"73":0},"path":"/Users/dsukhani/Desktop/code/Timeswap-V1-Core/contracts/TimeswapFactory.sol","s":{"1":21,"2":21,"3":21,"4":21,"5":7,"6":7,"7":7,"8":7,"9":7,"10":7,"11":0,"12":0,"13":0,"14":0,"15":0,"16":0,"17":0},"b":{"1":[21,0],"2":[7,0],"3":[7,0],"4":[7,0],"5":[0,0],"6":[0,0],"7":[0,0]},"f":{"1":21,"2":7,"3":0,"4":0},"fnMap":{"1":{"name":"constructor","line":33,"loc":{"start":{"line":33,"column":4},"end":{"line":42,"column":4}}},"2":{"name":"createPair","line":47,"loc":{"start":{"line":47,"column":4},"end":{"line":57,"column":4}}},"3":{"name":"setOwner","line":60,"loc":{"start":{"line":60,"column":4},"end":{"line":66,"column":4}}},"4":{"name":"acceptOwner","line":69,"loc":{"start":{"line":69,"column":4},"end":{"line":74,"column":4}}}},"statementMap":{"1":{"start":{"line":38,"column":8},"end":{"line":38,"column":44}},"2":{"start":{"line":39,"column":8},"end":{"line":39,"column":21}},"3":{"start":{"line":40,"column":8},"end":{"line":40,"column":17}},"4":{"start":{"line":41,"column":8},"end":{"line":41,"column":33}},"5":{"start":{"line":48,"column":8},"end":{"line":48,"column":48}},"6":{"start":{"line":49,"column":8},"end":{"line":49,"column":87}},"7":{"start":{"line":50,"column":8},"end":{"line":50,"column":72}},"8":{"start":{"line":52,"column":8},"end":{"line":52,"column":115}},"9":{"start":{"line":54,"column":8},"end":{"line":54,"column":40}},"10":{"start":{"line":56,"column":8},"end":{"line":56,"column":48}},"11":{"start":{"line":61,"column":8},"end":{"line":61,"column":48}},"12":{"start":{"line":62,"column":8},"end":{"line":62,"column":51}},"13":{"start":{"line":63,"column":8},"end":{"line":63,"column":35}},"14":{"start":{"line":65,"column":8},"end":{"line":65,"column":36}},"15":{"start":{"line":70,"column":8},"end":{"line":70,"column":55}},"16":{"start":{"line":71,"column":8},"end":{"line":71,"column":25}},"17":{"start":{"line":73,"column":8},"end":{"line":73,"column":36}}},"branchMap":{"1":{"line":38,"type":"if","locations":[{"start":{"line":38,"column":8},"end":{"line":38,"column":8}},{"start":{"line":38,"column":8},"end":{"line":38,"column":8}}]},"2":{"line":48,"type":"if","locations":[{"start":{"line":48,"column":8},"end":{"line":48,"column":8}},{"start":{"line":48,"column":8},"end":{"line":48,"column":8}}]},"3":{"line":49,"type":"if","locations":[{"start":{"line":49,"column":8},"end":{"line":49,"column":8}},{"start":{"line":49,"column":8},"end":{"line":49,"column":8}}]},"4":{"line":50,"type":"if","locations":[{"start":{"line":50,"column":8},"end":{"line":50,"column":8}},{"start":{"line":50,"column":8},"end":{"line":50,"column":8}}]},"5":{"line":61,"type":"if","locations":[{"start":{"line":61,"column":8},"end":{"line":61,"column":8}},{"start":{"line":61,"column":8},"end":{"line":61,"column":8}}]},"6":{"line":62,"type":"if","locations":[{"start":{"line":62,"column":8},"end":{"line":62,"column":8}},{"start":{"line":62,"column":8},"end":{"line":62,"column":8}}]},"7":{"line":70,"type":"if","locations":[{"start":{"line":70,"column":8},"end":{"line":70,"column":8}},{"start":{"line":70,"column":8},"end":{"line":70,"column":8}}]}}},"contracts/TimeswapPair.sol":{"l":{"50":6,"51":6,"56":6,"61":6,"66":6,"71":6,"76":3,"81":0,"86":3,"103":7,"104":7,"105":7,"106":7,"107":7,"114":17,"115":17,"116":17,"117":15,"141":8,"142":8,"143":8,"144":8,"145":8,"147":7,"149":7,"150":7,"151":7,"153":7,"154":7,"156":0,"162":0,"164":0,"165":0,"167":7,"168":7,"170":7,"171":7,"172":7,"174":7,"176":7,"179":7,"180":7,"181":7,"183":7,"184":7,"185":7,"187":7,"188":7,"198":3,"199":3,"200":3,"201":3,"203":2,"205":2,"206":2,"208":2,"210":2,"212":2,"213":2,"215":2,"216":2,"218":2,"231":2,"232":2,"233":2,"234":2,"235":2,"237":2,"238":2,"240":2,"242":2,"243":2,"245":2,"247":2,"248":2,"250":2,"251":2,"253":2,"255":2,"256":2,"257":2,"259":2,"260":2,"270":1,"271":1,"272":1,"273":1,"275":1,"277":1,"278":1,"280":1,"281":1,"283":1,"285":1,"286":1,"288":1,"289":1,"291":1,"292":1,"294":1,"307":2,"308":2,"309":2,"310":2,"311":2,"312":2,"313":2,"315":2,"317":2,"319":2,"320":2,"322":2,"324":2,"326":2,"327":2,"328":2,"330":2,"331":2,"332":2,"334":2,"335":2,"336":2,"338":2,"353":1,"354":1,"355":1,"356":1,"357":1,"359":1,"361":1,"363":1,"364":1,"365":1,"366":1,"367":1,"368":1,"369":1,"370":1,"371":1,"373":1,"375":1,"376":1,"378":1,"380":1},"path":"/Users/dsukhani/Desktop/code/Timeswap-V1-Core/contracts/TimeswapPair.sol","s":{"1":6,"2":6,"3":6,"4":6,"5":6,"6":6,"7":3,"8":0,"9":3,"10":7,"11":7,"12":7,"13":7,"14":7,"15":17,"16":17,"17":15,"18":8,"19":8,"20":8,"21":8,"22":8,"23":7,"24":7,"25":7,"26":7,"27":7,"28":7,"29":0,"30":0,"31":0,"32":0,"33":7,"34":7,"35":7,"36":7,"37":7,"38":7,"39":7,"40":7,"41":7,"42":7,"43":7,"44":7,"45":7,"46":7,"47":7,"48":3,"49":3,"50":3,"51":3,"52":2,"53":2,"54":2,"55":2,"56":2,"57":2,"58":2,"59":2,"60":0,"61":2,"62":0,"63":2,"64":2,"65":2,"66":2,"67":2,"68":2,"69":2,"70":2,"71":2,"72":2,"73":2,"74":2,"75":2,"76":2,"77":2,"78":2,"79":2,"80":2,"81":2,"82":2,"83":2,"84":2,"85":1,"86":1,"87":1,"88":1,"89":1,"90":1,"91":1,"92":1,"93":1,"94":1,"95":1,"96":1,"97":1,"98":1,"99":1,"100":1,"101":1,"102":0,"103":1,"104":2,"105":2,"106":2,"107":2,"108":2,"109":2,"110":2,"111":2,"112":2,"113":2,"114":2,"115":2,"116":2,"117":2,"118":2,"119":2,"120":2,"121":2,"122":2,"123":2,"124":2,"125":2,"126":2,"127":1,"128":1,"129":1,"130":1,"131":1,"132":1,"133":1,"134":1,"135":1,"136":1,"137":1,"138":0,"139":1,"140":1,"141":1,"142":1,"143":1,"144":1,"145":1,"146":1,"147":1,"148":1,"149":1,"150":1},"b":{"1":[17,0],"2":[8,0],"3":[8,0],"4":[8,0],"5":[8,0],"6":[7,1],"7":[7,0],"8":[7,0],"9":[3,0],"10":[3,0],"11":[3,0],"12":[2,1],"13":[0,2],"14":[0,2],"15":[2,0],"16":[2,0],"17":[2,0],"18":[2,0],"19":[2,0],"20":[2,0],"21":[1,0],"22":[1,0],"23":[1,0],"24":[1,0],"25":[1,0],"26":[0,1],"27":[2,0],"28":[2,0],"29":[2,0],"30":[2,0],"31":[2,0],"32":[2,0],"33":[1,0],"34":[1,0],"35":[1,0],"36":[1,0],"37":[1,0],"38":[1,0],"39":[0,1],"40":[0,0],"41":[1,0],"42":[1,0]},"f":{"1":6,"2":6,"3":6,"4":6,"5":6,"6":3,"7":0,"8":3,"9":7,"10":17,"11":8,"12":3,"13":2,"14":1,"15":2,"16":1},"fnMap":{"1":{"name":"constantProduct","line":49,"loc":{"start":{"line":49,"column":4},"end":{"line":52,"column":4}}},"2":{"name":"totalReserves","line":55,"loc":{"start":{"line":55,"column":4},"end":{"line":57,"column":4}}},"3":{"name":"totalLiquidity","line":60,"loc":{"start":{"line":60,"column":4},"end":{"line":62,"column":4}}},"4":{"name":"liquidityOf","line":65,"loc":{"start":{"line":65,"column":4},"end":{"line":67,"column":4}}},"5":{"name":"totalClaims","line":70,"loc":{"start":{"line":70,"column":4},"end":{"line":72,"column":4}}},"6":{"name":"claimsOf","line":75,"loc":{"start":{"line":75,"column":4},"end":{"line":77,"column":4}}},"7":{"name":"totalDebtCreated","line":80,"loc":{"start":{"line":80,"column":4},"end":{"line":82,"column":4}}},"8":{"name":"duesOf","line":85,"loc":{"start":{"line":85,"column":4},"end":{"line":87,"column":4}}},"9":{"name":"constructor","line":97,"loc":{"start":{"line":97,"column":4},"end":{"line":108,"column":4}}},"10":{"name":"lock","line":113,"loc":{"start":{"line":113,"column":4},"end":{"line":118,"column":4}}},"11":{"name":"mint","line":134,"loc":{"start":{"line":123,"column":4},"end":{"line":189,"column":4}}},"12":{"name":"burn","line":197,"loc":{"start":{"line":192,"column":4},"end":{"line":219,"column":4}}},"13":{"name":"lend","line":230,"loc":{"start":{"line":222,"column":4},"end":{"line":261,"column":4}}},"14":{"name":"withdraw","line":269,"loc":{"start":{"line":264,"column":4},"end":{"line":295,"column":4}}},"15":{"name":"borrow","line":306,"loc":{"start":{"line":298,"column":4},"end":{"line":340,"column":4}}},"16":{"name":"pay","line":351,"loc":{"start":{"line":343,"column":4},"end":{"line":381,"column":4}}}},"statementMap":{"1":{"start":{"line":50,"column":8},"end":{"line":50,"column":50}},"2":{"start":{"line":51,"column":8},"end":{"line":51,"column":42}},"3":{"start":{"line":56,"column":8},"end":{"line":56,"column":45}},"4":{"start":{"line":61,"column":8},"end":{"line":61,"column":51}},"5":{"start":{"line":66,"column":8},"end":{"line":66,"column":49}},"6":{"start":{"line":71,"column":8},"end":{"line":71,"column":48}},"7":{"start":{"line":76,"column":8},"end":{"line":76,"column":44}},"8":{"start":{"line":81,"column":8},"end":{"line":81,"column":53}},"9":{"start":{"line":86,"column":8},"end":{"line":86,"column":42}},"10":{"start":{"line":103,"column":8},"end":{"line":103,"column":37}},"11":{"start":{"line":104,"column":8},"end":{"line":104,"column":21}},"12":{"start":{"line":105,"column":8},"end":{"line":105,"column":31}},"13":{"start":{"line":106,"column":8},"end":{"line":106,"column":17}},"14":{"start":{"line":107,"column":8},"end":{"line":107,"column":33}},"15":{"start":{"line":114,"column":8},"end":{"line":114,"column":41}},"16":{"start":{"line":115,"column":8},"end":{"line":115,"column":17}},"17":{"start":{"line":117,"column":8},"end":{"line":117,"column":17}},"18":{"start":{"line":141,"column":8},"end":{"line":141,"column":53}},"19":{"start":{"line":142,"column":8},"end":{"line":142,"column":72}},"20":{"start":{"line":143,"column":8},"end":{"line":143,"column":81}},"21":{"start":{"line":144,"column":8},"end":{"line":144,"column":40}},"22":{"start":{"line":145,"column":8},"end":{"line":145,"column":57}},"23":{"start":{"line":147,"column":8},"end":{"line":147,"column":43}},"24":{"start":{"line":149,"column":8},"end":{"line":149,"column":4879}},"25":{"start":{"line":150,"column":12},"end":{"line":150,"column":74}},"26":{"start":{"line":151,"column":12},"end":{"line":151,"column":86}},"27":{"start":{"line":153,"column":12},"end":{"line":153,"column":54}},"28":{"start":{"line":154,"column":12},"end":{"line":154,"column":77}},"29":{"start":{"line":156,"column":12},"end":{"line":156,"column":5254}},"30":{"start":{"line":162,"column":12},"end":{"line":162,"column":86}},"31":{"start":{"line":164,"column":12},"end":{"line":164,"column":54}},"32":{"start":{"line":165,"column":12},"end":{"line":165,"column":77}},"33":{"start":{"line":167,"column":8},"end":{"line":167,"column":43}},"34":{"start":{"line":168,"column":8},"end":{"line":168,"column":52}},"35":{"start":{"line":170,"column":8},"end":{"line":170,"column":69}},"36":{"start":{"line":171,"column":8},"end":{"line":171,"column":92}},"37":{"start":{"line":172,"column":8},"end":{"line":172,"column":44}},"38":{"start":{"line":174,"column":8},"end":{"line":174,"column":75}},"39":{"start":{"line":176,"column":8},"end":{"line":176,"column":43}},"40":{"start":{"line":179,"column":8},"end":{"line":179,"column":45}},"41":{"start":{"line":180,"column":8},"end":{"line":180,"column":58}},"42":{"start":{"line":181,"column":8},"end":{"line":181,"column":49}},"43":{"start":{"line":183,"column":8},"end":{"line":183,"column":32}},"44":{"start":{"line":184,"column":8},"end":{"line":184,"column":32}},"45":{"start":{"line":185,"column":8},"end":{"line":185,"column":32}},"46":{"start":{"line":187,"column":8},"end":{"line":187,"column":39}},"47":{"start":{"line":188,"column":8},"end":{"line":188,"column":96}},"48":{"start":{"line":198,"column":8},"end":{"line":198,"column":53}},"49":{"start":{"line":199,"column":8},"end":{"line":199,"column":75}},"50":{"start":{"line":200,"column":8},"end":{"line":200,"column":84}},"51":{"start":{"line":201,"column":8},"end":{"line":201,"column":42}},"52":{"start":{"line":203,"column":8},"end":{"line":203,"column":43}},"53":{"start":{"line":205,"column":8},"end":{"line":205,"column":67}},"54":{"start":{"line":206,"column":8},"end":{"line":206,"column":77}},"55":{"start":{"line":208,"column":8},"end":{"line":208,"column":47}},"56":{"start":{"line":210,"column":8},"end":{"line":210,"column":50}},"57":{"start":{"line":212,"column":8},"end":{"line":212,"column":51}},"58":{"start":{"line":213,"column":8},"end":{"line":213,"column":61}},"59":{"start":{"line":215,"column":8},"end":{"line":215,"column":77}},"60":{"start":{"line":215,"column":33},"end":{"line":215,"column":76}},"61":{"start":{"line":216,"column":8},"end":{"line":216,"column":97}},"62":{"start":{"line":216,"column":38},"end":{"line":216,"column":96}},"63":{"start":{"line":218,"column":8},"end":{"line":218,"column":86}},"64":{"start":{"line":231,"column":8},"end":{"line":231,"column":53}},"65":{"start":{"line":232,"column":8},"end":{"line":232,"column":73}},"66":{"start":{"line":233,"column":8},"end":{"line":233,"column":82}},"67":{"start":{"line":234,"column":8},"end":{"line":234,"column":40}},"68":{"start":{"line":235,"column":8},"end":{"line":235,"column":57}},"69":{"start":{"line":237,"column":8},"end":{"line":237,"column":43}},"70":{"start":{"line":238,"column":8},"end":{"line":238,"column":56}},"71":{"start":{"line":240,"column":8},"end":{"line":240,"column":71}},"72":{"start":{"line":242,"column":8},"end":{"line":242,"column":72}},"73":{"start":{"line":243,"column":8},"end":{"line":243,"column":94}},"74":{"start":{"line":245,"column":8},"end":{"line":245,"column":44}},"75":{"start":{"line":247,"column":8},"end":{"line":247,"column":52}},"76":{"start":{"line":248,"column":8},"end":{"line":248,"column":62}},"77":{"start":{"line":250,"column":8},"end":{"line":250,"column":49}},"78":{"start":{"line":251,"column":8},"end":{"line":251,"column":64}},"79":{"start":{"line":253,"column":8},"end":{"line":253,"column":45}},"80":{"start":{"line":255,"column":8},"end":{"line":255,"column":32}},"81":{"start":{"line":256,"column":8},"end":{"line":256,"column":32}},"82":{"start":{"line":257,"column":8},"end":{"line":257,"column":32}},"83":{"start":{"line":259,"column":8},"end":{"line":259,"column":39}},"84":{"start":{"line":260,"column":8},"end":{"line":260,"column":82}},"85":{"start":{"line":270,"column":8},"end":{"line":270,"column":53}},"86":{"start":{"line":271,"column":8},"end":{"line":271,"column":75}},"87":{"start":{"line":272,"column":8},"end":{"line":272,"column":84}},"88":{"start":{"line":273,"column":8},"end":{"line":273,"column":70}},"89":{"start":{"line":275,"column":8},"end":{"line":275,"column":43}},"90":{"start":{"line":277,"column":8},"end":{"line":277,"column":73}},"91":{"start":{"line":278,"column":8},"end":{"line":278,"column":88}},"92":{"start":{"line":280,"column":8},"end":{"line":280,"column":51}},"93":{"start":{"line":281,"column":8},"end":{"line":281,"column":61}},"94":{"start":{"line":283,"column":8},"end":{"line":283,"column":55}},"95":{"start":{"line":285,"column":8},"end":{"line":285,"column":35}},"96":{"start":{"line":286,"column":8},"end":{"line":286,"column":45}},"97":{"start":{"line":288,"column":8},"end":{"line":288,"column":51}},"98":{"start":{"line":289,"column":8},"end":{"line":289,"column":61}},"99":{"start":{"line":291,"column":8},"end":{"line":291,"column":77}},"100":{"start":{"line":291,"column":33},"end":{"line":291,"column":76}},"101":{"start":{"line":292,"column":8},"end":{"line":292,"column":97}},"102":{"start":{"line":292,"column":38},"end":{"line":292,"column":96}},"103":{"start":{"line":294,"column":8},"end":{"line":294,"column":87}},"104":{"start":{"line":307,"column":8},"end":{"line":307,"column":53}},"105":{"start":{"line":308,"column":8},"end":{"line":308,"column":68}},"106":{"start":{"line":309,"column":8},"end":{"line":309,"column":77}},"107":{"start":{"line":310,"column":8},"end":{"line":310,"column":40}},"108":{"start":{"line":311,"column":8},"end":{"line":311,"column":57}},"109":{"start":{"line":312,"column":8},"end":{"line":312,"column":43}},"110":{"start":{"line":313,"column":8},"end":{"line":313,"column":56}},"111":{"start":{"line":315,"column":8},"end":{"line":315,"column":73}},"112":{"start":{"line":317,"column":8},"end":{"line":317,"column":71}},"113":{"start":{"line":319,"column":8},"end":{"line":319,"column":95}},"114":{"start":{"line":320,"column":8},"end":{"line":320,"column":44}},"115":{"start":{"line":322,"column":8},"end":{"line":322,"column":59}},"116":{"start":{"line":324,"column":8},"end":{"line":324,"column":43}},"117":{"start":{"line":326,"column":8},"end":{"line":326,"column":45}},"118":{"start":{"line":327,"column":8},"end":{"line":327,"column":58}},"119":{"start":{"line":328,"column":8},"end":{"line":328,"column":49}},"120":{"start":{"line":330,"column":8},"end":{"line":330,"column":32}},"121":{"start":{"line":331,"column":8},"end":{"line":331,"column":32}},"122":{"start":{"line":332,"column":8},"end":{"line":332,"column":32}},"123":{"start":{"line":334,"column":8},"end":{"line":334,"column":45}},"124":{"start":{"line":335,"column":8},"end":{"line":335,"column":45}},"125":{"start":{"line":336,"column":8},"end":{"line":336,"column":34}},"126":{"start":{"line":338,"column":8},"end":{"line":338,"column":39}},"127":{"start":{"line":353,"column":8},"end":{"line":353,"column":53}},"128":{"start":{"line":354,"column":8},"end":{"line":354,"column":56}},"129":{"start":{"line":355,"column":8},"end":{"line":355,"column":62}},"130":{"start":{"line":356,"column":8},"end":{"line":356,"column":40}},"131":{"start":{"line":357,"column":8},"end":{"line":357,"column":46}},"132":{"start":{"line":359,"column":8},"end":{"line":359,"column":43}},"133":{"start":{"line":361,"column":8},"end":{"line":361,"column":45}},"134":{"start":{"line":363,"column":8},"end":{"line":363,"column":13027}},"135":{"start":{"line":364,"column":12},"end":{"line":364,"column":42}},"136":{"start":{"line":365,"column":12},"end":{"line":365,"column":66}},"137":{"start":{"line":366,"column":12},"end":{"line":366,"column":81}},"138":{"start":{"line":366,"column":37},"end":{"line":366,"column":80}},"139":{"start":{"line":367,"column":12},"end":{"line":367,"column":73}},"140":{"start":{"line":368,"column":12},"end":{"line":368,"column":34}},"141":{"start":{"line":369,"column":12},"end":{"line":369,"column":46}},"142":{"start":{"line":370,"column":12},"end":{"line":370,"column":33}},"143":{"start":{"line":371,"column":12},"end":{"line":371,"column":45}},"144":{"start":{"line":373,"column":8},"end":{"line":373,"column":59}},"145":{"start":{"line":373,"column":25},"end":{"line":373,"column":58}},"146":{"start":{"line":375,"column":8},"end":{"line":375,"column":43}},"147":{"start":{"line":376,"column":8},"end":{"line":376,"column":54}},"148":{"start":{"line":378,"column":8},"end":{"line":378,"column":73}},"149":{"start":{"line":378,"column":31},"end":{"line":378,"column":72}},"150":{"start":{"line":380,"column":8},"end":{"line":380,"column":104}}},"branchMap":{"1":{"line":114,"type":"if","locations":[{"start":{"line":114,"column":8},"end":{"line":114,"column":8}},{"start":{"line":114,"column":8},"end":{"line":114,"column":8}}]},"2":{"line":141,"type":"if","locations":[{"start":{"line":141,"column":8},"end":{"line":141,"column":8}},{"start":{"line":141,"column":8},"end":{"line":141,"column":8}}]},"3":{"line":142,"type":"if","locations":[{"start":{"line":142,"column":8},"end":{"line":142,"column":8}},{"start":{"line":142,"column":8},"end":{"line":142,"column":8}}]},"4":{"line":143,"type":"if","locations":[{"start":{"line":143,"column":8},"end":{"line":143,"column":8}},{"start":{"line":143,"column":8},"end":{"line":143,"column":8}}]},"5":{"line":144,"type":"if","locations":[{"start":{"line":144,"column":8},"end":{"line":144,"column":8}},{"start":{"line":144,"column":8},"end":{"line":144,"column":8}}]},"6":{"line":145,"type":"if","locations":[{"start":{"line":145,"column":8},"end":{"line":145,"column":8}},{"start":{"line":145,"column":8},"end":{"line":145,"column":8}}]},"7":{"line":149,"type":"if","locations":[{"start":{"line":149,"column":8},"end":{"line":149,"column":8}},{"start":{"line":149,"column":8},"end":{"line":149,"column":8}}]},"8":{"line":167,"type":"if","locations":[{"start":{"line":167,"column":8},"end":{"line":167,"column":8}},{"start":{"line":167,"column":8},"end":{"line":167,"column":8}}]},"9":{"line":198,"type":"if","locations":[{"start":{"line":198,"column":8},"end":{"line":198,"column":8}},{"start":{"line":198,"column":8},"end":{"line":198,"column":8}}]},"10":{"line":199,"type":"if","locations":[{"start":{"line":199,"column":8},"end":{"line":199,"column":8}},{"start":{"line":199,"column":8},"end":{"line":199,"column":8}}]},"11":{"line":200,"type":"if","locations":[{"start":{"line":200,"column":8},"end":{"line":200,"column":8}},{"start":{"line":200,"column":8},"end":{"line":200,"column":8}}]},"12":{"line":201,"type":"if","locations":[{"start":{"line":201,"column":8},"end":{"line":201,"column":8}},{"start":{"line":201,"column":8},"end":{"line":201,"column":8}}]},"13":{"line":215,"type":"if","locations":[{"start":{"line":215,"column":8},"end":{"line":215,"column":8}},{"start":{"line":215,"column":8},"end":{"line":215,"column":8}}]},"14":{"line":216,"type":"if","locations":[{"start":{"line":216,"column":8},"end":{"line":216,"column":8}},{"start":{"line":216,"column":8},"end":{"line":216,"column":8}}]},"15":{"line":231,"type":"if","locations":[{"start":{"line":231,"column":8},"end":{"line":231,"column":8}},{"start":{"line":231,"column":8},"end":{"line":231,"column":8}}]},"16":{"line":232,"type":"if","locations":[{"start":{"line":232,"column":8},"end":{"line":232,"column":8}},{"start":{"line":232,"column":8},"end":{"line":232,"column":8}}]},"17":{"line":233,"type":"if","locations":[{"start":{"line":233,"column":8},"end":{"line":233,"column":8}},{"start":{"line":233,"column":8},"end":{"line":233,"column":8}}]},"18":{"line":234,"type":"if","locations":[{"start":{"line":234,"column":8},"end":{"line":234,"column":8}},{"start":{"line":234,"column":8},"end":{"line":234,"column":8}}]},"19":{"line":235,"type":"if","locations":[{"start":{"line":235,"column":8},"end":{"line":235,"column":8}},{"start":{"line":235,"column":8},"end":{"line":235,"column":8}}]},"20":{"line":238,"type":"if","locations":[{"start":{"line":238,"column":8},"end":{"line":238,"column":8}},{"start":{"line":238,"column":8},"end":{"line":238,"column":8}}]},"21":{"line":270,"type":"if","locations":[{"start":{"line":270,"column":8},"end":{"line":270,"column":8}},{"start":{"line":270,"column":8},"end":{"line":270,"column":8}}]},"22":{"line":271,"type":"if","locations":[{"start":{"line":271,"column":8},"end":{"line":271,"column":8}},{"start":{"line":271,"column":8},"end":{"line":271,"column":8}}]},"23":{"line":272,"type":"if","locations":[{"start":{"line":272,"column":8},"end":{"line":272,"column":8}},{"start":{"line":272,"column":8},"end":{"line":272,"column":8}}]},"24":{"line":273,"type":"if","locations":[{"start":{"line":273,"column":8},"end":{"line":273,"column":8}},{"start":{"line":273,"column":8},"end":{"line":273,"column":8}}]},"25":{"line":291,"type":"if","locations":[{"start":{"line":291,"column":8},"end":{"line":291,"column":8}},{"start":{"line":291,"column":8},"end":{"line":291,"column":8}}]},"26":{"line":292,"type":"if","locations":[{"start":{"line":292,"column":8},"end":{"line":292,"column":8}},{"start":{"line":292,"column":8},"end":{"line":292,"column":8}}]},"27":{"line":307,"type":"if","locations":[{"start":{"line":307,"column":8},"end":{"line":307,"column":8}},{"start":{"line":307,"column":8},"end":{"line":307,"column":8}}]},"28":{"line":308,"type":"if","locations":[{"start":{"line":308,"column":8},"end":{"line":308,"column":8}},{"start":{"line":308,"column":8},"end":{"line":308,"column":8}}]},"29":{"line":309,"type":"if","locations":[{"start":{"line":309,"column":8},"end":{"line":309,"column":8}},{"start":{"line":309,"column":8},"end":{"line":309,"column":8}}]},"30":{"line":310,"type":"if","locations":[{"start":{"line":310,"column":8},"end":{"line":310,"column":8}},{"start":{"line":310,"column":8},"end":{"line":310,"column":8}}]},"31":{"line":311,"type":"if","locations":[{"start":{"line":311,"column":8},"end":{"line":311,"column":8}},{"start":{"line":311,"column":8},"end":{"line":311,"column":8}}]},"32":{"line":313,"type":"if","locations":[{"start":{"line":313,"column":8},"end":{"line":313,"column":8}},{"start":{"line":313,"column":8},"end":{"line":313,"column":8}}]},"33":{"line":353,"type":"if","locations":[{"start":{"line":353,"column":8},"end":{"line":353,"column":8}},{"start":{"line":353,"column":8},"end":{"line":353,"column":8}}]},"34":{"line":354,"type":"if","locations":[{"start":{"line":354,"column":8},"end":{"line":354,"column":8}},{"start":{"line":354,"column":8},"end":{"line":354,"column":8}}]},"35":{"line":355,"type":"if","locations":[{"start":{"line":355,"column":8},"end":{"line":355,"column":8}},{"start":{"line":355,"column":8},"end":{"line":355,"column":8}}]},"36":{"line":356,"type":"if","locations":[{"start":{"line":356,"column":8},"end":{"line":356,"column":8}},{"start":{"line":356,"column":8},"end":{"line":356,"column":8}}]},"37":{"line":357,"type":"if","locations":[{"start":{"line":357,"column":8},"end":{"line":357,"column":8}},{"start":{"line":357,"column":8},"end":{"line":357,"column":8}}]},"38":{"line":365,"type":"if","locations":[{"start":{"line":365,"column":12},"end":{"line":365,"column":12}},{"start":{"line":365,"column":12},"end":{"line":365,"column":12}}]},"39":{"line":366,"type":"if","locations":[{"start":{"line":366,"column":12},"end":{"line":366,"column":12}},{"start":{"line":366,"column":12},"end":{"line":366,"column":12}}]},"40":{"line":366,"type":"if","locations":[{"start":{"line":366,"column":37},"end":{"line":366,"column":37}},{"start":{"line":366,"column":37},"end":{"line":366,"column":37}}]},"41":{"line":373,"type":"if","locations":[{"start":{"line":373,"column":8},"end":{"line":373,"column":8}},{"start":{"line":373,"column":8},"end":{"line":373,"column":8}}]},"42":{"line":378,"type":"if","locations":[{"start":{"line":378,"column":8},"end":{"line":378,"column":8}},{"start":{"line":378,"column":8},"end":{"line":378,"column":8}}]}}}}