{"contracts/interfaces/callback/ITimeswapBorrowCallback.sol":{"l":{},"path":"/Users/dsukhani/Desktop/code/Timeswap-V1-Core/contracts/interfaces/callback/ITimeswapBorrowCallback.sol","s":{},"b":{},"f":{},"fnMap":{},"statementMap":{},"branchMap":{}},"contracts/interfaces/callback/ITimeswapLendCallback.sol":{"l":{},"path":"/Users/dsukhani/Desktop/code/Timeswap-V1-Core/contracts/interfaces/callback/ITimeswapLendCallback.sol","s":{},"b":{},"f":{},"fnMap":{},"statementMap":{},"branchMap":{}},"contracts/interfaces/callback/ITimeswapMintCallback.sol":{"l":{},"path":"/Users/dsukhani/Desktop/code/Timeswap-V1-Core/contracts/interfaces/callback/ITimeswapMintCallback.sol","s":{},"b":{},"f":{},"fnMap":{},"statementMap":{},"branchMap":{}},"contracts/interfaces/callback/ITimeswapPayCallback.sol":{"l":{},"path":"/Users/dsukhani/Desktop/code/Timeswap-V1-Core/contracts/interfaces/callback/ITimeswapPayCallback.sol","s":{},"b":{},"f":{},"fnMap":{},"statementMap":{},"branchMap":{}},"contracts/interfaces/IFactory.sol":{"l":{},"path":"/Users/dsukhani/Desktop/code/Timeswap-V1-Core/contracts/interfaces/IFactory.sol","s":{},"b":{},"f":{},"fnMap":{},"statementMap":{},"branchMap":{}},"contracts/interfaces/IPair.sol":{"l":{},"path":"/Users/dsukhani/Desktop/code/Timeswap-V1-Core/contracts/interfaces/IPair.sol","s":{},"b":{},"f":{},"fnMap":{},"statementMap":{},"branchMap":{}},"contracts/libraries/Array.sol":{"l":{"8":31,"10":31},"path":"/Users/dsukhani/Desktop/code/Timeswap-V1-Core/contracts/libraries/Array.sol","s":{"1":31,"2":31},"b":{},"f":{"1":31},"fnMap":{"1":{"name":"insert","line":7,"loc":{"start":{"line":7,"column":4},"end":{"line":11,"column":4}}}},"statementMap":{"1":{"start":{"line":8,"column":8},"end":{"line":8,"column":23}},"2":{"start":{"line":10,"column":8},"end":{"line":10,"column":24}}},"branchMap":{}},"contracts/libraries/BlockNumber.sol":{"l":{"10":31},"path":"/Users/dsukhani/Desktop/code/Timeswap-V1-Core/contracts/libraries/BlockNumber.sol","s":{"1":31},"b":{},"f":{"1":31},"fnMap":{"1":{"name":"get","line":9,"loc":{"start":{"line":9,"column":4},"end":{"line":11,"column":4}}}},"statementMap":{"1":{"start":{"line":10,"column":8},"end":{"line":10,"column":45}}},"branchMap":{}},"contracts/libraries/BorrowMath.sol":{"l":{"25":2,"26":2,"27":2,"28":2,"29":2,"32":2,"33":2,"34":2,"35":2,"36":2,"37":2,"38":2,"46":4,"47":4,"48":4,"56":2,"57":2,"58":2,"59":2,"60":2,"61":2,"70":2,"71":2,"72":2,"73":2,"74":2,"75":2,"76":2,"77":2,"78":2,"79":2,"80":2},"path":"/Users/dsukhani/Desktop/code/Timeswap-V1-Core/contracts/libraries/BorrowMath.sol","s":{"1":2,"2":2,"3":2,"4":2,"5":2,"6":2,"7":2,"8":2,"9":2,"10":2,"11":2,"12":2,"13":4,"14":4,"15":4,"16":2,"17":2,"18":2,"19":2,"20":2,"21":2,"22":2,"23":2,"24":2,"25":2,"26":2,"27":2,"28":2,"29":2,"30":2,"31":2,"32":2},"b":{"1":[2,0]},"f":{"1":2,"2":4,"3":2,"4":2},"fnMap":{"1":{"name":"check","line":18,"loc":{"start":{"line":18,"column":4},"end":{"line":39,"column":4}}},"2":{"name":"adjust","line":41,"loc":{"start":{"line":41,"column":4},"end":{"line":49,"column":4}}},"3":{"name":"getDebt","line":51,"loc":{"start":{"line":51,"column":4},"end":{"line":62,"column":4}}},"4":{"name":"getCollateral","line":64,"loc":{"start":{"line":64,"column":4},"end":{"line":81,"column":4}}}},"statementMap":{"1":{"start":{"line":25,"column":8},"end":{"line":25,"column":39}},"2":{"start":{"line":26,"column":8},"end":{"line":26,"column":46}},"3":{"start":{"line":27,"column":8},"end":{"line":27,"column":63}},"4":{"start":{"line":28,"column":8},"end":{"line":28,"column":63}},"5":{"start":{"line":29,"column":8},"end":{"line":29,"column":65}},"6":{"start":{"line":32,"column":8},"end":{"line":32,"column":35}},"7":{"start":{"line":33,"column":8},"end":{"line":33,"column":25}},"8":{"start":{"line":34,"column":8},"end":{"line":34,"column":21}},"9":{"start":{"line":35,"column":8},"end":{"line":35,"column":38}},"10":{"start":{"line":36,"column":8},"end":{"line":36,"column":29}},"11":{"start":{"line":37,"column":8},"end":{"line":37,"column":43}},"12":{"start":{"line":38,"column":8},"end":{"line":38,"column":47}},"13":{"start":{"line":46,"column":8},"end":{"line":46,"column":25}},"14":{"start":{"line":47,"column":8},"end":{"line":47,"column":22}},"15":{"start":{"line":48,"column":8},"end":{"line":48,"column":37}},"16":{"start":{"line":56,"column":8},"end":{"line":56,"column":34}},"17":{"start":{"line":57,"column":8},"end":{"line":57,"column":33}},"18":{"start":{"line":58,"column":8},"end":{"line":58,"column":27}},"19":{"start":{"line":59,"column":8},"end":{"line":59,"column":36}},"20":{"start":{"line":60,"column":8},"end":{"line":60,"column":27}},"21":{"start":{"line":61,"column":8},"end":{"line":61,"column":35}},"22":{"start":{"line":70,"column":8},"end":{"line":70,"column":40}},"23":{"start":{"line":71,"column":8},"end":{"line":71,"column":39}},"24":{"start":{"line":72,"column":8},"end":{"line":72,"column":31}},"25":{"start":{"line":73,"column":8},"end":{"line":73,"column":46}},"26":{"start":{"line":74,"column":8},"end":{"line":74,"column":37}},"27":{"start":{"line":75,"column":8},"end":{"line":75,"column":31}},"28":{"start":{"line":76,"column":8},"end":{"line":76,"column":38}},"29":{"start":{"line":77,"column":8},"end":{"line":77,"column":25}},"30":{"start":{"line":78,"column":8},"end":{"line":78,"column":88}},"31":{"start":{"line":79,"column":8},"end":{"line":79,"column":33}},"32":{"start":{"line":80,"column":8},"end":{"line":80,"column":47}}},"branchMap":{"1":{"line":38,"type":"if","locations":[{"start":{"line":38,"column":8},"end":{"line":38,"column":8}},{"start":{"line":38,"column":8},"end":{"line":38,"column":8}}]}}},"contracts/libraries/BurnMath.sol":{"l":{"16":3,"17":3,"18":3,"19":3,"20":3,"21":3,"28":3,"29":3,"30":3,"31":3,"32":3,"34":0,"35":0,"36":0,"37":0,"38":0,"39":0,"40":0,"41":0},"path":"/Users/dsukhani/Desktop/code/Timeswap-V1-Core/contracts/libraries/BurnMath.sol","s":{"1":3,"2":3,"3":0,"4":3,"5":3,"6":3,"7":3,"8":3,"9":3,"10":3,"11":3,"12":3,"13":0,"14":0,"15":0,"16":0,"17":0,"18":0,"19":0,"20":0,"21":0},"b":{"1":[0,3],"2":[3,0],"3":[0,0]},"f":{"1":3,"2":3},"fnMap":{"1":{"name":"getAsset","line":12,"loc":{"start":{"line":12,"column":4},"end":{"line":22,"column":4}}},"2":{"name":"getCollateral","line":24,"loc":{"start":{"line":24,"column":4},"end":{"line":42,"column":4}}}},"statementMap":{"1":{"start":{"line":16,"column":8},"end":{"line":16,"column":51}},"2":{"start":{"line":17,"column":8},"end":{"line":17,"column":67}},"3":{"start":{"line":17,"column":52},"end":{"line":17,"column":67}},"4":{"start":{"line":18,"column":8},"end":{"line":18,"column":40}},"5":{"start":{"line":19,"column":8},"end":{"line":19,"column":42}},"6":{"start":{"line":20,"column":8},"end":{"line":20,"column":70}},"7":{"start":{"line":21,"column":8},"end":{"line":21,"column":39}},"8":{"start":{"line":28,"column":8},"end":{"line":28,"column":51}},"9":{"start":{"line":29,"column":8},"end":{"line":29,"column":58}},"10":{"start":{"line":30,"column":8},"end":{"line":30,"column":1010}},"11":{"start":{"line":31,"column":12},"end":{"line":31,"column":84}},"12":{"start":{"line":32,"column":12},"end":{"line":32,"column":61}},"13":{"start":{"line":34,"column":8},"end":{"line":34,"column":48}},"14":{"start":{"line":35,"column":8},"end":{"line":35,"column":30}},"15":{"start":{"line":36,"column":8},"end":{"line":36,"column":45}},"16":{"start":{"line":37,"column":8},"end":{"line":37,"column":104}},"17":{"start":{"line":37,"column":84},"end":{"line":37,"column":104}},"18":{"start":{"line":38,"column":8},"end":{"line":38,"column":47}},"19":{"start":{"line":39,"column":8},"end":{"line":39,"column":32}},"20":{"start":{"line":40,"column":8},"end":{"line":40,"column":105}},"21":{"start":{"line":41,"column":8},"end":{"line":41,"column":49}}},"branchMap":{"1":{"line":17,"type":"if","locations":[{"start":{"line":17,"column":8},"end":{"line":17,"column":8}},{"start":{"line":17,"column":8},"end":{"line":17,"column":8}}]},"2":{"line":30,"type":"if","locations":[{"start":{"line":30,"column":8},"end":{"line":30,"column":8}},{"start":{"line":30,"column":8},"end":{"line":30,"column":8}}]},"3":{"line":37,"type":"if","locations":[{"start":{"line":37,"column":8},"end":{"line":37,"column":8}},{"start":{"line":37,"column":8},"end":{"line":37,"column":8}}]}}},"contracts/libraries/Callback.sol":{"l":{"24":29,"25":29,"26":29,"27":29,"28":29,"29":29,"30":29,"38":7,"39":7,"40":7,"41":7,"49":2,"50":2,"51":2,"52":2,"60":0,"61":0,"62":0,"63":0},"path":"/Users/dsukhani/Desktop/code/Timeswap-V1-Core/contracts/libraries/Callback.sol","s":{"1":29,"2":29,"3":29,"4":29,"5":29,"6":29,"7":29,"8":7,"9":7,"10":7,"11":7,"12":2,"13":2,"14":2,"15":2,"16":0,"17":0,"18":0,"19":0},"b":{"1":[29,0],"2":[29,0],"3":[7,0],"4":[2,0],"5":[0,0]},"f":{"1":29,"2":7,"3":2,"4":0},"fnMap":{"1":{"name":"mint","line":17,"loc":{"start":{"line":17,"column":4},"end":{"line":31,"column":4}}},"2":{"name":"lend","line":33,"loc":{"start":{"line":33,"column":4},"end":{"line":42,"column":4}}},"3":{"name":"borrow","line":44,"loc":{"start":{"line":44,"column":4},"end":{"line":53,"column":4}}},"4":{"name":"pay","line":55,"loc":{"start":{"line":55,"column":4},"end":{"line":64,"column":4}}}},"statementMap":{"1":{"start":{"line":24,"column":8},"end":{"line":24,"column":50}},"2":{"start":{"line":25,"column":8},"end":{"line":25,"column":60}},"3":{"start":{"line":26,"column":8},"end":{"line":26,"column":90}},"4":{"start":{"line":27,"column":8},"end":{"line":27,"column":51}},"5":{"start":{"line":28,"column":8},"end":{"line":28,"column":61}},"6":{"start":{"line":29,"column":8},"end":{"line":29,"column":61}},"7":{"start":{"line":30,"column":8},"end":{"line":30,"column":76}},"8":{"start":{"line":38,"column":8},"end":{"line":38,"column":50}},"9":{"start":{"line":39,"column":8},"end":{"line":39,"column":76}},"10":{"start":{"line":40,"column":8},"end":{"line":40,"column":51}},"11":{"start":{"line":41,"column":8},"end":{"line":41,"column":61}},"12":{"start":{"line":49,"column":8},"end":{"line":49,"column":60}},"13":{"start":{"line":50,"column":8},"end":{"line":50,"column":85}},"14":{"start":{"line":51,"column":8},"end":{"line":51,"column":61}},"15":{"start":{"line":52,"column":8},"end":{"line":52,"column":76}},"16":{"start":{"line":60,"column":8},"end":{"line":60,"column":50}},"17":{"start":{"line":61,"column":8},"end":{"line":61,"column":74}},"18":{"start":{"line":62,"column":8},"end":{"line":62,"column":51}},"19":{"start":{"line":63,"column":8},"end":{"line":63,"column":61}}},"branchMap":{"1":{"line":29,"type":"if","locations":[{"start":{"line":29,"column":8},"end":{"line":29,"column":8}},{"start":{"line":29,"column":8},"end":{"line":29,"column":8}}]},"2":{"line":30,"type":"if","locations":[{"start":{"line":30,"column":8},"end":{"line":30,"column":8}},{"start":{"line":30,"column":8},"end":{"line":30,"column":8}}]},"3":{"line":41,"type":"if","locations":[{"start":{"line":41,"column":8},"end":{"line":41,"column":8}},{"start":{"line":41,"column":8},"end":{"line":41,"column":8}}]},"4":{"line":52,"type":"if","locations":[{"start":{"line":52,"column":8},"end":{"line":52,"column":8}},{"start":{"line":52,"column":8},"end":{"line":52,"column":8}}]},"5":{"line":63,"type":"if","locations":[{"start":{"line":63,"column":8},"end":{"line":63,"column":8}},{"start":{"line":63,"column":8},"end":{"line":63,"column":8}}]}}},"contracts/libraries/ConstantProduct.sol":{"l":{"16":9,"17":9,"19":9,"20":9},"path":"/Users/dsukhani/Desktop/code/Timeswap-V1-Core/contracts/libraries/ConstantProduct.sol","s":{"1":9,"2":9,"3":9,"4":9,"5":0},"b":{"1":[9,0],"2":[0,9],"3":[0,0]},"f":{"1":9},"fnMap":{"1":{"name":"checkConstantProduct","line":10,"loc":{"start":{"line":10,"column":4},"end":{"line":21,"column":4}}}},"statementMap":{"1":{"start":{"line":16,"column":8},"end":{"line":16,"column":90}},"2":{"start":{"line":17,"column":8},"end":{"line":17,"column":93}},"3":{"start":{"line":19,"column":8},"end":{"line":19,"column":45}},"4":{"start":{"line":20,"column":8},"end":{"line":20,"column":67}},"5":{"start":{"line":20,"column":29},"end":{"line":20,"column":66}}},"branchMap":{"1":{"line":19,"type":"if","locations":[{"start":{"line":19,"column":8},"end":{"line":19,"column":8}},{"start":{"line":19,"column":8},"end":{"line":19,"column":8}}]},"2":{"line":20,"type":"if","locations":[{"start":{"line":20,"column":8},"end":{"line":20,"column":8}},{"start":{"line":20,"column":8},"end":{"line":20,"column":8}}]},"3":{"line":20,"type":"if","locations":[{"start":{"line":20,"column":29},"end":{"line":20,"column":29}},{"start":{"line":20,"column":29},"end":{"line":20,"column":29}}]}}},"contracts/libraries/FullMath.sol":{"l":{"11":103,"29":85,"123":31,"124":31},"path":"/Users/dsukhani/Desktop/code/Timeswap-V1-Core/contracts/libraries/FullMath.sol","s":{"1":31,"2":31},"b":{"1":[31,0]},"f":{"1":103,"2":85,"3":31},"fnMap":{"1":{"name":"mul512","line":5,"loc":{"start":{"line":5,"column":4},"end":{"line":16,"column":4}}},"2":{"name":"mulDiv","line":24,"loc":{"start":{"line":24,"column":4},"end":{"line":111,"column":4}}},"3":{"name":"mulDivUp","line":118,"loc":{"start":{"line":118,"column":4},"end":{"line":125,"column":4}}}},"statementMap":{"1":{"start":{"line":123,"column":8},"end":{"line":123,"column":41}},"2":{"start":{"line":124,"column":8},"end":{"line":124,"column":51}}},"branchMap":{"1":{"line":124,"type":"if","locations":[{"start":{"line":124,"column":8},"end":{"line":124,"column":8}},{"start":{"line":124,"column":8},"end":{"line":124,"column":8}}]}}},"contracts/libraries/LendMath.sol":{"l":{"21":7,"22":7,"23":7,"24":7,"25":7,"26":7,"27":7,"28":7,"29":7,"30":7,"31":7,"32":7,"40":14,"41":14,"42":14,"43":14,"44":14,"52":7,"53":7,"54":7,"55":7,"56":7,"57":7,"66":7,"67":7,"68":7,"69":7,"70":7,"71":7,"72":7,"73":7,"74":7,"75":7,"76":7},"path":"/Users/dsukhani/Desktop/code/Timeswap-V1-Core/contracts/libraries/LendMath.sol","s":{"1":7,"2":7,"3":7,"4":7,"5":7,"6":7,"7":7,"8":7,"9":7,"10":7,"11":7,"12":7,"13":14,"14":14,"15":14,"16":14,"17":14,"18":7,"19":7,"20":7,"21":7,"22":7,"23":7,"24":7,"25":7,"26":7,"27":7,"28":7,"29":7,"30":7,"31":7,"32":7,"33":7,"34":7},"b":{"1":[7,0]},"f":{"1":7,"2":14,"3":7,"4":7},"fnMap":{"1":{"name":"check","line":14,"loc":{"start":{"line":14,"column":4},"end":{"line":33,"column":4}}},"2":{"name":"adjust","line":35,"loc":{"start":{"line":35,"column":4},"end":{"line":45,"column":4}}},"3":{"name":"getBond","line":47,"loc":{"start":{"line":47,"column":4},"end":{"line":58,"column":4}}},"4":{"name":"getInsurance","line":60,"loc":{"start":{"line":60,"column":4},"end":{"line":77,"column":4}}}},"statementMap":{"1":{"start":{"line":21,"column":8},"end":{"line":21,"column":39}},"2":{"start":{"line":22,"column":8},"end":{"line":22,"column":46}},"3":{"start":{"line":23,"column":8},"end":{"line":23,"column":63}},"4":{"start":{"line":24,"column":8},"end":{"line":24,"column":63}},"5":{"start":{"line":25,"column":8},"end":{"line":25,"column":65}},"6":{"start":{"line":26,"column":8},"end":{"line":26,"column":35}},"7":{"start":{"line":27,"column":8},"end":{"line":27,"column":25}},"8":{"start":{"line":28,"column":8},"end":{"line":28,"column":21}},"9":{"start":{"line":29,"column":8},"end":{"line":29,"column":38}},"10":{"start":{"line":30,"column":8},"end":{"line":30,"column":29}},"11":{"start":{"line":31,"column":8},"end":{"line":31,"column":29}},"12":{"start":{"line":32,"column":8},"end":{"line":32,"column":47}},"13":{"start":{"line":40,"column":8},"end":{"line":40,"column":35}},"14":{"start":{"line":41,"column":8},"end":{"line":41,"column":23}},"15":{"start":{"line":42,"column":8},"end":{"line":42,"column":63}},"16":{"start":{"line":43,"column":8},"end":{"line":43,"column":37}},"17":{"start":{"line":44,"column":8},"end":{"line":44,"column":39}},"18":{"start":{"line":52,"column":8},"end":{"line":52,"column":35}},"19":{"start":{"line":53,"column":8},"end":{"line":53,"column":34}},"20":{"start":{"line":54,"column":8},"end":{"line":54,"column":28}},"21":{"start":{"line":55,"column":8},"end":{"line":55,"column":22}},"22":{"start":{"line":56,"column":8},"end":{"line":56,"column":28}},"23":{"start":{"line":57,"column":8},"end":{"line":57,"column":37}},"24":{"start":{"line":66,"column":8},"end":{"line":66,"column":40}},"25":{"start":{"line":67,"column":8},"end":{"line":67,"column":39}},"26":{"start":{"line":68,"column":8},"end":{"line":68,"column":31}},"27":{"start":{"line":69,"column":8},"end":{"line":69,"column":46}},"28":{"start":{"line":70,"column":8},"end":{"line":70,"column":37}},"29":{"start":{"line":71,"column":8},"end":{"line":71,"column":31}},"30":{"start":{"line":72,"column":8},"end":{"line":72,"column":38}},"31":{"start":{"line":73,"column":8},"end":{"line":73,"column":25}},"32":{"start":{"line":74,"column":8},"end":{"line":74,"column":86}},"33":{"start":{"line":75,"column":8},"end":{"line":75,"column":33}},"34":{"start":{"line":76,"column":8},"end":{"line":76,"column":47}}},"branchMap":{"1":{"line":32,"type":"if","locations":[{"start":{"line":32,"column":8},"end":{"line":32,"column":8}},{"start":{"line":32,"column":8},"end":{"line":32,"column":8}}]}}},"contracts/libraries/Math.sol":{"l":{"6":2,"7":2,"11":31,"12":31},"path":"/Users/dsukhani/Desktop/code/Timeswap-V1-Core/contracts/libraries/Math.sol","s":{"1":2,"2":2,"3":31,"4":31},"b":{"1":[2,0],"2":[31,0]},"f":{"1":2,"2":31},"fnMap":{"1":{"name":"divUp","line":5,"loc":{"start":{"line":5,"column":4},"end":{"line":8,"column":4}}},"2":{"name":"shiftUp","line":10,"loc":{"start":{"line":10,"column":4},"end":{"line":13,"column":4}}}},"statementMap":{"1":{"start":{"line":6,"column":8},"end":{"line":6,"column":16}},"2":{"start":{"line":7,"column":8},"end":{"line":7,"column":26}},"3":{"start":{"line":11,"column":8},"end":{"line":11,"column":17}},"4":{"start":{"line":12,"column":8},"end":{"line":12,"column":28}}},"branchMap":{"1":{"line":7,"type":"if","locations":[{"start":{"line":7,"column":8},"end":{"line":7,"column":8}},{"start":{"line":7,"column":8},"end":{"line":7,"column":8}}]},"2":{"line":12,"type":"if","locations":[{"start":{"line":12,"column":8},"end":{"line":12,"column":8}},{"start":{"line":12,"column":8},"end":{"line":12,"column":8}}]}}},"contracts/libraries/MintMath.sol":{"l":{"17":25,"18":25,"27":4,"39":29,"40":29,"41":29,"42":29,"43":29,"51":4,"52":1,"54":2,"56":1,"65":29,"66":29,"67":29,"68":29,"69":29,"70":29,"79":29,"80":29,"81":29,"82":29,"83":29,"84":29},"path":"/Users/dsukhani/Desktop/code/Timeswap-V1-Core/contracts/libraries/MintMath.sol","s":{"1":25,"2":25,"3":4,"4":29,"5":29,"6":29,"7":29,"8":29,"9":4,"10":1,"11":3,"12":2,"13":1,"14":29,"15":29,"16":29,"17":29,"18":29,"19":29,"20":29,"21":29,"22":29,"23":29,"24":29,"25":29},"b":{"1":[1,3],"2":[2,1]},"f":{"1":25,"2":4,"3":29,"4":4,"5":29,"6":29},"fnMap":{"1":{"name":"getLiquidityTotal","line":14,"loc":{"start":{"line":14,"column":4},"end":{"line":19,"column":4}}},"2":{"name":"getLiquidityTotal","line":21,"loc":{"start":{"line":21,"column":4},"end":{"line":32,"column":4}}},"3":{"name":"getLiquidity","line":34,"loc":{"start":{"line":34,"column":4},"end":{"line":44,"column":4}}},"4":{"name":"min","line":46,"loc":{"start":{"line":46,"column":4},"end":{"line":58,"column":4}}},"5":{"name":"getDebt","line":60,"loc":{"start":{"line":60,"column":4},"end":{"line":71,"column":4}}},"6":{"name":"getCollateral","line":73,"loc":{"start":{"line":73,"column":4},"end":{"line":85,"column":4}}}},"statementMap":{"1":{"start":{"line":17,"column":8},"end":{"line":17,"column":33}},"2":{"start":{"line":18,"column":8},"end":{"line":18,"column":28}},"3":{"start":{"line":27,"column":8},"end":{"line":27,"column":737}},"4":{"start":{"line":39,"column":8},"end":{"line":39,"column":38}},"5":{"start":{"line":40,"column":8},"end":{"line":40,"column":37}},"6":{"start":{"line":41,"column":8},"end":{"line":41,"column":33}},"7":{"start":{"line":42,"column":8},"end":{"line":42,"column":35}},"8":{"start":{"line":43,"column":8},"end":{"line":43,"column":71}},"9":{"start":{"line":51,"column":8},"end":{"line":51,"column":1482}},"10":{"start":{"line":52,"column":12},"end":{"line":52,"column":16}},"11":{"start":{"line":53,"column":15},"end":{"line":53,"column":1540}},"12":{"start":{"line":54,"column":12},"end":{"line":54,"column":16}},"13":{"start":{"line":56,"column":12},"end":{"line":56,"column":16}},"14":{"start":{"line":65,"column":8},"end":{"line":65,"column":34}},"15":{"start":{"line":66,"column":8},"end":{"line":66,"column":33}},"16":{"start":{"line":67,"column":8},"end":{"line":67,"column":27}},"17":{"start":{"line":68,"column":8},"end":{"line":68,"column":36}},"18":{"start":{"line":69,"column":8},"end":{"line":69,"column":27}},"19":{"start":{"line":70,"column":8},"end":{"line":70,"column":35}},"20":{"start":{"line":79,"column":8},"end":{"line":79,"column":40}},"21":{"start":{"line":80,"column":8},"end":{"line":80,"column":39}},"22":{"start":{"line":81,"column":8},"end":{"line":81,"column":33}},"23":{"start":{"line":82,"column":8},"end":{"line":82,"column":48}},"24":{"start":{"line":83,"column":8},"end":{"line":83,"column":82}},"25":{"start":{"line":84,"column":8},"end":{"line":84,"column":47}}},"branchMap":{"1":{"line":51,"type":"if","locations":[{"start":{"line":51,"column":8},"end":{"line":51,"column":8}},{"start":{"line":51,"column":8},"end":{"line":51,"column":8}}]},"2":{"line":53,"type":"if","locations":[{"start":{"line":53,"column":15},"end":{"line":53,"column":15}},{"start":{"line":53,"column":15},"end":{"line":53,"column":15}}]}}},"contracts/libraries/PayMath.sol":{"l":{"12":0},"path":"/Users/dsukhani/Desktop/code/Timeswap-V1-Core/contracts/libraries/PayMath.sol","s":{"1":0},"b":{"1":[0,0]},"f":{"1":0},"fnMap":{"1":{"name":"checkProportional","line":7,"loc":{"start":{"line":7,"column":4},"end":{"line":13,"column":4}}}},"statementMap":{"1":{"start":{"line":12,"column":8},"end":{"line":12,"column":99}}},"branchMap":{"1":{"line":12,"type":"if","locations":[{"start":{"line":12,"column":8},"end":{"line":12,"column":8}},{"start":{"line":12,"column":8},"end":{"line":12,"column":8}}]}}},"contracts/libraries/SafeBalance.sol":{"l":{"13":134,"18":134},"path":"/Users/dsukhani/Desktop/code/Timeswap-V1-Core/contracts/libraries/SafeBalance.sol","s":{"1":134,"2":134},"b":{},"f":{"1":134},"fnMap":{"1":{"name":"safeBalance","line":10,"loc":{"start":{"line":10,"column":4},"end":{"line":19,"column":4}}}},"statementMap":{"1":{"start":{"line":13,"column":8},"end":{"line":13,"column":359}},"2":{"start":{"line":18,"column":8},"end":{"line":18,"column":42}}},"branchMap":{}},"contracts/libraries/SafeCast.sol":{"l":{"6":31,"10":62,"14":34,"18":0,"19":0},"path":"/Users/dsukhani/Desktop/code/Timeswap-V1-Core/contracts/libraries/SafeCast.sol","s":{"1":31,"2":62,"3":34,"4":0,"5":0,"6":0},"b":{"1":[62,0],"2":[34,0],"3":[0,0]},"f":{"1":31,"2":62,"3":34,"4":0},"fnMap":{"1":{"name":"modUint32","line":5,"loc":{"start":{"line":5,"column":4},"end":{"line":7,"column":4}}},"2":{"name":"toUint112","line":9,"loc":{"start":{"line":9,"column":4},"end":{"line":11,"column":4}}},"3":{"name":"toUint128","line":13,"loc":{"start":{"line":13,"column":4},"end":{"line":15,"column":4}}},"4":{"name":"truncateUint112","line":17,"loc":{"start":{"line":17,"column":4},"end":{"line":20,"column":4}}}},"statementMap":{"1":{"start":{"line":6,"column":8},"end":{"line":6,"column":34}},"2":{"start":{"line":10,"column":8},"end":{"line":10,"column":37}},"3":{"start":{"line":14,"column":8},"end":{"line":14,"column":37}},"4":{"start":{"line":18,"column":8},"end":{"line":18,"column":63}},"5":{"start":{"line":18,"column":35},"end":{"line":18,"column":63}},"6":{"start":{"line":19,"column":8},"end":{"line":19,"column":21}}},"branchMap":{"1":{"line":10,"type":"if","locations":[{"start":{"line":10,"column":8},"end":{"line":10,"column":8}},{"start":{"line":10,"column":8},"end":{"line":10,"column":8}}]},"2":{"line":14,"type":"if","locations":[{"start":{"line":14,"column":8},"end":{"line":14,"column":8}},{"start":{"line":14,"column":8},"end":{"line":14,"column":8}}]},"3":{"line":18,"type":"if","locations":[{"start":{"line":18,"column":8},"end":{"line":18,"column":8}},{"start":{"line":18,"column":8},"end":{"line":18,"column":8}}]}}},"contracts/libraries/SafeTransfer.sol":{"l":{"15":10},"path":"/Users/dsukhani/Desktop/code/Timeswap-V1-Core/contracts/libraries/SafeTransfer.sol","s":{"1":10},"b":{},"f":{"1":10},"fnMap":{"1":{"name":"safeTransfer","line":10,"loc":{"start":{"line":10,"column":4},"end":{"line":16,"column":4}}}},"statementMap":{"1":{"start":{"line":15,"column":8},"end":{"line":15,"column":46}}},"branchMap":{}},"contracts/libraries/WithdrawMath.sol":{"l":{"16":2,"17":2,"18":0,"19":0,"20":0,"21":0,"28":2,"29":2,"30":0,"31":0,"32":0,"33":0,"34":0,"35":0,"36":0},"path":"/Users/dsukhani/Desktop/code/Timeswap-V1-Core/contracts/libraries/WithdrawMath.sol","s":{"1":2,"2":2,"3":2,"4":0,"5":0,"6":0,"7":0,"8":2,"9":2,"10":2,"11":0,"12":0,"13":0,"14":0,"15":0,"16":0,"17":0},"b":{"1":[2,0],"2":[2,0],"3":[0,0]},"f":{"1":2,"2":2},"fnMap":{"1":{"name":"getAsset","line":12,"loc":{"start":{"line":12,"column":4},"end":{"line":22,"column":4}}},"2":{"name":"getCollateral","line":24,"loc":{"start":{"line":24,"column":4},"end":{"line":37,"column":4}}}},"statementMap":{"1":{"start":{"line":16,"column":8},"end":{"line":16,"column":51}},"2":{"start":{"line":17,"column":8},"end":{"line":17,"column":76}},"3":{"start":{"line":17,"column":52},"end":{"line":17,"column":76}},"4":{"start":{"line":18,"column":8},"end":{"line":18,"column":34}},"5":{"start":{"line":19,"column":8},"end":{"line":19,"column":32}},"6":{"start":{"line":20,"column":8},"end":{"line":20,"column":42}},"7":{"start":{"line":21,"column":8},"end":{"line":21,"column":39}},"8":{"start":{"line":28,"column":8},"end":{"line":28,"column":51}},"9":{"start":{"line":29,"column":8},"end":{"line":29,"column":72}},"10":{"start":{"line":29,"column":52},"end":{"line":29,"column":72}},"11":{"start":{"line":30,"column":8},"end":{"line":30,"column":55}},"12":{"start":{"line":31,"column":8},"end":{"line":31,"column":37}},"13":{"start":{"line":32,"column":8},"end":{"line":32,"column":52}},"14":{"start":{"line":33,"column":8},"end":{"line":33,"column":1178}},"15":{"start":{"line":34,"column":12},"end":{"line":34,"column":46}},"16":{"start":{"line":35,"column":8},"end":{"line":35,"column":112}},"17":{"start":{"line":36,"column":8},"end":{"line":36,"column":49}}},"branchMap":{"1":{"line":17,"type":"if","locations":[{"start":{"line":17,"column":8},"end":{"line":17,"column":8}},{"start":{"line":17,"column":8},"end":{"line":17,"column":8}}]},"2":{"line":29,"type":"if","locations":[{"start":{"line":29,"column":8},"end":{"line":29,"column":8}},{"start":{"line":29,"column":8},"end":{"line":29,"column":8}}]},"3":{"line":33,"type":"if","locations":[{"start":{"line":33,"column":8},"end":{"line":33,"column":8}},{"start":{"line":33,"column":8},"end":{"line":33,"column":8}}]}}},"contracts/test/libraries/ArrayTest.sol":{"l":{"16":0,"18":0,"20":0},"path":"/Users/dsukhani/Desktop/code/Timeswap-V1-Core/contracts/test/libraries/ArrayTest.sol","s":{"1":0,"2":0,"3":0,"4":0},"b":{},"f":{"1":0},"fnMap":{"1":{"name":"insert","line":12,"loc":{"start":{"line":12,"column":4},"end":{"line":21,"column":4}}}},"statementMap":{"1":{"start":{"line":16,"column":8},"end":{"line":16,"column":68}},"2":{"start":{"line":18,"column":8},"end":{"line":18,"column":70}},"3":{"start":{"line":18,"column":46},"end":{"line":18,"column":69}},"4":{"start":{"line":20,"column":8},"end":{"line":20,"column":41}}},"branchMap":{}},"contracts/test/libraries/BlockNumberTest.sol":{"l":{"8":0},"path":"/Users/dsukhani/Desktop/code/Timeswap-V1-Core/contracts/test/libraries/BlockNumberTest.sol","s":{"1":0},"b":{},"f":{"1":0},"fnMap":{"1":{"name":"get","line":7,"loc":{"start":{"line":7,"column":4},"end":{"line":9,"column":4}}}},"statementMap":{"1":{"start":{"line":8,"column":8},"end":{"line":8,"column":32}}},"branchMap":{}},"contracts/test/libraries/BorrowMathTest.sol":{"l":{"17":0,"30":0,"43":0},"path":"/Users/dsukhani/Desktop/code/Timeswap-V1-Core/contracts/test/libraries/BorrowMathTest.sol","s":{"1":0,"2":0,"3":0},"b":{},"f":{"1":0,"2":0,"3":0},"fnMap":{"1":{"name":"check","line":10,"loc":{"start":{"line":10,"column":4},"end":{"line":23,"column":4}}},"2":{"name":"getDebt","line":25,"loc":{"start":{"line":25,"column":4},"end":{"line":35,"column":4}}},"3":{"name":"getCollateral","line":37,"loc":{"start":{"line":37,"column":4},"end":{"line":49,"column":4}}}},"statementMap":{"1":{"start":{"line":17,"column":8},"end":{"line":17,"column":425}},"2":{"start":{"line":30,"column":8},"end":{"line":30,"column":698}},"3":{"start":{"line":43,"column":8},"end":{"line":43,"column":1012}}},"branchMap":{}},"contracts/test/libraries/BurnMathTest.sol":{"l":{"12":0,"22":0},"path":"/Users/dsukhani/Desktop/code/Timeswap-V1-Core/contracts/test/libraries/BurnMathTest.sol","s":{"1":0,"2":0},"b":{},"f":{"1":0,"2":0},"fnMap":{"1":{"name":"getAsset","line":8,"loc":{"start":{"line":8,"column":4},"end":{"line":16,"column":4}}},"2":{"name":"getCollateral","line":18,"loc":{"start":{"line":18,"column":4},"end":{"line":26,"column":4}}}},"statementMap":{"1":{"start":{"line":12,"column":8},"end":{"line":12,"column":338}},"2":{"start":{"line":22,"column":8},"end":{"line":22,"column":577}}},"branchMap":{}},"contracts/test/libraries/CallbackTest.sol":{"l":{"15":0,"29":0,"41":0,"53":0},"path":"/Users/dsukhani/Desktop/code/Timeswap-V1-Core/contracts/test/libraries/CallbackTest.sol","s":{"1":0,"2":0,"3":0,"4":0},"b":{},"f":{"1":0,"2":0,"3":0,"4":0},"fnMap":{"1":{"name":"mint","line":8,"loc":{"start":{"line":8,"column":4},"end":{"line":22,"column":4}}},"2":{"name":"lend","line":24,"loc":{"start":{"line":24,"column":4},"end":{"line":34,"column":4}}},"3":{"name":"borrow","line":36,"loc":{"start":{"line":36,"column":4},"end":{"line":46,"column":4}}},"4":{"name":"pay","line":48,"loc":{"start":{"line":48,"column":4},"end":{"line":58,"column":4}}}},"statementMap":{"1":{"start":{"line":15,"column":8},"end":{"line":15,"column":393}},"2":{"start":{"line":29,"column":8},"end":{"line":29,"column":652}},"3":{"start":{"line":41,"column":8},"end":{"line":41,"column":873}},"4":{"start":{"line":53,"column":8},"end":{"line":53,"column":1093}}},"branchMap":{}},"contracts/test/libraries/CallbackTestCallee.sol":{"l":{"15":0,"25":0,"39":0,"51":0,"63":0},"path":"/Users/dsukhani/Desktop/code/Timeswap-V1-Core/contracts/test/libraries/CallbackTestCallee.sol","s":{"1":0,"2":0,"3":0,"4":0,"5":0},"b":{},"f":{"1":0,"2":0,"3":0,"4":0,"5":0,"6":0,"7":0,"8":0,"9":0},"fnMap":{"1":{"name":"constructor","line":14,"loc":{"start":{"line":14,"column":4},"end":{"line":16,"column":4}}},"2":{"name":"mint","line":18,"loc":{"start":{"line":18,"column":4},"end":{"line":32,"column":4}}},"3":{"name":"lend","line":34,"loc":{"start":{"line":34,"column":4},"end":{"line":44,"column":4}}},"4":{"name":"borrow","line":46,"loc":{"start":{"line":46,"column":4},"end":{"line":56,"column":4}}},"5":{"name":"pay","line":58,"loc":{"start":{"line":58,"column":4},"end":{"line":68,"column":4}}},"6":{"name":"timeswapMintCallback","line":70,"loc":{"start":{"line":70,"column":4},"end":{"line":74,"column":16}}},"7":{"name":"timeswapLendCallback","line":76,"loc":{"start":{"line":76,"column":4},"end":{"line":79,"column":16}}},"8":{"name":"timeswapBorrowCallback","line":81,"loc":{"start":{"line":81,"column":4},"end":{"line":84,"column":16}}},"9":{"name":"timeswapPayCallback","line":86,"loc":{"start":{"line":86,"column":4},"end":{"line":89,"column":16}}}},"statementMap":{"1":{"start":{"line":15,"column":8},"end":{"line":15,"column":56}},"2":{"start":{"line":25,"column":8},"end":{"line":25,"column":922}},"3":{"start":{"line":39,"column":8},"end":{"line":39,"column":1193}},"4":{"start":{"line":51,"column":8},"end":{"line":51,"column":1426}},"5":{"start":{"line":63,"column":8},"end":{"line":63,"column":1658}}},"branchMap":{}},"contracts/test/libraries/ConstantProductTest.sol":{"l":{"16":0},"path":"/Users/dsukhani/Desktop/code/Timeswap-V1-Core/contracts/test/libraries/ConstantProductTest.sol","s":{"1":0},"b":{},"f":{"1":0},"fnMap":{"1":{"name":"checkConstantProduct","line":10,"loc":{"start":{"line":10,"column":4},"end":{"line":21,"column":4}}}},"statementMap":{"1":{"start":{"line":16,"column":8},"end":{"line":16,"column":439}}},"branchMap":{}},"contracts/test/libraries/FullMathTest.sol":{"l":{"8":0,"16":0,"24":0},"path":"/Users/dsukhani/Desktop/code/Timeswap-V1-Core/contracts/test/libraries/FullMathTest.sol","s":{"1":0,"2":0,"3":0},"b":{},"f":{"1":0,"2":0,"3":0},"fnMap":{"1":{"name":"mul512","line":7,"loc":{"start":{"line":7,"column":4},"end":{"line":9,"column":4}}},"2":{"name":"mulDiv","line":11,"loc":{"start":{"line":11,"column":4},"end":{"line":17,"column":4}}},"3":{"name":"mulDivUp","line":19,"loc":{"start":{"line":19,"column":4},"end":{"line":25,"column":4}}}},"statementMap":{"1":{"start":{"line":8,"column":8},"end":{"line":8,"column":36}},"2":{"start":{"line":16,"column":8},"end":{"line":16,"column":49}},"3":{"start":{"line":24,"column":8},"end":{"line":24,"column":51}}},"branchMap":{}},"contracts/test/libraries/LendMathTest.sol":{"l":{"17":0,"30":0,"43":0},"path":"/Users/dsukhani/Desktop/code/Timeswap-V1-Core/contracts/test/libraries/LendMathTest.sol","s":{"1":0,"2":0,"3":0},"b":{},"f":{"1":0,"2":0,"3":0},"fnMap":{"1":{"name":"check","line":10,"loc":{"start":{"line":10,"column":4},"end":{"line":23,"column":4}}},"2":{"name":"getBond","line":25,"loc":{"start":{"line":25,"column":4},"end":{"line":35,"column":4}}},"3":{"name":"getInsurance","line":37,"loc":{"start":{"line":37,"column":4},"end":{"line":49,"column":4}}}},"statementMap":{"1":{"start":{"line":17,"column":8},"end":{"line":17,"column":417}},"2":{"start":{"line":30,"column":8},"end":{"line":30,"column":691}},"3":{"start":{"line":43,"column":8},"end":{"line":43,"column":1002}}},"branchMap":{}},"contracts/test/libraries/MathTest.sol":{"l":{"8":0,"12":0},"path":"/Users/dsukhani/Desktop/code/Timeswap-V1-Core/contracts/test/libraries/MathTest.sol","s":{"1":0,"2":0},"b":{},"f":{"1":0,"2":0},"fnMap":{"1":{"name":"divUp","line":7,"loc":{"start":{"line":7,"column":4},"end":{"line":9,"column":4}}},"2":{"name":"shiftUp","line":11,"loc":{"start":{"line":11,"column":4},"end":{"line":13,"column":4}}}},"statementMap":{"1":{"start":{"line":8,"column":8},"end":{"line":8,"column":31}},"2":{"start":{"line":12,"column":8},"end":{"line":12,"column":33}}},"branchMap":{}},"contracts/test/libraries/MintMathTest.sol":{"l":{"11":0,"20":0,"33":0,"45":0,"58":0},"path":"/Users/dsukhani/Desktop/code/Timeswap-V1-Core/contracts/test/libraries/MintMathTest.sol","s":{"1":0,"2":0,"3":0,"4":0,"5":0},"b":{},"f":{"1":0,"2":0,"3":0,"4":0,"5":0},"fnMap":{"1":{"name":"getLiquidityTotal","line":8,"loc":{"start":{"line":8,"column":4},"end":{"line":12,"column":4}}},"2":{"name":"getLiquidityTotal","line":14,"loc":{"start":{"line":14,"column":4},"end":{"line":26,"column":4}}},"3":{"name":"getLiquidity","line":28,"loc":{"start":{"line":28,"column":4},"end":{"line":38,"column":4}}},"4":{"name":"getDebt","line":40,"loc":{"start":{"line":40,"column":4},"end":{"line":50,"column":4}}},"5":{"name":"getCollateral","line":52,"loc":{"start":{"line":52,"column":4},"end":{"line":64,"column":4}}}},"statementMap":{"1":{"start":{"line":11,"column":8},"end":{"line":11,"column":52}},"2":{"start":{"line":20,"column":8},"end":{"line":20,"column":580}},"3":{"start":{"line":33,"column":8},"end":{"line":33,"column":893}},"4":{"start":{"line":45,"column":8},"end":{"line":45,"column":1171}},"5":{"start":{"line":58,"column":8},"end":{"line":58,"column":1476}}},"branchMap":{}},"contracts/test/libraries/PayMathTest.sol":{"l":{"13":0},"path":"/Users/dsukhani/Desktop/code/Timeswap-V1-Core/contracts/test/libraries/PayMathTest.sol","s":{"1":0},"b":{},"f":{"1":0},"fnMap":{"1":{"name":"checkProportional","line":8,"loc":{"start":{"line":8,"column":4},"end":{"line":14,"column":4}}}},"statementMap":{"1":{"start":{"line":13,"column":8},"end":{"line":13,"column":61}}},"branchMap":{}},"contracts/test/libraries/SafeBalanceTest.sol":{"l":{"11":0},"path":"/Users/dsukhani/Desktop/code/Timeswap-V1-Core/contracts/test/libraries/SafeBalanceTest.sol","s":{"1":0},"b":{},"f":{"1":0},"fnMap":{"1":{"name":"safeBalance","line":8,"loc":{"start":{"line":8,"column":4},"end":{"line":12,"column":4}}}},"statementMap":{"1":{"start":{"line":11,"column":8},"end":{"line":11,"column":45}}},"branchMap":{}},"contracts/test/libraries/SafeCastTest.sol":{"l":{"8":0,"12":0,"16":0,"20":0},"path":"/Users/dsukhani/Desktop/code/Timeswap-V1-Core/contracts/test/libraries/SafeCastTest.sol","s":{"1":0,"2":0,"3":0,"4":0},"b":{},"f":{"1":0,"2":0,"3":0,"4":0},"fnMap":{"1":{"name":"modUint32","line":7,"loc":{"start":{"line":7,"column":4},"end":{"line":9,"column":4}}},"2":{"name":"toUint112","line":11,"loc":{"start":{"line":11,"column":4},"end":{"line":13,"column":4}}},"3":{"name":"toUint128","line":15,"loc":{"start":{"line":15,"column":4},"end":{"line":17,"column":4}}},"4":{"name":"truncateUint112","line":19,"loc":{"start":{"line":19,"column":4},"end":{"line":21,"column":4}}}},"statementMap":{"1":{"start":{"line":8,"column":8},"end":{"line":8,"column":36}},"2":{"start":{"line":12,"column":8},"end":{"line":12,"column":36}},"3":{"start":{"line":16,"column":8},"end":{"line":16,"column":36}},"4":{"start":{"line":20,"column":8},"end":{"line":20,"column":42}}},"branchMap":{}},"contracts/test/libraries/SafeTransferTest.sol":{"l":{"15":0},"path":"/Users/dsukhani/Desktop/code/Timeswap-V1-Core/contracts/test/libraries/SafeTransferTest.sol","s":{"1":0},"b":{},"f":{"1":0},"fnMap":{"1":{"name":"safeTransfer","line":10,"loc":{"start":{"line":10,"column":4},"end":{"line":16,"column":4}}}},"statementMap":{"1":{"start":{"line":15,"column":8},"end":{"line":15,"column":46}}},"branchMap":{}},"contracts/test/libraries/WithdrawMathTest.sol":{"l":{"12":0,"22":0},"path":"/Users/dsukhani/Desktop/code/Timeswap-V1-Core/contracts/test/libraries/WithdrawMathTest.sol","s":{"1":0,"2":0},"b":{},"f":{"1":0,"2":0},"fnMap":{"1":{"name":"getAsset","line":8,"loc":{"start":{"line":8,"column":4},"end":{"line":16,"column":4}}},"2":{"name":"getCollateral","line":18,"loc":{"start":{"line":18,"column":4},"end":{"line":26,"column":4}}}},"statementMap":{"1":{"start":{"line":12,"column":8},"end":{"line":12,"column":346}},"2":{"start":{"line":22,"column":8},"end":{"line":22,"column":584}}},"branchMap":{}},"contracts/test/TestToken.sol":{"l":{"12":390},"path":"/Users/dsukhani/Desktop/code/Timeswap-V1-Core/contracts/test/TestToken.sol","s":{"1":390},"b":{},"f":{"1":390},"fnMap":{"1":{"name":"constructor","line":11,"loc":{"start":{"line":7,"column":4},"end":{"line":13,"column":4}}}},"statementMap":{"1":{"start":{"line":12,"column":8},"end":{"line":12,"column":32}}},"branchMap":{}},"contracts/test/TimeswapPairCallee.sol":{"l":{"20":183,"21":183,"37":9,"41":36,"58":36,"76":7,"95":2,"114":0,"130":29,"134":29,"136":29,"137":29,"138":29,"142":7,"146":7,"148":7,"149":7,"153":2,"157":2,"159":2,"160":2,"167":0,"171":0,"172":0},"path":"/Users/dsukhani/Desktop/code/Timeswap-V1-Core/contracts/test/TimeswapPairCallee.sol","s":{"1":183,"2":183,"3":9,"4":36,"5":36,"6":7,"7":2,"8":0,"9":29,"10":29,"11":29,"12":29,"13":29,"14":7,"15":7,"16":7,"17":7,"18":2,"19":2,"20":2,"21":2,"22":0,"23":0,"24":0},"b":{"1":[29,0],"2":[7,0],"3":[2,0]},"f":{"1":183,"2":9,"3":36,"4":36,"5":7,"6":2,"7":0,"8":29,"9":7,"10":2,"11":0},"fnMap":{"1":{"name":"constructor","line":19,"loc":{"start":{"line":19,"column":4},"end":{"line":22,"column":4}}},"2":{"name":"getData","line":36,"loc":{"start":{"line":36,"column":4},"end":{"line":38,"column":4}}},"3":{"name":"getDataMint","line":40,"loc":{"start":{"line":40,"column":4},"end":{"line":42,"column":4}}},"4":{"name":"mint","line":44,"loc":{"start":{"line":44,"column":4},"end":{"line":66,"column":4}}},"5":{"name":"lend","line":68,"loc":{"start":{"line":68,"column":4},"end":{"line":85,"column":4}}},"6":{"name":"borrow","line":87,"loc":{"start":{"line":87,"column":4},"end":{"line":104,"column":4}}},"7":{"name":"pay","line":106,"loc":{"start":{"line":106,"column":4},"end":{"line":123,"column":4}}},"8":{"name":"timeswapMintCallback","line":125,"loc":{"start":{"line":125,"column":4},"end":{"line":139,"column":4}}},"9":{"name":"timeswapLendCallback","line":141,"loc":{"start":{"line":141,"column":4},"end":{"line":150,"column":4}}},"10":{"name":"timeswapBorrowCallback","line":152,"loc":{"start":{"line":152,"column":4},"end":{"line":161,"column":4}}},"11":{"name":"timeswapPayCallback","line":163,"loc":{"start":{"line":163,"column":4},"end":{"line":174,"column":4}}}},"statementMap":{"1":{"start":{"line":20,"column":8},"end":{"line":20,"column":33}},"2":{"start":{"line":21,"column":8},"end":{"line":21,"column":46}},"3":{"start":{"line":37,"column":8},"end":{"line":37,"column":93}},"4":{"start":{"line":41,"column":8},"end":{"line":41,"column":103}},"5":{"start":{"line":58,"column":8},"end":{"line":58,"column":1813}},"6":{"start":{"line":76,"column":8},"end":{"line":76,"column":2265}},"7":{"start":{"line":95,"column":8},"end":{"line":95,"column":2722}},"8":{"start":{"line":114,"column":8},"end":{"line":114,"column":3196}},"9":{"start":{"line":130,"column":8},"end":{"line":130,"column":3538}},"10":{"start":{"line":134,"column":8},"end":{"line":134,"column":63}},"11":{"start":{"line":136,"column":8},"end":{"line":136,"column":61}},"12":{"start":{"line":137,"column":8},"end":{"line":137,"column":60}},"13":{"start":{"line":138,"column":8},"end":{"line":138,"column":75}},"14":{"start":{"line":142,"column":8},"end":{"line":142,"column":4074}},"15":{"start":{"line":146,"column":8},"end":{"line":146,"column":63}},"16":{"start":{"line":148,"column":8},"end":{"line":148,"column":61}},"17":{"start":{"line":149,"column":8},"end":{"line":149,"column":55}},"18":{"start":{"line":153,"column":8},"end":{"line":153,"column":4496}},"19":{"start":{"line":157,"column":8},"end":{"line":157,"column":63}},"20":{"start":{"line":159,"column":8},"end":{"line":159,"column":61}},"21":{"start":{"line":160,"column":8},"end":{"line":160,"column":65}},"22":{"start":{"line":167,"column":8},"end":{"line":167,"column":4946}},"23":{"start":{"line":171,"column":8},"end":{"line":171,"column":63}},"24":{"start":{"line":172,"column":8},"end":{"line":172,"column":55}}},"branchMap":{"1":{"line":136,"type":"if","locations":[{"start":{"line":136,"column":8},"end":{"line":136,"column":8}},{"start":{"line":136,"column":8},"end":{"line":136,"column":8}}]},"2":{"line":148,"type":"if","locations":[{"start":{"line":148,"column":8},"end":{"line":148,"column":8}},{"start":{"line":148,"column":8},"end":{"line":148,"column":8}}]},"3":{"line":159,"type":"if","locations":[{"start":{"line":159,"column":8},"end":{"line":159,"column":8}},{"start":{"line":159,"column":8},"end":{"line":159,"column":8}}]}}},"contracts/TimeswapFactory.sol":{"l":{"38":205,"39":204,"40":204,"41":204,"48":68,"49":67,"50":65,"52":64,"54":64,"56":64,"61":4,"62":3,"63":2,"65":2,"70":2,"71":1,"73":1},"path":"/Users/dsukhani/Desktop/code/Timeswap-V1-Core/contracts/TimeswapFactory.sol","s":{"1":205,"2":204,"3":204,"4":204,"5":68,"6":67,"7":65,"8":64,"9":64,"10":64,"11":4,"12":3,"13":2,"14":2,"15":2,"16":1,"17":1},"b":{"1":[204,1],"2":[67,1],"3":[65,2],"4":[64,1],"5":[3,1],"6":[2,1],"7":[1,1]},"f":{"1":205,"2":68,"3":4,"4":2},"fnMap":{"1":{"name":"constructor","line":33,"loc":{"start":{"line":33,"column":4},"end":{"line":42,"column":4}}},"2":{"name":"createPair","line":47,"loc":{"start":{"line":47,"column":4},"end":{"line":57,"column":4}}},"3":{"name":"setOwner","line":60,"loc":{"start":{"line":60,"column":4},"end":{"line":66,"column":4}}},"4":{"name":"acceptOwner","line":69,"loc":{"start":{"line":69,"column":4},"end":{"line":74,"column":4}}}},"statementMap":{"1":{"start":{"line":38,"column":8},"end":{"line":38,"column":44}},"2":{"start":{"line":39,"column":8},"end":{"line":39,"column":21}},"3":{"start":{"line":40,"column":8},"end":{"line":40,"column":17}},"4":{"start":{"line":41,"column":8},"end":{"line":41,"column":33}},"5":{"start":{"line":48,"column":8},"end":{"line":48,"column":48}},"6":{"start":{"line":49,"column":8},"end":{"line":49,"column":87}},"7":{"start":{"line":50,"column":8},"end":{"line":50,"column":72}},"8":{"start":{"line":52,"column":8},"end":{"line":52,"column":115}},"9":{"start":{"line":54,"column":8},"end":{"line":54,"column":40}},"10":{"start":{"line":56,"column":8},"end":{"line":56,"column":48}},"11":{"start":{"line":61,"column":8},"end":{"line":61,"column":48}},"12":{"start":{"line":62,"column":8},"end":{"line":62,"column":51}},"13":{"start":{"line":63,"column":8},"end":{"line":63,"column":35}},"14":{"start":{"line":65,"column":8},"end":{"line":65,"column":36}},"15":{"start":{"line":70,"column":8},"end":{"line":70,"column":55}},"16":{"start":{"line":71,"column":8},"end":{"line":71,"column":25}},"17":{"start":{"line":73,"column":8},"end":{"line":73,"column":36}}},"branchMap":{"1":{"line":38,"type":"if","locations":[{"start":{"line":38,"column":8},"end":{"line":38,"column":8}},{"start":{"line":38,"column":8},"end":{"line":38,"column":8}}]},"2":{"line":48,"type":"if","locations":[{"start":{"line":48,"column":8},"end":{"line":48,"column":8}},{"start":{"line":48,"column":8},"end":{"line":48,"column":8}}]},"3":{"line":49,"type":"if","locations":[{"start":{"line":49,"column":8},"end":{"line":49,"column":8}},{"start":{"line":49,"column":8},"end":{"line":49,"column":8}}]},"4":{"line":50,"type":"if","locations":[{"start":{"line":50,"column":8},"end":{"line":50,"column":8}},{"start":{"line":50,"column":8},"end":{"line":50,"column":8}}]},"5":{"line":61,"type":"if","locations":[{"start":{"line":61,"column":8},"end":{"line":61,"column":8}},{"start":{"line":61,"column":8},"end":{"line":61,"column":8}}]},"6":{"line":62,"type":"if","locations":[{"start":{"line":62,"column":8},"end":{"line":62,"column":8}},{"start":{"line":62,"column":8},"end":{"line":62,"column":8}}]},"7":{"line":70,"type":"if","locations":[{"start":{"line":70,"column":8},"end":{"line":70,"column":8}},{"start":{"line":70,"column":8},"end":{"line":70,"column":8}}]}}},"contracts/TimeswapPair.sol":{"l":{"50":94,"51":94,"56":21,"61":94,"66":21,"71":21,"76":21,"81":21,"86":21,"103":64,"104":64,"105":64,"106":64,"107":64,"114":50,"115":50,"116":50,"117":41,"141":36,"142":29,"143":29,"144":29,"145":29,"147":29,"149":29,"150":25,"151":25,"153":25,"154":25,"156":4,"162":4,"164":4,"165":4,"167":29,"168":29,"170":29,"172":29,"174":29,"176":29,"179":29,"181":29,"182":29,"183":29,"185":29,"186":27,"187":27,"189":27,"190":27,"200":3,"201":3,"202":3,"203":3,"205":3,"207":3,"208":3,"210":3,"212":3,"214":3,"215":3,"217":3,"218":3,"220":3,"221":3,"234":7,"235":7,"236":7,"237":7,"238":7,"239":7,"240":7,"242":7,"243":7,"245":7,"248":7,"249":7,"251":7,"252":7,"254":7,"256":7,"257":7,"258":7,"260":7,"261":7,"271":2,"272":2,"273":2,"274":2,"276":2,"278":2,"279":2,"281":2,"282":2,"284":2,"286":2,"287":2,"289":2,"290":2,"292":2,"293":2,"295":2,"296":2,"309":2,"310":2,"311":2,"312":2,"314":2,"315":2,"317":2,"319":2,"320":2,"321":2,"323":2,"325":2,"327":2,"328":2,"329":2,"331":2,"332":2,"333":2,"335":2,"337":2,"338":2,"351":0,"352":0,"353":0,"354":0,"355":0,"357":0,"359":0,"361":0,"362":0,"363":0,"364":0,"365":0,"366":0,"367":0,"368":0,"369":0,"371":0,"373":0,"374":0,"376":0,"378":0,"379":0},"path":"/Users/dsukhani/Desktop/code/Timeswap-V1-Core/contracts/TimeswapPair.sol","s":{"1":94,"2":94,"3":21,"4":94,"5":21,"6":21,"7":21,"8":21,"9":21,"10":64,"11":64,"12":64,"13":64,"14":64,"15":50,"16":50,"17":41,"18":36,"19":29,"20":29,"21":29,"22":29,"23":29,"24":29,"25":25,"26":25,"27":25,"28":25,"29":4,"30":4,"31":4,"32":4,"33":29,"34":29,"35":29,"36":29,"37":29,"38":29,"39":29,"40":29,"41":29,"42":29,"43":29,"44":27,"45":27,"46":27,"47":27,"48":3,"49":3,"50":3,"51":3,"52":3,"53":3,"54":3,"55":3,"56":3,"57":3,"58":3,"59":3,"60":3,"61":3,"62":3,"63":3,"64":3,"65":7,"66":7,"67":7,"68":7,"69":7,"70":7,"71":7,"72":7,"73":7,"74":7,"75":7,"76":7,"77":7,"78":7,"79":7,"80":7,"81":7,"82":7,"83":7,"84":7,"85":2,"86":2,"87":2,"88":2,"89":2,"90":2,"91":2,"92":2,"93":2,"94":2,"95":2,"96":2,"97":2,"98":2,"99":2,"100":2,"101":2,"102":0,"103":2,"104":2,"105":2,"106":2,"107":2,"108":2,"109":2,"110":2,"111":2,"112":2,"113":2,"114":2,"115":2,"116":2,"117":2,"118":2,"119":2,"120":2,"121":2,"122":2,"123":2,"124":2,"125":2,"126":0,"127":0,"128":0,"129":0,"130":0,"131":0,"132":0,"133":0,"134":0,"135":0,"136":0,"137":0,"138":0,"139":0,"140":0,"141":0,"142":0,"143":0,"144":0,"145":0,"146":0,"147":0,"148":0,"149":0,"150":0},"b":{"1":[50,0],"2":[29,7],"3":[29,0],"4":[29,0],"5":[29,0],"6":[29,0],"7":[25,4],"8":[29,0],"9":[3,0],"10":[3,0],"11":[3,0],"12":[3,0],"13":[3,0],"14":[3,0],"15":[7,0],"16":[7,0],"17":[7,0],"18":[7,0],"19":[7,0],"20":[2,0],"21":[2,0],"22":[2,0],"23":[2,0],"24":[2,0],"25":[0,2],"26":[2,0],"27":[2,0],"28":[2,0],"29":[2,0],"30":[2,0],"31":[0,0],"32":[0,0],"33":[0,0],"34":[0,0],"35":[0,0],"36":[0,0],"37":[0,0],"38":[0,0],"39":[0,0],"40":[0,0]},"f":{"1":94,"2":21,"3":94,"4":21,"5":21,"6":21,"7":21,"8":21,"9":64,"10":50,"11":36,"12":3,"13":7,"14":2,"15":2,"16":0},"fnMap":{"1":{"name":"constantProduct","line":49,"loc":{"start":{"line":49,"column":4},"end":{"line":52,"column":4}}},"2":{"name":"totalReserves","line":55,"loc":{"start":{"line":55,"column":4},"end":{"line":57,"column":4}}},"3":{"name":"totalLiquidity","line":60,"loc":{"start":{"line":60,"column":4},"end":{"line":62,"column":4}}},"4":{"name":"liquidityOf","line":65,"loc":{"start":{"line":65,"column":4},"end":{"line":67,"column":4}}},"5":{"name":"totalClaims","line":70,"loc":{"start":{"line":70,"column":4},"end":{"line":72,"column":4}}},"6":{"name":"claimsOf","line":75,"loc":{"start":{"line":75,"column":4},"end":{"line":77,"column":4}}},"7":{"name":"totalDebtCreated","line":80,"loc":{"start":{"line":80,"column":4},"end":{"line":82,"column":4}}},"8":{"name":"duesOf","line":85,"loc":{"start":{"line":85,"column":4},"end":{"line":87,"column":4}}},"9":{"name":"constructor","line":97,"loc":{"start":{"line":97,"column":4},"end":{"line":108,"column":4}}},"10":{"name":"lock","line":113,"loc":{"start":{"line":113,"column":4},"end":{"line":118,"column":4}}},"11":{"name":"mint","line":134,"loc":{"start":{"line":123,"column":4},"end":{"line":191,"column":4}}},"12":{"name":"burn","line":199,"loc":{"start":{"line":194,"column":4},"end":{"line":222,"column":4}}},"13":{"name":"lend","line":233,"loc":{"start":{"line":225,"column":4},"end":{"line":262,"column":4}}},"14":{"name":"withdraw","line":270,"loc":{"start":{"line":265,"column":4},"end":{"line":297,"column":4}}},"15":{"name":"borrow","line":308,"loc":{"start":{"line":300,"column":4},"end":{"line":339,"column":4}}},"16":{"name":"pay","line":350,"loc":{"start":{"line":342,"column":4},"end":{"line":380,"column":4}}}},"statementMap":{"1":{"start":{"line":50,"column":8},"end":{"line":50,"column":50}},"2":{"start":{"line":51,"column":8},"end":{"line":51,"column":42}},"3":{"start":{"line":56,"column":8},"end":{"line":56,"column":45}},"4":{"start":{"line":61,"column":8},"end":{"line":61,"column":51}},"5":{"start":{"line":66,"column":8},"end":{"line":66,"column":49}},"6":{"start":{"line":71,"column":8},"end":{"line":71,"column":48}},"7":{"start":{"line":76,"column":8},"end":{"line":76,"column":44}},"8":{"start":{"line":81,"column":8},"end":{"line":81,"column":53}},"9":{"start":{"line":86,"column":8},"end":{"line":86,"column":42}},"10":{"start":{"line":103,"column":8},"end":{"line":103,"column":37}},"11":{"start":{"line":104,"column":8},"end":{"line":104,"column":21}},"12":{"start":{"line":105,"column":8},"end":{"line":105,"column":31}},"13":{"start":{"line":106,"column":8},"end":{"line":106,"column":17}},"14":{"start":{"line":107,"column":8},"end":{"line":107,"column":33}},"15":{"start":{"line":114,"column":8},"end":{"line":114,"column":41}},"16":{"start":{"line":115,"column":8},"end":{"line":115,"column":17}},"17":{"start":{"line":117,"column":8},"end":{"line":117,"column":17}},"18":{"start":{"line":141,"column":8},"end":{"line":141,"column":53}},"19":{"start":{"line":142,"column":8},"end":{"line":142,"column":72}},"20":{"start":{"line":143,"column":8},"end":{"line":143,"column":81}},"21":{"start":{"line":144,"column":8},"end":{"line":144,"column":40}},"22":{"start":{"line":145,"column":8},"end":{"line":145,"column":57}},"23":{"start":{"line":147,"column":8},"end":{"line":147,"column":43}},"24":{"start":{"line":149,"column":8},"end":{"line":149,"column":4879}},"25":{"start":{"line":150,"column":12},"end":{"line":150,"column":74}},"26":{"start":{"line":151,"column":12},"end":{"line":151,"column":86}},"27":{"start":{"line":153,"column":12},"end":{"line":153,"column":54}},"28":{"start":{"line":154,"column":12},"end":{"line":154,"column":77}},"29":{"start":{"line":156,"column":12},"end":{"line":156,"column":5254}},"30":{"start":{"line":162,"column":12},"end":{"line":162,"column":86}},"31":{"start":{"line":164,"column":12},"end":{"line":164,"column":54}},"32":{"start":{"line":165,"column":12},"end":{"line":165,"column":77}},"33":{"start":{"line":167,"column":8},"end":{"line":167,"column":43}},"34":{"start":{"line":168,"column":8},"end":{"line":168,"column":52}},"35":{"start":{"line":170,"column":8},"end":{"line":170,"column":69}},"36":{"start":{"line":172,"column":8},"end":{"line":172,"column":92}},"37":{"start":{"line":174,"column":8},"end":{"line":174,"column":44}},"38":{"start":{"line":176,"column":8},"end":{"line":176,"column":75}},"39":{"start":{"line":179,"column":8},"end":{"line":179,"column":43}},"40":{"start":{"line":181,"column":8},"end":{"line":181,"column":45}},"41":{"start":{"line":182,"column":8},"end":{"line":182,"column":58}},"42":{"start":{"line":183,"column":8},"end":{"line":183,"column":49}},"43":{"start":{"line":185,"column":8},"end":{"line":185,"column":32}},"44":{"start":{"line":186,"column":8},"end":{"line":186,"column":32}},"45":{"start":{"line":187,"column":8},"end":{"line":187,"column":32}},"46":{"start":{"line":189,"column":8},"end":{"line":189,"column":39}},"47":{"start":{"line":190,"column":8},"end":{"line":190,"column":96}},"48":{"start":{"line":200,"column":8},"end":{"line":200,"column":53}},"49":{"start":{"line":201,"column":8},"end":{"line":201,"column":75}},"50":{"start":{"line":202,"column":8},"end":{"line":202,"column":84}},"51":{"start":{"line":203,"column":8},"end":{"line":203,"column":42}},"52":{"start":{"line":205,"column":8},"end":{"line":205,"column":43}},"53":{"start":{"line":207,"column":8},"end":{"line":207,"column":67}},"54":{"start":{"line":208,"column":8},"end":{"line":208,"column":77}},"55":{"start":{"line":210,"column":8},"end":{"line":210,"column":47}},"56":{"start":{"line":212,"column":8},"end":{"line":212,"column":50}},"57":{"start":{"line":214,"column":8},"end":{"line":214,"column":51}},"58":{"start":{"line":215,"column":8},"end":{"line":215,"column":61}},"59":{"start":{"line":217,"column":8},"end":{"line":217,"column":77}},"60":{"start":{"line":217,"column":33},"end":{"line":217,"column":76}},"61":{"start":{"line":218,"column":8},"end":{"line":218,"column":97}},"62":{"start":{"line":218,"column":38},"end":{"line":218,"column":96}},"63":{"start":{"line":220,"column":8},"end":{"line":220,"column":39}},"64":{"start":{"line":221,"column":8},"end":{"line":221,"column":86}},"65":{"start":{"line":234,"column":8},"end":{"line":234,"column":53}},"66":{"start":{"line":235,"column":8},"end":{"line":235,"column":73}},"67":{"start":{"line":236,"column":8},"end":{"line":236,"column":82}},"68":{"start":{"line":237,"column":8},"end":{"line":237,"column":40}},"69":{"start":{"line":238,"column":8},"end":{"line":238,"column":43}},"70":{"start":{"line":239,"column":8},"end":{"line":239,"column":56}},"71":{"start":{"line":240,"column":8},"end":{"line":240,"column":71}},"72":{"start":{"line":242,"column":8},"end":{"line":242,"column":72}},"73":{"start":{"line":243,"column":8},"end":{"line":243,"column":94}},"74":{"start":{"line":245,"column":8},"end":{"line":245,"column":44}},"75":{"start":{"line":248,"column":8},"end":{"line":248,"column":52}},"76":{"start":{"line":249,"column":8},"end":{"line":249,"column":62}},"77":{"start":{"line":251,"column":8},"end":{"line":251,"column":49}},"78":{"start":{"line":252,"column":8},"end":{"line":252,"column":64}},"79":{"start":{"line":254,"column":8},"end":{"line":254,"column":45}},"80":{"start":{"line":256,"column":8},"end":{"line":256,"column":32}},"81":{"start":{"line":257,"column":8},"end":{"line":257,"column":32}},"82":{"start":{"line":258,"column":8},"end":{"line":258,"column":32}},"83":{"start":{"line":260,"column":8},"end":{"line":260,"column":39}},"84":{"start":{"line":261,"column":8},"end":{"line":261,"column":82}},"85":{"start":{"line":271,"column":8},"end":{"line":271,"column":53}},"86":{"start":{"line":272,"column":8},"end":{"line":272,"column":75}},"87":{"start":{"line":273,"column":8},"end":{"line":273,"column":84}},"88":{"start":{"line":274,"column":8},"end":{"line":274,"column":70}},"89":{"start":{"line":276,"column":8},"end":{"line":276,"column":43}},"90":{"start":{"line":278,"column":8},"end":{"line":278,"column":73}},"91":{"start":{"line":279,"column":8},"end":{"line":279,"column":88}},"92":{"start":{"line":281,"column":8},"end":{"line":281,"column":51}},"93":{"start":{"line":282,"column":8},"end":{"line":282,"column":61}},"94":{"start":{"line":284,"column":8},"end":{"line":284,"column":55}},"95":{"start":{"line":286,"column":8},"end":{"line":286,"column":35}},"96":{"start":{"line":287,"column":8},"end":{"line":287,"column":45}},"97":{"start":{"line":289,"column":8},"end":{"line":289,"column":51}},"98":{"start":{"line":290,"column":8},"end":{"line":290,"column":61}},"99":{"start":{"line":292,"column":8},"end":{"line":292,"column":77}},"100":{"start":{"line":292,"column":33},"end":{"line":292,"column":76}},"101":{"start":{"line":293,"column":8},"end":{"line":293,"column":97}},"102":{"start":{"line":293,"column":38},"end":{"line":293,"column":96}},"103":{"start":{"line":295,"column":8},"end":{"line":295,"column":39}},"104":{"start":{"line":296,"column":8},"end":{"line":296,"column":87}},"105":{"start":{"line":309,"column":8},"end":{"line":309,"column":53}},"106":{"start":{"line":310,"column":8},"end":{"line":310,"column":68}},"107":{"start":{"line":311,"column":8},"end":{"line":311,"column":77}},"108":{"start":{"line":312,"column":8},"end":{"line":312,"column":40}},"109":{"start":{"line":314,"column":8},"end":{"line":314,"column":43}},"110":{"start":{"line":315,"column":8},"end":{"line":315,"column":56}},"111":{"start":{"line":317,"column":8},"end":{"line":317,"column":73}},"112":{"start":{"line":319,"column":8},"end":{"line":319,"column":71}},"113":{"start":{"line":320,"column":8},"end":{"line":320,"column":95}},"114":{"start":{"line":321,"column":8},"end":{"line":321,"column":44}},"115":{"start":{"line":323,"column":8},"end":{"line":323,"column":59}},"116":{"start":{"line":325,"column":8},"end":{"line":325,"column":43}},"117":{"start":{"line":327,"column":8},"end":{"line":327,"column":45}},"118":{"start":{"line":328,"column":8},"end":{"line":328,"column":58}},"119":{"start":{"line":329,"column":8},"end":{"line":329,"column":49}},"120":{"start":{"line":331,"column":8},"end":{"line":331,"column":32}},"121":{"start":{"line":332,"column":8},"end":{"line":332,"column":32}},"122":{"start":{"line":333,"column":8},"end":{"line":333,"column":32}},"123":{"start":{"line":335,"column":8},"end":{"line":335,"column":45}},"124":{"start":{"line":337,"column":8},"end":{"line":337,"column":39}},"125":{"start":{"line":338,"column":8},"end":{"line":338,"column":80}},"126":{"start":{"line":351,"column":8},"end":{"line":351,"column":53}},"127":{"start":{"line":352,"column":8},"end":{"line":352,"column":56}},"128":{"start":{"line":353,"column":8},"end":{"line":353,"column":62}},"129":{"start":{"line":354,"column":8},"end":{"line":354,"column":40}},"130":{"start":{"line":355,"column":8},"end":{"line":355,"column":46}},"131":{"start":{"line":357,"column":8},"end":{"line":357,"column":43}},"132":{"start":{"line":359,"column":8},"end":{"line":359,"column":45}},"133":{"start":{"line":361,"column":8},"end":{"line":361,"column":12943}},"134":{"start":{"line":362,"column":12},"end":{"line":362,"column":42}},"135":{"start":{"line":363,"column":12},"end":{"line":363,"column":66}},"136":{"start":{"line":364,"column":12},"end":{"line":364,"column":81}},"137":{"start":{"line":364,"column":37},"end":{"line":364,"column":80}},"138":{"start":{"line":365,"column":12},"end":{"line":365,"column":73}},"139":{"start":{"line":366,"column":12},"end":{"line":366,"column":34}},"140":{"start":{"line":367,"column":12},"end":{"line":367,"column":46}},"141":{"start":{"line":368,"column":12},"end":{"line":368,"column":33}},"142":{"start":{"line":369,"column":12},"end":{"line":369,"column":45}},"143":{"start":{"line":371,"column":8},"end":{"line":371,"column":59}},"144":{"start":{"line":371,"column":25},"end":{"line":371,"column":58}},"145":{"start":{"line":373,"column":8},"end":{"line":373,"column":43}},"146":{"start":{"line":374,"column":8},"end":{"line":374,"column":54}},"147":{"start":{"line":376,"column":8},"end":{"line":376,"column":73}},"148":{"start":{"line":376,"column":31},"end":{"line":376,"column":72}},"149":{"start":{"line":378,"column":8},"end":{"line":378,"column":39}},"150":{"start":{"line":379,"column":8},"end":{"line":379,"column":104}}},"branchMap":{"1":{"line":114,"type":"if","locations":[{"start":{"line":114,"column":8},"end":{"line":114,"column":8}},{"start":{"line":114,"column":8},"end":{"line":114,"column":8}}]},"2":{"line":141,"type":"if","locations":[{"start":{"line":141,"column":8},"end":{"line":141,"column":8}},{"start":{"line":141,"column":8},"end":{"line":141,"column":8}}]},"3":{"line":142,"type":"if","locations":[{"start":{"line":142,"column":8},"end":{"line":142,"column":8}},{"start":{"line":142,"column":8},"end":{"line":142,"column":8}}]},"4":{"line":143,"type":"if","locations":[{"start":{"line":143,"column":8},"end":{"line":143,"column":8}},{"start":{"line":143,"column":8},"end":{"line":143,"column":8}}]},"5":{"line":144,"type":"if","locations":[{"start":{"line":144,"column":8},"end":{"line":144,"column":8}},{"start":{"line":144,"column":8},"end":{"line":144,"column":8}}]},"6":{"line":145,"type":"if","locations":[{"start":{"line":145,"column":8},"end":{"line":145,"column":8}},{"start":{"line":145,"column":8},"end":{"line":145,"column":8}}]},"7":{"line":149,"type":"if","locations":[{"start":{"line":149,"column":8},"end":{"line":149,"column":8}},{"start":{"line":149,"column":8},"end":{"line":149,"column":8}}]},"8":{"line":167,"type":"if","locations":[{"start":{"line":167,"column":8},"end":{"line":167,"column":8}},{"start":{"line":167,"column":8},"end":{"line":167,"column":8}}]},"9":{"line":200,"type":"if","locations":[{"start":{"line":200,"column":8},"end":{"line":200,"column":8}},{"start":{"line":200,"column":8},"end":{"line":200,"column":8}}]},"10":{"line":201,"type":"if","locations":[{"start":{"line":201,"column":8},"end":{"line":201,"column":8}},{"start":{"line":201,"column":8},"end":{"line":201,"column":8}}]},"11":{"line":202,"type":"if","locations":[{"start":{"line":202,"column":8},"end":{"line":202,"column":8}},{"start":{"line":202,"column":8},"end":{"line":202,"column":8}}]},"12":{"line":203,"type":"if","locations":[{"start":{"line":203,"column":8},"end":{"line":203,"column":8}},{"start":{"line":203,"column":8},"end":{"line":203,"column":8}}]},"13":{"line":217,"type":"if","locations":[{"start":{"line":217,"column":8},"end":{"line":217,"column":8}},{"start":{"line":217,"column":8},"end":{"line":217,"column":8}}]},"14":{"line":218,"type":"if","locations":[{"start":{"line":218,"column":8},"end":{"line":218,"column":8}},{"start":{"line":218,"column":8},"end":{"line":218,"column":8}}]},"15":{"line":234,"type":"if","locations":[{"start":{"line":234,"column":8},"end":{"line":234,"column":8}},{"start":{"line":234,"column":8},"end":{"line":234,"column":8}}]},"16":{"line":235,"type":"if","locations":[{"start":{"line":235,"column":8},"end":{"line":235,"column":8}},{"start":{"line":235,"column":8},"end":{"line":235,"column":8}}]},"17":{"line":236,"type":"if","locations":[{"start":{"line":236,"column":8},"end":{"line":236,"column":8}},{"start":{"line":236,"column":8},"end":{"line":236,"column":8}}]},"18":{"line":237,"type":"if","locations":[{"start":{"line":237,"column":8},"end":{"line":237,"column":8}},{"start":{"line":237,"column":8},"end":{"line":237,"column":8}}]},"19":{"line":239,"type":"if","locations":[{"start":{"line":239,"column":8},"end":{"line":239,"column":8}},{"start":{"line":239,"column":8},"end":{"line":239,"column":8}}]},"20":{"line":271,"type":"if","locations":[{"start":{"line":271,"column":8},"end":{"line":271,"column":8}},{"start":{"line":271,"column":8},"end":{"line":271,"column":8}}]},"21":{"line":272,"type":"if","locations":[{"start":{"line":272,"column":8},"end":{"line":272,"column":8}},{"start":{"line":272,"column":8},"end":{"line":272,"column":8}}]},"22":{"line":273,"type":"if","locations":[{"start":{"line":273,"column":8},"end":{"line":273,"column":8}},{"start":{"line":273,"column":8},"end":{"line":273,"column":8}}]},"23":{"line":274,"type":"if","locations":[{"start":{"line":274,"column":8},"end":{"line":274,"column":8}},{"start":{"line":274,"column":8},"end":{"line":274,"column":8}}]},"24":{"line":292,"type":"if","locations":[{"start":{"line":292,"column":8},"end":{"line":292,"column":8}},{"start":{"line":292,"column":8},"end":{"line":292,"column":8}}]},"25":{"line":293,"type":"if","locations":[{"start":{"line":293,"column":8},"end":{"line":293,"column":8}},{"start":{"line":293,"column":8},"end":{"line":293,"column":8}}]},"26":{"line":309,"type":"if","locations":[{"start":{"line":309,"column":8},"end":{"line":309,"column":8}},{"start":{"line":309,"column":8},"end":{"line":309,"column":8}}]},"27":{"line":310,"type":"if","locations":[{"start":{"line":310,"column":8},"end":{"line":310,"column":8}},{"start":{"line":310,"column":8},"end":{"line":310,"column":8}}]},"28":{"line":311,"type":"if","locations":[{"start":{"line":311,"column":8},"end":{"line":311,"column":8}},{"start":{"line":311,"column":8},"end":{"line":311,"column":8}}]},"29":{"line":312,"type":"if","locations":[{"start":{"line":312,"column":8},"end":{"line":312,"column":8}},{"start":{"line":312,"column":8},"end":{"line":312,"column":8}}]},"30":{"line":315,"type":"if","locations":[{"start":{"line":315,"column":8},"end":{"line":315,"column":8}},{"start":{"line":315,"column":8},"end":{"line":315,"column":8}}]},"31":{"line":351,"type":"if","locations":[{"start":{"line":351,"column":8},"end":{"line":351,"column":8}},{"start":{"line":351,"column":8},"end":{"line":351,"column":8}}]},"32":{"line":352,"type":"if","locations":[{"start":{"line":352,"column":8},"end":{"line":352,"column":8}},{"start":{"line":352,"column":8},"end":{"line":352,"column":8}}]},"33":{"line":353,"type":"if","locations":[{"start":{"line":353,"column":8},"end":{"line":353,"column":8}},{"start":{"line":353,"column":8},"end":{"line":353,"column":8}}]},"34":{"line":354,"type":"if","locations":[{"start":{"line":354,"column":8},"end":{"line":354,"column":8}},{"start":{"line":354,"column":8},"end":{"line":354,"column":8}}]},"35":{"line":355,"type":"if","locations":[{"start":{"line":355,"column":8},"end":{"line":355,"column":8}},{"start":{"line":355,"column":8},"end":{"line":355,"column":8}}]},"36":{"line":363,"type":"if","locations":[{"start":{"line":363,"column":12},"end":{"line":363,"column":12}},{"start":{"line":363,"column":12},"end":{"line":363,"column":12}}]},"37":{"line":364,"type":"if","locations":[{"start":{"line":364,"column":12},"end":{"line":364,"column":12}},{"start":{"line":364,"column":12},"end":{"line":364,"column":12}}]},"38":{"line":364,"type":"if","locations":[{"start":{"line":364,"column":37},"end":{"line":364,"column":37}},{"start":{"line":364,"column":37},"end":{"line":364,"column":37}}]},"39":{"line":371,"type":"if","locations":[{"start":{"line":371,"column":8},"end":{"line":371,"column":8}},{"start":{"line":371,"column":8},"end":{"line":371,"column":8}}]},"40":{"line":376,"type":"if","locations":[{"start":{"line":376,"column":8},"end":{"line":376,"column":8}},{"start":{"line":376,"column":8},"end":{"line":376,"column":8}}]}}}}